[0.021s] Invoking command in '/home/ibrahim/MobiArm/build/linkattacher_msgs': CMAKE_PREFIX_PATH=${CMAKE_PREFIX_PATH}:/home/ibrahim/RobotArm/install/main_arm_package:/home/ibrahim/RobotArm/install/action_interfaces:/opt/ros/humble /usr/bin/cmake --build /home/ibrahim/MobiArm/build/linkattacher_msgs -- -j16 -l16
[0.121s] [  2%] Built target linkattacher_msgs__cpp
[0.162s] [  2%] Built target ament_cmake_python_copy_linkattacher_msgs
[0.186s] [ 12%] Built target linkattacher_msgs__rosidl_typesupport_introspection_cpp
[0.687s] running egg_info
[0.688s] writing linkattacher_msgs.egg-info/PKG-INFO
[0.688s] writing dependency_links to linkattacher_msgs.egg-info/dependency_links.txt
[0.688s] writing top-level names to linkattacher_msgs.egg-info/top_level.txt
[0.689s] reading manifest file 'linkattacher_msgs.egg-info/SOURCES.txt'
[0.690s] writing manifest file 'linkattacher_msgs.egg-info/SOURCES.txt'
[0.715s] [ 12%] Built target ament_cmake_python_build_linkattacher_msgs_egg
[0.744s] [ 22%] Built target linkattacher_msgs__rosidl_typesupport_fastrtps_cpp
[0.770s] [ 32%] Built target linkattacher_msgs__rosidl_typesupport_cpp
[0.797s] [ 35%] Built target linkattacher_msgs__rs
[0.824s] [ 45%] Built target linkattacher_msgs__rosidl_generator_c
[0.851s] [ 55%] Built target linkattacher_msgs__rosidl_typesupport_c
[0.873s] [ 65%] Built target linkattacher_msgs__rosidl_typesupport_introspection_c
[0.900s] [ 75%] Built target linkattacher_msgs__rosidl_typesupport_fastrtps_c
[0.924s] [ 75%] Built target linkattacher_msgs
[0.951s] [ 77%] Built target linkattacher_msgs__py
[0.980s] [ 85%] Built target linkattacher_msgs__rosidl_generator_py
[1.006s] [ 90%] Built target linkattacher_msgs__rosidl_typesupport_fastrtps_c__pyext
[1.034s] [ 95%] Built target linkattacher_msgs__rosidl_typesupport_c__pyext
[1.059s] [100%] Built target linkattacher_msgs__rosidl_typesupport_introspection_c__pyext
[1.087s] Invoked command in '/home/ibrahim/MobiArm/build/linkattacher_msgs' returned '0': CMAKE_PREFIX_PATH=${CMAKE_PREFIX_PATH}:/home/ibrahim/RobotArm/install/main_arm_package:/home/ibrahim/RobotArm/install/action_interfaces:/opt/ros/humble /usr/bin/cmake --build /home/ibrahim/MobiArm/build/linkattacher_msgs -- -j16 -l16
[1.088s] Invoking command in '/home/ibrahim/MobiArm/build/linkattacher_msgs': CMAKE_PREFIX_PATH=${CMAKE_PREFIX_PATH}:/home/ibrahim/RobotArm/install/main_arm_package:/home/ibrahim/RobotArm/install/action_interfaces:/opt/ros/humble /usr/bin/cmake --install /home/ibrahim/MobiArm/build/linkattacher_msgs
[1.089s] -- Install configuration: ""
[1.089s] -- Up-to-date: /home/ibrahim/MobiArm/install/linkattacher_msgs/share/linkattacher_msgs/srv
[1.090s] -- Up-to-date: /home/ibrahim/MobiArm/install/linkattacher_msgs/share/linkattacher_msgs/srv/DetachLink.srv
[1.090s] -- Up-to-date: /home/ibrahim/MobiArm/install/linkattacher_msgs/share/linkattacher_msgs/srv/AttachLink.srv
[1.090s] -- Up-to-date: /home/ibrahim/MobiArm/install/linkattacher_msgs/share/ament_index/resource_index/rosidl_interfaces/linkattacher_msgs
[1.091s] -- Up-to-date: /home/ibrahim/MobiArm/install/linkattacher_msgs/include/linkattacher_msgs/linkattacher_msgs
[1.091s] -- Up-to-date: /home/ibrahim/MobiArm/install/linkattacher_msgs/include/linkattacher_msgs/linkattacher_msgs/srv
[1.091s] -- Up-to-date: /home/ibrahim/MobiArm/install/linkattacher_msgs/include/linkattacher_msgs/linkattacher_msgs/srv/detail
[1.092s] -- Up-to-date: /home/ibrahim/MobiArm/install/linkattacher_msgs/include/linkattacher_msgs/linkattacher_msgs/srv/detail/detach_link__struct.h
[1.092s] -- Up-to-date: /home/ibrahim/MobiArm/install/linkattacher_msgs/include/linkattacher_msgs/linkattacher_msgs/srv/detail/attach_link__type_support.h
[1.093s] -- Up-to-date: /home/ibrahim/MobiArm/install/linkattacher_msgs/include/linkattacher_msgs/linkattacher_msgs/srv/detail/detach_link__type_support.h
[1.093s] -- Up-to-date: /home/ibrahim/MobiArm/install/linkattacher_msgs/include/linkattacher_msgs/linkattacher_msgs/srv/detail/attach_link__functions.h
[1.094s] -- Up-to-date: /home/ibrahim/MobiArm/install/linkattacher_msgs/include/linkattacher_msgs/linkattacher_msgs/srv/detail/attach_link__struct.h
[1.094s] -- Up-to-date: /home/ibrahim/MobiArm/install/linkattacher_msgs/include/linkattacher_msgs/linkattacher_msgs/srv/detail/detach_link__functions.h
[1.094s] -- Up-to-date: /home/ibrahim/MobiArm/install/linkattacher_msgs/include/linkattacher_msgs/linkattacher_msgs/srv/detail/detach_link__functions.c
[1.094s] -- Up-to-date: /home/ibrahim/MobiArm/install/linkattacher_msgs/include/linkattacher_msgs/linkattacher_msgs/srv/detail/attach_link__functions.c
[1.095s] -- Up-to-date: /home/ibrahim/MobiArm/install/linkattacher_msgs/include/linkattacher_msgs/linkattacher_msgs/srv/detach_link.h
[1.095s] -- Up-to-date: /home/ibrahim/MobiArm/install/linkattacher_msgs/include/linkattacher_msgs/linkattacher_msgs/srv/attach_link.h
[1.095s] -- Up-to-date: /home/ibrahim/MobiArm/install/linkattacher_msgs/include/linkattacher_msgs/linkattacher_msgs/msg
[1.095s] -- Up-to-date: /home/ibrahim/MobiArm/install/linkattacher_msgs/include/linkattacher_msgs/linkattacher_msgs/msg/rosidl_generator_c__visibility_control.h
[1.095s] -- Up-to-date: /home/ibrahim/MobiArm/install/linkattacher_msgs/share/linkattacher_msgs/environment/library_path.sh
[1.095s] -- Up-to-date: /home/ibrahim/MobiArm/install/linkattacher_msgs/share/linkattacher_msgs/environment/library_path.dsv
[1.096s] -- Up-to-date: /home/ibrahim/MobiArm/install/linkattacher_msgs/lib/liblinkattacher_msgs__rosidl_generator_c.so
[1.096s] -- Up-to-date: /home/ibrahim/MobiArm/install/linkattacher_msgs/include/linkattacher_msgs/linkattacher_msgs
[1.096s] -- Up-to-date: /home/ibrahim/MobiArm/install/linkattacher_msgs/include/linkattacher_msgs/linkattacher_msgs/srv
[1.096s] -- Up-to-date: /home/ibrahim/MobiArm/install/linkattacher_msgs/include/linkattacher_msgs/linkattacher_msgs/srv/detail
[1.096s] -- Up-to-date: /home/ibrahim/MobiArm/install/linkattacher_msgs/include/linkattacher_msgs/linkattacher_msgs/srv/detail/detach_link__rosidl_typesupport_fastrtps_c.h
[1.096s] -- Up-to-date: /home/ibrahim/MobiArm/install/linkattacher_msgs/include/linkattacher_msgs/linkattacher_msgs/srv/detail/attach_link__rosidl_typesupport_fastrtps_c.h
[1.097s] -- Up-to-date: /home/ibrahim/MobiArm/install/linkattacher_msgs/include/linkattacher_msgs/linkattacher_msgs/msg
[1.097s] -- Up-to-date: /home/ibrahim/MobiArm/install/linkattacher_msgs/include/linkattacher_msgs/linkattacher_msgs/msg/rosidl_typesupport_fastrtps_c__visibility_control.h
[1.097s] -- Up-to-date: /home/ibrahim/MobiArm/install/linkattacher_msgs/lib/liblinkattacher_msgs__rosidl_typesupport_fastrtps_c.so
[1.097s] -- Up-to-date: /home/ibrahim/MobiArm/install/linkattacher_msgs/include/linkattacher_msgs/linkattacher_msgs
[1.097s] -- Up-to-date: /home/ibrahim/MobiArm/install/linkattacher_msgs/include/linkattacher_msgs/linkattacher_msgs/srv
[1.098s] -- Up-to-date: /home/ibrahim/MobiArm/install/linkattacher_msgs/include/linkattacher_msgs/linkattacher_msgs/srv/detail
[1.098s] -- Up-to-date: /home/ibrahim/MobiArm/install/linkattacher_msgs/include/linkattacher_msgs/linkattacher_msgs/srv/detail/attach_link__rosidl_typesupport_introspection_c.h
[1.098s] -- Up-to-date: /home/ibrahim/MobiArm/install/linkattacher_msgs/include/linkattacher_msgs/linkattacher_msgs/srv/detail/detach_link__type_support.c
[1.098s] -- Up-to-date: /home/ibrahim/MobiArm/install/linkattacher_msgs/include/linkattacher_msgs/linkattacher_msgs/srv/detail/attach_link__type_support.c
[1.098s] -- Up-to-date: /home/ibrahim/MobiArm/install/linkattacher_msgs/include/linkattacher_msgs/linkattacher_msgs/srv/detail/detach_link__rosidl_typesupport_introspection_c.h
[1.098s] -- Up-to-date: /home/ibrahim/MobiArm/install/linkattacher_msgs/include/linkattacher_msgs/linkattacher_msgs/msg
[1.098s] -- Up-to-date: /home/ibrahim/MobiArm/install/linkattacher_msgs/include/linkattacher_msgs/linkattacher_msgs/msg/rosidl_typesupport_introspection_c__visibility_control.h
[1.099s] -- Up-to-date: /home/ibrahim/MobiArm/install/linkattacher_msgs/lib/liblinkattacher_msgs__rosidl_typesupport_introspection_c.so
[1.099s] -- Up-to-date: /home/ibrahim/MobiArm/install/linkattacher_msgs/lib/liblinkattacher_msgs__rosidl_typesupport_c.so
[1.099s] -- Up-to-date: /home/ibrahim/MobiArm/install/linkattacher_msgs/include/linkattacher_msgs/linkattacher_msgs
[1.099s] -- Up-to-date: /home/ibrahim/MobiArm/install/linkattacher_msgs/include/linkattacher_msgs/linkattacher_msgs/srv
[1.099s] -- Up-to-date: /home/ibrahim/MobiArm/install/linkattacher_msgs/include/linkattacher_msgs/linkattacher_msgs/srv/detail
[1.100s] -- Up-to-date: /home/ibrahim/MobiArm/install/linkattacher_msgs/include/linkattacher_msgs/linkattacher_msgs/srv/detail/attach_link__type_support.hpp
[1.100s] -- Up-to-date: /home/ibrahim/MobiArm/install/linkattacher_msgs/include/linkattacher_msgs/linkattacher_msgs/srv/detail/detach_link__traits.hpp
[1.100s] -- Up-to-date: /home/ibrahim/MobiArm/install/linkattacher_msgs/include/linkattacher_msgs/linkattacher_msgs/srv/detail/attach_link__struct.hpp
[1.100s] -- Up-to-date: /home/ibrahim/MobiArm/install/linkattacher_msgs/include/linkattacher_msgs/linkattacher_msgs/srv/detail/attach_link__traits.hpp
[1.101s] -- Up-to-date: /home/ibrahim/MobiArm/install/linkattacher_msgs/include/linkattacher_msgs/linkattacher_msgs/srv/detail/detach_link__type_support.hpp
[1.101s] -- Up-to-date: /home/ibrahim/MobiArm/install/linkattacher_msgs/include/linkattacher_msgs/linkattacher_msgs/srv/detail/detach_link__struct.hpp
[1.101s] -- Up-to-date: /home/ibrahim/MobiArm/install/linkattacher_msgs/include/linkattacher_msgs/linkattacher_msgs/srv/detail/attach_link__builder.hpp
[1.101s] -- Up-to-date: /home/ibrahim/MobiArm/install/linkattacher_msgs/include/linkattacher_msgs/linkattacher_msgs/srv/detail/detach_link__builder.hpp
[1.101s] -- Up-to-date: /home/ibrahim/MobiArm/install/linkattacher_msgs/include/linkattacher_msgs/linkattacher_msgs/srv/attach_link.hpp
[1.101s] -- Up-to-date: /home/ibrahim/MobiArm/install/linkattacher_msgs/include/linkattacher_msgs/linkattacher_msgs/srv/detach_link.hpp
[1.102s] -- Up-to-date: /home/ibrahim/MobiArm/install/linkattacher_msgs/include/linkattacher_msgs/linkattacher_msgs/msg
[1.102s] -- Up-to-date: /home/ibrahim/MobiArm/install/linkattacher_msgs/include/linkattacher_msgs/linkattacher_msgs/msg/rosidl_generator_cpp__visibility_control.hpp
[1.102s] -- Up-to-date: /home/ibrahim/MobiArm/install/linkattacher_msgs/include/linkattacher_msgs/linkattacher_msgs
[1.102s] -- Up-to-date: /home/ibrahim/MobiArm/install/linkattacher_msgs/include/linkattacher_msgs/linkattacher_msgs/srv
[1.102s] -- Up-to-date: /home/ibrahim/MobiArm/install/linkattacher_msgs/include/linkattacher_msgs/linkattacher_msgs/srv/detail
[1.102s] -- Up-to-date: /home/ibrahim/MobiArm/install/linkattacher_msgs/include/linkattacher_msgs/linkattacher_msgs/srv/detail/dds_fastrtps
[1.102s] -- Up-to-date: /home/ibrahim/MobiArm/install/linkattacher_msgs/include/linkattacher_msgs/linkattacher_msgs/srv/detail/detach_link__rosidl_typesupport_fastrtps_cpp.hpp
[1.102s] -- Up-to-date: /home/ibrahim/MobiArm/install/linkattacher_msgs/include/linkattacher_msgs/linkattacher_msgs/srv/detail/attach_link__rosidl_typesupport_fastrtps_cpp.hpp
[1.102s] -- Up-to-date: /home/ibrahim/MobiArm/install/linkattacher_msgs/include/linkattacher_msgs/linkattacher_msgs/msg
[1.102s] -- Up-to-date: /home/ibrahim/MobiArm/install/linkattacher_msgs/include/linkattacher_msgs/linkattacher_msgs/msg/rosidl_typesupport_fastrtps_cpp__visibility_control.h
[1.102s] -- Up-to-date: /home/ibrahim/MobiArm/install/linkattacher_msgs/lib/liblinkattacher_msgs__rosidl_typesupport_fastrtps_cpp.so
[1.102s] -- Up-to-date: /home/ibrahim/MobiArm/install/linkattacher_msgs/include/linkattacher_msgs/linkattacher_msgs
[1.102s] -- Up-to-date: /home/ibrahim/MobiArm/install/linkattacher_msgs/include/linkattacher_msgs/linkattacher_msgs/srv
[1.102s] -- Up-to-date: /home/ibrahim/MobiArm/install/linkattacher_msgs/include/linkattacher_msgs/linkattacher_msgs/srv/detail
[1.102s] -- Up-to-date: /home/ibrahim/MobiArm/install/linkattacher_msgs/include/linkattacher_msgs/linkattacher_msgs/srv/detail/attach_link__rosidl_typesupport_introspection_cpp.hpp
[1.102s] -- Up-to-date: /home/ibrahim/MobiArm/install/linkattacher_msgs/include/linkattacher_msgs/linkattacher_msgs/srv/detail/attach_link__type_support.cpp
[1.102s] -- Up-to-date: /home/ibrahim/MobiArm/install/linkattacher_msgs/include/linkattacher_msgs/linkattacher_msgs/srv/detail/detach_link__type_support.cpp
[1.102s] -- Up-to-date: /home/ibrahim/MobiArm/install/linkattacher_msgs/include/linkattacher_msgs/linkattacher_msgs/srv/detail/detach_link__rosidl_typesupport_introspection_cpp.hpp
[1.102s] -- Up-to-date: /home/ibrahim/MobiArm/install/linkattacher_msgs/lib/liblinkattacher_msgs__rosidl_typesupport_introspection_cpp.so
[1.102s] -- Up-to-date: /home/ibrahim/MobiArm/install/linkattacher_msgs/lib/liblinkattacher_msgs__rosidl_typesupport_cpp.so
[1.103s] -- Up-to-date: /home/ibrahim/MobiArm/install/linkattacher_msgs/share/linkattacher_msgs/environment/pythonpath.sh
[1.103s] -- Up-to-date: /home/ibrahim/MobiArm/install/linkattacher_msgs/share/linkattacher_msgs/environment/pythonpath.dsv
[1.103s] -- Up-to-date: /home/ibrahim/MobiArm/install/linkattacher_msgs/local/lib/python3.10/dist-packages/linkattacher_msgs-0.0.0-py3.10.egg-info
[1.103s] -- Installing: /home/ibrahim/MobiArm/install/linkattacher_msgs/local/lib/python3.10/dist-packages/linkattacher_msgs-0.0.0-py3.10.egg-info/top_level.txt
[1.103s] -- Installing: /home/ibrahim/MobiArm/install/linkattacher_msgs/local/lib/python3.10/dist-packages/linkattacher_msgs-0.0.0-py3.10.egg-info/PKG-INFO
[1.103s] -- Installing: /home/ibrahim/MobiArm/install/linkattacher_msgs/local/lib/python3.10/dist-packages/linkattacher_msgs-0.0.0-py3.10.egg-info/dependency_links.txt
[1.103s] -- Installing: /home/ibrahim/MobiArm/install/linkattacher_msgs/local/lib/python3.10/dist-packages/linkattacher_msgs-0.0.0-py3.10.egg-info/SOURCES.txt
[1.103s] -- Up-to-date: /home/ibrahim/MobiArm/install/linkattacher_msgs/local/lib/python3.10/dist-packages/linkattacher_msgs
[1.103s] -- Up-to-date: /home/ibrahim/MobiArm/install/linkattacher_msgs/local/lib/python3.10/dist-packages/linkattacher_msgs/linkattacher_msgs_s__rosidl_typesupport_c.cpython-310-x86_64-linux-gnu.so
[1.103s] -- Up-to-date: /home/ibrahim/MobiArm/install/linkattacher_msgs/local/lib/python3.10/dist-packages/linkattacher_msgs/linkattacher_msgs_s__rosidl_typesupport_introspection_c.cpython-310-x86_64-linux-gnu.so
[1.103s] -- Up-to-date: /home/ibrahim/MobiArm/install/linkattacher_msgs/local/lib/python3.10/dist-packages/linkattacher_msgs/_linkattacher_msgs_s.ep.rosidl_typesupport_c.c
[1.103s] -- Up-to-date: /home/ibrahim/MobiArm/install/linkattacher_msgs/local/lib/python3.10/dist-packages/linkattacher_msgs/srv
[1.103s] -- Up-to-date: /home/ibrahim/MobiArm/install/linkattacher_msgs/local/lib/python3.10/dist-packages/linkattacher_msgs/srv/_attach_link.py
[1.103s] -- Up-to-date: /home/ibrahim/MobiArm/install/linkattacher_msgs/local/lib/python3.10/dist-packages/linkattacher_msgs/srv/_attach_link_s.c
[1.103s] -- Up-to-date: /home/ibrahim/MobiArm/install/linkattacher_msgs/local/lib/python3.10/dist-packages/linkattacher_msgs/srv/_detach_link.py
[1.103s] -- Up-to-date: /home/ibrahim/MobiArm/install/linkattacher_msgs/local/lib/python3.10/dist-packages/linkattacher_msgs/srv/__init__.py
[1.103s] -- Up-to-date: /home/ibrahim/MobiArm/install/linkattacher_msgs/local/lib/python3.10/dist-packages/linkattacher_msgs/srv/_detach_link_s.c
[1.103s] -- Up-to-date: /home/ibrahim/MobiArm/install/linkattacher_msgs/local/lib/python3.10/dist-packages/linkattacher_msgs/linkattacher_msgs_s__rosidl_typesupport_fastrtps_c.cpython-310-x86_64-linux-gnu.so
[1.103s] -- Up-to-date: /home/ibrahim/MobiArm/install/linkattacher_msgs/local/lib/python3.10/dist-packages/linkattacher_msgs/_linkattacher_msgs_s.ep.rosidl_typesupport_introspection_c.c
[1.103s] -- Up-to-date: /home/ibrahim/MobiArm/install/linkattacher_msgs/local/lib/python3.10/dist-packages/linkattacher_msgs/_linkattacher_msgs_s.ep.rosidl_typesupport_fastrtps_c.c
[1.103s] -- Up-to-date: /home/ibrahim/MobiArm/install/linkattacher_msgs/local/lib/python3.10/dist-packages/linkattacher_msgs/__init__.py
[1.103s] -- Up-to-date: /home/ibrahim/MobiArm/install/linkattacher_msgs/local/lib/python3.10/dist-packages/linkattacher_msgs/liblinkattacher_msgs__rosidl_generator_py.so
[1.126s] Listing '/home/ibrahim/MobiArm/install/linkattacher_msgs/local/lib/python3.10/dist-packages/linkattacher_msgs'...
[1.127s] Listing '/home/ibrahim/MobiArm/install/linkattacher_msgs/local/lib/python3.10/dist-packages/linkattacher_msgs/srv'...
[1.131s] -- Up-to-date: /home/ibrahim/MobiArm/install/linkattacher_msgs/local/lib/python3.10/dist-packages/linkattacher_msgs/linkattacher_msgs_s__rosidl_typesupport_fastrtps_c.cpython-310-x86_64-linux-gnu.so
[1.131s] -- Up-to-date: /home/ibrahim/MobiArm/install/linkattacher_msgs/local/lib/python3.10/dist-packages/linkattacher_msgs/linkattacher_msgs_s__rosidl_typesupport_introspection_c.cpython-310-x86_64-linux-gnu.so
[1.131s] -- Up-to-date: /home/ibrahim/MobiArm/install/linkattacher_msgs/local/lib/python3.10/dist-packages/linkattacher_msgs/linkattacher_msgs_s__rosidl_typesupport_c.cpython-310-x86_64-linux-gnu.so
[1.132s] -- Up-to-date: /home/ibrahim/MobiArm/install/linkattacher_msgs/lib/liblinkattacher_msgs__rosidl_generator_py.so
[1.132s] -- Up-to-date: /home/ibrahim/MobiArm/install/linkattacher_msgs/share/ament_index/resource_index/rust_packages/linkattacher_msgs
[1.132s] -- Up-to-date: /home/ibrahim/MobiArm/install/linkattacher_msgs/share/linkattacher_msgs/rust
[1.132s] -- Up-to-date: /home/ibrahim/MobiArm/install/linkattacher_msgs/share/linkattacher_msgs/rust/src
[1.132s] -- Up-to-date: /home/ibrahim/MobiArm/install/linkattacher_msgs/share/linkattacher_msgs/rust/src/lib.rs
[1.132s] -- Up-to-date: /home/ibrahim/MobiArm/install/linkattacher_msgs/share/linkattacher_msgs/rust/src/srv
[1.133s] -- Up-to-date: /home/ibrahim/MobiArm/install/linkattacher_msgs/share/linkattacher_msgs/rust/src/srv/rmw.rs
[1.133s] -- Up-to-date: /home/ibrahim/MobiArm/install/linkattacher_msgs/share/linkattacher_msgs/rust/src/srv.rs
[1.133s] -- Up-to-date: /home/ibrahim/MobiArm/install/linkattacher_msgs/share/linkattacher_msgs/rust/build.rs
[1.133s] -- Up-to-date: /home/ibrahim/MobiArm/install/linkattacher_msgs/share/linkattacher_msgs/rust/Cargo.toml
[1.133s] -- Up-to-date: /home/ibrahim/MobiArm/install/linkattacher_msgs/share/linkattacher_msgs/srv/AttachLink.idl
[1.133s] -- Up-to-date: /home/ibrahim/MobiArm/install/linkattacher_msgs/share/linkattacher_msgs/srv/DetachLink.idl
[1.134s] -- Up-to-date: /home/ibrahim/MobiArm/install/linkattacher_msgs/share/linkattacher_msgs/srv/AttachLink.srv
[1.134s] -- Up-to-date: /home/ibrahim/MobiArm/install/linkattacher_msgs/share/linkattacher_msgs/srv/AttachLink_Request.msg
[1.134s] -- Up-to-date: /home/ibrahim/MobiArm/install/linkattacher_msgs/share/linkattacher_msgs/srv/AttachLink_Response.msg
[1.134s] -- Up-to-date: /home/ibrahim/MobiArm/install/linkattacher_msgs/share/linkattacher_msgs/srv/DetachLink.srv
[1.134s] -- Up-to-date: /home/ibrahim/MobiArm/install/linkattacher_msgs/share/linkattacher_msgs/srv/DetachLink_Request.msg
[1.134s] -- Up-to-date: /home/ibrahim/MobiArm/install/linkattacher_msgs/share/linkattacher_msgs/srv/DetachLink_Response.msg
[1.134s] -- Up-to-date: /home/ibrahim/MobiArm/install/linkattacher_msgs/share/ament_index/resource_index/package_run_dependencies/linkattacher_msgs
[1.134s] -- Up-to-date: /home/ibrahim/MobiArm/install/linkattacher_msgs/share/ament_index/resource_index/parent_prefix_path/linkattacher_msgs
[1.135s] -- Up-to-date: /home/ibrahim/MobiArm/install/linkattacher_msgs/share/linkattacher_msgs/environment/ament_prefix_path.sh
[1.135s] -- Up-to-date: /home/ibrahim/MobiArm/install/linkattacher_msgs/share/linkattacher_msgs/environment/ament_prefix_path.dsv
[1.135s] -- Up-to-date: /home/ibrahim/MobiArm/install/linkattacher_msgs/share/linkattacher_msgs/environment/path.sh
[1.135s] -- Up-to-date: /home/ibrahim/MobiArm/install/linkattacher_msgs/share/linkattacher_msgs/environment/path.dsv
[1.135s] -- Up-to-date: /home/ibrahim/MobiArm/install/linkattacher_msgs/share/linkattacher_msgs/local_setup.bash
[1.135s] -- Up-to-date: /home/ibrahim/MobiArm/install/linkattacher_msgs/share/linkattacher_msgs/local_setup.sh
[1.135s] -- Up-to-date: /home/ibrahim/MobiArm/install/linkattacher_msgs/share/linkattacher_msgs/local_setup.zsh
[1.136s] -- Up-to-date: /home/ibrahim/MobiArm/install/linkattacher_msgs/share/linkattacher_msgs/local_setup.dsv
[1.136s] -- Installing: /home/ibrahim/MobiArm/install/linkattacher_msgs/share/linkattacher_msgs/package.dsv
[1.136s] -- Up-to-date: /home/ibrahim/MobiArm/install/linkattacher_msgs/share/ament_index/resource_index/packages/linkattacher_msgs
[1.136s] -- Up-to-date: /home/ibrahim/MobiArm/install/linkattacher_msgs/share/linkattacher_msgs/cmake/export_linkattacher_msgs__rosidl_generator_cExport.cmake
[1.136s] -- Up-to-date: /home/ibrahim/MobiArm/install/linkattacher_msgs/share/linkattacher_msgs/cmake/export_linkattacher_msgs__rosidl_generator_cExport-noconfig.cmake
[1.136s] -- Up-to-date: /home/ibrahim/MobiArm/install/linkattacher_msgs/share/linkattacher_msgs/cmake/export_linkattacher_msgs__rosidl_typesupport_fastrtps_cExport.cmake
[1.136s] -- Up-to-date: /home/ibrahim/MobiArm/install/linkattacher_msgs/share/linkattacher_msgs/cmake/export_linkattacher_msgs__rosidl_typesupport_fastrtps_cExport-noconfig.cmake
[1.137s] -- Up-to-date: /home/ibrahim/MobiArm/install/linkattacher_msgs/share/linkattacher_msgs/cmake/linkattacher_msgs__rosidl_typesupport_introspection_cExport.cmake
[1.137s] -- Up-to-date: /home/ibrahim/MobiArm/install/linkattacher_msgs/share/linkattacher_msgs/cmake/linkattacher_msgs__rosidl_typesupport_introspection_cExport-noconfig.cmake
[1.137s] -- Up-to-date: /home/ibrahim/MobiArm/install/linkattacher_msgs/share/linkattacher_msgs/cmake/linkattacher_msgs__rosidl_typesupport_cExport.cmake
[1.137s] -- Up-to-date: /home/ibrahim/MobiArm/install/linkattacher_msgs/share/linkattacher_msgs/cmake/linkattacher_msgs__rosidl_typesupport_cExport-noconfig.cmake
[1.137s] -- Up-to-date: /home/ibrahim/MobiArm/install/linkattacher_msgs/share/linkattacher_msgs/cmake/export_linkattacher_msgs__rosidl_generator_cppExport.cmake
[1.137s] -- Up-to-date: /home/ibrahim/MobiArm/install/linkattacher_msgs/share/linkattacher_msgs/cmake/export_linkattacher_msgs__rosidl_typesupport_fastrtps_cppExport.cmake
[1.137s] -- Up-to-date: /home/ibrahim/MobiArm/install/linkattacher_msgs/share/linkattacher_msgs/cmake/export_linkattacher_msgs__rosidl_typesupport_fastrtps_cppExport-noconfig.cmake
[1.137s] -- Up-to-date: /home/ibrahim/MobiArm/install/linkattacher_msgs/share/linkattacher_msgs/cmake/linkattacher_msgs__rosidl_typesupport_introspection_cppExport.cmake
[1.137s] -- Up-to-date: /home/ibrahim/MobiArm/install/linkattacher_msgs/share/linkattacher_msgs/cmake/linkattacher_msgs__rosidl_typesupport_introspection_cppExport-noconfig.cmake
[1.137s] -- Up-to-date: /home/ibrahim/MobiArm/install/linkattacher_msgs/share/linkattacher_msgs/cmake/linkattacher_msgs__rosidl_typesupport_cppExport.cmake
[1.137s] -- Up-to-date: /home/ibrahim/MobiArm/install/linkattacher_msgs/share/linkattacher_msgs/cmake/linkattacher_msgs__rosidl_typesupport_cppExport-noconfig.cmake
[1.137s] -- Up-to-date: /home/ibrahim/MobiArm/install/linkattacher_msgs/share/linkattacher_msgs/cmake/export_linkattacher_msgs__rosidl_generator_pyExport.cmake
[1.137s] -- Up-to-date: /home/ibrahim/MobiArm/install/linkattacher_msgs/share/linkattacher_msgs/cmake/export_linkattacher_msgs__rosidl_generator_pyExport-noconfig.cmake
[1.137s] -- Up-to-date: /home/ibrahim/MobiArm/install/linkattacher_msgs/share/linkattacher_msgs/cmake/rosidl_cmake-extras.cmake
[1.137s] -- Up-to-date: /home/ibrahim/MobiArm/install/linkattacher_msgs/share/linkattacher_msgs/cmake/ament_cmake_export_include_directories-extras.cmake
[1.137s] -- Up-to-date: /home/ibrahim/MobiArm/install/linkattacher_msgs/share/linkattacher_msgs/cmake/ament_cmake_export_libraries-extras.cmake
[1.137s] -- Up-to-date: /home/ibrahim/MobiArm/install/linkattacher_msgs/share/linkattacher_msgs/cmake/ament_cmake_export_targets-extras.cmake
[1.137s] -- Up-to-date: /home/ibrahim/MobiArm/install/linkattacher_msgs/share/linkattacher_msgs/cmake/rosidl_cmake_export_typesupport_targets-extras.cmake
[1.137s] -- Up-to-date: /home/ibrahim/MobiArm/install/linkattacher_msgs/share/linkattacher_msgs/cmake/ament_cmake_export_dependencies-extras.cmake
[1.137s] -- Up-to-date: /home/ibrahim/MobiArm/install/linkattacher_msgs/share/linkattacher_msgs/cmake/rosidl_cmake_export_typesupport_libraries-extras.cmake
[1.137s] -- Up-to-date: /home/ibrahim/MobiArm/install/linkattacher_msgs/share/linkattacher_msgs/cmake/linkattacher_msgsConfig.cmake
[1.137s] -- Up-to-date: /home/ibrahim/MobiArm/install/linkattacher_msgs/share/linkattacher_msgs/cmake/linkattacher_msgsConfig-version.cmake
[1.138s] -- Up-to-date: /home/ibrahim/MobiArm/install/linkattacher_msgs/share/linkattacher_msgs/package.xml
[1.139s] Invoked command in '/home/ibrahim/MobiArm/build/linkattacher_msgs' returned '0': CMAKE_PREFIX_PATH=${CMAKE_PREFIX_PATH}:/home/ibrahim/RobotArm/install/main_arm_package:/home/ibrahim/RobotArm/install/action_interfaces:/opt/ros/humble /usr/bin/cmake --install /home/ibrahim/MobiArm/build/linkattacher_msgs
