-- The C compiler identification is GNU 11.4.0
-- The CXX compiler identification is GNU 11.4.0
-- Detecting C compiler ABI info
-- Detecting C compiler ABI info - done
-- Check for working C compiler: /usr/bin/cc - skipped
-- Detecting C compile features
-- Detecting C compile features - done
-- Detecting CXX compiler ABI info
-- Detecting CXX compiler ABI info - done
-- Check for working CXX compiler: /usr/bin/c++ - skipped
-- Detecting CXX compile features
-- Detecting CXX compile features - done
-- Found ament_cmake: 1.3.14 (/opt/ros/humble/share/ament_cmake/cmake)
-- Found Python3: /usr/bin/python3 (found version "3.10.12") found components: Interpreter 
-- Found ament_lint_auto: 0.12.15 (/opt/ros/humble/share/ament_lint_auto/cmake)
-- Added test 'cppcheck' to perform static code analysis on C / C++ code
-- Configured cppcheck include dirs: $<BUILD_INTERFACE:/home/ibrahim/MobiArm/src/main_nodes/include>
-- Configured cppcheck exclude dirs and/or files: 
-- Added test 'flake8' to check Python code syntax and style conventions
-- Added test 'lint_cmake' to check CMake code style
-- Added test 'pep257' to check Python code against some of the docstring style conventions in PEP 257
-- Added test 'uncrustify' to check C / C++ code style
-- Configured uncrustify additional arguments: 
-- Added test 'xmllint' to check XML markup files
-- Configuring done
-- Generating done
-- Build files have been written to: /home/ibrahim/MobiArm/build/main_nodes
[ 50%] Building CXX object CMakeFiles/RunNode.dir/src/RunNode.cpp.o
[100%] Linking CXX executable RunNode
[100%] Built target RunNode
-- Install configuration: ""
-- Installing: /home/ibrahim/MobiArm/install/main_nodes/lib/main_nodes/RunNode
-- Installing: /home/ibrahim/MobiArm/install/main_nodes/share/main_nodes/launch
-- Installing: /home/ibrahim/MobiArm/install/main_nodes/share/main_nodes/launch/display.launch.py
-- Installing: /home/ibrahim/MobiArm/install/main_nodes/share/main_nodes/launch/gazebo.launch.py
-- Installing: /home/ibrahim/MobiArm/install/main_nodes/share/main_nodes/urdf
-- Installing: /home/ibrahim/MobiArm/install/main_nodes/share/main_nodes/urdf/arm.urdf.xacro
-- Installing: /home/ibrahim/MobiArm/install/main_nodes/share/main_nodes/urdf/base.urdf.xacro
-- Installing: /home/ibrahim/MobiArm/install/main_nodes/share/main_nodes/urdf/robot.urdf.xacro
-- Installing: /home/ibrahim/MobiArm/install/main_nodes/share/main_nodes/rviz
-- Installing: /home/ibrahim/MobiArm/install/main_nodes/share/main_nodes/rviz/model.rviz
-- Installing: /home/ibrahim/MobiArm/install/main_nodes/share/ament_index/resource_index/package_run_dependencies/main_nodes
-- Installing: /home/ibrahim/MobiArm/install/main_nodes/share/ament_index/resource_index/parent_prefix_path/main_nodes
-- Installing: /home/ibrahim/MobiArm/install/main_nodes/share/main_nodes/environment/ament_prefix_path.sh
-- Installing: /home/ibrahim/MobiArm/install/main_nodes/share/main_nodes/environment/ament_prefix_path.dsv
-- Installing: /home/ibrahim/MobiArm/install/main_nodes/share/main_nodes/environment/path.sh
-- Installing: /home/ibrahim/MobiArm/install/main_nodes/share/main_nodes/environment/path.dsv
-- Installing: /home/ibrahim/MobiArm/install/main_nodes/share/main_nodes/local_setup.bash
-- Installing: /home/ibrahim/MobiArm/install/main_nodes/share/main_nodes/local_setup.sh
-- Installing: /home/ibrahim/MobiArm/install/main_nodes/share/main_nodes/local_setup.zsh
-- Installing: /home/ibrahim/MobiArm/install/main_nodes/share/main_nodes/local_setup.dsv
-- Installing: /home/ibrahim/MobiArm/install/main_nodes/share/main_nodes/package.dsv
-- Installing: /home/ibrahim/MobiArm/install/main_nodes/share/ament_index/resource_index/packages/main_nodes
-- Installing: /home/ibrahim/MobiArm/install/main_nodes/share/main_nodes/cmake/main_nodesConfig.cmake
-- Installing: /home/ibrahim/MobiArm/install/main_nodes/share/main_nodes/cmake/main_nodesConfig-version.cmake
-- Installing: /home/ibrahim/MobiArm/install/main_nodes/share/main_nodes/package.xml
