[0.015s] Invoking command in '/home/ibrahim/MobiArm/build/main_nodes': CMAKE_PREFIX_PATH=${CMAKE_PREFIX_PATH}:/home/ibrahim/RobotArm/install/main_arm_package:/home/ibrahim/RobotArm/install/action_interfaces:/opt/ros/humble /usr/bin/cmake /home/ibrahim/MobiArm/src/main_nodes -DCMAKE_INSTALL_PREFIX=/home/ibrahim/MobiArm/install/main_nodes
[0.243s] -- The C compiler identification is GNU 11.4.0
[0.756s] -- The CXX compiler identification is GNU 11.4.0
[1.058s] -- Detecting C compiler ABI info
[1.212s] -- Detecting C compiler ABI info - done
[1.217s] -- Check for working C compiler: /usr/bin/cc - skipped
[1.218s] -- Detecting C compile features
[1.218s] -- Detecting C compile features - done
[1.220s] -- Detecting CXX compiler ABI info
[1.375s] -- Detecting CXX compiler ABI info - done
[1.379s] -- Check for working CXX compiler: /usr/bin/c++ - skipped
[1.379s] -- Detecting CXX compile features
[1.379s] -- Detecting CXX compile features - done
[1.393s] -- Found ament_cmake: 1.3.14 (/opt/ros/humble/share/ament_cmake/cmake)
[1.513s] -- Found Python3: /usr/bin/python3 (found version "3.10.12") found components: Interpreter 
[1.608s] -- Found ament_lint_auto: 0.12.15 (/opt/ros/humble/share/ament_lint_auto/cmake)
[1.679s] -- Added test 'cppcheck' to perform static code analysis on C / C++ code
[1.679s] -- Configured cppcheck include dirs: $<BUILD_INTERFACE:/home/ibrahim/MobiArm/src/main_nodes/include>
[1.679s] -- Configured cppcheck exclude dirs and/or files: 
[1.680s] -- Added test 'flake8' to check Python code syntax and style conventions
[1.681s] -- Added test 'lint_cmake' to check CMake code style
[1.682s] -- Added test 'pep257' to check Python code against some of the docstring style conventions in PEP 257
[1.683s] -- Added test 'uncrustify' to check C / C++ code style
[1.683s] -- Configured uncrustify additional arguments: 
[1.684s] -- Added test 'xmllint' to check XML markup files
[1.687s] -- Configuring done
[1.695s] -- Generating done
[1.698s] -- Build files have been written to: /home/ibrahim/MobiArm/build/main_nodes
[1.705s] Invoked command in '/home/ibrahim/MobiArm/build/main_nodes' returned '0': CMAKE_PREFIX_PATH=${CMAKE_PREFIX_PATH}:/home/ibrahim/RobotArm/install/main_arm_package:/home/ibrahim/RobotArm/install/action_interfaces:/opt/ros/humble /usr/bin/cmake /home/ibrahim/MobiArm/src/main_nodes -DCMAKE_INSTALL_PREFIX=/home/ibrahim/MobiArm/install/main_nodes
[1.706s] Invoking command in '/home/ibrahim/MobiArm/build/main_nodes': CMAKE_PREFIX_PATH=${CMAKE_PREFIX_PATH}:/home/ibrahim/RobotArm/install/main_arm_package:/home/ibrahim/RobotArm/install/action_interfaces:/opt/ros/humble /usr/bin/cmake --build /home/ibrahim/MobiArm/build/main_nodes -- -j16 -l16
[1.759s] [ 50%] Building CXX object CMakeFiles/RunNode.dir/src/RunNode.cpp.o
[1.798s] [100%] Linking CXX executable RunNode
[1.904s] [100%] Built target RunNode
[1.917s] Invoked command in '/home/ibrahim/MobiArm/build/main_nodes' returned '0': CMAKE_PREFIX_PATH=${CMAKE_PREFIX_PATH}:/home/ibrahim/RobotArm/install/main_arm_package:/home/ibrahim/RobotArm/install/action_interfaces:/opt/ros/humble /usr/bin/cmake --build /home/ibrahim/MobiArm/build/main_nodes -- -j16 -l16
[1.928s] Invoking command in '/home/ibrahim/MobiArm/build/main_nodes': CMAKE_PREFIX_PATH=${CMAKE_PREFIX_PATH}:/home/ibrahim/RobotArm/install/main_arm_package:/home/ibrahim/RobotArm/install/action_interfaces:/opt/ros/humble /usr/bin/cmake --install /home/ibrahim/MobiArm/build/main_nodes
[1.935s] -- Install configuration: ""
[1.936s] -- Installing: /home/ibrahim/MobiArm/install/main_nodes/lib/main_nodes/RunNode
[1.936s] -- Installing: /home/ibrahim/MobiArm/install/main_nodes/share/main_nodes/launch
[1.937s] -- Installing: /home/ibrahim/MobiArm/install/main_nodes/share/main_nodes/launch/display.launch.py
[1.938s] -- Installing: /home/ibrahim/MobiArm/install/main_nodes/share/main_nodes/launch/gazebo.launch.py
[1.938s] -- Installing: /home/ibrahim/MobiArm/install/main_nodes/share/main_nodes/urdf
[1.938s] -- Installing: /home/ibrahim/MobiArm/install/main_nodes/share/main_nodes/urdf/arm.urdf.xacro
[1.938s] -- Installing: /home/ibrahim/MobiArm/install/main_nodes/share/main_nodes/urdf/base.urdf.xacro
[1.939s] -- Installing: /home/ibrahim/MobiArm/install/main_nodes/share/main_nodes/urdf/robot.urdf.xacro
[1.939s] -- Installing: /home/ibrahim/MobiArm/install/main_nodes/share/main_nodes/rviz
[1.939s] -- Installing: /home/ibrahim/MobiArm/install/main_nodes/share/main_nodes/rviz/model.rviz
[1.940s] -- Installing: /home/ibrahim/MobiArm/install/main_nodes/share/ament_index/resource_index/package_run_dependencies/main_nodes
[1.941s] -- Installing: /home/ibrahim/MobiArm/install/main_nodes/share/ament_index/resource_index/parent_prefix_path/main_nodes
[1.941s] -- Installing: /home/ibrahim/MobiArm/install/main_nodes/share/main_nodes/environment/ament_prefix_path.sh
[1.942s] -- Installing: /home/ibrahim/MobiArm/install/main_nodes/share/main_nodes/environment/ament_prefix_path.dsv
[1.942s] -- Installing: /home/ibrahim/MobiArm/install/main_nodes/share/main_nodes/environment/path.sh
[1.942s] -- Installing: /home/ibrahim/MobiArm/install/main_nodes/share/main_nodes/environment/path.dsv
[1.942s] -- Installing: /home/ibrahim/MobiArm/install/main_nodes/share/main_nodes/local_setup.bash
[1.942s] -- Installing: /home/ibrahim/MobiArm/install/main_nodes/share/main_nodes/local_setup.sh
[1.943s] -- Installing: /home/ibrahim/MobiArm/install/main_nodes/share/main_nodes/local_setup.zsh
[1.944s] -- Installing: /home/ibrahim/MobiArm/install/main_nodes/share/main_nodes/local_setup.dsv
[1.944s] -- Installing: /home/ibrahim/MobiArm/install/main_nodes/share/main_nodes/package.dsv
[1.944s] -- Installing: /home/ibrahim/MobiArm/install/main_nodes/share/ament_index/resource_index/packages/main_nodes
[1.945s] -- Installing: /home/ibrahim/MobiArm/install/main_nodes/share/main_nodes/cmake/main_nodesConfig.cmake
[1.945s] -- Installing: /home/ibrahim/MobiArm/install/main_nodes/share/main_nodes/cmake/main_nodesConfig-version.cmake
[1.945s] -- Installing: /home/ibrahim/MobiArm/install/main_nodes/share/main_nodes/package.xml
[1.947s] Invoked command in '/home/ibrahim/MobiArm/build/main_nodes' returned '0': CMAKE_PREFIX_PATH=${CMAKE_PREFIX_PATH}:/home/ibrahim/RobotArm/install/main_arm_package:/home/ibrahim/RobotArm/install/action_interfaces:/opt/ros/humble /usr/bin/cmake --install /home/ibrahim/MobiArm/build/main_nodes
