[0.201s] Invoking command in '/home/ibrahim/MobiArm/build/main_nodes': AMENT_PREFIX_PATH=/home/ibrahim/MobiArm/install/linkattacher_msgs:/home/ibrahim/MobiArm/install/bin_interfaces:${AMENT_PREFIX_PATH} CMAKE_PREFIX_PATH=/home/ibrahim/MobiArm/install/linkattacher_msgs:/home/ibrahim/MobiArm/install/bin_interfaces:/home/ibrahim/RobotArmExpanded/install/main_arm_package:/home/ibrahim/RobotArmExpanded/install/action_interfaces:/home/ibrahim/MoveItArm/install/moveit_config:/home/ibrahim/MoveItArm/install/moveit_arm_package:/home/ibrahim/TF2Sample/install/tf2sim:/home/ibrahim/RobotNav/install/main_robot_nodes:/home/ibrahim/RobotNav/install/action_interfaces:/home/ibrahim/RobotMonitor/install/Robot3Node_Package:/home/ibrahim/ros2_ws/install/my_first_package:/home/ibrahim/ros2_ws/install/action_interfaces:/home/ibrahim/RobotArm/install/main_arm_package:/home/ibrahim/RobotArm/install/action_interfaces:/opt/ros/humble LD_LIBRARY_PATH=/home/ibrahim/MobiArm/install/linkattacher_msgs/lib:/home/ibrahim/MobiArm/install/bin_interfaces/lib:${LD_LIBRARY_PATH} PYTHONPATH=/home/ibrahim/MobiArm/install/linkattacher_msgs/local/lib/python3.10/dist-packages:/home/ibrahim/MobiArm/install/bin_interfaces/local/lib/python3.10/dist-packages:${PYTHONPATH} /usr/bin/cmake --build /home/ibrahim/MobiArm/build/main_nodes -- -j16 -l16
[0.247s] -- Found ament_cmake: 1.3.14 (/opt/ros/humble/share/ament_cmake/cmake)
[0.383s] -- Override CMake install command with custom implementation using symlinks instead of copying resources
[0.392s] -- Found rclcpp: 16.0.19 (/opt/ros/humble/share/rclcpp/cmake)
[0.560s] -- Found rosidl_generator_c: 3.1.8 (/opt/ros/humble/share/rosidl_generator_c/cmake)
[0.562s] -- Found rosidl_adapter: 3.1.8 (/opt/ros/humble/share/rosidl_adapter/cmake)
[0.570s] -- Found rosidl_generator_cpp: 3.1.8 (/opt/ros/humble/share/rosidl_generator_cpp/cmake)
[0.579s] -- Using all available rosidl_typesupport_c: rosidl_typesupport_fastrtps_c;rosidl_typesupport_introspection_c
[0.589s] -- Using all available rosidl_typesupport_cpp: rosidl_typesupport_fastrtps_cpp;rosidl_typesupport_introspection_cpp
[0.622s] -- Found rmw_implementation_cmake: 6.1.2 (/opt/ros/humble/share/rmw_implementation_cmake/cmake)
[0.625s] -- Found rmw_cyclonedds_cpp: 1.3.4 (/opt/ros/humble/share/rmw_cyclonedds_cpp/cmake)
[0.652s] -- Using RMW implementation 'rmw_cyclonedds_cpp' as default
[0.709s] -- Found moveit_ros_planning_interface: 2.5.9 (/opt/ros/humble/share/moveit_ros_planning_interface/cmake)
[0.724s] -- Found Boost: /usr/lib/x86_64-linux-gnu/cmake/Boost-1.74.0/BoostConfig.cmake (found version "1.74.0") found components: date_time filesystem program_options system thread 
[0.889s] -- Found Boost: /usr/lib/x86_64-linux-gnu/cmake/Boost-1.74.0/BoostConfig.cmake (found version "1.74.0") found components: chrono date_time filesystem iostreams program_options regex serialization system thread 
[1.934s] -- Found parameter_traits: 0.7.1 (/opt/ros/humble/share/parameter_traits/cmake)
[1.944s] -- Found rclcpp_lifecycle: 16.0.19 (/opt/ros/humble/share/rclcpp_lifecycle/cmake)
[1.969s] -- Found Boost: /usr/lib/x86_64-linux-gnu/cmake/Boost-1.74.0/BoostConfig.cmake (found version "1.74.0") found components: filesystem 
[3.677s] -- library: /usr/lib/x86_64-linux-gnu/libcurl.so
[3.711s] -- Ensuring Eigen3 include directory is part of orocos-kdl CMake target
[5.328s] -- Found Boost: /usr/lib/x86_64-linux-gnu/cmake/Boost-1.74.0/BoostConfig.cmake (found version "1.74.0") found components: system filesystem date_time program_options thread chrono 
[5.352s] -- Found Boost: /usr/lib/x86_64-linux-gnu/cmake/Boost-1.74.0/BoostConfig.cmake (found version "1.74.0") found components: thread system filesystem regex date_time program_options 
[5.384s] -- Found Boost: /usr/lib/x86_64-linux-gnu/cmake/Boost-1.74.0/BoostConfig.cmake (found version "1.74.0") found components: system filesystem date_time program_options thread 
[5.409s] -- Found nav2_msgs: 1.1.20 (/opt/ros/humble/share/nav2_msgs/cmake)
[5.448s] -- Found cv_bridge: 3.2.1 (/opt/ros/humble/share/cv_bridge/cmake)
[5.462s] -- Found image_geometry: 3.2.1 (/opt/ros/humble/share/image_geometry/cmake)
[5.464s] -- Found bin_interfaces: 0.0.0 (/home/ibrahim/MobiArm/install/bin_interfaces/share/bin_interfaces/cmake)
[5.476s] -- Found linkattacher_msgs: 0.0.0 (/home/ibrahim/MobiArm/install/linkattacher_msgs/share/linkattacher_msgs/cmake)
[5.499s] -- Found ament_lint_auto: 0.12.15 (/opt/ros/humble/share/ament_lint_auto/cmake)
[5.583s] -- Added test 'cppcheck' to perform static code analysis on C / C++ code
[5.584s] -- Configured cppcheck include dirs: $<BUILD_INTERFACE:/home/ibrahim/MobiArm/src/main_nodes/include>
[5.584s] -- Configured cppcheck exclude dirs and/or files: 
[5.585s] -- Added test 'flake8' to check Python code syntax and style conventions
[5.586s] -- Added test 'lint_cmake' to check CMake code style
[5.587s] -- Added test 'pep257' to check Python code against some of the docstring style conventions in PEP 257
[5.590s] -- Added test 'uncrustify' to check C / C++ code style
[5.590s] -- Configured uncrustify additional arguments: 
[5.591s] -- Added test 'xmllint' to check XML markup files
[5.593s] -- Configuring done
[5.683s] -- Generating done
[5.703s] -- Build files have been written to: /home/ibrahim/MobiArm/build/main_nodes
[5.750s] Consolidate compiler generated dependencies of target RunNode
[5.762s] Consolidate compiler generated dependencies of target VisionNode
[5.762s] Consolidate compiler generated dependencies of target detectionNode
[5.766s] [ 20%] Built target RunNode
[5.766s] [ 30%] Building CXX object CMakeFiles/ArmPickup.dir/src/ArmPickup.cpp.o
[5.767s] Consolidate compiler generated dependencies of target TravelPose
[5.788s] [ 70%] Built target VisionNode
[5.788s] [ 70%] Built target detectionNode
[5.794s] [ 90%] Built target TravelPose
[16.759s] [100%] Linking CXX executable ArmPickup
[17.474s] [100%] Built target ArmPickup
[17.493s] Invoked command in '/home/ibrahim/MobiArm/build/main_nodes' returned '0': AMENT_PREFIX_PATH=/home/ibrahim/MobiArm/install/linkattacher_msgs:/home/ibrahim/MobiArm/install/bin_interfaces:${AMENT_PREFIX_PATH} CMAKE_PREFIX_PATH=/home/ibrahim/MobiArm/install/linkattacher_msgs:/home/ibrahim/MobiArm/install/bin_interfaces:/home/ibrahim/RobotArmExpanded/install/main_arm_package:/home/ibrahim/RobotArmExpanded/install/action_interfaces:/home/ibrahim/MoveItArm/install/moveit_config:/home/ibrahim/MoveItArm/install/moveit_arm_package:/home/ibrahim/TF2Sample/install/tf2sim:/home/ibrahim/RobotNav/install/main_robot_nodes:/home/ibrahim/RobotNav/install/action_interfaces:/home/ibrahim/RobotMonitor/install/Robot3Node_Package:/home/ibrahim/ros2_ws/install/my_first_package:/home/ibrahim/ros2_ws/install/action_interfaces:/home/ibrahim/RobotArm/install/main_arm_package:/home/ibrahim/RobotArm/install/action_interfaces:/opt/ros/humble LD_LIBRARY_PATH=/home/ibrahim/MobiArm/install/linkattacher_msgs/lib:/home/ibrahim/MobiArm/install/bin_interfaces/lib:${LD_LIBRARY_PATH} PYTHONPATH=/home/ibrahim/MobiArm/install/linkattacher_msgs/local/lib/python3.10/dist-packages:/home/ibrahim/MobiArm/install/bin_interfaces/local/lib/python3.10/dist-packages:${PYTHONPATH} /usr/bin/cmake --build /home/ibrahim/MobiArm/build/main_nodes -- -j16 -l16
[17.495s] Invoking command in '/home/ibrahim/MobiArm/build/main_nodes': AMENT_PREFIX_PATH=/home/ibrahim/MobiArm/install/linkattacher_msgs:/home/ibrahim/MobiArm/install/bin_interfaces:${AMENT_PREFIX_PATH} CMAKE_PREFIX_PATH=/home/ibrahim/MobiArm/install/linkattacher_msgs:/home/ibrahim/MobiArm/install/bin_interfaces:/home/ibrahim/RobotArmExpanded/install/main_arm_package:/home/ibrahim/RobotArmExpanded/install/action_interfaces:/home/ibrahim/MoveItArm/install/moveit_config:/home/ibrahim/MoveItArm/install/moveit_arm_package:/home/ibrahim/TF2Sample/install/tf2sim:/home/ibrahim/RobotNav/install/main_robot_nodes:/home/ibrahim/RobotNav/install/action_interfaces:/home/ibrahim/RobotMonitor/install/Robot3Node_Package:/home/ibrahim/ros2_ws/install/my_first_package:/home/ibrahim/ros2_ws/install/action_interfaces:/home/ibrahim/RobotArm/install/main_arm_package:/home/ibrahim/RobotArm/install/action_interfaces:/opt/ros/humble LD_LIBRARY_PATH=/home/ibrahim/MobiArm/install/linkattacher_msgs/lib:/home/ibrahim/MobiArm/install/bin_interfaces/lib:${LD_LIBRARY_PATH} PYTHONPATH=/home/ibrahim/MobiArm/install/linkattacher_msgs/local/lib/python3.10/dist-packages:/home/ibrahim/MobiArm/install/bin_interfaces/local/lib/python3.10/dist-packages:${PYTHONPATH} /usr/bin/cmake --install /home/ibrahim/MobiArm/build/main_nodes
[17.506s] -- Install configuration: ""
[17.507s] -- Execute custom install script
[17.507s] -- Up-to-date symlink: /home/ibrahim/MobiArm/install/main_nodes/lib/main_nodes/TravelPose
[17.508s] -- Up-to-date symlink: /home/ibrahim/MobiArm/install/main_nodes/lib/main_nodes/detectionNode
[17.508s] -- Up-to-date symlink: /home/ibrahim/MobiArm/install/main_nodes/lib/main_nodes/VisionNode
[17.508s] -- Symlinking: /home/ibrahim/MobiArm/install/main_nodes/lib/main_nodes/ArmPickup
[17.522s] -- Up-to-date symlink: /home/ibrahim/MobiArm/install/main_nodes/lib/main_nodes/RunNode
[17.523s] -- Up-to-date symlink: /home/ibrahim/MobiArm/install/main_nodes/share/main_nodes/launch/display.launch.py
[17.523s] -- Up-to-date symlink: /home/ibrahim/MobiArm/install/main_nodes/share/main_nodes/launch/gazebo.launch.py
[17.524s] -- Up-to-date symlink: /home/ibrahim/MobiArm/install/main_nodes/share/main_nodes/urdf/arm.urdf.xacro
[17.524s] -- Up-to-date symlink: /home/ibrahim/MobiArm/install/main_nodes/share/main_nodes/urdf/base.urdf.xacro
[17.524s] -- Up-to-date symlink: /home/ibrahim/MobiArm/install/main_nodes/share/main_nodes/urdf/robot.urdf.xacro
[17.525s] -- Up-to-date symlink: /home/ibrahim/MobiArm/install/main_nodes/share/main_nodes/rviz/model.rviz
[17.525s] -- Up-to-date symlink: /home/ibrahim/MobiArm/install/main_nodes/share/main_nodes/rviz/nav2_view.rviz
[17.525s] -- Up-to-date symlink: /home/ibrahim/MobiArm/install/main_nodes/share/main_nodes/worlds/world.sdf
[17.525s] -- Up-to-date symlink: /home/ibrahim/MobiArm/install/main_nodes/share/main_nodes/config/nav2_params.yaml
[17.526s] -- Up-to-date symlink: /home/ibrahim/MobiArm/install/main_nodes/share/main_nodes/config/slam_toolbox.yaml
[17.526s] -- Up-to-date symlink: /home/ibrahim/MobiArm/install/main_nodes/lib/main_nodes/scan_self_filter.py
[17.526s] -- Up-to-date symlink: /home/ibrahim/MobiArm/install/main_nodes/lib/main_nodes/scan_objects_filter.py
[17.526s] -- Up-to-date symlink: /home/ibrahim/MobiArm/install/main_nodes/share/ament_index/resource_index/package_run_dependencies/main_nodes
[17.527s] -- Up-to-date symlink: /home/ibrahim/MobiArm/install/main_nodes/share/ament_index/resource_index/parent_prefix_path/main_nodes
[17.527s] -- Up-to-date symlink: /home/ibrahim/MobiArm/install/main_nodes/share/main_nodes/environment/ament_prefix_path.sh
[17.527s] -- Up-to-date symlink: /home/ibrahim/MobiArm/install/main_nodes/share/main_nodes/environment/ament_prefix_path.dsv
[17.527s] -- Up-to-date symlink: /home/ibrahim/MobiArm/install/main_nodes/share/main_nodes/environment/path.sh
[17.528s] -- Up-to-date symlink: /home/ibrahim/MobiArm/install/main_nodes/share/main_nodes/environment/path.dsv
[17.528s] -- Up-to-date symlink: /home/ibrahim/MobiArm/install/main_nodes/share/main_nodes/local_setup.bash
[17.528s] -- Up-to-date symlink: /home/ibrahim/MobiArm/install/main_nodes/share/main_nodes/local_setup.sh
[17.528s] -- Up-to-date symlink: /home/ibrahim/MobiArm/install/main_nodes/share/main_nodes/local_setup.zsh
[17.528s] -- Up-to-date symlink: /home/ibrahim/MobiArm/install/main_nodes/share/main_nodes/local_setup.dsv
[17.528s] -- Symlinking: /home/ibrahim/MobiArm/install/main_nodes/share/main_nodes/package.dsv
[17.545s] -- Up-to-date symlink: /home/ibrahim/MobiArm/install/main_nodes/share/ament_index/resource_index/packages/main_nodes
[17.545s] -- Up-to-date symlink: /home/ibrahim/MobiArm/install/main_nodes/share/main_nodes/cmake/main_nodesConfig.cmake
[17.545s] -- Up-to-date symlink: /home/ibrahim/MobiArm/install/main_nodes/share/main_nodes/cmake/main_nodesConfig-version.cmake
[17.545s] -- Up-to-date symlink: /home/ibrahim/MobiArm/install/main_nodes/share/main_nodes/package.xml
[17.548s] Invoked command in '/home/ibrahim/MobiArm/build/main_nodes' returned '0': AMENT_PREFIX_PATH=/home/ibrahim/MobiArm/install/linkattacher_msgs:/home/ibrahim/MobiArm/install/bin_interfaces:${AMENT_PREFIX_PATH} CMAKE_PREFIX_PATH=/home/ibrahim/MobiArm/install/linkattacher_msgs:/home/ibrahim/MobiArm/install/bin_interfaces:/home/ibrahim/RobotArmExpanded/install/main_arm_package:/home/ibrahim/RobotArmExpanded/install/action_interfaces:/home/ibrahim/MoveItArm/install/moveit_config:/home/ibrahim/MoveItArm/install/moveit_arm_package:/home/ibrahim/TF2Sample/install/tf2sim:/home/ibrahim/RobotNav/install/main_robot_nodes:/home/ibrahim/RobotNav/install/action_interfaces:/home/ibrahim/RobotMonitor/install/Robot3Node_Package:/home/ibrahim/ros2_ws/install/my_first_package:/home/ibrahim/ros2_ws/install/action_interfaces:/home/ibrahim/RobotArm/install/main_arm_package:/home/ibrahim/RobotArm/install/action_interfaces:/opt/ros/humble LD_LIBRARY_PATH=/home/ibrahim/MobiArm/install/linkattacher_msgs/lib:/home/ibrahim/MobiArm/install/bin_interfaces/lib:${LD_LIBRARY_PATH} PYTHONPATH=/home/ibrahim/MobiArm/install/linkattacher_msgs/local/lib/python3.10/dist-packages:/home/ibrahim/MobiArm/install/bin_interfaces/local/lib/python3.10/dist-packages:${PYTHONPATH} /usr/bin/cmake --install /home/ibrahim/MobiArm/build/main_nodes
