[0.013s] Invoking command in '/home/ibrahim/MobiArm/build/main_nodes': CMAKE_PREFIX_PATH=${CMAKE_PREFIX_PATH}:/home/ibrahim/RobotArm/install/main_arm_package:/home/ibrahim/RobotArm/install/action_interfaces:/opt/ros/humble /usr/bin/cmake --build /home/ibrahim/MobiArm/build/main_nodes -- -j16 -l16
[0.076s] [ 33%] Built target RunNode
[0.086s] [ 66%] Built target TravelPose
[0.092s] [35m[1mConsolidate compiler generated dependencies of target detectionNode[0m
[0.114s] [ 83%] [32mBuilding CXX object CMakeFiles/detectionNode.dir/src/detectionNode.cpp.o[0m
[7.626s] [100%] [32m[1mLinking CXX executable detectionNode[0m
[8.095s] [100%] Built target detectionNode
[8.107s] Invoked command in '/home/ibrahim/MobiArm/build/main_nodes' returned '0': CMAKE_PREFIX_PATH=${CMAKE_PREFIX_PATH}:/home/ibrahim/RobotArm/install/main_arm_package:/home/ibrahim/RobotArm/install/action_interfaces:/opt/ros/humble /usr/bin/cmake --build /home/ibrahim/MobiArm/build/main_nodes -- -j16 -l16
[8.117s] Invoking command in '/home/ibrahim/MobiArm/build/main_nodes': CMAKE_PREFIX_PATH=${CMAKE_PREFIX_PATH}:/home/ibrahim/RobotArm/install/main_arm_package:/home/ibrahim/RobotArm/install/action_interfaces:/opt/ros/humble /usr/bin/cmake --install /home/ibrahim/MobiArm/build/main_nodes
[8.125s] -- Install configuration: ""
[8.125s] -- Execute custom install script
[8.126s] -- Up-to-date symlink: /home/ibrahim/MobiArm/install/main_nodes/lib/main_nodes/TravelPose
[8.126s] -- Up-to-date symlink: /home/ibrahim/MobiArm/install/main_nodes/lib/main_nodes/detectionNode
[8.126s] -- Up-to-date symlink: /home/ibrahim/MobiArm/install/main_nodes/lib/main_nodes/RunNode
[8.126s] -- Up-to-date symlink: /home/ibrahim/MobiArm/install/main_nodes/share/main_nodes/launch/display.launch.py
[8.126s] -- Up-to-date symlink: /home/ibrahim/MobiArm/install/main_nodes/share/main_nodes/launch/gazebo.launch.py
[8.127s] -- Up-to-date symlink: /home/ibrahim/MobiArm/install/main_nodes/share/main_nodes/urdf/arm.urdf.xacro
[8.127s] -- Up-to-date symlink: /home/ibrahim/MobiArm/install/main_nodes/share/main_nodes/urdf/base.urdf.xacro
[8.127s] -- Up-to-date symlink: /home/ibrahim/MobiArm/install/main_nodes/share/main_nodes/urdf/robot.urdf.xacro
[8.127s] -- Up-to-date symlink: /home/ibrahim/MobiArm/install/main_nodes/share/main_nodes/rviz/model.rviz
[8.127s] -- Up-to-date symlink: /home/ibrahim/MobiArm/install/main_nodes/share/main_nodes/rviz/nav2_view.rviz
[8.127s] -- Up-to-date symlink: /home/ibrahim/MobiArm/install/main_nodes/share/main_nodes/worlds/world.sdf
[8.127s] -- Up-to-date symlink: /home/ibrahim/MobiArm/install/main_nodes/share/main_nodes/config/ekf.yaml
[8.128s] -- Up-to-date symlink: /home/ibrahim/MobiArm/install/main_nodes/share/main_nodes/config/nav2_params.yaml
[8.128s] -- Up-to-date symlink: /home/ibrahim/MobiArm/install/main_nodes/share/main_nodes/config/slam_toolbox.yaml
[8.128s] -- Up-to-date symlink: /home/ibrahim/MobiArm/install/main_nodes/lib/main_nodes/scan_self_filter.py
[8.128s] -- Up-to-date symlink: /home/ibrahim/MobiArm/install/main_nodes/lib/main_nodes/scan_objects_filter.py
[8.129s] -- Up-to-date symlink: /home/ibrahim/MobiArm/install/main_nodes/share/ament_index/resource_index/package_run_dependencies/main_nodes
[8.129s] -- Up-to-date symlink: /home/ibrahim/MobiArm/install/main_nodes/share/ament_index/resource_index/parent_prefix_path/main_nodes
[8.129s] -- Up-to-date symlink: /home/ibrahim/MobiArm/install/main_nodes/share/main_nodes/environment/ament_prefix_path.sh
[8.129s] -- Up-to-date symlink: /home/ibrahim/MobiArm/install/main_nodes/share/main_nodes/environment/ament_prefix_path.dsv
[8.129s] -- Up-to-date symlink: /home/ibrahim/MobiArm/install/main_nodes/share/main_nodes/environment/path.sh
[8.129s] -- Up-to-date symlink: /home/ibrahim/MobiArm/install/main_nodes/share/main_nodes/environment/path.dsv
[8.129s] -- Up-to-date symlink: /home/ibrahim/MobiArm/install/main_nodes/share/main_nodes/local_setup.bash
[8.129s] -- Up-to-date symlink: /home/ibrahim/MobiArm/install/main_nodes/share/main_nodes/local_setup.sh
[8.129s] -- Up-to-date symlink: /home/ibrahim/MobiArm/install/main_nodes/share/main_nodes/local_setup.zsh
[8.129s] -- Up-to-date symlink: /home/ibrahim/MobiArm/install/main_nodes/share/main_nodes/local_setup.dsv
[8.130s] -- Symlinking: /home/ibrahim/MobiArm/install/main_nodes/share/main_nodes/package.dsv
[8.138s] -- Up-to-date symlink: /home/ibrahim/MobiArm/install/main_nodes/share/ament_index/resource_index/packages/main_nodes
[8.138s] -- Up-to-date symlink: /home/ibrahim/MobiArm/install/main_nodes/share/main_nodes/cmake/main_nodesConfig.cmake
[8.138s] -- Up-to-date symlink: /home/ibrahim/MobiArm/install/main_nodes/share/main_nodes/cmake/main_nodesConfig-version.cmake
[8.138s] -- Up-to-date symlink: /home/ibrahim/MobiArm/install/main_nodes/share/main_nodes/package.xml
[8.141s] Invoked command in '/home/ibrahim/MobiArm/build/main_nodes' returned '0': CMAKE_PREFIX_PATH=${CMAKE_PREFIX_PATH}:/home/ibrahim/RobotArm/install/main_arm_package:/home/ibrahim/RobotArm/install/action_interfaces:/opt/ros/humble /usr/bin/cmake --install /home/ibrahim/MobiArm/build/main_nodes
