[0.027s] Invoking command in '/home/ibrahim/MobiArm/build/main_nodes': CMAKE_PREFIX_PATH=${CMAKE_PREFIX_PATH}:/home/ibrahim/RobotArm/install/main_arm_package:/home/ibrahim/RobotArm/install/action_interfaces:/opt/ros/humble /usr/bin/cmake --build /home/ibrahim/MobiArm/build/main_nodes -- -j16 -l16
[0.079s] -- Found ament_cmake: 1.3.14 (/opt/ros/humble/share/ament_cmake/cmake)
[0.241s] -- Override CMake install command with custom implementation using symlinks instead of copying resources
[0.271s] -- Found rclcpp: 16.0.19 (/opt/ros/humble/share/rclcpp/cmake)
[0.502s] -- Found rosidl_generator_c: 3.1.8 (/opt/ros/humble/share/rosidl_generator_c/cmake)
[0.508s] -- Found rosidl_adapter: 3.1.8 (/opt/ros/humble/share/rosidl_adapter/cmake)
[0.525s] -- Found rosidl_generator_cpp: 3.1.8 (/opt/ros/humble/share/rosidl_generator_cpp/cmake)
[0.545s] -- Using all available rosidl_typesupport_c: rosidl_typesupport_fastrtps_c;rosidl_typesupport_introspection_c
[0.568s] -- Using all available rosidl_typesupport_cpp: rosidl_typesupport_fastrtps_cpp;rosidl_typesupport_introspection_cpp
[0.641s] -- Found rmw_implementation_cmake: 6.1.2 (/opt/ros/humble/share/rmw_implementation_cmake/cmake)
[0.645s] -- Found rmw_cyclonedds_cpp: 1.3.4 (/opt/ros/humble/share/rmw_cyclonedds_cpp/cmake)
[0.691s] -- Using RMW implementation 'rmw_cyclonedds_cpp' as default
[0.782s] -- Found moveit_ros_planning_interface: 2.5.9 (/opt/ros/humble/share/moveit_ros_planning_interface/cmake)
[0.812s] -- Found Boost: /usr/lib/x86_64-linux-gnu/cmake/Boost-1.74.0/BoostConfig.cmake (found version "1.74.0") found components: date_time filesystem program_options system thread 
[1.076s] -- Found Boost: /usr/lib/x86_64-linux-gnu/cmake/Boost-1.74.0/BoostConfig.cmake (found version "1.74.0") found components: chrono date_time filesystem iostreams program_options regex serialization system thread 
[2.185s] -- Found parameter_traits: 0.7.1 (/opt/ros/humble/share/parameter_traits/cmake)
[2.200s] -- Found rclcpp_lifecycle: 16.0.19 (/opt/ros/humble/share/rclcpp_lifecycle/cmake)
[2.238s] -- Found Boost: /usr/lib/x86_64-linux-gnu/cmake/Boost-1.74.0/BoostConfig.cmake (found version "1.74.0") found components: filesystem 
[3.939s] -- library: /usr/lib/x86_64-linux-gnu/libcurl.so
[3.978s] -- Ensuring Eigen3 include directory is part of orocos-kdl CMake target
[5.710s] -- Found Boost: /usr/lib/x86_64-linux-gnu/cmake/Boost-1.74.0/BoostConfig.cmake (found version "1.74.0") found components: system filesystem date_time program_options thread chrono 
[5.742s] -- Found Boost: /usr/lib/x86_64-linux-gnu/cmake/Boost-1.74.0/BoostConfig.cmake (found version "1.74.0") found components: thread system filesystem regex date_time program_options 
[5.775s] -- Found Boost: /usr/lib/x86_64-linux-gnu/cmake/Boost-1.74.0/BoostConfig.cmake (found version "1.74.0") found components: system filesystem date_time program_options thread 
[5.812s] -- Found ament_lint_auto: 0.12.15 (/opt/ros/humble/share/ament_lint_auto/cmake)
[5.908s] -- Added test 'cppcheck' to perform static code analysis on C / C++ code
[5.909s] -- Configured cppcheck include dirs: $<BUILD_INTERFACE:/home/ibrahim/MobiArm/src/main_nodes/include>
[5.909s] -- Configured cppcheck exclude dirs and/or files: 
[5.909s] -- Added test 'flake8' to check Python code syntax and style conventions
[5.911s] -- Added test 'lint_cmake' to check CMake code style
[5.911s] -- Added test 'pep257' to check Python code against some of the docstring style conventions in PEP 257
[5.914s] -- Added test 'uncrustify' to check C / C++ code style
[5.915s] -- Configured uncrustify additional arguments: 
[5.915s] -- Added test 'xmllint' to check XML markup files
[5.917s] -- Configuring done
[5.965s] -- Generating done
[5.974s] -- Build files have been written to: /home/ibrahim/MobiArm/build/main_nodes
[6.016s] [35m[1mConsolidate compiler generated dependencies of target RunNode[0m
[6.018s] [35m[1mConsolidate compiler generated dependencies of target TravelPose[0m
[6.036s] [ 50%] Built target RunNode
[6.053s] [100%] Built target TravelPose
[6.070s] Invoked command in '/home/ibrahim/MobiArm/build/main_nodes' returned '0': CMAKE_PREFIX_PATH=${CMAKE_PREFIX_PATH}:/home/ibrahim/RobotArm/install/main_arm_package:/home/ibrahim/RobotArm/install/action_interfaces:/opt/ros/humble /usr/bin/cmake --build /home/ibrahim/MobiArm/build/main_nodes -- -j16 -l16
[6.084s] Invoking command in '/home/ibrahim/MobiArm/build/main_nodes': CMAKE_PREFIX_PATH=${CMAKE_PREFIX_PATH}:/home/ibrahim/RobotArm/install/main_arm_package:/home/ibrahim/RobotArm/install/action_interfaces:/opt/ros/humble /usr/bin/cmake --install /home/ibrahim/MobiArm/build/main_nodes
[6.093s] -- Install configuration: ""
[6.093s] -- Execute custom install script
[6.094s] -- Up-to-date symlink: /home/ibrahim/MobiArm/install/main_nodes/lib/main_nodes/TravelPose
[6.094s] -- Up-to-date symlink: /home/ibrahim/MobiArm/install/main_nodes/lib/main_nodes/RunNode
[6.094s] -- Up-to-date symlink: /home/ibrahim/MobiArm/install/main_nodes/share/main_nodes/launch/display.launch.py
[6.095s] -- Up-to-date symlink: /home/ibrahim/MobiArm/install/main_nodes/share/main_nodes/launch/gazebo.launch.py
[6.095s] -- Up-to-date symlink: /home/ibrahim/MobiArm/install/main_nodes/share/main_nodes/urdf/arm.urdf.xacro
[6.095s] -- Up-to-date symlink: /home/ibrahim/MobiArm/install/main_nodes/share/main_nodes/urdf/base.urdf.xacro
[6.096s] -- Up-to-date symlink: /home/ibrahim/MobiArm/install/main_nodes/share/main_nodes/urdf/robot.urdf.xacro
[6.096s] -- Up-to-date symlink: /home/ibrahim/MobiArm/install/main_nodes/share/main_nodes/rviz/model.rviz
[6.096s] -- Up-to-date symlink: /home/ibrahim/MobiArm/install/main_nodes/share/main_nodes/worlds/world.sdf
[6.096s] -- Up-to-date symlink: /home/ibrahim/MobiArm/install/main_nodes/share/main_nodes/config/nav2_params.yaml
[6.096s] -- Up-to-date symlink: /home/ibrahim/MobiArm/install/main_nodes/share/main_nodes/config/slam_toolbox.yaml
[6.097s] -- Up-to-date symlink: /home/ibrahim/MobiArm/install/main_nodes/lib/main_nodes/scan_self_filter.py
[6.097s] -- Up-to-date symlink: /home/ibrahim/MobiArm/install/main_nodes/lib/main_nodes/scan_objects_filter.py
[6.097s] -- Up-to-date symlink: /home/ibrahim/MobiArm/install/main_nodes/share/ament_index/resource_index/package_run_dependencies/main_nodes
[6.097s] -- Up-to-date symlink: /home/ibrahim/MobiArm/install/main_nodes/share/ament_index/resource_index/parent_prefix_path/main_nodes
[6.098s] -- Up-to-date symlink: /home/ibrahim/MobiArm/install/main_nodes/share/main_nodes/environment/ament_prefix_path.sh
[6.098s] -- Up-to-date symlink: /home/ibrahim/MobiArm/install/main_nodes/share/main_nodes/environment/ament_prefix_path.dsv
[6.098s] -- Up-to-date symlink: /home/ibrahim/MobiArm/install/main_nodes/share/main_nodes/environment/path.sh
[6.098s] -- Up-to-date symlink: /home/ibrahim/MobiArm/install/main_nodes/share/main_nodes/environment/path.dsv
[6.099s] -- Up-to-date symlink: /home/ibrahim/MobiArm/install/main_nodes/share/main_nodes/local_setup.bash
[6.099s] -- Up-to-date symlink: /home/ibrahim/MobiArm/install/main_nodes/share/main_nodes/local_setup.sh
[6.099s] -- Up-to-date symlink: /home/ibrahim/MobiArm/install/main_nodes/share/main_nodes/local_setup.zsh
[6.099s] -- Up-to-date symlink: /home/ibrahim/MobiArm/install/main_nodes/share/main_nodes/local_setup.dsv
[6.100s] -- Symlinking: /home/ibrahim/MobiArm/install/main_nodes/share/main_nodes/package.dsv
[6.114s] -- Up-to-date symlink: /home/ibrahim/MobiArm/install/main_nodes/share/ament_index/resource_index/packages/main_nodes
[6.114s] -- Up-to-date symlink: /home/ibrahim/MobiArm/install/main_nodes/share/main_nodes/cmake/main_nodesConfig.cmake
[6.114s] -- Up-to-date symlink: /home/ibrahim/MobiArm/install/main_nodes/share/main_nodes/cmake/main_nodesConfig-version.cmake
[6.114s] -- Up-to-date symlink: /home/ibrahim/MobiArm/install/main_nodes/share/main_nodes/package.xml
[6.118s] Invoked command in '/home/ibrahim/MobiArm/build/main_nodes' returned '0': CMAKE_PREFIX_PATH=${CMAKE_PREFIX_PATH}:/home/ibrahim/RobotArm/install/main_arm_package:/home/ibrahim/RobotArm/install/action_interfaces:/opt/ros/humble /usr/bin/cmake --install /home/ibrahim/MobiArm/build/main_nodes
