[0.020s] Invoking command in '/home/ibrahim/MobiArm/build/bin_interface': CMAKE_PREFIX_PATH=${CMAKE_PREFIX_PATH}:/home/ibrahim/RobotArm/install/main_arm_package:/home/ibrahim/RobotArm/install/action_interfaces:/opt/ros/humble /usr/bin/cmake --build /home/ibrahim/MobiArm/build/bin_interface -- -j16 -l16
[0.097s] Invoked command in '/home/ibrahim/MobiArm/build/bin_interface' returned '0': CMAKE_PREFIX_PATH=${CMAKE_PREFIX_PATH}:/home/ibrahim/RobotArm/install/main_arm_package:/home/ibrahim/RobotArm/install/action_interfaces:/opt/ros/humble /usr/bin/cmake --build /home/ibrahim/MobiArm/build/bin_interface -- -j16 -l16
[0.109s] Invoking command in '/home/ibrahim/MobiArm/build/bin_interface': CMAKE_PREFIX_PATH=${CMAKE_PREFIX_PATH}:/home/ibrahim/RobotArm/install/main_arm_package:/home/ibrahim/RobotArm/install/action_interfaces:/opt/ros/humble /usr/bin/cmake --install /home/ibrahim/MobiArm/build/bin_interface
[0.117s] -- Install configuration: ""
[0.117s] -- Up-to-date: /home/ibrahim/MobiArm/install/bin_interface/share/ament_index/resource_index/package_run_dependencies/bin_interface
[0.117s] -- Up-to-date: /home/ibrahim/MobiArm/install/bin_interface/share/ament_index/resource_index/parent_prefix_path/bin_interface
[0.118s] -- Up-to-date: /home/ibrahim/MobiArm/install/bin_interface/share/bin_interface/environment/ament_prefix_path.sh
[0.118s] -- Up-to-date: /home/ibrahim/MobiArm/install/bin_interface/share/bin_interface/environment/ament_prefix_path.dsv
[0.118s] -- Up-to-date: /home/ibrahim/MobiArm/install/bin_interface/share/bin_interface/environment/path.sh
[0.118s] -- Up-to-date: /home/ibrahim/MobiArm/install/bin_interface/share/bin_interface/environment/path.dsv
[0.118s] -- Up-to-date: /home/ibrahim/MobiArm/install/bin_interface/share/bin_interface/local_setup.bash
[0.118s] -- Up-to-date: /home/ibrahim/MobiArm/install/bin_interface/share/bin_interface/local_setup.sh
[0.118s] -- Up-to-date: /home/ibrahim/MobiArm/install/bin_interface/share/bin_interface/local_setup.zsh
[0.118s] -- Up-to-date: /home/ibrahim/MobiArm/install/bin_interface/share/bin_interface/local_setup.dsv
[0.118s] -- Up-to-date: /home/ibrahim/MobiArm/install/bin_interface/share/bin_interface/package.dsv
[0.118s] -- Up-to-date: /home/ibrahim/MobiArm/install/bin_interface/share/ament_index/resource_index/packages/bin_interface
[0.119s] -- Up-to-date: /home/ibrahim/MobiArm/install/bin_interface/share/bin_interface/cmake/bin_interfaceConfig.cmake
[0.119s] -- Up-to-date: /home/ibrahim/MobiArm/install/bin_interface/share/bin_interface/cmake/bin_interfaceConfig-version.cmake
[0.119s] -- Up-to-date: /home/ibrahim/MobiArm/install/bin_interface/share/bin_interface/package.xml
[0.121s] Invoked command in '/home/ibrahim/MobiArm/build/bin_interface' returned '0': CMAKE_PREFIX_PATH=${CMAKE_PREFIX_PATH}:/home/ibrahim/RobotArm/install/main_arm_package:/home/ibrahim/RobotArm/install/action_interfaces:/opt/ros/humble /usr/bin/cmake --install /home/ibrahim/MobiArm/build/bin_interface
