[0.020s] Invoking command in '/home/ibrahim/MobiArm/build/main_nodes': CMAKE_PREFIX_PATH=${CMAKE_PREFIX_PATH}:/home/ibrahim/RobotArm/install/main_arm_package:/home/ibrahim/RobotArm/install/action_interfaces:/opt/ros/humble /usr/bin/cmake /home/ibrahim/MobiArm/src/main_nodes -DAMENT_CMAKE_SYMLINK_INSTALL=1 -DCMAKE_INSTALL_PREFIX=/home/ibrahim/MobiArm/install/main_nodes
[0.094s] -- Found ament_cmake: 1.3.14 (/opt/ros/humble/share/ament_cmake/cmake)
[0.233s] -- Override CMake install command with custom implementation using symlinks instead of copying resources
[0.264s] -- Found rclcpp: 16.0.19 (/opt/ros/humble/share/rclcpp/cmake)
[0.462s] -- Found rosidl_generator_c: 3.1.8 (/opt/ros/humble/share/rosidl_generator_c/cmake)
[0.466s] -- Found rosidl_adapter: 3.1.8 (/opt/ros/humble/share/rosidl_adapter/cmake)
[0.478s] -- Found rosidl_generator_cpp: 3.1.8 (/opt/ros/humble/share/rosidl_generator_cpp/cmake)
[0.498s] -- Using all available rosidl_typesupport_c: rosidl_typesupport_fastrtps_c;rosidl_typesupport_introspection_c
[0.518s] -- Using all available rosidl_typesupport_cpp: rosidl_typesupport_fastrtps_cpp;rosidl_typesupport_introspection_cpp
[0.575s] -- Found rmw_implementation_cmake: 6.1.2 (/opt/ros/humble/share/rmw_implementation_cmake/cmake)
[0.579s] -- Found rmw_cyclonedds_cpp: 1.3.4 (/opt/ros/humble/share/rmw_cyclonedds_cpp/cmake)
[0.615s] -- Using RMW implementation 'rmw_cyclonedds_cpp' as default
[0.688s] -- Found moveit_ros_planning_interface: 2.5.9 (/opt/ros/humble/share/moveit_ros_planning_interface/cmake)
[0.708s] -- Found Boost: /usr/lib/x86_64-linux-gnu/cmake/Boost-1.74.0/BoostConfig.cmake (found version "1.74.0") found components: date_time filesystem program_options system thread 
[0.904s] -- Found Boost: /usr/lib/x86_64-linux-gnu/cmake/Boost-1.74.0/BoostConfig.cmake (found version "1.74.0") found components: chrono date_time filesystem iostreams program_options regex serialization system thread 
[1.735s] -- Found parameter_traits: 0.7.1 (/opt/ros/humble/share/parameter_traits/cmake)
[1.750s] -- Found rclcpp_lifecycle: 16.0.19 (/opt/ros/humble/share/rclcpp_lifecycle/cmake)
[1.783s] -- Found Boost: /usr/lib/x86_64-linux-gnu/cmake/Boost-1.74.0/BoostConfig.cmake (found version "1.74.0") found components: filesystem 
[3.231s] -- library: /usr/lib/x86_64-linux-gnu/libcurl.so
[3.262s] -- Ensuring Eigen3 include directory is part of orocos-kdl CMake target
[4.696s] -- Found Boost: /usr/lib/x86_64-linux-gnu/cmake/Boost-1.74.0/BoostConfig.cmake (found version "1.74.0") found components: system filesystem date_time program_options thread chrono 
[4.722s] -- Found Boost: /usr/lib/x86_64-linux-gnu/cmake/Boost-1.74.0/BoostConfig.cmake (found version "1.74.0") found components: thread system filesystem regex date_time program_options 
[4.749s] -- Found Boost: /usr/lib/x86_64-linux-gnu/cmake/Boost-1.74.0/BoostConfig.cmake (found version "1.74.0") found components: system filesystem date_time program_options thread 
[4.782s] -- Found ament_lint_auto: 0.12.15 (/opt/ros/humble/share/ament_lint_auto/cmake)
[4.862s] -- Added test 'cppcheck' to perform static code analysis on C / C++ code
[4.862s] -- Configured cppcheck include dirs: $<BUILD_INTERFACE:/home/ibrahim/MobiArm/src/main_nodes/include>
[4.863s] -- Configured cppcheck exclude dirs and/or files: 
[4.863s] -- Added test 'flake8' to check Python code syntax and style conventions
[4.864s] -- Added test 'lint_cmake' to check CMake code style
[4.865s] -- Added test 'pep257' to check Python code against some of the docstring style conventions in PEP 257
[4.867s] -- Added test 'uncrustify' to check C / C++ code style
[4.867s] -- Configured uncrustify additional arguments: 
[4.867s] -- Added test 'xmllint' to check XML markup files
[4.871s] -- Configuring done
[4.933s] -- Generating done
[4.944s] -- Build files have been written to: /home/ibrahim/MobiArm/build/main_nodes
[4.963s] Invoked command in '/home/ibrahim/MobiArm/build/main_nodes' returned '0': CMAKE_PREFIX_PATH=${CMAKE_PREFIX_PATH}:/home/ibrahim/RobotArm/install/main_arm_package:/home/ibrahim/RobotArm/install/action_interfaces:/opt/ros/humble /usr/bin/cmake /home/ibrahim/MobiArm/src/main_nodes -DAMENT_CMAKE_SYMLINK_INSTALL=1 -DCMAKE_INSTALL_PREFIX=/home/ibrahim/MobiArm/install/main_nodes
[4.965s] Invoking command in '/home/ibrahim/MobiArm/build/main_nodes': CMAKE_PREFIX_PATH=${CMAKE_PREFIX_PATH}:/home/ibrahim/RobotArm/install/main_arm_package:/home/ibrahim/RobotArm/install/action_interfaces:/opt/ros/humble /usr/bin/cmake --build /home/ibrahim/MobiArm/build/main_nodes -- -j16 -l16
[5.021s] Consolidate compiler generated dependencies of target RunNode
[5.031s] Consolidate compiler generated dependencies of target TravelPose
[5.035s] [ 50%] Built target RunNode
[5.052s] [ 75%] Linking CXX executable TravelPose
[5.669s] [100%] Built target TravelPose
[5.684s] Invoked command in '/home/ibrahim/MobiArm/build/main_nodes' returned '0': CMAKE_PREFIX_PATH=${CMAKE_PREFIX_PATH}:/home/ibrahim/RobotArm/install/main_arm_package:/home/ibrahim/RobotArm/install/action_interfaces:/opt/ros/humble /usr/bin/cmake --build /home/ibrahim/MobiArm/build/main_nodes -- -j16 -l16
[5.696s] Invoking command in '/home/ibrahim/MobiArm/build/main_nodes': CMAKE_PREFIX_PATH=${CMAKE_PREFIX_PATH}:/home/ibrahim/RobotArm/install/main_arm_package:/home/ibrahim/RobotArm/install/action_interfaces:/opt/ros/humble /usr/bin/cmake --install /home/ibrahim/MobiArm/build/main_nodes
[5.705s] -- Install configuration: ""
[5.705s] -- Execute custom install script
[5.706s] -- Symlinking: /home/ibrahim/MobiArm/install/main_nodes/lib/main_nodes/TravelPose
[5.717s] -- Symlinking: /home/ibrahim/MobiArm/install/main_nodes/lib/main_nodes/RunNode
[5.728s] -- Symlinking: /home/ibrahim/MobiArm/install/main_nodes/share/main_nodes/launch/display.launch.py
[5.739s] -- Symlinking: /home/ibrahim/MobiArm/install/main_nodes/share/main_nodes/launch/gazebo.launch.py
[5.752s] -- Symlinking: /home/ibrahim/MobiArm/install/main_nodes/share/main_nodes/urdf/arm.urdf.xacro
[5.762s] -- Symlinking: /home/ibrahim/MobiArm/install/main_nodes/share/main_nodes/urdf/base.urdf.xacro
[5.772s] -- Symlinking: /home/ibrahim/MobiArm/install/main_nodes/share/main_nodes/urdf/robot.urdf.xacro
[5.782s] -- Symlinking: /home/ibrahim/MobiArm/install/main_nodes/share/main_nodes/rviz/model.rviz
[5.793s] -- Symlinking: /home/ibrahim/MobiArm/install/main_nodes/share/main_nodes/worlds/world.sdf
[5.805s] -- Symlinking: /home/ibrahim/MobiArm/install/main_nodes/share/main_nodes/config/nav2_params.yaml
[5.816s] -- Symlinking: /home/ibrahim/MobiArm/install/main_nodes/share/main_nodes/config/slam_toolbox.yaml
[5.827s] -- Symlinking: /home/ibrahim/MobiArm/install/main_nodes/share/ament_index/resource_index/package_run_dependencies/main_nodes
[5.838s] -- Symlinking: /home/ibrahim/MobiArm/install/main_nodes/share/ament_index/resource_index/parent_prefix_path/main_nodes
[5.849s] -- Symlinking: /home/ibrahim/MobiArm/install/main_nodes/share/main_nodes/environment/ament_prefix_path.sh
[5.860s] -- Symlinking: /home/ibrahim/MobiArm/install/main_nodes/share/main_nodes/environment/ament_prefix_path.dsv
[5.869s] -- Symlinking: /home/ibrahim/MobiArm/install/main_nodes/share/main_nodes/environment/path.sh
[5.880s] -- Symlinking: /home/ibrahim/MobiArm/install/main_nodes/share/main_nodes/environment/path.dsv
[5.890s] -- Symlinking: /home/ibrahim/MobiArm/install/main_nodes/share/main_nodes/local_setup.bash
[5.901s] -- Symlinking: /home/ibrahim/MobiArm/install/main_nodes/share/main_nodes/local_setup.sh
[5.910s] -- Symlinking: /home/ibrahim/MobiArm/install/main_nodes/share/main_nodes/local_setup.zsh
[5.923s] -- Symlinking: /home/ibrahim/MobiArm/install/main_nodes/share/main_nodes/local_setup.dsv
[5.932s] -- Symlinking: /home/ibrahim/MobiArm/install/main_nodes/share/main_nodes/package.dsv
[5.941s] -- Symlinking: /home/ibrahim/MobiArm/install/main_nodes/share/ament_index/resource_index/packages/main_nodes
[5.951s] -- Symlinking: /home/ibrahim/MobiArm/install/main_nodes/share/main_nodes/cmake/main_nodesConfig.cmake
[5.961s] -- Symlinking: /home/ibrahim/MobiArm/install/main_nodes/share/main_nodes/cmake/main_nodesConfig-version.cmake
[5.976s] -- Symlinking: /home/ibrahim/MobiArm/install/main_nodes/share/main_nodes/package.xml
[5.993s] Invoked command in '/home/ibrahim/MobiArm/build/main_nodes' returned '0': CMAKE_PREFIX_PATH=${CMAKE_PREFIX_PATH}:/home/ibrahim/RobotArm/install/main_arm_package:/home/ibrahim/RobotArm/install/action_interfaces:/opt/ros/humble /usr/bin/cmake --install /home/ibrahim/MobiArm/build/main_nodes
