[0.166s] DEBUG:colcon:Command line arguments: ['/usr/bin/colcon', 'build']
[0.166s] DEBUG:colcon:Parsed command line arguments: Namespace(log_base=None, log_level=None, verb_name='build', build_base='build', install_base='install', merge_install=False, symlink_install=False, test_result_base=None, continue_on_error=False, executor='parallel', parallel_workers=16, event_handlers=None, ignore_user_meta=False, metas=['./colcon.meta'], base_paths=['.'], packages_ignore=None, packages_ignore_regex=None, paths=None, packages_up_to=None, packages_up_to_regex=None, packages_above=None, packages_above_and_dependencies=None, packages_above_depth=None, packages_select_by_dep=None, packages_skip_by_dep=None, packages_skip_up_to=None, packages_select_build_failed=False, packages_skip_build_finished=False, packages_select_test_failures=False, packages_skip_test_passed=False, packages_select=None, packages_skip=None, packages_select_regex=None, packages_skip_regex=None, packages_start=None, packages_end=None, allow_overriding=[], cmake_args=None, cmake_target=None, cmake_target_skip_unavailable=False, cmake_clean_cache=False, cmake_clean_first=False, cmake_force_configure=False, ament_cmake_args=None, catkin_cmake_args=None, catkin_skip_building_tests=False, verb_parser=<colcon_defaults.argument_parser.defaults.DefaultArgumentsDecorator object at 0x7937b5b49690>, verb_extension=<colcon_core.verb.build.BuildVerb object at 0x7937b5b49090>, main=<bound method BuildVerb.main of <colcon_core.verb.build.BuildVerb object at 0x7937b5b49090>>)
[0.290s] Level 1:colcon.colcon_core.package_discovery:discover_packages(colcon_meta) check parameters
[0.290s] Level 1:colcon.colcon_core.package_discovery:discover_packages(recursive) check parameters
[0.290s] Level 1:colcon.colcon_core.package_discovery:discover_packages(ignore) check parameters
[0.290s] Level 1:colcon.colcon_core.package_discovery:discover_packages(path) check parameters
[0.290s] Level 1:colcon.colcon_core.package_discovery:discover_packages(colcon_meta) discover
[0.290s] Level 1:colcon.colcon_core.package_discovery:discover_packages(recursive) discover
[0.290s] INFO:colcon.colcon_core.package_discovery:Crawling recursively for packages in '/home/ibrahim/MobiArm'
[0.290s] Level 1:colcon.colcon_core.package_identification:_identify(.) by extensions ['ignore', 'ignore_ament_install']
[0.291s] Level 1:colcon.colcon_core.package_identification:_identify(.) by extension 'ignore'
[0.291s] Level 1:colcon.colcon_core.package_identification:_identify(.) by extension 'ignore_ament_install'
[0.291s] Level 1:colcon.colcon_core.package_identification:_identify(.) by extensions ['colcon_pkg']
[0.291s] Level 1:colcon.colcon_core.package_identification:_identify(.) by extension 'colcon_pkg'
[0.291s] Level 1:colcon.colcon_core.package_identification:_identify(.) by extensions ['colcon_meta']
[0.291s] Level 1:colcon.colcon_core.package_identification:_identify(.) by extension 'colcon_meta'
[0.291s] Level 1:colcon.colcon_core.package_identification:_identify(.) by extensions ['ros']
[0.291s] Level 1:colcon.colcon_core.package_identification:_identify(.) by extension 'ros'
[0.300s] Level 1:colcon.colcon_core.package_identification:_identify(.) by extensions ['cmake', 'python']
[0.300s] Level 1:colcon.colcon_core.package_identification:_identify(.) by extension 'cmake'
[0.300s] Level 1:colcon.colcon_core.package_identification:_identify(.) by extension 'python'
[0.300s] Level 1:colcon.colcon_core.package_identification:_identify(.) by extensions ['python_setup_py']
[0.300s] Level 1:colcon.colcon_core.package_identification:_identify(.) by extension 'python_setup_py'
[0.300s] Level 1:colcon.colcon_core.package_identification:_identify(build) by extensions ['ignore', 'ignore_ament_install']
[0.300s] Level 1:colcon.colcon_core.package_identification:_identify(build) by extension 'ignore'
[0.300s] Level 1:colcon.colcon_core.package_identification:_identify(build) ignored
[0.300s] Level 1:colcon.colcon_core.package_identification:_identify(install) by extensions ['ignore', 'ignore_ament_install']
[0.300s] Level 1:colcon.colcon_core.package_identification:_identify(install) by extension 'ignore'
[0.301s] Level 1:colcon.colcon_core.package_identification:_identify(install) ignored
[0.301s] Level 1:colcon.colcon_core.package_identification:_identify(log) by extensions ['ignore', 'ignore_ament_install']
[0.301s] Level 1:colcon.colcon_core.package_identification:_identify(log) by extension 'ignore'
[0.301s] Level 1:colcon.colcon_core.package_identification:_identify(log) ignored
[0.301s] Level 1:colcon.colcon_core.package_identification:_identify(src) by extensions ['ignore', 'ignore_ament_install']
[0.301s] Level 1:colcon.colcon_core.package_identification:_identify(src) by extension 'ignore'
[0.301s] Level 1:colcon.colcon_core.package_identification:_identify(src) by extension 'ignore_ament_install'
[0.301s] Level 1:colcon.colcon_core.package_identification:_identify(src) by extensions ['colcon_pkg']
[0.301s] Level 1:colcon.colcon_core.package_identification:_identify(src) by extension 'colcon_pkg'
[0.301s] Level 1:colcon.colcon_core.package_identification:_identify(src) by extensions ['colcon_meta']
[0.301s] Level 1:colcon.colcon_core.package_identification:_identify(src) by extension 'colcon_meta'
[0.301s] Level 1:colcon.colcon_core.package_identification:_identify(src) by extensions ['ros']
[0.301s] Level 1:colcon.colcon_core.package_identification:_identify(src) by extension 'ros'
[0.301s] Level 1:colcon.colcon_core.package_identification:_identify(src) by extensions ['cmake', 'python']
[0.301s] Level 1:colcon.colcon_core.package_identification:_identify(src) by extension 'cmake'
[0.301s] Level 1:colcon.colcon_core.package_identification:_identify(src) by extension 'python'
[0.302s] Level 1:colcon.colcon_core.package_identification:_identify(src) by extensions ['python_setup_py']
[0.302s] Level 1:colcon.colcon_core.package_identification:_identify(src) by extension 'python_setup_py'
[0.302s] Level 1:colcon.colcon_core.package_identification:_identify(src/IFRA_LinkAttacher) by extensions ['ignore', 'ignore_ament_install']
[0.302s] Level 1:colcon.colcon_core.package_identification:_identify(src/IFRA_LinkAttacher) by extension 'ignore'
[0.302s] Level 1:colcon.colcon_core.package_identification:_identify(src/IFRA_LinkAttacher) by extension 'ignore_ament_install'
[0.302s] Level 1:colcon.colcon_core.package_identification:_identify(src/IFRA_LinkAttacher) by extensions ['colcon_pkg']
[0.302s] Level 1:colcon.colcon_core.package_identification:_identify(src/IFRA_LinkAttacher) by extension 'colcon_pkg'
[0.302s] Level 1:colcon.colcon_core.package_identification:_identify(src/IFRA_LinkAttacher) by extensions ['colcon_meta']
[0.302s] Level 1:colcon.colcon_core.package_identification:_identify(src/IFRA_LinkAttacher) by extension 'colcon_meta'
[0.302s] Level 1:colcon.colcon_core.package_identification:_identify(src/IFRA_LinkAttacher) by extensions ['ros']
[0.302s] Level 1:colcon.colcon_core.package_identification:_identify(src/IFRA_LinkAttacher) by extension 'ros'
[0.302s] Level 1:colcon.colcon_core.package_identification:_identify(src/IFRA_LinkAttacher) by extensions ['cmake', 'python']
[0.302s] Level 1:colcon.colcon_core.package_identification:_identify(src/IFRA_LinkAttacher) by extension 'cmake'
[0.302s] Level 1:colcon.colcon_core.package_identification:_identify(src/IFRA_LinkAttacher) by extension 'python'
[0.302s] Level 1:colcon.colcon_core.package_identification:_identify(src/IFRA_LinkAttacher) by extensions ['python_setup_py']
[0.302s] Level 1:colcon.colcon_core.package_identification:_identify(src/IFRA_LinkAttacher) by extension 'python_setup_py'
[0.302s] Level 1:colcon.colcon_core.package_identification:_identify(src/IFRA_LinkAttacher/linkattacher_msgs) by extensions ['ignore', 'ignore_ament_install']
[0.302s] Level 1:colcon.colcon_core.package_identification:_identify(src/IFRA_LinkAttacher/linkattacher_msgs) by extension 'ignore'
[0.302s] Level 1:colcon.colcon_core.package_identification:_identify(src/IFRA_LinkAttacher/linkattacher_msgs) by extension 'ignore_ament_install'
[0.302s] Level 1:colcon.colcon_core.package_identification:_identify(src/IFRA_LinkAttacher/linkattacher_msgs) by extensions ['colcon_pkg']
[0.302s] Level 1:colcon.colcon_core.package_identification:_identify(src/IFRA_LinkAttacher/linkattacher_msgs) by extension 'colcon_pkg'
[0.302s] Level 1:colcon.colcon_core.package_identification:_identify(src/IFRA_LinkAttacher/linkattacher_msgs) by extensions ['colcon_meta']
[0.302s] Level 1:colcon.colcon_core.package_identification:_identify(src/IFRA_LinkAttacher/linkattacher_msgs) by extension 'colcon_meta'
[0.302s] Level 1:colcon.colcon_core.package_identification:_identify(src/IFRA_LinkAttacher/linkattacher_msgs) by extensions ['ros']
[0.302s] Level 1:colcon.colcon_core.package_identification:_identify(src/IFRA_LinkAttacher/linkattacher_msgs) by extension 'ros'
[0.304s] DEBUG:colcon.colcon_core.package_identification:Package 'src/IFRA_LinkAttacher/linkattacher_msgs' with type 'ros.ament_cmake' and name 'linkattacher_msgs'
[0.304s] Level 1:colcon.colcon_core.package_identification:_identify(src/IFRA_LinkAttacher/ros2_LinkAttacher) by extensions ['ignore', 'ignore_ament_install']
[0.304s] Level 1:colcon.colcon_core.package_identification:_identify(src/IFRA_LinkAttacher/ros2_LinkAttacher) by extension 'ignore'
[0.304s] Level 1:colcon.colcon_core.package_identification:_identify(src/IFRA_LinkAttacher/ros2_LinkAttacher) by extension 'ignore_ament_install'
[0.304s] Level 1:colcon.colcon_core.package_identification:_identify(src/IFRA_LinkAttacher/ros2_LinkAttacher) by extensions ['colcon_pkg']
[0.305s] Level 1:colcon.colcon_core.package_identification:_identify(src/IFRA_LinkAttacher/ros2_LinkAttacher) by extension 'colcon_pkg'
[0.305s] Level 1:colcon.colcon_core.package_identification:_identify(src/IFRA_LinkAttacher/ros2_LinkAttacher) by extensions ['colcon_meta']
[0.305s] Level 1:colcon.colcon_core.package_identification:_identify(src/IFRA_LinkAttacher/ros2_LinkAttacher) by extension 'colcon_meta'
[0.305s] Level 1:colcon.colcon_core.package_identification:_identify(src/IFRA_LinkAttacher/ros2_LinkAttacher) by extensions ['ros']
[0.305s] Level 1:colcon.colcon_core.package_identification:_identify(src/IFRA_LinkAttacher/ros2_LinkAttacher) by extension 'ros'
[0.305s] DEBUG:colcon.colcon_core.package_identification:Package 'src/IFRA_LinkAttacher/ros2_LinkAttacher' with type 'ros.ament_cmake' and name 'ros2_linkattacher'
[0.305s] Level 1:colcon.colcon_core.package_identification:_identify(src/bin_interfaces) by extensions ['ignore', 'ignore_ament_install']
[0.305s] Level 1:colcon.colcon_core.package_identification:_identify(src/bin_interfaces) by extension 'ignore'
[0.305s] Level 1:colcon.colcon_core.package_identification:_identify(src/bin_interfaces) by extension 'ignore_ament_install'
[0.305s] Level 1:colcon.colcon_core.package_identification:_identify(src/bin_interfaces) by extensions ['colcon_pkg']
[0.305s] Level 1:colcon.colcon_core.package_identification:_identify(src/bin_interfaces) by extension 'colcon_pkg'
[0.306s] Level 1:colcon.colcon_core.package_identification:_identify(src/bin_interfaces) by extensions ['colcon_meta']
[0.306s] Level 1:colcon.colcon_core.package_identification:_identify(src/bin_interfaces) by extension 'colcon_meta'
[0.306s] Level 1:colcon.colcon_core.package_identification:_identify(src/bin_interfaces) by extensions ['ros']
[0.306s] Level 1:colcon.colcon_core.package_identification:_identify(src/bin_interfaces) by extension 'ros'
[0.306s] DEBUG:colcon.colcon_core.package_identification:Package 'src/bin_interfaces' with type 'ros.ament_cmake' and name 'bin_interfaces'
[0.306s] Level 1:colcon.colcon_core.package_identification:_identify(src/main_nodes) by extensions ['ignore', 'ignore_ament_install']
[0.306s] Level 1:colcon.colcon_core.package_identification:_identify(src/main_nodes) by extension 'ignore'
[0.306s] Level 1:colcon.colcon_core.package_identification:_identify(src/main_nodes) by extension 'ignore_ament_install'
[0.306s] Level 1:colcon.colcon_core.package_identification:_identify(src/main_nodes) by extensions ['colcon_pkg']
[0.306s] Level 1:colcon.colcon_core.package_identification:_identify(src/main_nodes) by extension 'colcon_pkg'
[0.306s] Level 1:colcon.colcon_core.package_identification:_identify(src/main_nodes) by extensions ['colcon_meta']
[0.306s] Level 1:colcon.colcon_core.package_identification:_identify(src/main_nodes) by extension 'colcon_meta'
[0.306s] Level 1:colcon.colcon_core.package_identification:_identify(src/main_nodes) by extensions ['ros']
[0.306s] Level 1:colcon.colcon_core.package_identification:_identify(src/main_nodes) by extension 'ros'
[0.308s] DEBUG:colcon.colcon_core.package_identification:Package 'src/main_nodes' with type 'ros.ament_cmake' and name 'main_nodes'
[0.308s] Level 1:colcon.colcon_core.package_identification:_identify(src/moveit_config) by extensions ['ignore', 'ignore_ament_install']
[0.308s] Level 1:colcon.colcon_core.package_identification:_identify(src/moveit_config) by extension 'ignore'
[0.308s] Level 1:colcon.colcon_core.package_identification:_identify(src/moveit_config) by extension 'ignore_ament_install'
[0.308s] Level 1:colcon.colcon_core.package_identification:_identify(src/moveit_config) by extensions ['colcon_pkg']
[0.308s] Level 1:colcon.colcon_core.package_identification:_identify(src/moveit_config) by extension 'colcon_pkg'
[0.308s] Level 1:colcon.colcon_core.package_identification:_identify(src/moveit_config) by extensions ['colcon_meta']
[0.308s] Level 1:colcon.colcon_core.package_identification:_identify(src/moveit_config) by extension 'colcon_meta'
[0.308s] Level 1:colcon.colcon_core.package_identification:_identify(src/moveit_config) by extensions ['ros']
[0.308s] Level 1:colcon.colcon_core.package_identification:_identify(src/moveit_config) by extension 'ros'
[0.309s] DEBUG:colcon.colcon_core.package_identification:Package 'src/moveit_config' with type 'ros.ament_cmake' and name 'moveit_config'
[0.309s] Level 1:colcon.colcon_core.package_discovery:discover_packages(recursive) using defaults
[0.309s] Level 1:colcon.colcon_core.package_discovery:discover_packages(ignore) discover
[0.309s] Level 1:colcon.colcon_core.package_discovery:discover_packages(ignore) using defaults
[0.309s] Level 1:colcon.colcon_core.package_discovery:discover_packages(path) discover
[0.309s] Level 1:colcon.colcon_core.package_discovery:discover_packages(path) using defaults
[0.340s] Level 1:colcon.colcon_core.package_discovery:discover_packages(prefix_path) check parameters
[0.340s] Level 1:colcon.colcon_core.package_discovery:discover_packages(prefix_path) discover
[0.342s] DEBUG:colcon.colcon_installed_package_information.package_discovery:Found 6 installed packages in /home/ibrahim/MobiArm/install
[0.343s] DEBUG:colcon.colcon_installed_package_information.package_discovery:Found 2 installed packages in /home/ibrahim/MoveItArm/install
[0.343s] DEBUG:colcon.colcon_installed_package_information.package_discovery:Found 2 installed packages in /home/ibrahim/RobotArmExpanded/install
[0.344s] DEBUG:colcon.colcon_installed_package_information.package_discovery:Found 2 installed packages in /home/ibrahim/RobotArm/install
[0.344s] DEBUG:colcon.colcon_installed_package_information.package_discovery:Found 1 installed packages in /home/ibrahim/TF2Sample/install
[0.345s] DEBUG:colcon.colcon_installed_package_information.package_discovery:Found 2 installed packages in /home/ibrahim/RobotNav/install
[0.345s] DEBUG:colcon.colcon_installed_package_information.package_discovery:Found 1 installed packages in /home/ibrahim/RobotMonitor/install
[0.345s] DEBUG:colcon.colcon_installed_package_information.package_discovery:Found 2 installed packages in /home/ibrahim/ros2_ws/install
[0.347s] DEBUG:colcon.colcon_installed_package_information.package_discovery:Found 449 installed packages in /opt/ros/humble
[0.348s] Level 1:colcon.colcon_core.package_discovery:discover_packages(prefix_path) using defaults
[0.385s] Level 5:colcon.colcon_core.verb:set package 'bin_interfaces' build argument 'cmake_args' from command line to 'None'
[0.385s] Level 5:colcon.colcon_core.verb:set package 'bin_interfaces' build argument 'cmake_target' from command line to 'None'
[0.385s] Level 5:colcon.colcon_core.verb:set package 'bin_interfaces' build argument 'cmake_target_skip_unavailable' from command line to 'False'
[0.385s] Level 5:colcon.colcon_core.verb:set package 'bin_interfaces' build argument 'cmake_clean_cache' from command line to 'False'
[0.385s] Level 5:colcon.colcon_core.verb:set package 'bin_interfaces' build argument 'cmake_clean_first' from command line to 'False'
[0.385s] Level 5:colcon.colcon_core.verb:set package 'bin_interfaces' build argument 'cmake_force_configure' from command line to 'False'
[0.385s] Level 5:colcon.colcon_core.verb:set package 'bin_interfaces' build argument 'ament_cmake_args' from command line to 'None'
[0.385s] Level 5:colcon.colcon_core.verb:set package 'bin_interfaces' build argument 'catkin_cmake_args' from command line to 'None'
[0.385s] Level 5:colcon.colcon_core.verb:set package 'bin_interfaces' build argument 'catkin_skip_building_tests' from command line to 'False'
[0.385s] DEBUG:colcon.colcon_core.verb:Building package 'bin_interfaces' with the following arguments: {'ament_cmake_args': None, 'build_base': '/home/ibrahim/MobiArm/build/bin_interfaces', 'catkin_cmake_args': None, 'catkin_skip_building_tests': False, 'cmake_args': None, 'cmake_clean_cache': False, 'cmake_clean_first': False, 'cmake_force_configure': False, 'cmake_target': None, 'cmake_target_skip_unavailable': False, 'install_base': '/home/ibrahim/MobiArm/install/bin_interfaces', 'merge_install': False, 'path': '/home/ibrahim/MobiArm/src/bin_interfaces', 'symlink_install': False, 'test_result_base': None}
[0.386s] Level 5:colcon.colcon_core.verb:set package 'linkattacher_msgs' build argument 'cmake_args' from command line to 'None'
[0.386s] Level 5:colcon.colcon_core.verb:set package 'linkattacher_msgs' build argument 'cmake_target' from command line to 'None'
[0.386s] Level 5:colcon.colcon_core.verb:set package 'linkattacher_msgs' build argument 'cmake_target_skip_unavailable' from command line to 'False'
[0.386s] Level 5:colcon.colcon_core.verb:set package 'linkattacher_msgs' build argument 'cmake_clean_cache' from command line to 'False'
[0.386s] Level 5:colcon.colcon_core.verb:set package 'linkattacher_msgs' build argument 'cmake_clean_first' from command line to 'False'
[0.386s] Level 5:colcon.colcon_core.verb:set package 'linkattacher_msgs' build argument 'cmake_force_configure' from command line to 'False'
[0.386s] Level 5:colcon.colcon_core.verb:set package 'linkattacher_msgs' build argument 'ament_cmake_args' from command line to 'None'
[0.386s] Level 5:colcon.colcon_core.verb:set package 'linkattacher_msgs' build argument 'catkin_cmake_args' from command line to 'None'
[0.386s] Level 5:colcon.colcon_core.verb:set package 'linkattacher_msgs' build argument 'catkin_skip_building_tests' from command line to 'False'
[0.386s] DEBUG:colcon.colcon_core.verb:Building package 'linkattacher_msgs' with the following arguments: {'ament_cmake_args': None, 'build_base': '/home/ibrahim/MobiArm/build/linkattacher_msgs', 'catkin_cmake_args': None, 'catkin_skip_building_tests': False, 'cmake_args': None, 'cmake_clean_cache': False, 'cmake_clean_first': False, 'cmake_force_configure': False, 'cmake_target': None, 'cmake_target_skip_unavailable': False, 'install_base': '/home/ibrahim/MobiArm/install/linkattacher_msgs', 'merge_install': False, 'path': '/home/ibrahim/MobiArm/src/IFRA_LinkAttacher/linkattacher_msgs', 'symlink_install': False, 'test_result_base': None}
[0.386s] Level 5:colcon.colcon_core.verb:set package 'main_nodes' build argument 'cmake_args' from command line to 'None'
[0.386s] Level 5:colcon.colcon_core.verb:set package 'main_nodes' build argument 'cmake_target' from command line to 'None'
[0.386s] Level 5:colcon.colcon_core.verb:set package 'main_nodes' build argument 'cmake_target_skip_unavailable' from command line to 'False'
[0.386s] Level 5:colcon.colcon_core.verb:set package 'main_nodes' build argument 'cmake_clean_cache' from command line to 'False'
[0.386s] Level 5:colcon.colcon_core.verb:set package 'main_nodes' build argument 'cmake_clean_first' from command line to 'False'
[0.386s] Level 5:colcon.colcon_core.verb:set package 'main_nodes' build argument 'cmake_force_configure' from command line to 'False'
[0.386s] Level 5:colcon.colcon_core.verb:set package 'main_nodes' build argument 'ament_cmake_args' from command line to 'None'
[0.386s] Level 5:colcon.colcon_core.verb:set package 'main_nodes' build argument 'catkin_cmake_args' from command line to 'None'
[0.386s] Level 5:colcon.colcon_core.verb:set package 'main_nodes' build argument 'catkin_skip_building_tests' from command line to 'False'
[0.386s] DEBUG:colcon.colcon_core.verb:Building package 'main_nodes' with the following arguments: {'ament_cmake_args': None, 'build_base': '/home/ibrahim/MobiArm/build/main_nodes', 'catkin_cmake_args': None, 'catkin_skip_building_tests': False, 'cmake_args': None, 'cmake_clean_cache': False, 'cmake_clean_first': False, 'cmake_force_configure': False, 'cmake_target': None, 'cmake_target_skip_unavailable': False, 'install_base': '/home/ibrahim/MobiArm/install/main_nodes', 'merge_install': False, 'path': '/home/ibrahim/MobiArm/src/main_nodes', 'symlink_install': False, 'test_result_base': None}
[0.386s] Level 5:colcon.colcon_core.verb:set package 'ros2_linkattacher' build argument 'cmake_args' from command line to 'None'
[0.386s] Level 5:colcon.colcon_core.verb:set package 'ros2_linkattacher' build argument 'cmake_target' from command line to 'None'
[0.386s] Level 5:colcon.colcon_core.verb:set package 'ros2_linkattacher' build argument 'cmake_target_skip_unavailable' from command line to 'False'
[0.386s] Level 5:colcon.colcon_core.verb:set package 'ros2_linkattacher' build argument 'cmake_clean_cache' from command line to 'False'
[0.386s] Level 5:colcon.colcon_core.verb:set package 'ros2_linkattacher' build argument 'cmake_clean_first' from command line to 'False'
[0.386s] Level 5:colcon.colcon_core.verb:set package 'ros2_linkattacher' build argument 'cmake_force_configure' from command line to 'False'
[0.387s] Level 5:colcon.colcon_core.verb:set package 'ros2_linkattacher' build argument 'ament_cmake_args' from command line to 'None'
[0.387s] Level 5:colcon.colcon_core.verb:set package 'ros2_linkattacher' build argument 'catkin_cmake_args' from command line to 'None'
[0.387s] Level 5:colcon.colcon_core.verb:set package 'ros2_linkattacher' build argument 'catkin_skip_building_tests' from command line to 'False'
[0.387s] DEBUG:colcon.colcon_core.verb:Building package 'ros2_linkattacher' with the following arguments: {'ament_cmake_args': None, 'build_base': '/home/ibrahim/MobiArm/build/ros2_linkattacher', 'catkin_cmake_args': None, 'catkin_skip_building_tests': False, 'cmake_args': None, 'cmake_clean_cache': False, 'cmake_clean_first': False, 'cmake_force_configure': False, 'cmake_target': None, 'cmake_target_skip_unavailable': False, 'install_base': '/home/ibrahim/MobiArm/install/ros2_linkattacher', 'merge_install': False, 'path': '/home/ibrahim/MobiArm/src/IFRA_LinkAttacher/ros2_LinkAttacher', 'symlink_install': False, 'test_result_base': None}
[0.387s] Level 5:colcon.colcon_core.verb:set package 'moveit_config' build argument 'cmake_args' from command line to 'None'
[0.387s] Level 5:colcon.colcon_core.verb:set package 'moveit_config' build argument 'cmake_target' from command line to 'None'
[0.387s] Level 5:colcon.colcon_core.verb:set package 'moveit_config' build argument 'cmake_target_skip_unavailable' from command line to 'False'
[0.387s] Level 5:colcon.colcon_core.verb:set package 'moveit_config' build argument 'cmake_clean_cache' from command line to 'False'
[0.387s] Level 5:colcon.colcon_core.verb:set package 'moveit_config' build argument 'cmake_clean_first' from command line to 'False'
[0.387s] Level 5:colcon.colcon_core.verb:set package 'moveit_config' build argument 'cmake_force_configure' from command line to 'False'
[0.387s] Level 5:colcon.colcon_core.verb:set package 'moveit_config' build argument 'ament_cmake_args' from command line to 'None'
[0.387s] Level 5:colcon.colcon_core.verb:set package 'moveit_config' build argument 'catkin_cmake_args' from command line to 'None'
[0.387s] Level 5:colcon.colcon_core.verb:set package 'moveit_config' build argument 'catkin_skip_building_tests' from command line to 'False'
[0.387s] DEBUG:colcon.colcon_core.verb:Building package 'moveit_config' with the following arguments: {'ament_cmake_args': None, 'build_base': '/home/ibrahim/MobiArm/build/moveit_config', 'catkin_cmake_args': None, 'catkin_skip_building_tests': False, 'cmake_args': None, 'cmake_clean_cache': False, 'cmake_clean_first': False, 'cmake_force_configure': False, 'cmake_target': None, 'cmake_target_skip_unavailable': False, 'install_base': '/home/ibrahim/MobiArm/install/moveit_config', 'merge_install': False, 'path': '/home/ibrahim/MobiArm/src/moveit_config', 'symlink_install': False, 'test_result_base': None}
[0.387s] INFO:colcon.colcon_core.executor:Executing jobs using 'parallel' executor
[0.388s] DEBUG:colcon.colcon_parallel_executor.executor.parallel:run_until_complete
[0.389s] INFO:colcon.colcon_ros.task.ament_cmake.build:Building ROS package in '/home/ibrahim/MobiArm/src/IFRA_LinkAttacher/linkattacher_msgs' with build type 'ament_cmake'
[0.389s] INFO:colcon.colcon_cmake.task.cmake.build:Building CMake package in '/home/ibrahim/MobiArm/src/IFRA_LinkAttacher/linkattacher_msgs'
[0.392s] INFO:colcon.colcon_core.plugin_system:Skipping extension 'colcon_core.shell.bat': Not used on non-Windows systems
[0.392s] INFO:colcon.colcon_core.shell:Skip shell extension 'powershell' for command environment: Not usable outside of PowerShell
[0.392s] DEBUG:colcon.colcon_core.shell:Skip shell extension 'dsv' for command environment
[0.398s] INFO:colcon.colcon_ros.task.ament_cmake.build:Building ROS package in '/home/ibrahim/MobiArm/src/bin_interfaces' with build type 'ament_cmake'
[0.398s] INFO:colcon.colcon_cmake.task.cmake.build:Building CMake package in '/home/ibrahim/MobiArm/src/bin_interfaces'
[0.399s] INFO:colcon.colcon_core.shell:Skip shell extension 'powershell' for command environment: Not usable outside of PowerShell
[0.399s] DEBUG:colcon.colcon_core.shell:Skip shell extension 'dsv' for command environment
[0.412s] DEBUG:colcon.colcon_core.event_handler.log_command:Invoking command in '/home/ibrahim/MobiArm/build/linkattacher_msgs': CMAKE_PREFIX_PATH=${CMAKE_PREFIX_PATH}:/home/ibrahim/RobotArm/install/main_arm_package:/home/ibrahim/RobotArm/install/action_interfaces:/opt/ros/humble /usr/bin/cmake --build /home/ibrahim/MobiArm/build/linkattacher_msgs -- -j16 -l16
[0.417s] DEBUG:colcon.colcon_core.event_handler.log_command:Invoking command in '/home/ibrahim/MobiArm/build/bin_interfaces': CMAKE_PREFIX_PATH=${CMAKE_PREFIX_PATH}:/home/ibrahim/RobotArm/install/main_arm_package:/home/ibrahim/RobotArm/install/action_interfaces:/opt/ros/humble /usr/bin/cmake --build /home/ibrahim/MobiArm/build/bin_interfaces -- -j16 -l16
[0.786s] DEBUG:colcon.colcon_core.event_handler.log_command:Invoked command in '/home/ibrahim/MobiArm/build/linkattacher_msgs' returned '0': CMAKE_PREFIX_PATH=${CMAKE_PREFIX_PATH}:/home/ibrahim/RobotArm/install/main_arm_package:/home/ibrahim/RobotArm/install/action_interfaces:/opt/ros/humble /usr/bin/cmake --build /home/ibrahim/MobiArm/build/linkattacher_msgs -- -j16 -l16
[0.798s] DEBUG:colcon.colcon_core.event_handler.log_command:Invoking command in '/home/ibrahim/MobiArm/build/linkattacher_msgs': CMAKE_PREFIX_PATH=${CMAKE_PREFIX_PATH}:/home/ibrahim/RobotArm/install/main_arm_package:/home/ibrahim/RobotArm/install/action_interfaces:/opt/ros/humble /usr/bin/cmake --install /home/ibrahim/MobiArm/build/linkattacher_msgs
[0.799s] DEBUG:colcon.colcon_core.event_handler.log_command:Invoked command in '/home/ibrahim/MobiArm/build/bin_interfaces' returned '0': CMAKE_PREFIX_PATH=${CMAKE_PREFIX_PATH}:/home/ibrahim/RobotArm/install/main_arm_package:/home/ibrahim/RobotArm/install/action_interfaces:/opt/ros/humble /usr/bin/cmake --build /home/ibrahim/MobiArm/build/bin_interfaces -- -j16 -l16
[0.801s] DEBUG:colcon.colcon_core.event_handler.log_command:Invoking command in '/home/ibrahim/MobiArm/build/bin_interfaces': CMAKE_PREFIX_PATH=${CMAKE_PREFIX_PATH}:/home/ibrahim/RobotArm/install/main_arm_package:/home/ibrahim/RobotArm/install/action_interfaces:/opt/ros/humble /usr/bin/cmake --install /home/ibrahim/MobiArm/build/bin_interfaces
[0.864s] Level 1:colcon.colcon_core.environment:create_environment_scripts_only(linkattacher_msgs)
[0.873s] Level 1:colcon.colcon_core.environment:checking '/home/ibrahim/MobiArm/install/linkattacher_msgs' for CMake module files
[0.876s] Level 1:colcon.colcon_core.environment:checking '/home/ibrahim/MobiArm/install/linkattacher_msgs' for CMake config files
[0.880s] DEBUG:colcon.colcon_core.event_handler.log_command:Invoked command in '/home/ibrahim/MobiArm/build/linkattacher_msgs' returned '0': CMAKE_PREFIX_PATH=${CMAKE_PREFIX_PATH}:/home/ibrahim/RobotArm/install/main_arm_package:/home/ibrahim/RobotArm/install/action_interfaces:/opt/ros/humble /usr/bin/cmake --install /home/ibrahim/MobiArm/build/linkattacher_msgs
[0.882s] Level 1:colcon.colcon_core.shell:create_environment_hook('linkattacher_msgs', 'cmake_prefix_path')
[0.883s] INFO:colcon.colcon_core.shell:Creating environment hook '/home/ibrahim/MobiArm/install/linkattacher_msgs/share/linkattacher_msgs/hook/cmake_prefix_path.ps1'
[0.884s] INFO:colcon.colcon_core.shell:Creating environment descriptor '/home/ibrahim/MobiArm/install/linkattacher_msgs/share/linkattacher_msgs/hook/cmake_prefix_path.dsv'
[0.885s] INFO:colcon.colcon_core.shell:Creating environment hook '/home/ibrahim/MobiArm/install/linkattacher_msgs/share/linkattacher_msgs/hook/cmake_prefix_path.sh'
[0.886s] Level 1:colcon.colcon_core.environment:checking '/home/ibrahim/MobiArm/install/linkattacher_msgs/lib'
[0.887s] Level 1:colcon.colcon_core.shell:create_environment_hook('linkattacher_msgs', 'ld_library_path_lib')
[0.887s] INFO:colcon.colcon_core.shell:Creating environment hook '/home/ibrahim/MobiArm/install/linkattacher_msgs/share/linkattacher_msgs/hook/ld_library_path_lib.ps1'
[0.887s] INFO:colcon.colcon_core.shell:Creating environment descriptor '/home/ibrahim/MobiArm/install/linkattacher_msgs/share/linkattacher_msgs/hook/ld_library_path_lib.dsv'
[0.888s] INFO:colcon.colcon_core.shell:Creating environment hook '/home/ibrahim/MobiArm/install/linkattacher_msgs/share/linkattacher_msgs/hook/ld_library_path_lib.sh'
[0.888s] Level 1:colcon.colcon_core.environment:checking '/home/ibrahim/MobiArm/install/linkattacher_msgs/bin'
[0.888s] Level 1:colcon.colcon_core.environment:checking '/home/ibrahim/MobiArm/install/linkattacher_msgs/lib/pkgconfig/linkattacher_msgs.pc'
[0.888s] Level 1:colcon.colcon_core.environment:checking '/home/ibrahim/MobiArm/install/linkattacher_msgs/lib/python3.10/site-packages'
[0.888s] Level 1:colcon.colcon_core.environment:checking '/home/ibrahim/MobiArm/install/linkattacher_msgs/bin'
[0.890s] INFO:colcon.colcon_core.shell:Creating package script '/home/ibrahim/MobiArm/install/linkattacher_msgs/share/linkattacher_msgs/package.ps1'
[0.892s] INFO:colcon.colcon_core.shell:Creating package descriptor '/home/ibrahim/MobiArm/install/linkattacher_msgs/share/linkattacher_msgs/package.dsv'
[0.892s] INFO:colcon.colcon_core.shell:Creating package script '/home/ibrahim/MobiArm/install/linkattacher_msgs/share/linkattacher_msgs/package.sh'
[0.893s] INFO:colcon.colcon_core.shell:Creating package script '/home/ibrahim/MobiArm/install/linkattacher_msgs/share/linkattacher_msgs/package.bash'
[0.894s] INFO:colcon.colcon_core.shell:Creating package script '/home/ibrahim/MobiArm/install/linkattacher_msgs/share/linkattacher_msgs/package.zsh'
[0.895s] Level 1:colcon.colcon_core.environment:create_file_with_runtime_dependencies(/home/ibrahim/MobiArm/install/linkattacher_msgs/share/colcon-core/packages/linkattacher_msgs)
[0.895s] Level 1:colcon.colcon_core.environment:create_environment_scripts_only(linkattacher_msgs)
[0.896s] Level 1:colcon.colcon_core.environment:checking '/home/ibrahim/MobiArm/install/linkattacher_msgs' for CMake module files
[0.896s] Level 1:colcon.colcon_core.environment:checking '/home/ibrahim/MobiArm/install/linkattacher_msgs' for CMake config files
[0.897s] Level 1:colcon.colcon_core.shell:create_environment_hook('linkattacher_msgs', 'cmake_prefix_path')
[0.897s] INFO:colcon.colcon_core.shell:Creating environment hook '/home/ibrahim/MobiArm/install/linkattacher_msgs/share/linkattacher_msgs/hook/cmake_prefix_path.ps1'
[0.898s] INFO:colcon.colcon_core.shell:Creating environment descriptor '/home/ibrahim/MobiArm/install/linkattacher_msgs/share/linkattacher_msgs/hook/cmake_prefix_path.dsv'
[0.898s] INFO:colcon.colcon_core.shell:Creating environment hook '/home/ibrahim/MobiArm/install/linkattacher_msgs/share/linkattacher_msgs/hook/cmake_prefix_path.sh'
[0.899s] Level 1:colcon.colcon_core.environment:checking '/home/ibrahim/MobiArm/install/linkattacher_msgs/lib'
[0.899s] Level 1:colcon.colcon_core.shell:create_environment_hook('linkattacher_msgs', 'ld_library_path_lib')
[0.899s] INFO:colcon.colcon_core.shell:Creating environment hook '/home/ibrahim/MobiArm/install/linkattacher_msgs/share/linkattacher_msgs/hook/ld_library_path_lib.ps1'
[0.899s] INFO:colcon.colcon_core.shell:Creating environment descriptor '/home/ibrahim/MobiArm/install/linkattacher_msgs/share/linkattacher_msgs/hook/ld_library_path_lib.dsv'
[0.899s] INFO:colcon.colcon_core.shell:Creating environment hook '/home/ibrahim/MobiArm/install/linkattacher_msgs/share/linkattacher_msgs/hook/ld_library_path_lib.sh'
[0.900s] Level 1:colcon.colcon_core.environment:checking '/home/ibrahim/MobiArm/install/linkattacher_msgs/bin'
[0.900s] Level 1:colcon.colcon_core.environment:checking '/home/ibrahim/MobiArm/install/linkattacher_msgs/lib/pkgconfig/linkattacher_msgs.pc'
[0.900s] Level 1:colcon.colcon_core.environment:checking '/home/ibrahim/MobiArm/install/linkattacher_msgs/lib/python3.10/site-packages'
[0.900s] Level 1:colcon.colcon_core.environment:checking '/home/ibrahim/MobiArm/install/linkattacher_msgs/bin'
[0.900s] INFO:colcon.colcon_core.shell:Creating package script '/home/ibrahim/MobiArm/install/linkattacher_msgs/share/linkattacher_msgs/package.ps1'
[0.901s] INFO:colcon.colcon_core.shell:Creating package descriptor '/home/ibrahim/MobiArm/install/linkattacher_msgs/share/linkattacher_msgs/package.dsv'
[0.901s] INFO:colcon.colcon_core.shell:Creating package script '/home/ibrahim/MobiArm/install/linkattacher_msgs/share/linkattacher_msgs/package.sh'
[0.902s] INFO:colcon.colcon_core.shell:Creating package script '/home/ibrahim/MobiArm/install/linkattacher_msgs/share/linkattacher_msgs/package.bash'
[0.902s] INFO:colcon.colcon_core.shell:Creating package script '/home/ibrahim/MobiArm/install/linkattacher_msgs/share/linkattacher_msgs/package.zsh'
[0.903s] Level 1:colcon.colcon_core.environment:create_file_with_runtime_dependencies(/home/ibrahim/MobiArm/install/linkattacher_msgs/share/colcon-core/packages/linkattacher_msgs)
[0.903s] INFO:colcon.colcon_ros.task.ament_cmake.build:Building ROS package in '/home/ibrahim/MobiArm/src/IFRA_LinkAttacher/ros2_LinkAttacher' with build type 'ament_cmake'
[0.904s] INFO:colcon.colcon_cmake.task.cmake.build:Building CMake package in '/home/ibrahim/MobiArm/src/IFRA_LinkAttacher/ros2_LinkAttacher'
[0.904s] INFO:colcon.colcon_core.shell:Skip shell extension 'powershell' for command environment: Not usable outside of PowerShell
[0.904s] DEBUG:colcon.colcon_core.shell:Skip shell extension 'dsv' for command environment
[0.911s] Level 1:colcon.colcon_core.environment:create_environment_scripts_only(bin_interfaces)
[0.912s] Level 1:colcon.colcon_core.environment:checking '/home/ibrahim/MobiArm/install/bin_interfaces' for CMake module files
[0.912s] DEBUG:colcon.colcon_core.event_handler.log_command:Invoked command in '/home/ibrahim/MobiArm/build/bin_interfaces' returned '0': CMAKE_PREFIX_PATH=${CMAKE_PREFIX_PATH}:/home/ibrahim/RobotArm/install/main_arm_package:/home/ibrahim/RobotArm/install/action_interfaces:/opt/ros/humble /usr/bin/cmake --install /home/ibrahim/MobiArm/build/bin_interfaces
[0.913s] Level 1:colcon.colcon_core.environment:checking '/home/ibrahim/MobiArm/install/bin_interfaces' for CMake config files
[0.914s] Level 1:colcon.colcon_core.shell:create_environment_hook('bin_interfaces', 'cmake_prefix_path')
[0.914s] INFO:colcon.colcon_core.shell:Creating environment hook '/home/ibrahim/MobiArm/install/bin_interfaces/share/bin_interfaces/hook/cmake_prefix_path.ps1'
[0.915s] INFO:colcon.colcon_core.shell:Creating environment descriptor '/home/ibrahim/MobiArm/install/bin_interfaces/share/bin_interfaces/hook/cmake_prefix_path.dsv'
[0.915s] INFO:colcon.colcon_core.shell:Creating environment hook '/home/ibrahim/MobiArm/install/bin_interfaces/share/bin_interfaces/hook/cmake_prefix_path.sh'
[0.915s] Level 1:colcon.colcon_core.environment:checking '/home/ibrahim/MobiArm/install/bin_interfaces/lib'
[0.916s] Level 1:colcon.colcon_core.shell:create_environment_hook('bin_interfaces', 'ld_library_path_lib')
[0.916s] INFO:colcon.colcon_core.shell:Creating environment hook '/home/ibrahim/MobiArm/install/bin_interfaces/share/bin_interfaces/hook/ld_library_path_lib.ps1'
[0.916s] INFO:colcon.colcon_core.shell:Creating environment descriptor '/home/ibrahim/MobiArm/install/bin_interfaces/share/bin_interfaces/hook/ld_library_path_lib.dsv'
[0.917s] INFO:colcon.colcon_core.shell:Creating environment hook '/home/ibrahim/MobiArm/install/bin_interfaces/share/bin_interfaces/hook/ld_library_path_lib.sh'
[0.917s] Level 1:colcon.colcon_core.environment:checking '/home/ibrahim/MobiArm/install/bin_interfaces/bin'
[0.917s] Level 1:colcon.colcon_core.environment:checking '/home/ibrahim/MobiArm/install/bin_interfaces/lib/pkgconfig/bin_interfaces.pc'
[0.918s] Level 1:colcon.colcon_core.environment:checking '/home/ibrahim/MobiArm/install/bin_interfaces/lib/python3.10/site-packages'
[0.918s] Level 1:colcon.colcon_core.environment:checking '/home/ibrahim/MobiArm/install/bin_interfaces/bin'
[0.918s] INFO:colcon.colcon_core.shell:Creating package script '/home/ibrahim/MobiArm/install/bin_interfaces/share/bin_interfaces/package.ps1'
[0.919s] INFO:colcon.colcon_core.shell:Creating package descriptor '/home/ibrahim/MobiArm/install/bin_interfaces/share/bin_interfaces/package.dsv'
[0.919s] INFO:colcon.colcon_core.shell:Creating package script '/home/ibrahim/MobiArm/install/bin_interfaces/share/bin_interfaces/package.sh'
[0.919s] INFO:colcon.colcon_core.shell:Creating package script '/home/ibrahim/MobiArm/install/bin_interfaces/share/bin_interfaces/package.bash'
[0.920s] INFO:colcon.colcon_core.shell:Creating package script '/home/ibrahim/MobiArm/install/bin_interfaces/share/bin_interfaces/package.zsh'
[0.920s] Level 1:colcon.colcon_core.environment:create_file_with_runtime_dependencies(/home/ibrahim/MobiArm/install/bin_interfaces/share/colcon-core/packages/bin_interfaces)
[0.921s] Level 1:colcon.colcon_core.environment:create_environment_scripts_only(bin_interfaces)
[0.921s] Level 1:colcon.colcon_core.environment:checking '/home/ibrahim/MobiArm/install/bin_interfaces' for CMake module files
[0.921s] Level 1:colcon.colcon_core.environment:checking '/home/ibrahim/MobiArm/install/bin_interfaces' for CMake config files
[0.922s] Level 1:colcon.colcon_core.shell:create_environment_hook('bin_interfaces', 'cmake_prefix_path')
[0.922s] INFO:colcon.colcon_core.shell:Creating environment hook '/home/ibrahim/MobiArm/install/bin_interfaces/share/bin_interfaces/hook/cmake_prefix_path.ps1'
[0.922s] INFO:colcon.colcon_core.shell:Creating environment descriptor '/home/ibrahim/MobiArm/install/bin_interfaces/share/bin_interfaces/hook/cmake_prefix_path.dsv'
[0.923s] INFO:colcon.colcon_core.shell:Creating environment hook '/home/ibrahim/MobiArm/install/bin_interfaces/share/bin_interfaces/hook/cmake_prefix_path.sh'
[0.923s] Level 1:colcon.colcon_core.environment:checking '/home/ibrahim/MobiArm/install/bin_interfaces/lib'
[0.923s] Level 1:colcon.colcon_core.shell:create_environment_hook('bin_interfaces', 'ld_library_path_lib')
[0.923s] INFO:colcon.colcon_core.shell:Creating environment hook '/home/ibrahim/MobiArm/install/bin_interfaces/share/bin_interfaces/hook/ld_library_path_lib.ps1'
[0.924s] INFO:colcon.colcon_core.shell:Creating environment descriptor '/home/ibrahim/MobiArm/install/bin_interfaces/share/bin_interfaces/hook/ld_library_path_lib.dsv'
[0.924s] INFO:colcon.colcon_core.shell:Creating environment hook '/home/ibrahim/MobiArm/install/bin_interfaces/share/bin_interfaces/hook/ld_library_path_lib.sh'
[0.925s] Level 1:colcon.colcon_core.environment:checking '/home/ibrahim/MobiArm/install/bin_interfaces/bin'
[0.925s] Level 1:colcon.colcon_core.environment:checking '/home/ibrahim/MobiArm/install/bin_interfaces/lib/pkgconfig/bin_interfaces.pc'
[0.925s] Level 1:colcon.colcon_core.environment:checking '/home/ibrahim/MobiArm/install/bin_interfaces/lib/python3.10/site-packages'
[0.925s] Level 1:colcon.colcon_core.environment:checking '/home/ibrahim/MobiArm/install/bin_interfaces/bin'
[0.925s] INFO:colcon.colcon_core.shell:Creating package script '/home/ibrahim/MobiArm/install/bin_interfaces/share/bin_interfaces/package.ps1'
[0.926s] INFO:colcon.colcon_core.shell:Creating package descriptor '/home/ibrahim/MobiArm/install/bin_interfaces/share/bin_interfaces/package.dsv'
[0.927s] INFO:colcon.colcon_core.shell:Creating package script '/home/ibrahim/MobiArm/install/bin_interfaces/share/bin_interfaces/package.sh'
[0.927s] INFO:colcon.colcon_core.shell:Creating package script '/home/ibrahim/MobiArm/install/bin_interfaces/share/bin_interfaces/package.bash'
[0.927s] INFO:colcon.colcon_core.shell:Creating package script '/home/ibrahim/MobiArm/install/bin_interfaces/share/bin_interfaces/package.zsh'
[0.928s] Level 1:colcon.colcon_core.environment:create_file_with_runtime_dependencies(/home/ibrahim/MobiArm/install/bin_interfaces/share/colcon-core/packages/bin_interfaces)
[0.928s] INFO:colcon.colcon_ros.task.ament_cmake.build:Building ROS package in '/home/ibrahim/MobiArm/src/main_nodes' with build type 'ament_cmake'
[0.928s] INFO:colcon.colcon_cmake.task.cmake.build:Building CMake package in '/home/ibrahim/MobiArm/src/main_nodes'
[0.929s] INFO:colcon.colcon_core.shell:Skip shell extension 'powershell' for command environment: Not usable outside of PowerShell
[0.929s] DEBUG:colcon.colcon_core.shell:Skip shell extension 'dsv' for command environment
[1.005s] DEBUG:colcon.colcon_core.event_handler.log_command:Invoking command in '/home/ibrahim/MobiArm/build/ros2_linkattacher': CMAKE_PREFIX_PATH=/home/ibrahim/MobiArm/install/linkattacher_msgs:/home/ibrahim/MobiArm/install/ros2_linkattacher:/home/ibrahim/MobiArm/install/moveit_config:/home/ibrahim/MobiArm/install/main_nodes:/home/ibrahim/MobiArm/install/bin_interfaces:/home/ibrahim/MobiArm/install/bin_interface:/home/ibrahim/RobotArmExpanded/install/main_arm_package:/home/ibrahim/RobotArmExpanded/install/action_interfaces:/home/ibrahim/MoveItArm/install/moveit_config:/home/ibrahim/MoveItArm/install/moveit_arm_package:/home/ibrahim/TF2Sample/install/tf2sim:/home/ibrahim/RobotNav/install/main_robot_nodes:/home/ibrahim/RobotNav/install/action_interfaces:/home/ibrahim/RobotMonitor/install/Robot3Node_Package:/home/ibrahim/ros2_ws/install/my_first_package:/home/ibrahim/ros2_ws/install/action_interfaces:/home/ibrahim/RobotArm/install/main_arm_package:/home/ibrahim/RobotArm/install/action_interfaces:/opt/ros/humble LD_LIBRARY_PATH=/home/ibrahim/MobiArm/install/linkattacher_msgs/lib:/home/ibrahim/MobiArm/install/ros2_linkattacher/lib:/home/ibrahim/MobiArm/install/bin_interfaces/lib:/home/ibrahim/MobiArm/install/bin_interface/lib:/home/ibrahim/RobotArmExpanded/install/action_interfaces/lib:/home/ibrahim/RobotArm/install/action_interfaces/lib:/home/ibrahim/RobotNav/install/action_interfaces/lib:/home/ibrahim/ros2_ws/install/action_interfaces/lib:/usr/lib/x86_64-linux-gnu/gazebo-11/plugins:/opt/ros/humble/opt/rviz_ogre_vendor/lib:/opt/ros/humble/lib/x86_64-linux-gnu:/opt/ros/humble/lib /usr/bin/cmake --build /home/ibrahim/MobiArm/build/ros2_linkattacher -- -j16 -l16
[1.097s] DEBUG:colcon.colcon_core.event_handler.log_command:Invoking command in '/home/ibrahim/MobiArm/build/main_nodes': CMAKE_PREFIX_PATH=/home/ibrahim/MobiArm/install/linkattacher_msgs:/home/ibrahim/MobiArm/install/bin_interfaces:/home/ibrahim/MobiArm/install/ros2_linkattacher:/home/ibrahim/MobiArm/install/moveit_config:/home/ibrahim/MobiArm/install/main_nodes:/home/ibrahim/MobiArm/install/bin_interface:/home/ibrahim/RobotArmExpanded/install/main_arm_package:/home/ibrahim/RobotArmExpanded/install/action_interfaces:/home/ibrahim/MoveItArm/install/moveit_config:/home/ibrahim/MoveItArm/install/moveit_arm_package:/home/ibrahim/TF2Sample/install/tf2sim:/home/ibrahim/RobotNav/install/main_robot_nodes:/home/ibrahim/RobotNav/install/action_interfaces:/home/ibrahim/RobotMonitor/install/Robot3Node_Package:/home/ibrahim/ros2_ws/install/my_first_package:/home/ibrahim/ros2_ws/install/action_interfaces:/home/ibrahim/RobotArm/install/main_arm_package:/home/ibrahim/RobotArm/install/action_interfaces:/opt/ros/humble LD_LIBRARY_PATH=/home/ibrahim/MobiArm/install/linkattacher_msgs/lib:/home/ibrahim/MobiArm/install/bin_interfaces/lib:/home/ibrahim/MobiArm/install/ros2_linkattacher/lib:/home/ibrahim/MobiArm/install/bin_interface/lib:/home/ibrahim/RobotArmExpanded/install/action_interfaces/lib:/home/ibrahim/RobotArm/install/action_interfaces/lib:/home/ibrahim/RobotNav/install/action_interfaces/lib:/home/ibrahim/ros2_ws/install/action_interfaces/lib:/usr/lib/x86_64-linux-gnu/gazebo-11/plugins:/opt/ros/humble/opt/rviz_ogre_vendor/lib:/opt/ros/humble/lib/x86_64-linux-gnu:/opt/ros/humble/lib /usr/bin/cmake --build /home/ibrahim/MobiArm/build/main_nodes -- -j16 -l16
[1.105s] DEBUG:colcon.colcon_core.event_handler.log_command:Invoked command in '/home/ibrahim/MobiArm/build/ros2_linkattacher' returned '0': CMAKE_PREFIX_PATH=/home/ibrahim/MobiArm/install/linkattacher_msgs:/home/ibrahim/MobiArm/install/ros2_linkattacher:/home/ibrahim/MobiArm/install/moveit_config:/home/ibrahim/MobiArm/install/main_nodes:/home/ibrahim/MobiArm/install/bin_interfaces:/home/ibrahim/MobiArm/install/bin_interface:/home/ibrahim/RobotArmExpanded/install/main_arm_package:/home/ibrahim/RobotArmExpanded/install/action_interfaces:/home/ibrahim/MoveItArm/install/moveit_config:/home/ibrahim/MoveItArm/install/moveit_arm_package:/home/ibrahim/TF2Sample/install/tf2sim:/home/ibrahim/RobotNav/install/main_robot_nodes:/home/ibrahim/RobotNav/install/action_interfaces:/home/ibrahim/RobotMonitor/install/Robot3Node_Package:/home/ibrahim/ros2_ws/install/my_first_package:/home/ibrahim/ros2_ws/install/action_interfaces:/home/ibrahim/RobotArm/install/main_arm_package:/home/ibrahim/RobotArm/install/action_interfaces:/opt/ros/humble LD_LIBRARY_PATH=/home/ibrahim/MobiArm/install/linkattacher_msgs/lib:/home/ibrahim/MobiArm/install/ros2_linkattacher/lib:/home/ibrahim/MobiArm/install/bin_interfaces/lib:/home/ibrahim/MobiArm/install/bin_interface/lib:/home/ibrahim/RobotArmExpanded/install/action_interfaces/lib:/home/ibrahim/RobotArm/install/action_interfaces/lib:/home/ibrahim/RobotNav/install/action_interfaces/lib:/home/ibrahim/ros2_ws/install/action_interfaces/lib:/usr/lib/x86_64-linux-gnu/gazebo-11/plugins:/opt/ros/humble/opt/rviz_ogre_vendor/lib:/opt/ros/humble/lib/x86_64-linux-gnu:/opt/ros/humble/lib /usr/bin/cmake --build /home/ibrahim/MobiArm/build/ros2_linkattacher -- -j16 -l16
[1.108s] DEBUG:colcon.colcon_core.event_handler.log_command:Invoking command in '/home/ibrahim/MobiArm/build/ros2_linkattacher': CMAKE_PREFIX_PATH=/home/ibrahim/MobiArm/install/linkattacher_msgs:/home/ibrahim/MobiArm/install/ros2_linkattacher:/home/ibrahim/MobiArm/install/moveit_config:/home/ibrahim/MobiArm/install/main_nodes:/home/ibrahim/MobiArm/install/bin_interfaces:/home/ibrahim/MobiArm/install/bin_interface:/home/ibrahim/RobotArmExpanded/install/main_arm_package:/home/ibrahim/RobotArmExpanded/install/action_interfaces:/home/ibrahim/MoveItArm/install/moveit_config:/home/ibrahim/MoveItArm/install/moveit_arm_package:/home/ibrahim/TF2Sample/install/tf2sim:/home/ibrahim/RobotNav/install/main_robot_nodes:/home/ibrahim/RobotNav/install/action_interfaces:/home/ibrahim/RobotMonitor/install/Robot3Node_Package:/home/ibrahim/ros2_ws/install/my_first_package:/home/ibrahim/ros2_ws/install/action_interfaces:/home/ibrahim/RobotArm/install/main_arm_package:/home/ibrahim/RobotArm/install/action_interfaces:/opt/ros/humble LD_LIBRARY_PATH=/home/ibrahim/MobiArm/install/linkattacher_msgs/lib:/home/ibrahim/MobiArm/install/ros2_linkattacher/lib:/home/ibrahim/MobiArm/install/bin_interfaces/lib:/home/ibrahim/MobiArm/install/bin_interface/lib:/home/ibrahim/RobotArmExpanded/install/action_interfaces/lib:/home/ibrahim/RobotArm/install/action_interfaces/lib:/home/ibrahim/RobotNav/install/action_interfaces/lib:/home/ibrahim/ros2_ws/install/action_interfaces/lib:/usr/lib/x86_64-linux-gnu/gazebo-11/plugins:/opt/ros/humble/opt/rviz_ogre_vendor/lib:/opt/ros/humble/lib/x86_64-linux-gnu:/opt/ros/humble/lib /usr/bin/cmake --install /home/ibrahim/MobiArm/build/ros2_linkattacher
[1.120s] Level 1:colcon.colcon_core.environment:create_environment_scripts_only(ros2_linkattacher)
[1.121s] Level 1:colcon.colcon_core.environment:checking '/home/ibrahim/MobiArm/install/ros2_linkattacher' for CMake module files
[1.121s] DEBUG:colcon.colcon_core.event_handler.log_command:Invoked command in '/home/ibrahim/MobiArm/build/ros2_linkattacher' returned '0': CMAKE_PREFIX_PATH=/home/ibrahim/MobiArm/install/linkattacher_msgs:/home/ibrahim/MobiArm/install/ros2_linkattacher:/home/ibrahim/MobiArm/install/moveit_config:/home/ibrahim/MobiArm/install/main_nodes:/home/ibrahim/MobiArm/install/bin_interfaces:/home/ibrahim/MobiArm/install/bin_interface:/home/ibrahim/RobotArmExpanded/install/main_arm_package:/home/ibrahim/RobotArmExpanded/install/action_interfaces:/home/ibrahim/MoveItArm/install/moveit_config:/home/ibrahim/MoveItArm/install/moveit_arm_package:/home/ibrahim/TF2Sample/install/tf2sim:/home/ibrahim/RobotNav/install/main_robot_nodes:/home/ibrahim/RobotNav/install/action_interfaces:/home/ibrahim/RobotMonitor/install/Robot3Node_Package:/home/ibrahim/ros2_ws/install/my_first_package:/home/ibrahim/ros2_ws/install/action_interfaces:/home/ibrahim/RobotArm/install/main_arm_package:/home/ibrahim/RobotArm/install/action_interfaces:/opt/ros/humble LD_LIBRARY_PATH=/home/ibrahim/MobiArm/install/linkattacher_msgs/lib:/home/ibrahim/MobiArm/install/ros2_linkattacher/lib:/home/ibrahim/MobiArm/install/bin_interfaces/lib:/home/ibrahim/MobiArm/install/bin_interface/lib:/home/ibrahim/RobotArmExpanded/install/action_interfaces/lib:/home/ibrahim/RobotArm/install/action_interfaces/lib:/home/ibrahim/RobotNav/install/action_interfaces/lib:/home/ibrahim/ros2_ws/install/action_interfaces/lib:/usr/lib/x86_64-linux-gnu/gazebo-11/plugins:/opt/ros/humble/opt/rviz_ogre_vendor/lib:/opt/ros/humble/lib/x86_64-linux-gnu:/opt/ros/humble/lib /usr/bin/cmake --install /home/ibrahim/MobiArm/build/ros2_linkattacher
[1.122s] Level 1:colcon.colcon_core.environment:checking '/home/ibrahim/MobiArm/install/ros2_linkattacher' for CMake config files
[1.122s] Level 1:colcon.colcon_core.shell:create_environment_hook('ros2_linkattacher', 'cmake_prefix_path')
[1.122s] INFO:colcon.colcon_core.shell:Creating environment hook '/home/ibrahim/MobiArm/install/ros2_linkattacher/share/ros2_linkattacher/hook/cmake_prefix_path.ps1'
[1.123s] INFO:colcon.colcon_core.shell:Creating environment descriptor '/home/ibrahim/MobiArm/install/ros2_linkattacher/share/ros2_linkattacher/hook/cmake_prefix_path.dsv'
[1.123s] INFO:colcon.colcon_core.shell:Creating environment hook '/home/ibrahim/MobiArm/install/ros2_linkattacher/share/ros2_linkattacher/hook/cmake_prefix_path.sh'
[1.124s] Level 1:colcon.colcon_core.environment:checking '/home/ibrahim/MobiArm/install/ros2_linkattacher/lib'
[1.124s] Level 1:colcon.colcon_core.shell:create_environment_hook('ros2_linkattacher', 'ld_library_path_lib')
[1.124s] INFO:colcon.colcon_core.shell:Creating environment hook '/home/ibrahim/MobiArm/install/ros2_linkattacher/share/ros2_linkattacher/hook/ld_library_path_lib.ps1'
[1.125s] INFO:colcon.colcon_core.shell:Creating environment descriptor '/home/ibrahim/MobiArm/install/ros2_linkattacher/share/ros2_linkattacher/hook/ld_library_path_lib.dsv'
[1.125s] INFO:colcon.colcon_core.shell:Creating environment hook '/home/ibrahim/MobiArm/install/ros2_linkattacher/share/ros2_linkattacher/hook/ld_library_path_lib.sh'
[1.126s] Level 1:colcon.colcon_core.environment:checking '/home/ibrahim/MobiArm/install/ros2_linkattacher/bin'
[1.126s] Level 1:colcon.colcon_core.environment:checking '/home/ibrahim/MobiArm/install/ros2_linkattacher/lib/pkgconfig/ros2_linkattacher.pc'
[1.126s] Level 1:colcon.colcon_core.environment:checking '/home/ibrahim/MobiArm/install/ros2_linkattacher/lib/python3.10/site-packages'
[1.126s] Level 1:colcon.colcon_core.environment:checking '/home/ibrahim/MobiArm/install/ros2_linkattacher/bin'
[1.127s] INFO:colcon.colcon_core.shell:Creating package script '/home/ibrahim/MobiArm/install/ros2_linkattacher/share/ros2_linkattacher/package.ps1'
[1.127s] INFO:colcon.colcon_core.shell:Creating package descriptor '/home/ibrahim/MobiArm/install/ros2_linkattacher/share/ros2_linkattacher/package.dsv'
[1.128s] INFO:colcon.colcon_core.shell:Creating package script '/home/ibrahim/MobiArm/install/ros2_linkattacher/share/ros2_linkattacher/package.sh'
[1.128s] INFO:colcon.colcon_core.shell:Creating package script '/home/ibrahim/MobiArm/install/ros2_linkattacher/share/ros2_linkattacher/package.bash'
[1.129s] INFO:colcon.colcon_core.shell:Creating package script '/home/ibrahim/MobiArm/install/ros2_linkattacher/share/ros2_linkattacher/package.zsh'
[1.129s] Level 1:colcon.colcon_core.environment:create_file_with_runtime_dependencies(/home/ibrahim/MobiArm/install/ros2_linkattacher/share/colcon-core/packages/ros2_linkattacher)
[1.130s] Level 1:colcon.colcon_core.environment:create_environment_scripts_only(ros2_linkattacher)
[1.130s] Level 1:colcon.colcon_core.environment:checking '/home/ibrahim/MobiArm/install/ros2_linkattacher' for CMake module files
[1.130s] Level 1:colcon.colcon_core.environment:checking '/home/ibrahim/MobiArm/install/ros2_linkattacher' for CMake config files
[1.131s] Level 1:colcon.colcon_core.shell:create_environment_hook('ros2_linkattacher', 'cmake_prefix_path')
[1.131s] INFO:colcon.colcon_core.shell:Creating environment hook '/home/ibrahim/MobiArm/install/ros2_linkattacher/share/ros2_linkattacher/hook/cmake_prefix_path.ps1'
[1.131s] INFO:colcon.colcon_core.shell:Creating environment descriptor '/home/ibrahim/MobiArm/install/ros2_linkattacher/share/ros2_linkattacher/hook/cmake_prefix_path.dsv'
[1.132s] INFO:colcon.colcon_core.shell:Creating environment hook '/home/ibrahim/MobiArm/install/ros2_linkattacher/share/ros2_linkattacher/hook/cmake_prefix_path.sh'
[1.132s] Level 1:colcon.colcon_core.environment:checking '/home/ibrahim/MobiArm/install/ros2_linkattacher/lib'
[1.132s] Level 1:colcon.colcon_core.shell:create_environment_hook('ros2_linkattacher', 'ld_library_path_lib')
[1.133s] INFO:colcon.colcon_core.shell:Creating environment hook '/home/ibrahim/MobiArm/install/ros2_linkattacher/share/ros2_linkattacher/hook/ld_library_path_lib.ps1'
[1.133s] INFO:colcon.colcon_core.shell:Creating environment descriptor '/home/ibrahim/MobiArm/install/ros2_linkattacher/share/ros2_linkattacher/hook/ld_library_path_lib.dsv'
[1.134s] INFO:colcon.colcon_core.shell:Creating environment hook '/home/ibrahim/MobiArm/install/ros2_linkattacher/share/ros2_linkattacher/hook/ld_library_path_lib.sh'
[1.134s] Level 1:colcon.colcon_core.environment:checking '/home/ibrahim/MobiArm/install/ros2_linkattacher/bin'
[1.134s] Level 1:colcon.colcon_core.environment:checking '/home/ibrahim/MobiArm/install/ros2_linkattacher/lib/pkgconfig/ros2_linkattacher.pc'
[1.134s] Level 1:colcon.colcon_core.environment:checking '/home/ibrahim/MobiArm/install/ros2_linkattacher/lib/python3.10/site-packages'
[1.135s] Level 1:colcon.colcon_core.environment:checking '/home/ibrahim/MobiArm/install/ros2_linkattacher/bin'
[1.135s] INFO:colcon.colcon_core.shell:Creating package script '/home/ibrahim/MobiArm/install/ros2_linkattacher/share/ros2_linkattacher/package.ps1'
[1.136s] INFO:colcon.colcon_core.shell:Creating package descriptor '/home/ibrahim/MobiArm/install/ros2_linkattacher/share/ros2_linkattacher/package.dsv'
[1.136s] INFO:colcon.colcon_core.shell:Creating package script '/home/ibrahim/MobiArm/install/ros2_linkattacher/share/ros2_linkattacher/package.sh'
[1.137s] INFO:colcon.colcon_core.shell:Creating package script '/home/ibrahim/MobiArm/install/ros2_linkattacher/share/ros2_linkattacher/package.bash'
[1.137s] INFO:colcon.colcon_core.shell:Creating package script '/home/ibrahim/MobiArm/install/ros2_linkattacher/share/ros2_linkattacher/package.zsh'
[1.138s] Level 1:colcon.colcon_core.environment:create_file_with_runtime_dependencies(/home/ibrahim/MobiArm/install/ros2_linkattacher/share/colcon-core/packages/ros2_linkattacher)
[1.204s] DEBUG:colcon.colcon_core.event_handler.log_command:Invoked command in '/home/ibrahim/MobiArm/build/main_nodes' returned '0': CMAKE_PREFIX_PATH=/home/ibrahim/MobiArm/install/linkattacher_msgs:/home/ibrahim/MobiArm/install/bin_interfaces:/home/ibrahim/MobiArm/install/ros2_linkattacher:/home/ibrahim/MobiArm/install/moveit_config:/home/ibrahim/MobiArm/install/main_nodes:/home/ibrahim/MobiArm/install/bin_interface:/home/ibrahim/RobotArmExpanded/install/main_arm_package:/home/ibrahim/RobotArmExpanded/install/action_interfaces:/home/ibrahim/MoveItArm/install/moveit_config:/home/ibrahim/MoveItArm/install/moveit_arm_package:/home/ibrahim/TF2Sample/install/tf2sim:/home/ibrahim/RobotNav/install/main_robot_nodes:/home/ibrahim/RobotNav/install/action_interfaces:/home/ibrahim/RobotMonitor/install/Robot3Node_Package:/home/ibrahim/ros2_ws/install/my_first_package:/home/ibrahim/ros2_ws/install/action_interfaces:/home/ibrahim/RobotArm/install/main_arm_package:/home/ibrahim/RobotArm/install/action_interfaces:/opt/ros/humble LD_LIBRARY_PATH=/home/ibrahim/MobiArm/install/linkattacher_msgs/lib:/home/ibrahim/MobiArm/install/bin_interfaces/lib:/home/ibrahim/MobiArm/install/ros2_linkattacher/lib:/home/ibrahim/MobiArm/install/bin_interface/lib:/home/ibrahim/RobotArmExpanded/install/action_interfaces/lib:/home/ibrahim/RobotArm/install/action_interfaces/lib:/home/ibrahim/RobotNav/install/action_interfaces/lib:/home/ibrahim/ros2_ws/install/action_interfaces/lib:/usr/lib/x86_64-linux-gnu/gazebo-11/plugins:/opt/ros/humble/opt/rviz_ogre_vendor/lib:/opt/ros/humble/lib/x86_64-linux-gnu:/opt/ros/humble/lib /usr/bin/cmake --build /home/ibrahim/MobiArm/build/main_nodes -- -j16 -l16
[1.207s] DEBUG:colcon.colcon_core.event_handler.log_command:Invoking command in '/home/ibrahim/MobiArm/build/main_nodes': CMAKE_PREFIX_PATH=/home/ibrahim/MobiArm/install/linkattacher_msgs:/home/ibrahim/MobiArm/install/bin_interfaces:/home/ibrahim/MobiArm/install/ros2_linkattacher:/home/ibrahim/MobiArm/install/moveit_config:/home/ibrahim/MobiArm/install/main_nodes:/home/ibrahim/MobiArm/install/bin_interface:/home/ibrahim/RobotArmExpanded/install/main_arm_package:/home/ibrahim/RobotArmExpanded/install/action_interfaces:/home/ibrahim/MoveItArm/install/moveit_config:/home/ibrahim/MoveItArm/install/moveit_arm_package:/home/ibrahim/TF2Sample/install/tf2sim:/home/ibrahim/RobotNav/install/main_robot_nodes:/home/ibrahim/RobotNav/install/action_interfaces:/home/ibrahim/RobotMonitor/install/Robot3Node_Package:/home/ibrahim/ros2_ws/install/my_first_package:/home/ibrahim/ros2_ws/install/action_interfaces:/home/ibrahim/RobotArm/install/main_arm_package:/home/ibrahim/RobotArm/install/action_interfaces:/opt/ros/humble LD_LIBRARY_PATH=/home/ibrahim/MobiArm/install/linkattacher_msgs/lib:/home/ibrahim/MobiArm/install/bin_interfaces/lib:/home/ibrahim/MobiArm/install/ros2_linkattacher/lib:/home/ibrahim/MobiArm/install/bin_interface/lib:/home/ibrahim/RobotArmExpanded/install/action_interfaces/lib:/home/ibrahim/RobotArm/install/action_interfaces/lib:/home/ibrahim/RobotNav/install/action_interfaces/lib:/home/ibrahim/ros2_ws/install/action_interfaces/lib:/usr/lib/x86_64-linux-gnu/gazebo-11/plugins:/opt/ros/humble/opt/rviz_ogre_vendor/lib:/opt/ros/humble/lib/x86_64-linux-gnu:/opt/ros/humble/lib /usr/bin/cmake --install /home/ibrahim/MobiArm/build/main_nodes
[1.234s] Level 1:colcon.colcon_core.environment:create_environment_scripts_only(main_nodes)
[1.234s] Level 1:colcon.colcon_core.environment:checking '/home/ibrahim/MobiArm/install/main_nodes' for CMake module files
[1.235s] DEBUG:colcon.colcon_core.event_handler.log_command:Invoked command in '/home/ibrahim/MobiArm/build/main_nodes' returned '0': CMAKE_PREFIX_PATH=/home/ibrahim/MobiArm/install/linkattacher_msgs:/home/ibrahim/MobiArm/install/bin_interfaces:/home/ibrahim/MobiArm/install/ros2_linkattacher:/home/ibrahim/MobiArm/install/moveit_config:/home/ibrahim/MobiArm/install/main_nodes:/home/ibrahim/MobiArm/install/bin_interface:/home/ibrahim/RobotArmExpanded/install/main_arm_package:/home/ibrahim/RobotArmExpanded/install/action_interfaces:/home/ibrahim/MoveItArm/install/moveit_config:/home/ibrahim/MoveItArm/install/moveit_arm_package:/home/ibrahim/TF2Sample/install/tf2sim:/home/ibrahim/RobotNav/install/main_robot_nodes:/home/ibrahim/RobotNav/install/action_interfaces:/home/ibrahim/RobotMonitor/install/Robot3Node_Package:/home/ibrahim/ros2_ws/install/my_first_package:/home/ibrahim/ros2_ws/install/action_interfaces:/home/ibrahim/RobotArm/install/main_arm_package:/home/ibrahim/RobotArm/install/action_interfaces:/opt/ros/humble LD_LIBRARY_PATH=/home/ibrahim/MobiArm/install/linkattacher_msgs/lib:/home/ibrahim/MobiArm/install/bin_interfaces/lib:/home/ibrahim/MobiArm/install/ros2_linkattacher/lib:/home/ibrahim/MobiArm/install/bin_interface/lib:/home/ibrahim/RobotArmExpanded/install/action_interfaces/lib:/home/ibrahim/RobotArm/install/action_interfaces/lib:/home/ibrahim/RobotNav/install/action_interfaces/lib:/home/ibrahim/ros2_ws/install/action_interfaces/lib:/usr/lib/x86_64-linux-gnu/gazebo-11/plugins:/opt/ros/humble/opt/rviz_ogre_vendor/lib:/opt/ros/humble/lib/x86_64-linux-gnu:/opt/ros/humble/lib /usr/bin/cmake --install /home/ibrahim/MobiArm/build/main_nodes
[1.235s] Level 1:colcon.colcon_core.environment:checking '/home/ibrahim/MobiArm/install/main_nodes' for CMake config files
[1.236s] Level 1:colcon.colcon_core.shell:create_environment_hook('main_nodes', 'cmake_prefix_path')
[1.236s] INFO:colcon.colcon_core.shell:Creating environment hook '/home/ibrahim/MobiArm/install/main_nodes/share/main_nodes/hook/cmake_prefix_path.ps1'
[1.236s] INFO:colcon.colcon_core.shell:Creating environment descriptor '/home/ibrahim/MobiArm/install/main_nodes/share/main_nodes/hook/cmake_prefix_path.dsv'
[1.237s] INFO:colcon.colcon_core.shell:Creating environment hook '/home/ibrahim/MobiArm/install/main_nodes/share/main_nodes/hook/cmake_prefix_path.sh'
[1.237s] Level 1:colcon.colcon_core.environment:checking '/home/ibrahim/MobiArm/install/main_nodes/lib'
[1.237s] Level 1:colcon.colcon_core.environment:checking '/home/ibrahim/MobiArm/install/main_nodes/bin'
[1.237s] Level 1:colcon.colcon_core.environment:checking '/home/ibrahim/MobiArm/install/main_nodes/lib/pkgconfig/main_nodes.pc'
[1.237s] Level 1:colcon.colcon_core.environment:checking '/home/ibrahim/MobiArm/install/main_nodes/lib/python3.10/site-packages'
[1.238s] Level 1:colcon.colcon_core.environment:checking '/home/ibrahim/MobiArm/install/main_nodes/bin'
[1.238s] INFO:colcon.colcon_core.shell:Creating package script '/home/ibrahim/MobiArm/install/main_nodes/share/main_nodes/package.ps1'
[1.238s] INFO:colcon.colcon_core.shell:Creating package descriptor '/home/ibrahim/MobiArm/install/main_nodes/share/main_nodes/package.dsv'
[1.239s] INFO:colcon.colcon_core.shell:Creating package script '/home/ibrahim/MobiArm/install/main_nodes/share/main_nodes/package.sh'
[1.239s] INFO:colcon.colcon_core.shell:Creating package script '/home/ibrahim/MobiArm/install/main_nodes/share/main_nodes/package.bash'
[1.239s] INFO:colcon.colcon_core.shell:Creating package script '/home/ibrahim/MobiArm/install/main_nodes/share/main_nodes/package.zsh'
[1.239s] Level 1:colcon.colcon_core.environment:create_file_with_runtime_dependencies(/home/ibrahim/MobiArm/install/main_nodes/share/colcon-core/packages/main_nodes)
[1.240s] Level 1:colcon.colcon_core.environment:create_environment_scripts_only(main_nodes)
[1.240s] Level 1:colcon.colcon_core.environment:checking '/home/ibrahim/MobiArm/install/main_nodes' for CMake module files
[1.240s] Level 1:colcon.colcon_core.environment:checking '/home/ibrahim/MobiArm/install/main_nodes' for CMake config files
[1.241s] Level 1:colcon.colcon_core.shell:create_environment_hook('main_nodes', 'cmake_prefix_path')
[1.241s] INFO:colcon.colcon_core.shell:Creating environment hook '/home/ibrahim/MobiArm/install/main_nodes/share/main_nodes/hook/cmake_prefix_path.ps1'
[1.241s] INFO:colcon.colcon_core.shell:Creating environment descriptor '/home/ibrahim/MobiArm/install/main_nodes/share/main_nodes/hook/cmake_prefix_path.dsv'
[1.242s] INFO:colcon.colcon_core.shell:Creating environment hook '/home/ibrahim/MobiArm/install/main_nodes/share/main_nodes/hook/cmake_prefix_path.sh'
[1.242s] Level 1:colcon.colcon_core.environment:checking '/home/ibrahim/MobiArm/install/main_nodes/lib'
[1.242s] Level 1:colcon.colcon_core.environment:checking '/home/ibrahim/MobiArm/install/main_nodes/bin'
[1.242s] Level 1:colcon.colcon_core.environment:checking '/home/ibrahim/MobiArm/install/main_nodes/lib/pkgconfig/main_nodes.pc'
[1.242s] Level 1:colcon.colcon_core.environment:checking '/home/ibrahim/MobiArm/install/main_nodes/lib/python3.10/site-packages'
[1.243s] Level 1:colcon.colcon_core.environment:checking '/home/ibrahim/MobiArm/install/main_nodes/bin'
[1.243s] INFO:colcon.colcon_core.shell:Creating package script '/home/ibrahim/MobiArm/install/main_nodes/share/main_nodes/package.ps1'
[1.243s] INFO:colcon.colcon_core.shell:Creating package descriptor '/home/ibrahim/MobiArm/install/main_nodes/share/main_nodes/package.dsv'
[1.244s] INFO:colcon.colcon_core.shell:Creating package script '/home/ibrahim/MobiArm/install/main_nodes/share/main_nodes/package.sh'
[1.245s] INFO:colcon.colcon_core.shell:Creating package script '/home/ibrahim/MobiArm/install/main_nodes/share/main_nodes/package.bash'
[1.245s] INFO:colcon.colcon_core.shell:Creating package script '/home/ibrahim/MobiArm/install/main_nodes/share/main_nodes/package.zsh'
[1.246s] Level 1:colcon.colcon_core.environment:create_file_with_runtime_dependencies(/home/ibrahim/MobiArm/install/main_nodes/share/colcon-core/packages/main_nodes)
[1.246s] INFO:colcon.colcon_ros.task.ament_cmake.build:Building ROS package in '/home/ibrahim/MobiArm/src/moveit_config' with build type 'ament_cmake'
[1.246s] INFO:colcon.colcon_cmake.task.cmake.build:Building CMake package in '/home/ibrahim/MobiArm/src/moveit_config'
[1.247s] INFO:colcon.colcon_core.shell:Skip shell extension 'powershell' for command environment: Not usable outside of PowerShell
[1.247s] DEBUG:colcon.colcon_core.shell:Skip shell extension 'dsv' for command environment
[1.470s] DEBUG:colcon.colcon_core.event_handler.log_command:Invoking command in '/home/ibrahim/MobiArm/build/moveit_config': CMAKE_PREFIX_PATH=/home/ibrahim/MobiArm/install/main_nodes:/home/ibrahim/MobiArm/install/linkattacher_msgs:/home/ibrahim/MobiArm/install/bin_interfaces:/home/ibrahim/MobiArm/install/ros2_linkattacher:/home/ibrahim/MobiArm/install/moveit_config:/home/ibrahim/MobiArm/install/bin_interface:/home/ibrahim/RobotArmExpanded/install/main_arm_package:/home/ibrahim/RobotArmExpanded/install/action_interfaces:/home/ibrahim/MoveItArm/install/moveit_config:/home/ibrahim/MoveItArm/install/moveit_arm_package:/home/ibrahim/TF2Sample/install/tf2sim:/home/ibrahim/RobotNav/install/main_robot_nodes:/home/ibrahim/RobotNav/install/action_interfaces:/home/ibrahim/RobotMonitor/install/Robot3Node_Package:/home/ibrahim/ros2_ws/install/my_first_package:/home/ibrahim/ros2_ws/install/action_interfaces:/home/ibrahim/RobotArm/install/main_arm_package:/home/ibrahim/RobotArm/install/action_interfaces:/opt/ros/humble LD_LIBRARY_PATH=/home/ibrahim/MobiArm/install/linkattacher_msgs/lib:/home/ibrahim/MobiArm/install/bin_interfaces/lib:/home/ibrahim/MobiArm/install/ros2_linkattacher/lib:/home/ibrahim/MobiArm/install/bin_interface/lib:/home/ibrahim/RobotArmExpanded/install/action_interfaces/lib:/home/ibrahim/RobotArm/install/action_interfaces/lib:/home/ibrahim/RobotNav/install/action_interfaces/lib:/home/ibrahim/ros2_ws/install/action_interfaces/lib:/usr/lib/x86_64-linux-gnu/gazebo-11/plugins:/opt/ros/humble/opt/rviz_ogre_vendor/lib:/opt/ros/humble/lib/x86_64-linux-gnu:/opt/ros/humble/lib /usr/bin/cmake --build /home/ibrahim/MobiArm/build/moveit_config -- -j16 -l16
[1.515s] DEBUG:colcon.colcon_core.event_handler.log_command:Invoked command in '/home/ibrahim/MobiArm/build/moveit_config' returned '0': CMAKE_PREFIX_PATH=/home/ibrahim/MobiArm/install/main_nodes:/home/ibrahim/MobiArm/install/linkattacher_msgs:/home/ibrahim/MobiArm/install/bin_interfaces:/home/ibrahim/MobiArm/install/ros2_linkattacher:/home/ibrahim/MobiArm/install/moveit_config:/home/ibrahim/MobiArm/install/bin_interface:/home/ibrahim/RobotArmExpanded/install/main_arm_package:/home/ibrahim/RobotArmExpanded/install/action_interfaces:/home/ibrahim/MoveItArm/install/moveit_config:/home/ibrahim/MoveItArm/install/moveit_arm_package:/home/ibrahim/TF2Sample/install/tf2sim:/home/ibrahim/RobotNav/install/main_robot_nodes:/home/ibrahim/RobotNav/install/action_interfaces:/home/ibrahim/RobotMonitor/install/Robot3Node_Package:/home/ibrahim/ros2_ws/install/my_first_package:/home/ibrahim/ros2_ws/install/action_interfaces:/home/ibrahim/RobotArm/install/main_arm_package:/home/ibrahim/RobotArm/install/action_interfaces:/opt/ros/humble LD_LIBRARY_PATH=/home/ibrahim/MobiArm/install/linkattacher_msgs/lib:/home/ibrahim/MobiArm/install/bin_interfaces/lib:/home/ibrahim/MobiArm/install/ros2_linkattacher/lib:/home/ibrahim/MobiArm/install/bin_interface/lib:/home/ibrahim/RobotArmExpanded/install/action_interfaces/lib:/home/ibrahim/RobotArm/install/action_interfaces/lib:/home/ibrahim/RobotNav/install/action_interfaces/lib:/home/ibrahim/ros2_ws/install/action_interfaces/lib:/usr/lib/x86_64-linux-gnu/gazebo-11/plugins:/opt/ros/humble/opt/rviz_ogre_vendor/lib:/opt/ros/humble/lib/x86_64-linux-gnu:/opt/ros/humble/lib /usr/bin/cmake --build /home/ibrahim/MobiArm/build/moveit_config -- -j16 -l16
[1.517s] DEBUG:colcon.colcon_core.event_handler.log_command:Invoking command in '/home/ibrahim/MobiArm/build/moveit_config': CMAKE_PREFIX_PATH=/home/ibrahim/MobiArm/install/main_nodes:/home/ibrahim/MobiArm/install/linkattacher_msgs:/home/ibrahim/MobiArm/install/bin_interfaces:/home/ibrahim/MobiArm/install/ros2_linkattacher:/home/ibrahim/MobiArm/install/moveit_config:/home/ibrahim/MobiArm/install/bin_interface:/home/ibrahim/RobotArmExpanded/install/main_arm_package:/home/ibrahim/RobotArmExpanded/install/action_interfaces:/home/ibrahim/MoveItArm/install/moveit_config:/home/ibrahim/MoveItArm/install/moveit_arm_package:/home/ibrahim/TF2Sample/install/tf2sim:/home/ibrahim/RobotNav/install/main_robot_nodes:/home/ibrahim/RobotNav/install/action_interfaces:/home/ibrahim/RobotMonitor/install/Robot3Node_Package:/home/ibrahim/ros2_ws/install/my_first_package:/home/ibrahim/ros2_ws/install/action_interfaces:/home/ibrahim/RobotArm/install/main_arm_package:/home/ibrahim/RobotArm/install/action_interfaces:/opt/ros/humble LD_LIBRARY_PATH=/home/ibrahim/MobiArm/install/linkattacher_msgs/lib:/home/ibrahim/MobiArm/install/bin_interfaces/lib:/home/ibrahim/MobiArm/install/ros2_linkattacher/lib:/home/ibrahim/MobiArm/install/bin_interface/lib:/home/ibrahim/RobotArmExpanded/install/action_interfaces/lib:/home/ibrahim/RobotArm/install/action_interfaces/lib:/home/ibrahim/RobotNav/install/action_interfaces/lib:/home/ibrahim/ros2_ws/install/action_interfaces/lib:/usr/lib/x86_64-linux-gnu/gazebo-11/plugins:/opt/ros/humble/opt/rviz_ogre_vendor/lib:/opt/ros/humble/lib/x86_64-linux-gnu:/opt/ros/humble/lib /usr/bin/cmake --install /home/ibrahim/MobiArm/build/moveit_config
[1.555s] Level 1:colcon.colcon_core.environment:create_environment_scripts_only(moveit_config)
[1.555s] Level 1:colcon.colcon_core.environment:checking '/home/ibrahim/MobiArm/install/moveit_config' for CMake module files
[1.556s] DEBUG:colcon.colcon_core.event_handler.log_command:Invoked command in '/home/ibrahim/MobiArm/build/moveit_config' returned '0': CMAKE_PREFIX_PATH=/home/ibrahim/MobiArm/install/main_nodes:/home/ibrahim/MobiArm/install/linkattacher_msgs:/home/ibrahim/MobiArm/install/bin_interfaces:/home/ibrahim/MobiArm/install/ros2_linkattacher:/home/ibrahim/MobiArm/install/moveit_config:/home/ibrahim/MobiArm/install/bin_interface:/home/ibrahim/RobotArmExpanded/install/main_arm_package:/home/ibrahim/RobotArmExpanded/install/action_interfaces:/home/ibrahim/MoveItArm/install/moveit_config:/home/ibrahim/MoveItArm/install/moveit_arm_package:/home/ibrahim/TF2Sample/install/tf2sim:/home/ibrahim/RobotNav/install/main_robot_nodes:/home/ibrahim/RobotNav/install/action_interfaces:/home/ibrahim/RobotMonitor/install/Robot3Node_Package:/home/ibrahim/ros2_ws/install/my_first_package:/home/ibrahim/ros2_ws/install/action_interfaces:/home/ibrahim/RobotArm/install/main_arm_package:/home/ibrahim/RobotArm/install/action_interfaces:/opt/ros/humble LD_LIBRARY_PATH=/home/ibrahim/MobiArm/install/linkattacher_msgs/lib:/home/ibrahim/MobiArm/install/bin_interfaces/lib:/home/ibrahim/MobiArm/install/ros2_linkattacher/lib:/home/ibrahim/MobiArm/install/bin_interface/lib:/home/ibrahim/RobotArmExpanded/install/action_interfaces/lib:/home/ibrahim/RobotArm/install/action_interfaces/lib:/home/ibrahim/RobotNav/install/action_interfaces/lib:/home/ibrahim/ros2_ws/install/action_interfaces/lib:/usr/lib/x86_64-linux-gnu/gazebo-11/plugins:/opt/ros/humble/opt/rviz_ogre_vendor/lib:/opt/ros/humble/lib/x86_64-linux-gnu:/opt/ros/humble/lib /usr/bin/cmake --install /home/ibrahim/MobiArm/build/moveit_config
[1.556s] Level 1:colcon.colcon_core.environment:checking '/home/ibrahim/MobiArm/install/moveit_config' for CMake config files
[1.556s] Level 1:colcon.colcon_core.shell:create_environment_hook('moveit_config', 'cmake_prefix_path')
[1.557s] INFO:colcon.colcon_core.shell:Creating environment hook '/home/ibrahim/MobiArm/install/moveit_config/share/moveit_config/hook/cmake_prefix_path.ps1'
[1.557s] INFO:colcon.colcon_core.shell:Creating environment descriptor '/home/ibrahim/MobiArm/install/moveit_config/share/moveit_config/hook/cmake_prefix_path.dsv'
[1.557s] INFO:colcon.colcon_core.shell:Creating environment hook '/home/ibrahim/MobiArm/install/moveit_config/share/moveit_config/hook/cmake_prefix_path.sh'
[1.558s] Level 1:colcon.colcon_core.environment:checking '/home/ibrahim/MobiArm/install/moveit_config/bin'
[1.558s] Level 1:colcon.colcon_core.environment:checking '/home/ibrahim/MobiArm/install/moveit_config/lib/pkgconfig/moveit_config.pc'
[1.558s] Level 1:colcon.colcon_core.environment:checking '/home/ibrahim/MobiArm/install/moveit_config/lib/python3.10/site-packages'
[1.558s] Level 1:colcon.colcon_core.environment:checking '/home/ibrahim/MobiArm/install/moveit_config/bin'
[1.559s] INFO:colcon.colcon_core.shell:Creating package script '/home/ibrahim/MobiArm/install/moveit_config/share/moveit_config/package.ps1'
[1.559s] INFO:colcon.colcon_core.shell:Creating package descriptor '/home/ibrahim/MobiArm/install/moveit_config/share/moveit_config/package.dsv'
[1.559s] INFO:colcon.colcon_core.shell:Creating package script '/home/ibrahim/MobiArm/install/moveit_config/share/moveit_config/package.sh'
[1.560s] INFO:colcon.colcon_core.shell:Creating package script '/home/ibrahim/MobiArm/install/moveit_config/share/moveit_config/package.bash'
[1.560s] INFO:colcon.colcon_core.shell:Creating package script '/home/ibrahim/MobiArm/install/moveit_config/share/moveit_config/package.zsh'
[1.561s] Level 1:colcon.colcon_core.environment:create_file_with_runtime_dependencies(/home/ibrahim/MobiArm/install/moveit_config/share/colcon-core/packages/moveit_config)
[1.562s] Level 1:colcon.colcon_core.environment:create_environment_scripts_only(moveit_config)
[1.562s] Level 1:colcon.colcon_core.environment:checking '/home/ibrahim/MobiArm/install/moveit_config' for CMake module files
[1.562s] Level 1:colcon.colcon_core.environment:checking '/home/ibrahim/MobiArm/install/moveit_config' for CMake config files
[1.563s] Level 1:colcon.colcon_core.shell:create_environment_hook('moveit_config', 'cmake_prefix_path')
[1.563s] INFO:colcon.colcon_core.shell:Creating environment hook '/home/ibrahim/MobiArm/install/moveit_config/share/moveit_config/hook/cmake_prefix_path.ps1'
[1.564s] INFO:colcon.colcon_core.shell:Creating environment descriptor '/home/ibrahim/MobiArm/install/moveit_config/share/moveit_config/hook/cmake_prefix_path.dsv'
[1.564s] INFO:colcon.colcon_core.shell:Creating environment hook '/home/ibrahim/MobiArm/install/moveit_config/share/moveit_config/hook/cmake_prefix_path.sh'
[1.564s] Level 1:colcon.colcon_core.environment:checking '/home/ibrahim/MobiArm/install/moveit_config/bin'
[1.564s] Level 1:colcon.colcon_core.environment:checking '/home/ibrahim/MobiArm/install/moveit_config/lib/pkgconfig/moveit_config.pc'
[1.565s] Level 1:colcon.colcon_core.environment:checking '/home/ibrahim/MobiArm/install/moveit_config/lib/python3.10/site-packages'
[1.565s] Level 1:colcon.colcon_core.environment:checking '/home/ibrahim/MobiArm/install/moveit_config/bin'
[1.565s] INFO:colcon.colcon_core.shell:Creating package script '/home/ibrahim/MobiArm/install/moveit_config/share/moveit_config/package.ps1'
[1.565s] INFO:colcon.colcon_core.shell:Creating package descriptor '/home/ibrahim/MobiArm/install/moveit_config/share/moveit_config/package.dsv'
[1.566s] INFO:colcon.colcon_core.shell:Creating package script '/home/ibrahim/MobiArm/install/moveit_config/share/moveit_config/package.sh'
[1.566s] INFO:colcon.colcon_core.shell:Creating package script '/home/ibrahim/MobiArm/install/moveit_config/share/moveit_config/package.bash'
[1.566s] INFO:colcon.colcon_core.shell:Creating package script '/home/ibrahim/MobiArm/install/moveit_config/share/moveit_config/package.zsh'
[1.567s] Level 1:colcon.colcon_core.environment:create_file_with_runtime_dependencies(/home/ibrahim/MobiArm/install/moveit_config/share/colcon-core/packages/moveit_config)
[1.567s] DEBUG:colcon.colcon_parallel_executor.executor.parallel:closing loop
[1.568s] DEBUG:colcon.colcon_parallel_executor.executor.parallel:loop closed
[1.568s] DEBUG:colcon.colcon_parallel_executor.executor.parallel:run_until_complete finished with '0'
[1.568s] DEBUG:colcon.colcon_core.event_reactor:joining thread
[1.614s] INFO:colcon.colcon_core.plugin_system:Skipping extension 'colcon_notification.desktop_notification.notify_send': Could not find 'notify-send'
[1.614s] INFO:colcon.colcon_core.plugin_system:Skipping extension 'colcon_notification.desktop_notification.terminal_notifier': Not used on non-Darwin systems
[1.614s] INFO:colcon.colcon_core.plugin_system:Skipping extension 'colcon_notification.desktop_notification.win32': Not used on non-Windows systems
[1.615s] INFO:colcon.colcon_notification.desktop_notification:Sending desktop notification using 'notify2'
[1.615s] DEBUG:colcon.colcon_notification.desktop_notification.notify2:Failed to initialize notify2: org.freedesktop.DBus.Error.FileNotFound: Failed to connect to socket /run/user/1000/bus: No such file or directory
[1.615s] DEBUG:colcon.colcon_core.event_reactor:joined thread
[1.615s] INFO:colcon.colcon_core.shell:Creating prefix script '/home/ibrahim/MobiArm/install/local_setup.ps1'
[1.616s] INFO:colcon.colcon_core.shell:Creating prefix util module '/home/ibrahim/MobiArm/install/_local_setup_util_ps1.py'
[1.618s] INFO:colcon.colcon_core.shell:Creating prefix chain script '/home/ibrahim/MobiArm/install/setup.ps1'
[1.619s] INFO:colcon.colcon_core.shell:Creating prefix script '/home/ibrahim/MobiArm/install/local_setup.sh'
[1.620s] INFO:colcon.colcon_core.shell:Creating prefix util module '/home/ibrahim/MobiArm/install/_local_setup_util_sh.py'
[1.621s] INFO:colcon.colcon_core.shell:Creating prefix chain script '/home/ibrahim/MobiArm/install/setup.sh'
[1.623s] INFO:colcon.colcon_core.shell:Creating prefix script '/home/ibrahim/MobiArm/install/local_setup.bash'
[1.624s] INFO:colcon.colcon_core.shell:Creating prefix chain script '/home/ibrahim/MobiArm/install/setup.bash'
[1.625s] INFO:colcon.colcon_core.shell:Creating prefix script '/home/ibrahim/MobiArm/install/local_setup.zsh'
[1.626s] INFO:colcon.colcon_core.shell:Creating prefix chain script '/home/ibrahim/MobiArm/install/setup.zsh'
