[0.017s] Invoking command in '/home/ibrahim/MobiArm/build/bin_interfaces': CMAKE_PREFIX_PATH=${CMAKE_PREFIX_PATH}:/home/ibrahim/RobotArm/install/main_arm_package:/home/ibrahim/RobotArm/install/action_interfaces:/opt/ros/humble /usr/bin/cmake --build /home/ibrahim/MobiArm/build/bin_interfaces -- -j16 -l16
[0.157s] -- Found ament_cmake: 1.3.14 (/opt/ros/humble/share/ament_cmake/cmake)
[0.296s] -- Found geometry_msgs: 4.9.1 (/opt/ros/humble/share/geometry_msgs/cmake)
[0.489s] -- Found rosidl_generator_c: 3.1.8 (/opt/ros/humble/share/rosidl_generator_c/cmake)
[0.493s] -- Found rosidl_adapter: 3.1.8 (/opt/ros/humble/share/rosidl_adapter/cmake)
[0.504s] -- Found rosidl_generator_cpp: 3.1.8 (/opt/ros/humble/share/rosidl_generator_cpp/cmake)
[0.519s] -- Using all available rosidl_typesupport_c: rosidl_typesupport_fastrtps_c;rosidl_typesupport_introspection_c
[0.537s] -- Using all available rosidl_typesupport_cpp: rosidl_typesupport_fastrtps_cpp;rosidl_typesupport_introspection_cpp
[0.579s] -- Found rosidl_default_generators: 1.2.1 (/opt/ros/humble/share/rosidl_default_generators/cmake)
[0.772s] CMake Error at /opt/ros/humble/share/rosidl_adapter/cmake/rosidl_adapt_interfaces.cmake:59 (message):
[0.772s]   execute_process(/usr/bin/python3 -m rosidl_adapter --package-name
[0.772s]   bin_interfaces --arguments-file
[0.772s]   /home/ibrahim/MobiArm/build/bin_interfaces/rosidl_adapter__arguments__bin_interfaces.json
[0.772s]   --output-dir
[0.772s]   /home/ibrahim/MobiArm/build/bin_interfaces/rosidl_adapter/bin_interfaces
[0.772s]   --output-file
[0.772s]   /home/ibrahim/MobiArm/build/bin_interfaces/rosidl_adapter/bin_interfaces.idls)
[0.772s]   returned error code 1:
[0.772s] 
[0.772s]   Traceback (most recent call last):
[0.772s] 
[0.772s]     File "/usr/lib/python3.10/runpy.py", line 196, in _run_module_as_main
[0.772s]       return _run_code(code, main_globals, None,
[0.772s]     File "/usr/lib/python3.10/runpy.py", line 86, in _run_code
[0.772s]       exec(code, run_globals)
[0.772s]     File "/opt/ros/humble/local/lib/python3.10/dist-packages/rosidl_adapter/__main__.py", line 19, in <module>
[0.772s]       sys.exit(main())
[0.772s]     File "/opt/ros/humble/local/lib/python3.10/dist-packages/rosidl_adapter/main.py", line 53, in main
[0.773s]       abs_idl_file = convert_to_idl(
[0.773s]     File "/opt/ros/humble/local/lib/python3.10/dist-packages/rosidl_adapter/__init__.py", line 24, in convert_to_idl
[0.773s]       return convert_srv_to_idl(
[0.773s]     File "/opt/ros/humble/local/lib/python3.10/dist-packages/rosidl_adapter/srv/__init__.py", line 28, in convert_srv_to_idl
[0.773s]       srv = parse_service_string(package_name, input_file.stem, content)
[0.773s]     File "/opt/ros/humble/local/lib/python3.10/dist-packages/rosidl_adapter/parser.py", line 850, in parse_service_string
[0.773s]       raise InvalidServiceSpecification(
[0.773s] 
[0.773s]   rosidl_adapter.parser.InvalidServiceSpecification: Could not find separator
[0.773s]   '---' between request and response
[0.773s] 
[0.773s] Call Stack (most recent call first):
[0.773s]   /opt/ros/humble/share/rosidl_cmake/cmake/rosidl_generate_interfaces.cmake:130 (rosidl_adapt_interfaces)
[0.773s]   CMakeLists.txt:16 (rosidl_generate_interfaces)
[0.773s] 
[0.773s] 
[0.773s] -- Configuring incomplete, errors occurred!
[0.773s] See also "/home/ibrahim/MobiArm/build/bin_interfaces/CMakeFiles/CMakeOutput.log".
[0.783s] gmake: *** [Makefile:761: cmake_check_build_system] Error 1
[0.786s] Invoked command in '/home/ibrahim/MobiArm/build/bin_interfaces' returned '2': CMAKE_PREFIX_PATH=${CMAKE_PREFIX_PATH}:/home/ibrahim/RobotArm/install/main_arm_package:/home/ibrahim/RobotArm/install/action_interfaces:/opt/ros/humble /usr/bin/cmake --build /home/ibrahim/MobiArm/build/bin_interfaces -- -j16 -l16
