[0.028s] Invoking command in '/home/ibrahim/MobiArm/build/main_nodes': CMAKE_PREFIX_PATH=${CMAKE_PREFIX_PATH}:/home/ibrahim/RobotArm/install/main_arm_package:/home/ibrahim/RobotArm/install/action_interfaces:/opt/ros/humble /usr/bin/cmake --build /home/ibrahim/MobiArm/build/main_nodes -- -j16 -l16
[0.151s] [100%] Built target RunNode
[0.177s] Invoked command in '/home/ibrahim/MobiArm/build/main_nodes' returned '0': CMAKE_PREFIX_PATH=${CMAKE_PREFIX_PATH}:/home/ibrahim/RobotArm/install/main_arm_package:/home/ibrahim/RobotArm/install/action_interfaces:/opt/ros/humble /usr/bin/cmake --build /home/ibrahim/MobiArm/build/main_nodes -- -j16 -l16
[0.198s] Invoking command in '/home/ibrahim/MobiArm/build/main_nodes': CMAKE_PREFIX_PATH=${CMAKE_PREFIX_PATH}:/home/ibrahim/RobotArm/install/main_arm_package:/home/ibrahim/RobotArm/install/action_interfaces:/opt/ros/humble /usr/bin/cmake --install /home/ibrahim/MobiArm/build/main_nodes
[0.214s] -- Install configuration: ""
[0.214s] -- Up-to-date: /home/ibrahim/MobiArm/install/main_nodes/lib/main_nodes/RunNode
[0.214s] -- Up-to-date: /home/ibrahim/MobiArm/install/main_nodes/share/main_nodes/launch
[0.215s] -- Up-to-date: /home/ibrahim/MobiArm/install/main_nodes/share/main_nodes/launch/display.launch.py
[0.215s] -- Up-to-date: /home/ibrahim/MobiArm/install/main_nodes/share/main_nodes/urdf
[0.215s] -- Up-to-date: /home/ibrahim/MobiArm/install/main_nodes/share/main_nodes/urdf/arm.urdf.xacro
[0.215s] -- Installing: /home/ibrahim/MobiArm/install/main_nodes/share/main_nodes/urdf/base.urdf.xacro
[0.215s] -- Up-to-date: /home/ibrahim/MobiArm/install/main_nodes/share/main_nodes/urdf/robot.urdf.xacro
[0.216s] -- Up-to-date: /home/ibrahim/MobiArm/install/main_nodes/share/main_nodes/rviz
[0.216s] -- Up-to-date: /home/ibrahim/MobiArm/install/main_nodes/share/main_nodes/rviz/model.rviz
[0.216s] -- Up-to-date: /home/ibrahim/MobiArm/install/main_nodes/share/ament_index/resource_index/package_run_dependencies/main_nodes
[0.216s] -- Up-to-date: /home/ibrahim/MobiArm/install/main_nodes/share/ament_index/resource_index/parent_prefix_path/main_nodes
[0.216s] -- Up-to-date: /home/ibrahim/MobiArm/install/main_nodes/share/main_nodes/environment/ament_prefix_path.sh
[0.217s] -- Up-to-date: /home/ibrahim/MobiArm/install/main_nodes/share/main_nodes/environment/ament_prefix_path.dsv
[0.217s] -- Up-to-date: /home/ibrahim/MobiArm/install/main_nodes/share/main_nodes/environment/path.sh
[0.217s] -- Up-to-date: /home/ibrahim/MobiArm/install/main_nodes/share/main_nodes/environment/path.dsv
[0.217s] -- Up-to-date: /home/ibrahim/MobiArm/install/main_nodes/share/main_nodes/local_setup.bash
[0.217s] -- Up-to-date: /home/ibrahim/MobiArm/install/main_nodes/share/main_nodes/local_setup.sh
[0.218s] -- Up-to-date: /home/ibrahim/MobiArm/install/main_nodes/share/main_nodes/local_setup.zsh
[0.218s] -- Up-to-date: /home/ibrahim/MobiArm/install/main_nodes/share/main_nodes/local_setup.dsv
[0.218s] -- Installing: /home/ibrahim/MobiArm/install/main_nodes/share/main_nodes/package.dsv
[0.218s] -- Up-to-date: /home/ibrahim/MobiArm/install/main_nodes/share/ament_index/resource_index/packages/main_nodes
[0.219s] -- Up-to-date: /home/ibrahim/MobiArm/install/main_nodes/share/main_nodes/cmake/main_nodesConfig.cmake
[0.219s] -- Up-to-date: /home/ibrahim/MobiArm/install/main_nodes/share/main_nodes/cmake/main_nodesConfig-version.cmake
[0.219s] -- Up-to-date: /home/ibrahim/MobiArm/install/main_nodes/share/main_nodes/package.xml
[0.224s] Invoked command in '/home/ibrahim/MobiArm/build/main_nodes' returned '0': CMAKE_PREFIX_PATH=${CMAKE_PREFIX_PATH}:/home/ibrahim/RobotArm/install/main_arm_package:/home/ibrahim/RobotArm/install/action_interfaces:/opt/ros/humble /usr/bin/cmake --install /home/ibrahim/MobiArm/build/main_nodes
