[0.022s] Invoking command in '/home/ibrahim/MobiArm/build/bin_interface': CMAKE_PREFIX_PATH=${CMAKE_PREFIX_PATH}:/home/ibrahim/RobotArm/install/main_arm_package:/home/ibrahim/RobotArm/install/action_interfaces:/opt/ros/humble /usr/bin/cmake --build /home/ibrahim/MobiArm/build/bin_interface -- -j16 -l16
[0.084s] -- Found ament_cmake: 1.3.14 (/opt/ros/humble/share/ament_cmake/cmake)
[0.254s] -- Found geometry_msgs: 4.9.1 (/opt/ros/humble/share/geometry_msgs/cmake)
[0.394s] -- Found rosidl_generator_c: 3.1.8 (/opt/ros/humble/share/rosidl_generator_c/cmake)
[0.398s] -- Found rosidl_adapter: 3.1.8 (/opt/ros/humble/share/rosidl_adapter/cmake)
[0.409s] -- Found rosidl_generator_cpp: 3.1.8 (/opt/ros/humble/share/rosidl_generator_cpp/cmake)
[0.425s] -- Using all available rosidl_typesupport_c: rosidl_typesupport_fastrtps_c;rosidl_typesupport_introspection_c
[0.441s] -- Using all available rosidl_typesupport_cpp: rosidl_typesupport_fastrtps_cpp;rosidl_typesupport_introspection_cpp
[0.489s] -- Found rosidl_default_generators: 1.2.1 (/opt/ros/humble/share/rosidl_default_generators/cmake)
[0.770s] -- Found ament_cmake_ros: 0.10.0 (/opt/ros/humble/share/ament_cmake_ros/cmake)
[1.162s] -- Using all available rosidl_typesupport_c: rosidl_typesupport_fastrtps_c;rosidl_typesupport_introspection_c
[1.303s] -- Using all available rosidl_typesupport_cpp: rosidl_typesupport_fastrtps_cpp;rosidl_typesupport_introspection_cpp
[1.442s] -- Found PythonInterp: /usr/bin/python3 (found suitable version "3.10.12", minimum required is "3.6") 
[1.448s] -- Found python_cmake_module: 0.10.0 (/opt/ros/humble/share/python_cmake_module/cmake)
[1.857s] -- Found PythonLibs: /usr/lib/x86_64-linux-gnu/libpython3.10.so (found suitable version "3.10.12", minimum required is "3.5") 
[1.857s] -- Using PYTHON_EXECUTABLE: /usr/bin/python3
[1.857s] -- Using PYTHON_INCLUDE_DIRS: /usr/include/python3.10
[1.857s] -- Using PYTHON_LIBRARIES: /usr/lib/x86_64-linux-gnu/libpython3.10.so
[1.877s] -- Found PythonExtra: .so  
[2.049s] -- Found ament_lint_auto: 0.12.15 (/opt/ros/humble/share/ament_lint_auto/cmake)
[2.082s] -- Added test 'lint_cmake' to check CMake code style
[2.084s] -- Added test 'xmllint' to check XML markup files
[2.089s] -- Configuring done
[2.158s] -- Generating done
[2.171s] -- Build files have been written to: /home/ibrahim/MobiArm/build/bin_interface
[2.213s] [  3%] [34m[1mGenerating C code for ROS interfaces[0m
[2.226s] [  9%] [34m[1mGenerating Rust code for ROS interfaces[0m
[2.226s] [  9%] [34m[1mGenerating C++ code for ROS interfaces[0m
[2.238s] [  9%] Built target ament_cmake_python_copy_bin_interface
[2.486s] [  9%] Built target bin_interface__rs
[2.497s] running egg_info
[2.498s] creating bin_interface.egg-info
[2.499s] writing bin_interface.egg-info/PKG-INFO
[2.500s] writing dependency_links to bin_interface.egg-info/dependency_links.txt
[2.500s] writing top-level names to bin_interface.egg-info/top_level.txt
[2.500s] writing manifest file 'bin_interface.egg-info/SOURCES.txt'
[2.501s] [  9%] Built target bin_interface__cpp
[2.504s] reading manifest file 'bin_interface.egg-info/SOURCES.txt'
[2.505s] writing manifest file 'bin_interface.egg-info/SOURCES.txt'
[2.518s] [ 15%] [34m[1mGenerating C++ type support dispatch for ROS interfaces[0m
[2.518s] [ 15%] [34m[1mGenerating C++ introspection for ROS interfaces[0m
[2.519s] [ 18%] [34m[1mGenerating C++ type support for eProsima Fast-RTPS[0m
[2.530s] [ 21%] [32mBuilding C object CMakeFiles/bin_interface__rosidl_generator_c.dir/rosidl_generator_c/bin_interface/srv/detail/get_targets__functions.c.o[0m
[2.573s] [ 21%] Built target ament_cmake_python_build_bin_interface_egg
[2.700s] [ 25%] [32m[1mLinking C shared library libbin_interface__rosidl_generator_c.so[0m
[2.787s] [ 28%] [32mBuilding CXX object CMakeFiles/bin_interface__rosidl_typesupport_cpp.dir/rosidl_typesupport_cpp/bin_interface/srv/get_targets__type_support.cpp.o[0m
[2.807s] [ 34%] [32mBuilding CXX object CMakeFiles/bin_interface__rosidl_typesupport_introspection_cpp.dir/rosidl_typesupport_introspection_cpp/bin_interface/srv/detail/get_targets__type_support.cpp.o[0m
[2.807s] [ 34%] [32mBuilding CXX object CMakeFiles/bin_interface__rosidl_typesupport_fastrtps_cpp.dir/rosidl_typesupport_fastrtps_cpp/bin_interface/srv/detail/dds_fastrtps/get_targets__type_support.cpp.o[0m
[2.836s] [ 34%] Built target bin_interface__rosidl_generator_c
[2.849s] [ 43%] [34m[1mGenerating C type support for eProsima Fast-RTPS[0m
[2.849s] [ 43%] [34m[1mGenerating C introspection for ROS interfaces[0m
[2.850s] [ 43%] [34m[1mGenerating C type support dispatch for ROS interfaces[0m
[3.109s] [ 46%] [32mBuilding CXX object CMakeFiles/bin_interface__rosidl_typesupport_c.dir/rosidl_typesupport_c/bin_interface/srv/get_targets__type_support.cpp.o[0m
[3.146s] [ 50%] [32mBuilding C object CMakeFiles/bin_interface__rosidl_typesupport_introspection_c.dir/rosidl_typesupport_introspection_c/bin_interface/srv/detail/get_targets__type_support.c.o[0m
[3.148s] [ 53%] [32mBuilding CXX object CMakeFiles/bin_interface__rosidl_typesupport_fastrtps_c.dir/rosidl_typesupport_fastrtps_c/bin_interface/srv/detail/get_targets__type_support_c.cpp.o[0m
[3.159s] [ 56%] [32m[1mLinking CXX shared library libbin_interface__rosidl_typesupport_c.so[0m
[3.168s] [ 59%] [32m[1mLinking CXX shared library libbin_interface__rosidl_typesupport_cpp.so[0m
[3.194s] [ 62%] [32m[1mLinking C shared library libbin_interface__rosidl_typesupport_introspection_c.so[0m
[3.251s] [ 65%] [32m[1mLinking CXX shared library libbin_interface__rosidl_typesupport_introspection_cpp.so[0m
[3.284s] [ 65%] Built target bin_interface__rosidl_typesupport_c
[3.289s] [ 68%] [32m[1mLinking CXX shared library libbin_interface__rosidl_typesupport_fastrtps_cpp.so[0m
[3.294s] [ 68%] Built target bin_interface__rosidl_typesupport_cpp
[3.310s] [ 68%] Built target bin_interface__rosidl_typesupport_introspection_c
[3.399s] [ 68%] Built target bin_interface__rosidl_typesupport_introspection_cpp
[3.453s] [ 68%] Built target bin_interface__rosidl_typesupport_fastrtps_cpp
[3.474s] [ 71%] [32m[1mLinking CXX shared library libbin_interface__rosidl_typesupport_fastrtps_c.so[0m
[3.635s] [ 71%] Built target bin_interface__rosidl_typesupport_fastrtps_c
[3.661s] [ 71%] Built target bin_interface
[3.688s] [ 75%] [34m[1mGenerating Python code for ROS interfaces[0m
[3.964s] [ 75%] Built target bin_interface__py
[3.990s] [ 78%] [32mBuilding C object CMakeFiles/bin_interface__rosidl_generator_py.dir/rosidl_generator_py/bin_interface/srv/_get_targets_s.c.o[0m
[4.132s] [ 81%] [32m[1mLinking C shared library rosidl_generator_py/bin_interface/libbin_interface__rosidl_generator_py.so[0m
[4.250s] [ 81%] Built target bin_interface__rosidl_generator_py
[4.274s] [ 90%] [32mBuilding C object CMakeFiles/bin_interface__rosidl_typesupport_introspection_c__pyext.dir/rosidl_generator_py/bin_interface/_bin_interface_s.ep.rosidl_typesupport_introspection_c.c.o[0m
[4.275s] [ 90%] [32mBuilding C object CMakeFiles/bin_interface__rosidl_typesupport_c__pyext.dir/rosidl_generator_py/bin_interface/_bin_interface_s.ep.rosidl_typesupport_c.c.o[0m
[4.275s] [ 90%] [32mBuilding C object CMakeFiles/bin_interface__rosidl_typesupport_fastrtps_c__pyext.dir/rosidl_generator_py/bin_interface/_bin_interface_s.ep.rosidl_typesupport_fastrtps_c.c.o[0m
[4.380s] [ 93%] [32m[1mLinking C shared library rosidl_generator_py/bin_interface/bin_interface_s__rosidl_typesupport_c.cpython-310-x86_64-linux-gnu.so[0m
[4.385s] [100%] [32m[1mLinking C shared library rosidl_generator_py/bin_interface/bin_interface_s__rosidl_typesupport_introspection_c.cpython-310-x86_64-linux-gnu.so[0m
[4.385s] [100%] [32m[1mLinking C shared library rosidl_generator_py/bin_interface/bin_interface_s__rosidl_typesupport_fastrtps_c.cpython-310-x86_64-linux-gnu.so[0m
[4.475s] [100%] Built target bin_interface__rosidl_typesupport_c__pyext
[4.475s] [100%] Built target bin_interface__rosidl_typesupport_fastrtps_c__pyext
[4.475s] [100%] Built target bin_interface__rosidl_typesupport_introspection_c__pyext
[4.489s] Invoked command in '/home/ibrahim/MobiArm/build/bin_interface' returned '0': CMAKE_PREFIX_PATH=${CMAKE_PREFIX_PATH}:/home/ibrahim/RobotArm/install/main_arm_package:/home/ibrahim/RobotArm/install/action_interfaces:/opt/ros/humble /usr/bin/cmake --build /home/ibrahim/MobiArm/build/bin_interface -- -j16 -l16
[4.501s] Invoking command in '/home/ibrahim/MobiArm/build/bin_interface': CMAKE_PREFIX_PATH=${CMAKE_PREFIX_PATH}:/home/ibrahim/RobotArm/install/main_arm_package:/home/ibrahim/RobotArm/install/action_interfaces:/opt/ros/humble /usr/bin/cmake --install /home/ibrahim/MobiArm/build/bin_interface
[4.510s] -- Install configuration: ""
[4.511s] -- Installing: /home/ibrahim/MobiArm/install/bin_interface/share/ament_index/resource_index/rosidl_interfaces/bin_interface
[4.511s] -- Installing: /home/ibrahim/MobiArm/install/bin_interface/include/bin_interface/bin_interface
[4.512s] -- Installing: /home/ibrahim/MobiArm/install/bin_interface/include/bin_interface/bin_interface/srv
[4.513s] -- Installing: /home/ibrahim/MobiArm/install/bin_interface/include/bin_interface/bin_interface/srv/get_targets.h
[4.513s] -- Installing: /home/ibrahim/MobiArm/install/bin_interface/include/bin_interface/bin_interface/srv/detail
[4.513s] -- Installing: /home/ibrahim/MobiArm/install/bin_interface/include/bin_interface/bin_interface/srv/detail/get_targets__type_support.h
[4.514s] -- Installing: /home/ibrahim/MobiArm/install/bin_interface/include/bin_interface/bin_interface/srv/detail/get_targets__functions.c
[4.514s] -- Installing: /home/ibrahim/MobiArm/install/bin_interface/include/bin_interface/bin_interface/srv/detail/get_targets__functions.h
[4.514s] -- Installing: /home/ibrahim/MobiArm/install/bin_interface/include/bin_interface/bin_interface/srv/detail/get_targets__struct.h
[4.514s] -- Installing: /home/ibrahim/MobiArm/install/bin_interface/include/bin_interface/bin_interface/msg
[4.515s] -- Installing: /home/ibrahim/MobiArm/install/bin_interface/include/bin_interface/bin_interface/msg/rosidl_generator_c__visibility_control.h
[4.515s] -- Installing: /home/ibrahim/MobiArm/install/bin_interface/share/bin_interface/environment/library_path.sh
[4.515s] -- Installing: /home/ibrahim/MobiArm/install/bin_interface/share/bin_interface/environment/library_path.dsv
[4.515s] -- Installing: /home/ibrahim/MobiArm/install/bin_interface/lib/libbin_interface__rosidl_generator_c.so
[4.516s] -- Set runtime path of "/home/ibrahim/MobiArm/install/bin_interface/lib/libbin_interface__rosidl_generator_c.so" to ""
[4.516s] -- Up-to-date: /home/ibrahim/MobiArm/install/bin_interface/include/bin_interface/bin_interface
[4.516s] -- Up-to-date: /home/ibrahim/MobiArm/install/bin_interface/include/bin_interface/bin_interface/srv
[4.517s] -- Up-to-date: /home/ibrahim/MobiArm/install/bin_interface/include/bin_interface/bin_interface/srv/detail
[4.517s] -- Installing: /home/ibrahim/MobiArm/install/bin_interface/include/bin_interface/bin_interface/srv/detail/get_targets__rosidl_typesupport_fastrtps_c.h
[4.517s] -- Up-to-date: /home/ibrahim/MobiArm/install/bin_interface/include/bin_interface/bin_interface/msg
[4.517s] -- Installing: /home/ibrahim/MobiArm/install/bin_interface/include/bin_interface/bin_interface/msg/rosidl_typesupport_fastrtps_c__visibility_control.h
[4.517s] -- Installing: /home/ibrahim/MobiArm/install/bin_interface/lib/libbin_interface__rosidl_typesupport_fastrtps_c.so
[4.517s] -- Set runtime path of "/home/ibrahim/MobiArm/install/bin_interface/lib/libbin_interface__rosidl_typesupport_fastrtps_c.so" to ""
[4.518s] -- Up-to-date: /home/ibrahim/MobiArm/install/bin_interface/include/bin_interface/bin_interface
[4.518s] -- Up-to-date: /home/ibrahim/MobiArm/install/bin_interface/include/bin_interface/bin_interface/srv
[4.518s] -- Installing: /home/ibrahim/MobiArm/install/bin_interface/include/bin_interface/bin_interface/srv/get_targets.hpp
[4.518s] -- Up-to-date: /home/ibrahim/MobiArm/install/bin_interface/include/bin_interface/bin_interface/srv/detail
[4.518s] -- Installing: /home/ibrahim/MobiArm/install/bin_interface/include/bin_interface/bin_interface/srv/detail/get_targets__struct.hpp
[4.518s] -- Installing: /home/ibrahim/MobiArm/install/bin_interface/include/bin_interface/bin_interface/srv/detail/get_targets__builder.hpp
[4.518s] -- Installing: /home/ibrahim/MobiArm/install/bin_interface/include/bin_interface/bin_interface/srv/detail/get_targets__traits.hpp
[4.519s] -- Installing: /home/ibrahim/MobiArm/install/bin_interface/include/bin_interface/bin_interface/srv/detail/get_targets__type_support.hpp
[4.519s] -- Up-to-date: /home/ibrahim/MobiArm/install/bin_interface/include/bin_interface/bin_interface/msg
[4.519s] -- Installing: /home/ibrahim/MobiArm/install/bin_interface/include/bin_interface/bin_interface/msg/rosidl_generator_cpp__visibility_control.hpp
[4.519s] -- Up-to-date: /home/ibrahim/MobiArm/install/bin_interface/include/bin_interface/bin_interface
[4.519s] -- Up-to-date: /home/ibrahim/MobiArm/install/bin_interface/include/bin_interface/bin_interface/srv
[4.519s] -- Up-to-date: /home/ibrahim/MobiArm/install/bin_interface/include/bin_interface/bin_interface/srv/detail
[4.519s] -- Installing: /home/ibrahim/MobiArm/install/bin_interface/include/bin_interface/bin_interface/srv/detail/get_targets__rosidl_typesupport_fastrtps_cpp.hpp
[4.520s] -- Installing: /home/ibrahim/MobiArm/install/bin_interface/include/bin_interface/bin_interface/srv/detail/dds_fastrtps
[4.520s] -- Up-to-date: /home/ibrahim/MobiArm/install/bin_interface/include/bin_interface/bin_interface/msg
[4.520s] -- Installing: /home/ibrahim/MobiArm/install/bin_interface/include/bin_interface/bin_interface/msg/rosidl_typesupport_fastrtps_cpp__visibility_control.h
[4.520s] -- Installing: /home/ibrahim/MobiArm/install/bin_interface/lib/libbin_interface__rosidl_typesupport_fastrtps_cpp.so
[4.521s] -- Set runtime path of "/home/ibrahim/MobiArm/install/bin_interface/lib/libbin_interface__rosidl_typesupport_fastrtps_cpp.so" to ""
[4.521s] -- Up-to-date: /home/ibrahim/MobiArm/install/bin_interface/include/bin_interface/bin_interface
[4.521s] -- Up-to-date: /home/ibrahim/MobiArm/install/bin_interface/include/bin_interface/bin_interface/srv
[4.521s] -- Up-to-date: /home/ibrahim/MobiArm/install/bin_interface/include/bin_interface/bin_interface/srv/detail
[4.522s] -- Installing: /home/ibrahim/MobiArm/install/bin_interface/include/bin_interface/bin_interface/srv/detail/get_targets__type_support.c
[4.522s] -- Installing: /home/ibrahim/MobiArm/install/bin_interface/include/bin_interface/bin_interface/srv/detail/get_targets__rosidl_typesupport_introspection_c.h
[4.522s] -- Up-to-date: /home/ibrahim/MobiArm/install/bin_interface/include/bin_interface/bin_interface/msg
[4.522s] -- Installing: /home/ibrahim/MobiArm/install/bin_interface/include/bin_interface/bin_interface/msg/rosidl_typesupport_introspection_c__visibility_control.h
[4.522s] -- Installing: /home/ibrahim/MobiArm/install/bin_interface/lib/libbin_interface__rosidl_typesupport_introspection_c.so
[4.522s] -- Set runtime path of "/home/ibrahim/MobiArm/install/bin_interface/lib/libbin_interface__rosidl_typesupport_introspection_c.so" to ""
[4.522s] -- Installing: /home/ibrahim/MobiArm/install/bin_interface/lib/libbin_interface__rosidl_typesupport_c.so
[4.523s] -- Set runtime path of "/home/ibrahim/MobiArm/install/bin_interface/lib/libbin_interface__rosidl_typesupport_c.so" to ""
[4.523s] -- Up-to-date: /home/ibrahim/MobiArm/install/bin_interface/include/bin_interface/bin_interface
[4.523s] -- Up-to-date: /home/ibrahim/MobiArm/install/bin_interface/include/bin_interface/bin_interface/srv
[4.523s] -- Up-to-date: /home/ibrahim/MobiArm/install/bin_interface/include/bin_interface/bin_interface/srv/detail
[4.523s] -- Installing: /home/ibrahim/MobiArm/install/bin_interface/include/bin_interface/bin_interface/srv/detail/get_targets__type_support.cpp
[4.523s] -- Installing: /home/ibrahim/MobiArm/install/bin_interface/include/bin_interface/bin_interface/srv/detail/get_targets__rosidl_typesupport_introspection_cpp.hpp
[4.523s] -- Installing: /home/ibrahim/MobiArm/install/bin_interface/lib/libbin_interface__rosidl_typesupport_introspection_cpp.so
[4.524s] -- Set runtime path of "/home/ibrahim/MobiArm/install/bin_interface/lib/libbin_interface__rosidl_typesupport_introspection_cpp.so" to ""
[4.524s] -- Installing: /home/ibrahim/MobiArm/install/bin_interface/lib/libbin_interface__rosidl_typesupport_cpp.so
[4.524s] -- Set runtime path of "/home/ibrahim/MobiArm/install/bin_interface/lib/libbin_interface__rosidl_typesupport_cpp.so" to ""
[4.525s] -- Installing: /home/ibrahim/MobiArm/install/bin_interface/share/bin_interface/environment/pythonpath.sh
[4.525s] -- Installing: /home/ibrahim/MobiArm/install/bin_interface/share/bin_interface/environment/pythonpath.dsv
[4.525s] -- Installing: /home/ibrahim/MobiArm/install/bin_interface/local/lib/python3.10/dist-packages/bin_interface-0.0.0-py3.10.egg-info
[4.527s] -- Installing: /home/ibrahim/MobiArm/install/bin_interface/local/lib/python3.10/dist-packages/bin_interface-0.0.0-py3.10.egg-info/top_level.txt
[4.527s] -- Installing: /home/ibrahim/MobiArm/install/bin_interface/local/lib/python3.10/dist-packages/bin_interface-0.0.0-py3.10.egg-info/PKG-INFO
[4.527s] -- Installing: /home/ibrahim/MobiArm/install/bin_interface/local/lib/python3.10/dist-packages/bin_interface-0.0.0-py3.10.egg-info/dependency_links.txt
[4.528s] -- Installing: /home/ibrahim/MobiArm/install/bin_interface/local/lib/python3.10/dist-packages/bin_interface-0.0.0-py3.10.egg-info/SOURCES.txt
[4.528s] -- Installing: /home/ibrahim/MobiArm/install/bin_interface/local/lib/python3.10/dist-packages/bin_interface
[4.528s] -- Installing: /home/ibrahim/MobiArm/install/bin_interface/local/lib/python3.10/dist-packages/bin_interface/bin_interface_s__rosidl_typesupport_fastrtps_c.cpython-310-x86_64-linux-gnu.so
[4.529s] -- Installing: /home/ibrahim/MobiArm/install/bin_interface/local/lib/python3.10/dist-packages/bin_interface/bin_interface_s__rosidl_typesupport_introspection_c.cpython-310-x86_64-linux-gnu.so
[4.529s] -- Installing: /home/ibrahim/MobiArm/install/bin_interface/local/lib/python3.10/dist-packages/bin_interface/libbin_interface__rosidl_generator_py.so
[4.529s] -- Installing: /home/ibrahim/MobiArm/install/bin_interface/local/lib/python3.10/dist-packages/bin_interface/_bin_interface_s.ep.rosidl_typesupport_c.c
[4.529s] -- Installing: /home/ibrahim/MobiArm/install/bin_interface/local/lib/python3.10/dist-packages/bin_interface/srv
[4.530s] -- Installing: /home/ibrahim/MobiArm/install/bin_interface/local/lib/python3.10/dist-packages/bin_interface/srv/_get_targets_s.c
[4.530s] -- Installing: /home/ibrahim/MobiArm/install/bin_interface/local/lib/python3.10/dist-packages/bin_interface/srv/_get_targets.py
[4.530s] -- Installing: /home/ibrahim/MobiArm/install/bin_interface/local/lib/python3.10/dist-packages/bin_interface/srv/__init__.py
[4.531s] -- Installing: /home/ibrahim/MobiArm/install/bin_interface/local/lib/python3.10/dist-packages/bin_interface/bin_interface_s__rosidl_typesupport_c.cpython-310-x86_64-linux-gnu.so
[4.531s] -- Installing: /home/ibrahim/MobiArm/install/bin_interface/local/lib/python3.10/dist-packages/bin_interface/_bin_interface_s.ep.rosidl_typesupport_fastrtps_c.c
[4.531s] -- Installing: /home/ibrahim/MobiArm/install/bin_interface/local/lib/python3.10/dist-packages/bin_interface/_bin_interface_s.ep.rosidl_typesupport_introspection_c.c
[4.531s] -- Installing: /home/ibrahim/MobiArm/install/bin_interface/local/lib/python3.10/dist-packages/bin_interface/__init__.py
[4.565s] Listing '/home/ibrahim/MobiArm/install/bin_interface/local/lib/python3.10/dist-packages/bin_interface'...
[4.565s] Compiling '/home/ibrahim/MobiArm/install/bin_interface/local/lib/python3.10/dist-packages/bin_interface/__init__.py'...
[4.565s] Listing '/home/ibrahim/MobiArm/install/bin_interface/local/lib/python3.10/dist-packages/bin_interface/srv'...
[4.565s] Compiling '/home/ibrahim/MobiArm/install/bin_interface/local/lib/python3.10/dist-packages/bin_interface/srv/__init__.py'...
[4.565s] Compiling '/home/ibrahim/MobiArm/install/bin_interface/local/lib/python3.10/dist-packages/bin_interface/srv/_get_targets.py'...
[4.570s] -- Installing: /home/ibrahim/MobiArm/install/bin_interface/local/lib/python3.10/dist-packages/bin_interface/bin_interface_s__rosidl_typesupport_fastrtps_c.cpython-310-x86_64-linux-gnu.so
[4.570s] -- Set runtime path of "/home/ibrahim/MobiArm/install/bin_interface/local/lib/python3.10/dist-packages/bin_interface/bin_interface_s__rosidl_typesupport_fastrtps_c.cpython-310-x86_64-linux-gnu.so" to ""
[4.570s] -- Installing: /home/ibrahim/MobiArm/install/bin_interface/local/lib/python3.10/dist-packages/bin_interface/bin_interface_s__rosidl_typesupport_introspection_c.cpython-310-x86_64-linux-gnu.so
[4.571s] -- Set runtime path of "/home/ibrahim/MobiArm/install/bin_interface/local/lib/python3.10/dist-packages/bin_interface/bin_interface_s__rosidl_typesupport_introspection_c.cpython-310-x86_64-linux-gnu.so" to ""
[4.571s] -- Installing: /home/ibrahim/MobiArm/install/bin_interface/local/lib/python3.10/dist-packages/bin_interface/bin_interface_s__rosidl_typesupport_c.cpython-310-x86_64-linux-gnu.so
[4.571s] -- Set runtime path of "/home/ibrahim/MobiArm/install/bin_interface/local/lib/python3.10/dist-packages/bin_interface/bin_interface_s__rosidl_typesupport_c.cpython-310-x86_64-linux-gnu.so" to ""
[4.571s] -- Installing: /home/ibrahim/MobiArm/install/bin_interface/lib/libbin_interface__rosidl_generator_py.so
[4.572s] -- Set runtime path of "/home/ibrahim/MobiArm/install/bin_interface/lib/libbin_interface__rosidl_generator_py.so" to ""
[4.572s] -- Installing: /home/ibrahim/MobiArm/install/bin_interface/share/ament_index/resource_index/rust_packages/bin_interface
[4.573s] -- Installing: /home/ibrahim/MobiArm/install/bin_interface/share/bin_interface/rust
[4.573s] -- Installing: /home/ibrahim/MobiArm/install/bin_interface/share/bin_interface/rust/src
[4.573s] -- Installing: /home/ibrahim/MobiArm/install/bin_interface/share/bin_interface/rust/src/lib.rs
[4.574s] -- Installing: /home/ibrahim/MobiArm/install/bin_interface/share/bin_interface/rust/src/srv
[4.575s] -- Installing: /home/ibrahim/MobiArm/install/bin_interface/share/bin_interface/rust/src/srv/rmw.rs
[4.575s] -- Installing: /home/ibrahim/MobiArm/install/bin_interface/share/bin_interface/rust/src/srv.rs
[4.575s] -- Installing: /home/ibrahim/MobiArm/install/bin_interface/share/bin_interface/rust/build.rs
[4.575s] -- Installing: /home/ibrahim/MobiArm/install/bin_interface/share/bin_interface/rust/Cargo.toml
[4.576s] -- Installing: /home/ibrahim/MobiArm/install/bin_interface/share/bin_interface/srv/GetTargets.idl
[4.576s] -- Installing: /home/ibrahim/MobiArm/install/bin_interface/share/bin_interface/srv/GetTargets.srv
[4.576s] -- Installing: /home/ibrahim/MobiArm/install/bin_interface/share/bin_interface/srv/GetTargets_Request.msg
[4.576s] -- Installing: /home/ibrahim/MobiArm/install/bin_interface/share/bin_interface/srv/GetTargets_Response.msg
[4.577s] -- Installing: /home/ibrahim/MobiArm/install/bin_interface/share/ament_index/resource_index/package_run_dependencies/bin_interface
[4.577s] -- Up-to-date: /home/ibrahim/MobiArm/install/bin_interface/share/ament_index/resource_index/parent_prefix_path/bin_interface
[4.577s] -- Up-to-date: /home/ibrahim/MobiArm/install/bin_interface/share/bin_interface/environment/ament_prefix_path.sh
[4.577s] -- Installing: /home/ibrahim/MobiArm/install/bin_interface/share/bin_interface/environment/ament_prefix_path.dsv
[4.577s] -- Up-to-date: /home/ibrahim/MobiArm/install/bin_interface/share/bin_interface/environment/path.sh
[4.577s] -- Installing: /home/ibrahim/MobiArm/install/bin_interface/share/bin_interface/environment/path.dsv
[4.578s] -- Up-to-date: /home/ibrahim/MobiArm/install/bin_interface/share/bin_interface/local_setup.bash
[4.578s] -- Installing: /home/ibrahim/MobiArm/install/bin_interface/share/bin_interface/local_setup.sh
[4.578s] -- Up-to-date: /home/ibrahim/MobiArm/install/bin_interface/share/bin_interface/local_setup.zsh
[4.578s] -- Installing: /home/ibrahim/MobiArm/install/bin_interface/share/bin_interface/local_setup.dsv
[4.578s] -- Installing: /home/ibrahim/MobiArm/install/bin_interface/share/bin_interface/package.dsv
[4.578s] -- Up-to-date: /home/ibrahim/MobiArm/install/bin_interface/share/ament_index/resource_index/packages/bin_interface
[4.579s] -- Installing: /home/ibrahim/MobiArm/install/bin_interface/share/bin_interface/cmake/export_bin_interface__rosidl_generator_cExport.cmake
[4.579s] -- Installing: /home/ibrahim/MobiArm/install/bin_interface/share/bin_interface/cmake/export_bin_interface__rosidl_generator_cExport-noconfig.cmake
[4.579s] -- Installing: /home/ibrahim/MobiArm/install/bin_interface/share/bin_interface/cmake/export_bin_interface__rosidl_typesupport_fastrtps_cExport.cmake
[4.579s] -- Installing: /home/ibrahim/MobiArm/install/bin_interface/share/bin_interface/cmake/export_bin_interface__rosidl_typesupport_fastrtps_cExport-noconfig.cmake
[4.579s] -- Installing: /home/ibrahim/MobiArm/install/bin_interface/share/bin_interface/cmake/export_bin_interface__rosidl_generator_cppExport.cmake
[4.580s] -- Installing: /home/ibrahim/MobiArm/install/bin_interface/share/bin_interface/cmake/export_bin_interface__rosidl_typesupport_fastrtps_cppExport.cmake
[4.580s] -- Installing: /home/ibrahim/MobiArm/install/bin_interface/share/bin_interface/cmake/export_bin_interface__rosidl_typesupport_fastrtps_cppExport-noconfig.cmake
[4.580s] -- Installing: /home/ibrahim/MobiArm/install/bin_interface/share/bin_interface/cmake/bin_interface__rosidl_typesupport_introspection_cExport.cmake
[4.581s] -- Installing: /home/ibrahim/MobiArm/install/bin_interface/share/bin_interface/cmake/bin_interface__rosidl_typesupport_introspection_cExport-noconfig.cmake
[4.581s] -- Installing: /home/ibrahim/MobiArm/install/bin_interface/share/bin_interface/cmake/bin_interface__rosidl_typesupport_cExport.cmake
[4.581s] -- Installing: /home/ibrahim/MobiArm/install/bin_interface/share/bin_interface/cmake/bin_interface__rosidl_typesupport_cExport-noconfig.cmake
[4.581s] -- Installing: /home/ibrahim/MobiArm/install/bin_interface/share/bin_interface/cmake/bin_interface__rosidl_typesupport_introspection_cppExport.cmake
[4.581s] -- Installing: /home/ibrahim/MobiArm/install/bin_interface/share/bin_interface/cmake/bin_interface__rosidl_typesupport_introspection_cppExport-noconfig.cmake
[4.582s] -- Installing: /home/ibrahim/MobiArm/install/bin_interface/share/bin_interface/cmake/bin_interface__rosidl_typesupport_cppExport.cmake
[4.582s] -- Installing: /home/ibrahim/MobiArm/install/bin_interface/share/bin_interface/cmake/bin_interface__rosidl_typesupport_cppExport-noconfig.cmake
[4.582s] -- Installing: /home/ibrahim/MobiArm/install/bin_interface/share/bin_interface/cmake/export_bin_interface__rosidl_generator_pyExport.cmake
[4.582s] -- Installing: /home/ibrahim/MobiArm/install/bin_interface/share/bin_interface/cmake/export_bin_interface__rosidl_generator_pyExport-noconfig.cmake
[4.583s] -- Installing: /home/ibrahim/MobiArm/install/bin_interface/share/bin_interface/cmake/rosidl_cmake-extras.cmake
[4.583s] -- Installing: /home/ibrahim/MobiArm/install/bin_interface/share/bin_interface/cmake/ament_cmake_export_dependencies-extras.cmake
[4.583s] -- Installing: /home/ibrahim/MobiArm/install/bin_interface/share/bin_interface/cmake/ament_cmake_export_include_directories-extras.cmake
[4.583s] -- Installing: /home/ibrahim/MobiArm/install/bin_interface/share/bin_interface/cmake/ament_cmake_export_libraries-extras.cmake
[4.583s] -- Installing: /home/ibrahim/MobiArm/install/bin_interface/share/bin_interface/cmake/ament_cmake_export_targets-extras.cmake
[4.583s] -- Installing: /home/ibrahim/MobiArm/install/bin_interface/share/bin_interface/cmake/rosidl_cmake_export_typesupport_targets-extras.cmake
[4.584s] -- Installing: /home/ibrahim/MobiArm/install/bin_interface/share/bin_interface/cmake/rosidl_cmake_export_typesupport_libraries-extras.cmake
[4.584s] -- Installing: /home/ibrahim/MobiArm/install/bin_interface/share/bin_interface/cmake/bin_interfaceConfig.cmake
[4.584s] -- Up-to-date: /home/ibrahim/MobiArm/install/bin_interface/share/bin_interface/cmake/bin_interfaceConfig-version.cmake
[4.584s] -- Installing: /home/ibrahim/MobiArm/install/bin_interface/share/bin_interface/package.xml
[4.587s] Invoked command in '/home/ibrahim/MobiArm/build/bin_interface' returned '0': CMAKE_PREFIX_PATH=${CMAKE_PREFIX_PATH}:/home/ibrahim/RobotArm/install/main_arm_package:/home/ibrahim/RobotArm/install/action_interfaces:/opt/ros/humble /usr/bin/cmake --install /home/ibrahim/MobiArm/build/bin_interface
