[0.280s] DEBUG:colcon:Command line arguments: ['/usr/bin/colcon', 'build', '--packages-select', 'moveit_config']
[0.280s] DEBUG:colcon:Parsed command line arguments: Namespace(log_base=None, log_level=None, verb_name='build', build_base='build', install_base='install', merge_install=False, symlink_install=False, test_result_base=None, continue_on_error=False, executor='parallel', parallel_workers=16, event_handlers=None, ignore_user_meta=False, metas=['./colcon.meta'], base_paths=['.'], packages_ignore=None, packages_ignore_regex=None, paths=None, packages_up_to=None, packages_up_to_regex=None, packages_above=None, packages_above_and_dependencies=None, packages_above_depth=None, packages_select_by_dep=None, packages_skip_by_dep=None, packages_skip_up_to=None, packages_select_build_failed=False, packages_skip_build_finished=False, packages_select_test_failures=False, packages_skip_test_passed=False, packages_select=['moveit_config'], packages_skip=None, packages_select_regex=None, packages_skip_regex=None, packages_start=None, packages_end=None, allow_overriding=[], cmake_args=None, cmake_target=None, cmake_target_skip_unavailable=False, cmake_clean_cache=False, cmake_clean_first=False, cmake_force_configure=False, ament_cmake_args=None, catkin_cmake_args=None, catkin_skip_building_tests=False, verb_parser=<colcon_defaults.argument_parser.defaults.DefaultArgumentsDecorator object at 0x7b07cf019150>, verb_extension=<colcon_core.verb.build.BuildVerb object at 0x7b07cf018b80>, main=<bound method BuildVerb.main of <colcon_core.verb.build.BuildVerb object at 0x7b07cf018b80>>)
[0.445s] Level 1:colcon.colcon_core.package_discovery:discover_packages(colcon_meta) check parameters
[0.446s] Level 1:colcon.colcon_core.package_discovery:discover_packages(recursive) check parameters
[0.446s] Level 1:colcon.colcon_core.package_discovery:discover_packages(ignore) check parameters
[0.446s] Level 1:colcon.colcon_core.package_discovery:discover_packages(path) check parameters
[0.446s] Level 1:colcon.colcon_core.package_discovery:discover_packages(colcon_meta) discover
[0.446s] Level 1:colcon.colcon_core.package_discovery:discover_packages(recursive) discover
[0.446s] INFO:colcon.colcon_core.package_discovery:Crawling recursively for packages in '/home/ibrahim/MobiArm'
[0.446s] Level 1:colcon.colcon_core.package_identification:_identify(.) by extensions ['ignore', 'ignore_ament_install']
[0.446s] Level 1:colcon.colcon_core.package_identification:_identify(.) by extension 'ignore'
[0.446s] Level 1:colcon.colcon_core.package_identification:_identify(.) by extension 'ignore_ament_install'
[0.446s] Level 1:colcon.colcon_core.package_identification:_identify(.) by extensions ['colcon_pkg']
[0.446s] Level 1:colcon.colcon_core.package_identification:_identify(.) by extension 'colcon_pkg'
[0.446s] Level 1:colcon.colcon_core.package_identification:_identify(.) by extensions ['colcon_meta']
[0.446s] Level 1:colcon.colcon_core.package_identification:_identify(.) by extension 'colcon_meta'
[0.446s] Level 1:colcon.colcon_core.package_identification:_identify(.) by extensions ['ros']
[0.446s] Level 1:colcon.colcon_core.package_identification:_identify(.) by extension 'ros'
[0.458s] Level 1:colcon.colcon_core.package_identification:_identify(.) by extensions ['cmake', 'python']
[0.458s] Level 1:colcon.colcon_core.package_identification:_identify(.) by extension 'cmake'
[0.458s] Level 1:colcon.colcon_core.package_identification:_identify(.) by extension 'python'
[0.458s] Level 1:colcon.colcon_core.package_identification:_identify(.) by extensions ['python_setup_py']
[0.458s] Level 1:colcon.colcon_core.package_identification:_identify(.) by extension 'python_setup_py'
[0.458s] Level 1:colcon.colcon_core.package_identification:_identify(build) by extensions ['ignore', 'ignore_ament_install']
[0.459s] Level 1:colcon.colcon_core.package_identification:_identify(build) by extension 'ignore'
[0.459s] Level 1:colcon.colcon_core.package_identification:_identify(build) ignored
[0.459s] Level 1:colcon.colcon_core.package_identification:_identify(install) by extensions ['ignore', 'ignore_ament_install']
[0.459s] Level 1:colcon.colcon_core.package_identification:_identify(install) by extension 'ignore'
[0.459s] Level 1:colcon.colcon_core.package_identification:_identify(install) ignored
[0.459s] Level 1:colcon.colcon_core.package_identification:_identify(log) by extensions ['ignore', 'ignore_ament_install']
[0.459s] Level 1:colcon.colcon_core.package_identification:_identify(log) by extension 'ignore'
[0.459s] Level 1:colcon.colcon_core.package_identification:_identify(log) ignored
[0.459s] Level 1:colcon.colcon_core.package_identification:_identify(src) by extensions ['ignore', 'ignore_ament_install']
[0.459s] Level 1:colcon.colcon_core.package_identification:_identify(src) by extension 'ignore'
[0.459s] Level 1:colcon.colcon_core.package_identification:_identify(src) by extension 'ignore_ament_install'
[0.459s] Level 1:colcon.colcon_core.package_identification:_identify(src) by extensions ['colcon_pkg']
[0.459s] Level 1:colcon.colcon_core.package_identification:_identify(src) by extension 'colcon_pkg'
[0.459s] Level 1:colcon.colcon_core.package_identification:_identify(src) by extensions ['colcon_meta']
[0.459s] Level 1:colcon.colcon_core.package_identification:_identify(src) by extension 'colcon_meta'
[0.459s] Level 1:colcon.colcon_core.package_identification:_identify(src) by extensions ['ros']
[0.459s] Level 1:colcon.colcon_core.package_identification:_identify(src) by extension 'ros'
[0.460s] Level 1:colcon.colcon_core.package_identification:_identify(src) by extensions ['cmake', 'python']
[0.460s] Level 1:colcon.colcon_core.package_identification:_identify(src) by extension 'cmake'
[0.460s] Level 1:colcon.colcon_core.package_identification:_identify(src) by extension 'python'
[0.460s] Level 1:colcon.colcon_core.package_identification:_identify(src) by extensions ['python_setup_py']
[0.460s] Level 1:colcon.colcon_core.package_identification:_identify(src) by extension 'python_setup_py'
[0.460s] Level 1:colcon.colcon_core.package_identification:_identify(src/main_nodes) by extensions ['ignore', 'ignore_ament_install']
[0.460s] Level 1:colcon.colcon_core.package_identification:_identify(src/main_nodes) by extension 'ignore'
[0.460s] Level 1:colcon.colcon_core.package_identification:_identify(src/main_nodes) by extension 'ignore_ament_install'
[0.460s] Level 1:colcon.colcon_core.package_identification:_identify(src/main_nodes) by extensions ['colcon_pkg']
[0.460s] Level 1:colcon.colcon_core.package_identification:_identify(src/main_nodes) by extension 'colcon_pkg'
[0.460s] Level 1:colcon.colcon_core.package_identification:_identify(src/main_nodes) by extensions ['colcon_meta']
[0.460s] Level 1:colcon.colcon_core.package_identification:_identify(src/main_nodes) by extension 'colcon_meta'
[0.460s] Level 1:colcon.colcon_core.package_identification:_identify(src/main_nodes) by extensions ['ros']
[0.461s] Level 1:colcon.colcon_core.package_identification:_identify(src/main_nodes) by extension 'ros'
[0.464s] DEBUG:colcon.colcon_core.package_identification:Package 'src/main_nodes' with type 'ros.ament_cmake' and name 'main_nodes'
[0.464s] Level 1:colcon.colcon_core.package_identification:_identify(src/moveit_config) by extensions ['ignore', 'ignore_ament_install']
[0.465s] Level 1:colcon.colcon_core.package_identification:_identify(src/moveit_config) by extension 'ignore'
[0.465s] Level 1:colcon.colcon_core.package_identification:_identify(src/moveit_config) by extension 'ignore_ament_install'
[0.465s] Level 1:colcon.colcon_core.package_identification:_identify(src/moveit_config) by extensions ['colcon_pkg']
[0.465s] Level 1:colcon.colcon_core.package_identification:_identify(src/moveit_config) by extension 'colcon_pkg'
[0.465s] Level 1:colcon.colcon_core.package_identification:_identify(src/moveit_config) by extensions ['colcon_meta']
[0.465s] Level 1:colcon.colcon_core.package_identification:_identify(src/moveit_config) by extension 'colcon_meta'
[0.465s] Level 1:colcon.colcon_core.package_identification:_identify(src/moveit_config) by extensions ['ros']
[0.465s] Level 1:colcon.colcon_core.package_identification:_identify(src/moveit_config) by extension 'ros'
[0.466s] DEBUG:colcon.colcon_core.package_identification:Package 'src/moveit_config' with type 'ros.ament_cmake' and name 'moveit_config'
[0.466s] Level 1:colcon.colcon_core.package_discovery:discover_packages(recursive) using defaults
[0.466s] Level 1:colcon.colcon_core.package_discovery:discover_packages(ignore) discover
[0.466s] Level 1:colcon.colcon_core.package_discovery:discover_packages(ignore) using defaults
[0.466s] Level 1:colcon.colcon_core.package_discovery:discover_packages(path) discover
[0.466s] Level 1:colcon.colcon_core.package_discovery:discover_packages(path) using defaults
[0.509s] INFO:colcon.colcon_core.package_selection:Skipping not selected package 'main_nodes' in 'src/main_nodes'
[0.510s] Level 1:colcon.colcon_core.package_discovery:discover_packages(prefix_path) check parameters
[0.510s] Level 1:colcon.colcon_core.package_discovery:discover_packages(prefix_path) discover
[0.514s] DEBUG:colcon.colcon_installed_package_information.package_discovery:Found 2 installed packages in /home/ibrahim/MoveItArm/install
[0.515s] DEBUG:colcon.colcon_installed_package_information.package_discovery:Found 2 installed packages in /home/ibrahim/RobotArmExpanded/install
[0.516s] DEBUG:colcon.colcon_installed_package_information.package_discovery:Found 2 installed packages in /home/ibrahim/RobotArm/install
[0.517s] DEBUG:colcon.colcon_installed_package_information.package_discovery:Found 1 installed packages in /home/ibrahim/TF2Sample/install
[0.517s] DEBUG:colcon.colcon_installed_package_information.package_discovery:Found 2 installed packages in /home/ibrahim/RobotNav/install
[0.518s] DEBUG:colcon.colcon_installed_package_information.package_discovery:Found 1 installed packages in /home/ibrahim/RobotMonitor/install
[0.519s] DEBUG:colcon.colcon_installed_package_information.package_discovery:Found 2 installed packages in /home/ibrahim/ros2_ws/install
[0.521s] DEBUG:colcon.colcon_installed_package_information.package_discovery:Found 449 installed packages in /opt/ros/humble
[0.524s] Level 1:colcon.colcon_core.package_discovery:discover_packages(prefix_path) using defaults
[0.596s] Level 5:colcon.colcon_core.verb:set package 'moveit_config' build argument 'cmake_args' from command line to 'None'
[0.597s] Level 5:colcon.colcon_core.verb:set package 'moveit_config' build argument 'cmake_target' from command line to 'None'
[0.597s] Level 5:colcon.colcon_core.verb:set package 'moveit_config' build argument 'cmake_target_skip_unavailable' from command line to 'False'
[0.597s] Level 5:colcon.colcon_core.verb:set package 'moveit_config' build argument 'cmake_clean_cache' from command line to 'False'
[0.597s] Level 5:colcon.colcon_core.verb:set package 'moveit_config' build argument 'cmake_clean_first' from command line to 'False'
[0.597s] Level 5:colcon.colcon_core.verb:set package 'moveit_config' build argument 'cmake_force_configure' from command line to 'False'
[0.597s] Level 5:colcon.colcon_core.verb:set package 'moveit_config' build argument 'ament_cmake_args' from command line to 'None'
[0.597s] Level 5:colcon.colcon_core.verb:set package 'moveit_config' build argument 'catkin_cmake_args' from command line to 'None'
[0.597s] Level 5:colcon.colcon_core.verb:set package 'moveit_config' build argument 'catkin_skip_building_tests' from command line to 'False'
[0.597s] DEBUG:colcon.colcon_core.verb:Building package 'moveit_config' with the following arguments: {'ament_cmake_args': None, 'build_base': '/home/ibrahim/MobiArm/build/moveit_config', 'catkin_cmake_args': None, 'catkin_skip_building_tests': False, 'cmake_args': None, 'cmake_clean_cache': False, 'cmake_clean_first': False, 'cmake_force_configure': False, 'cmake_target': None, 'cmake_target_skip_unavailable': False, 'install_base': '/home/ibrahim/MobiArm/install/moveit_config', 'merge_install': False, 'path': '/home/ibrahim/MobiArm/src/moveit_config', 'symlink_install': False, 'test_result_base': None}
[0.597s] INFO:colcon.colcon_core.executor:Executing jobs using 'parallel' executor
[0.598s] DEBUG:colcon.colcon_parallel_executor.executor.parallel:run_until_complete
[0.598s] INFO:colcon.colcon_ros.task.ament_cmake.build:Building ROS package in '/home/ibrahim/MobiArm/src/moveit_config' with build type 'ament_cmake'
[0.599s] INFO:colcon.colcon_cmake.task.cmake.build:Building CMake package in '/home/ibrahim/MobiArm/src/moveit_config'
[0.601s] INFO:colcon.colcon_core.plugin_system:Skipping extension 'colcon_core.shell.bat': Not used on non-Windows systems
[0.601s] INFO:colcon.colcon_core.shell:Skip shell extension 'powershell' for command environment: Not usable outside of PowerShell
[0.601s] DEBUG:colcon.colcon_core.shell:Skip shell extension 'dsv' for command environment
[0.669s] DEBUG:colcon.colcon_core.event_handler.log_command:Invoking command in '/home/ibrahim/MobiArm/build/moveit_config': AMENT_PREFIX_PATH=/home/ibrahim/MobiArm/install/main_nodes:${AMENT_PREFIX_PATH} CMAKE_PREFIX_PATH=/home/ibrahim/MobiArm/install/main_nodes:/home/ibrahim/RobotArmExpanded/install/main_arm_package:/home/ibrahim/RobotArmExpanded/install/action_interfaces:/home/ibrahim/MoveItArm/install/moveit_config:/home/ibrahim/MoveItArm/install/moveit_arm_package:/home/ibrahim/TF2Sample/install/tf2sim:/home/ibrahim/RobotNav/install/main_robot_nodes:/home/ibrahim/RobotNav/install/action_interfaces:/home/ibrahim/RobotMonitor/install/Robot3Node_Package:/home/ibrahim/ros2_ws/install/my_first_package:/home/ibrahim/ros2_ws/install/action_interfaces:/home/ibrahim/RobotArm/install/main_arm_package:/home/ibrahim/RobotArm/install/action_interfaces:/opt/ros/humble /usr/bin/cmake --build /home/ibrahim/MobiArm/build/moveit_config -- -j16 -l16
[0.729s] DEBUG:colcon.colcon_core.event_handler.log_command:Invoked command in '/home/ibrahim/MobiArm/build/moveit_config' returned '0': AMENT_PREFIX_PATH=/home/ibrahim/MobiArm/install/main_nodes:${AMENT_PREFIX_PATH} CMAKE_PREFIX_PATH=/home/ibrahim/MobiArm/install/main_nodes:/home/ibrahim/RobotArmExpanded/install/main_arm_package:/home/ibrahim/RobotArmExpanded/install/action_interfaces:/home/ibrahim/MoveItArm/install/moveit_config:/home/ibrahim/MoveItArm/install/moveit_arm_package:/home/ibrahim/TF2Sample/install/tf2sim:/home/ibrahim/RobotNav/install/main_robot_nodes:/home/ibrahim/RobotNav/install/action_interfaces:/home/ibrahim/RobotMonitor/install/Robot3Node_Package:/home/ibrahim/ros2_ws/install/my_first_package:/home/ibrahim/ros2_ws/install/action_interfaces:/home/ibrahim/RobotArm/install/main_arm_package:/home/ibrahim/RobotArm/install/action_interfaces:/opt/ros/humble /usr/bin/cmake --build /home/ibrahim/MobiArm/build/moveit_config -- -j16 -l16
[0.746s] DEBUG:colcon.colcon_core.event_handler.log_command:Invoking command in '/home/ibrahim/MobiArm/build/moveit_config': AMENT_PREFIX_PATH=/home/ibrahim/MobiArm/install/main_nodes:${AMENT_PREFIX_PATH} CMAKE_PREFIX_PATH=/home/ibrahim/MobiArm/install/main_nodes:/home/ibrahim/RobotArmExpanded/install/main_arm_package:/home/ibrahim/RobotArmExpanded/install/action_interfaces:/home/ibrahim/MoveItArm/install/moveit_config:/home/ibrahim/MoveItArm/install/moveit_arm_package:/home/ibrahim/TF2Sample/install/tf2sim:/home/ibrahim/RobotNav/install/main_robot_nodes:/home/ibrahim/RobotNav/install/action_interfaces:/home/ibrahim/RobotMonitor/install/Robot3Node_Package:/home/ibrahim/ros2_ws/install/my_first_package:/home/ibrahim/ros2_ws/install/action_interfaces:/home/ibrahim/RobotArm/install/main_arm_package:/home/ibrahim/RobotArm/install/action_interfaces:/opt/ros/humble /usr/bin/cmake --install /home/ibrahim/MobiArm/build/moveit_config
[0.761s] Level 1:colcon.colcon_core.environment:create_environment_scripts_only(moveit_config)
[0.762s] DEBUG:colcon.colcon_core.event_handler.log_command:Invoked command in '/home/ibrahim/MobiArm/build/moveit_config' returned '0': AMENT_PREFIX_PATH=/home/ibrahim/MobiArm/install/main_nodes:${AMENT_PREFIX_PATH} CMAKE_PREFIX_PATH=/home/ibrahim/MobiArm/install/main_nodes:/home/ibrahim/RobotArmExpanded/install/main_arm_package:/home/ibrahim/RobotArmExpanded/install/action_interfaces:/home/ibrahim/MoveItArm/install/moveit_config:/home/ibrahim/MoveItArm/install/moveit_arm_package:/home/ibrahim/TF2Sample/install/tf2sim:/home/ibrahim/RobotNav/install/main_robot_nodes:/home/ibrahim/RobotNav/install/action_interfaces:/home/ibrahim/RobotMonitor/install/Robot3Node_Package:/home/ibrahim/ros2_ws/install/my_first_package:/home/ibrahim/ros2_ws/install/action_interfaces:/home/ibrahim/RobotArm/install/main_arm_package:/home/ibrahim/RobotArm/install/action_interfaces:/opt/ros/humble /usr/bin/cmake --install /home/ibrahim/MobiArm/build/moveit_config
[0.764s] Level 1:colcon.colcon_core.environment:checking '/home/ibrahim/MobiArm/install/moveit_config' for CMake module files
[0.765s] Level 1:colcon.colcon_core.environment:checking '/home/ibrahim/MobiArm/install/moveit_config' for CMake config files
[0.765s] Level 1:colcon.colcon_core.shell:create_environment_hook('moveit_config', 'cmake_prefix_path')
[0.765s] INFO:colcon.colcon_core.shell:Creating environment hook '/home/ibrahim/MobiArm/install/moveit_config/share/moveit_config/hook/cmake_prefix_path.ps1'
[0.766s] INFO:colcon.colcon_core.shell:Creating environment descriptor '/home/ibrahim/MobiArm/install/moveit_config/share/moveit_config/hook/cmake_prefix_path.dsv'
[0.767s] INFO:colcon.colcon_core.shell:Creating environment hook '/home/ibrahim/MobiArm/install/moveit_config/share/moveit_config/hook/cmake_prefix_path.sh'
[0.768s] Level 1:colcon.colcon_core.environment:checking '/home/ibrahim/MobiArm/install/moveit_config/bin'
[0.768s] Level 1:colcon.colcon_core.environment:checking '/home/ibrahim/MobiArm/install/moveit_config/lib/pkgconfig/moveit_config.pc'
[0.769s] Level 1:colcon.colcon_core.environment:checking '/home/ibrahim/MobiArm/install/moveit_config/lib/python3.10/site-packages'
[0.769s] Level 1:colcon.colcon_core.environment:checking '/home/ibrahim/MobiArm/install/moveit_config/bin'
[0.769s] INFO:colcon.colcon_core.shell:Creating package script '/home/ibrahim/MobiArm/install/moveit_config/share/moveit_config/package.ps1'
[0.771s] INFO:colcon.colcon_core.shell:Creating package descriptor '/home/ibrahim/MobiArm/install/moveit_config/share/moveit_config/package.dsv'
[0.772s] INFO:colcon.colcon_core.shell:Creating package script '/home/ibrahim/MobiArm/install/moveit_config/share/moveit_config/package.sh'
[0.773s] INFO:colcon.colcon_core.shell:Creating package script '/home/ibrahim/MobiArm/install/moveit_config/share/moveit_config/package.bash'
[0.773s] INFO:colcon.colcon_core.shell:Creating package script '/home/ibrahim/MobiArm/install/moveit_config/share/moveit_config/package.zsh'
[0.774s] Level 1:colcon.colcon_core.environment:create_file_with_runtime_dependencies(/home/ibrahim/MobiArm/install/moveit_config/share/colcon-core/packages/moveit_config)
[0.775s] Level 1:colcon.colcon_core.environment:create_environment_scripts_only(moveit_config)
[0.775s] Level 1:colcon.colcon_core.environment:checking '/home/ibrahim/MobiArm/install/moveit_config' for CMake module files
[0.776s] Level 1:colcon.colcon_core.environment:checking '/home/ibrahim/MobiArm/install/moveit_config' for CMake config files
[0.776s] Level 1:colcon.colcon_core.shell:create_environment_hook('moveit_config', 'cmake_prefix_path')
[0.776s] INFO:colcon.colcon_core.shell:Creating environment hook '/home/ibrahim/MobiArm/install/moveit_config/share/moveit_config/hook/cmake_prefix_path.ps1'
[0.777s] INFO:colcon.colcon_core.shell:Creating environment descriptor '/home/ibrahim/MobiArm/install/moveit_config/share/moveit_config/hook/cmake_prefix_path.dsv'
[0.777s] INFO:colcon.colcon_core.shell:Creating environment hook '/home/ibrahim/MobiArm/install/moveit_config/share/moveit_config/hook/cmake_prefix_path.sh'
[0.778s] Level 1:colcon.colcon_core.environment:checking '/home/ibrahim/MobiArm/install/moveit_config/bin'
[0.778s] Level 1:colcon.colcon_core.environment:checking '/home/ibrahim/MobiArm/install/moveit_config/lib/pkgconfig/moveit_config.pc'
[0.778s] Level 1:colcon.colcon_core.environment:checking '/home/ibrahim/MobiArm/install/moveit_config/lib/python3.10/site-packages'
[0.778s] Level 1:colcon.colcon_core.environment:checking '/home/ibrahim/MobiArm/install/moveit_config/bin'
[0.779s] INFO:colcon.colcon_core.shell:Creating package script '/home/ibrahim/MobiArm/install/moveit_config/share/moveit_config/package.ps1'
[0.780s] INFO:colcon.colcon_core.shell:Creating package descriptor '/home/ibrahim/MobiArm/install/moveit_config/share/moveit_config/package.dsv'
[0.781s] INFO:colcon.colcon_core.shell:Creating package script '/home/ibrahim/MobiArm/install/moveit_config/share/moveit_config/package.sh'
[0.782s] INFO:colcon.colcon_core.shell:Creating package script '/home/ibrahim/MobiArm/install/moveit_config/share/moveit_config/package.bash'
[0.783s] INFO:colcon.colcon_core.shell:Creating package script '/home/ibrahim/MobiArm/install/moveit_config/share/moveit_config/package.zsh'
[0.783s] Level 1:colcon.colcon_core.environment:create_file_with_runtime_dependencies(/home/ibrahim/MobiArm/install/moveit_config/share/colcon-core/packages/moveit_config)
[0.784s] DEBUG:colcon.colcon_parallel_executor.executor.parallel:closing loop
[0.785s] DEBUG:colcon.colcon_parallel_executor.executor.parallel:loop closed
[0.785s] DEBUG:colcon.colcon_parallel_executor.executor.parallel:run_until_complete finished with '0'
[0.785s] DEBUG:colcon.colcon_core.event_reactor:joining thread
[0.834s] INFO:colcon.colcon_core.plugin_system:Skipping extension 'colcon_notification.desktop_notification.notify_send': Could not find 'notify-send'
[0.835s] INFO:colcon.colcon_core.plugin_system:Skipping extension 'colcon_notification.desktop_notification.terminal_notifier': Not used on non-Darwin systems
[0.835s] INFO:colcon.colcon_core.plugin_system:Skipping extension 'colcon_notification.desktop_notification.win32': Not used on non-Windows systems
[0.835s] INFO:colcon.colcon_notification.desktop_notification:Sending desktop notification using 'notify2'
[0.835s] DEBUG:colcon.colcon_notification.desktop_notification.notify2:Failed to initialize notify2: org.freedesktop.DBus.Error.FileNotFound: Failed to connect to socket /run/user/1000/bus: No such file or directory
[0.836s] DEBUG:colcon.colcon_core.event_reactor:joined thread
[0.836s] INFO:colcon.colcon_core.shell:Creating prefix script '/home/ibrahim/MobiArm/install/local_setup.ps1'
[0.837s] INFO:colcon.colcon_core.shell:Creating prefix util module '/home/ibrahim/MobiArm/install/_local_setup_util_ps1.py'
[0.838s] INFO:colcon.colcon_core.shell:Creating prefix chain script '/home/ibrahim/MobiArm/install/setup.ps1'
[0.840s] INFO:colcon.colcon_core.shell:Creating prefix script '/home/ibrahim/MobiArm/install/local_setup.sh'
[0.840s] INFO:colcon.colcon_core.shell:Creating prefix util module '/home/ibrahim/MobiArm/install/_local_setup_util_sh.py'
[0.841s] INFO:colcon.colcon_core.shell:Creating prefix chain script '/home/ibrahim/MobiArm/install/setup.sh'
[0.842s] INFO:colcon.colcon_core.shell:Creating prefix script '/home/ibrahim/MobiArm/install/local_setup.bash'
[0.843s] INFO:colcon.colcon_core.shell:Creating prefix chain script '/home/ibrahim/MobiArm/install/setup.bash'
[0.844s] INFO:colcon.colcon_core.shell:Creating prefix script '/home/ibrahim/MobiArm/install/local_setup.zsh'
[0.845s] INFO:colcon.colcon_core.shell:Creating prefix chain script '/home/ibrahim/MobiArm/install/setup.zsh'
