[0.051s] Invoking command in '/home/ibrahim/MobiArm/build/moveit_config': AMENT_PREFIX_PATH=/home/ibrahim/MobiArm/install/main_nodes:${AMENT_PREFIX_PATH} CMAKE_PREFIX_PATH=/home/ibrahim/MobiArm/install/main_nodes:/home/ibrahim/RobotArmExpanded/install/main_arm_package:/home/ibrahim/RobotArmExpanded/install/action_interfaces:/home/ibrahim/MoveItArm/install/moveit_config:/home/ibrahim/MoveItArm/install/moveit_arm_package:/home/ibrahim/TF2Sample/install/tf2sim:/home/ibrahim/RobotNav/install/main_robot_nodes:/home/ibrahim/RobotNav/install/action_interfaces:/home/ibrahim/RobotMonitor/install/Robot3Node_Package:/home/ibrahim/ros2_ws/install/my_first_package:/home/ibrahim/ros2_ws/install/action_interfaces:/home/ibrahim/RobotArm/install/main_arm_package:/home/ibrahim/RobotArm/install/action_interfaces:/opt/ros/humble /usr/bin/cmake /home/ibrahim/MobiArm/src/moveit_config -DAMENT_CMAKE_SYMLINK_INSTALL=1 -DCMAKE_INSTALL_PREFIX=/home/ibrahim/MobiArm/install/moveit_config
[0.064s] -- Found ament_cmake: 1.3.14 (/opt/ros/humble/share/ament_cmake/cmake)
[0.174s] -- Override CMake install command with custom implementation using symlinks instead of copying resources
[0.241s] -- Configuring done
[0.247s] -- Generating done
[0.250s] -- Build files have been written to: /home/ibrahim/MobiArm/build/moveit_config
[0.253s] Invoked command in '/home/ibrahim/MobiArm/build/moveit_config' returned '0': AMENT_PREFIX_PATH=/home/ibrahim/MobiArm/install/main_nodes:${AMENT_PREFIX_PATH} CMAKE_PREFIX_PATH=/home/ibrahim/MobiArm/install/main_nodes:/home/ibrahim/RobotArmExpanded/install/main_arm_package:/home/ibrahim/RobotArmExpanded/install/action_interfaces:/home/ibrahim/MoveItArm/install/moveit_config:/home/ibrahim/MoveItArm/install/moveit_arm_package:/home/ibrahim/TF2Sample/install/tf2sim:/home/ibrahim/RobotNav/install/main_robot_nodes:/home/ibrahim/RobotNav/install/action_interfaces:/home/ibrahim/RobotMonitor/install/Robot3Node_Package:/home/ibrahim/ros2_ws/install/my_first_package:/home/ibrahim/ros2_ws/install/action_interfaces:/home/ibrahim/RobotArm/install/main_arm_package:/home/ibrahim/RobotArm/install/action_interfaces:/opt/ros/humble /usr/bin/cmake /home/ibrahim/MobiArm/src/moveit_config -DAMENT_CMAKE_SYMLINK_INSTALL=1 -DCMAKE_INSTALL_PREFIX=/home/ibrahim/MobiArm/install/moveit_config
[0.255s] Invoking command in '/home/ibrahim/MobiArm/build/moveit_config': AMENT_PREFIX_PATH=/home/ibrahim/MobiArm/install/main_nodes:${AMENT_PREFIX_PATH} CMAKE_PREFIX_PATH=/home/ibrahim/MobiArm/install/main_nodes:/home/ibrahim/RobotArmExpanded/install/main_arm_package:/home/ibrahim/RobotArmExpanded/install/action_interfaces:/home/ibrahim/MoveItArm/install/moveit_config:/home/ibrahim/MoveItArm/install/moveit_arm_package:/home/ibrahim/TF2Sample/install/tf2sim:/home/ibrahim/RobotNav/install/main_robot_nodes:/home/ibrahim/RobotNav/install/action_interfaces:/home/ibrahim/RobotMonitor/install/Robot3Node_Package:/home/ibrahim/ros2_ws/install/my_first_package:/home/ibrahim/ros2_ws/install/action_interfaces:/home/ibrahim/RobotArm/install/main_arm_package:/home/ibrahim/RobotArm/install/action_interfaces:/opt/ros/humble /usr/bin/cmake --build /home/ibrahim/MobiArm/build/moveit_config -- -j16 -l16
[0.299s] Invoked command in '/home/ibrahim/MobiArm/build/moveit_config' returned '0': AMENT_PREFIX_PATH=/home/ibrahim/MobiArm/install/main_nodes:${AMENT_PREFIX_PATH} CMAKE_PREFIX_PATH=/home/ibrahim/MobiArm/install/main_nodes:/home/ibrahim/RobotArmExpanded/install/main_arm_package:/home/ibrahim/RobotArmExpanded/install/action_interfaces:/home/ibrahim/MoveItArm/install/moveit_config:/home/ibrahim/MoveItArm/install/moveit_arm_package:/home/ibrahim/TF2Sample/install/tf2sim:/home/ibrahim/RobotNav/install/main_robot_nodes:/home/ibrahim/RobotNav/install/action_interfaces:/home/ibrahim/RobotMonitor/install/Robot3Node_Package:/home/ibrahim/ros2_ws/install/my_first_package:/home/ibrahim/ros2_ws/install/action_interfaces:/home/ibrahim/RobotArm/install/main_arm_package:/home/ibrahim/RobotArm/install/action_interfaces:/opt/ros/humble /usr/bin/cmake --build /home/ibrahim/MobiArm/build/moveit_config -- -j16 -l16
[0.301s] Invoking command in '/home/ibrahim/MobiArm/build/moveit_config': AMENT_PREFIX_PATH=/home/ibrahim/MobiArm/install/main_nodes:${AMENT_PREFIX_PATH} CMAKE_PREFIX_PATH=/home/ibrahim/MobiArm/install/main_nodes:/home/ibrahim/RobotArmExpanded/install/main_arm_package:/home/ibrahim/RobotArmExpanded/install/action_interfaces:/home/ibrahim/MoveItArm/install/moveit_config:/home/ibrahim/MoveItArm/install/moveit_arm_package:/home/ibrahim/TF2Sample/install/tf2sim:/home/ibrahim/RobotNav/install/main_robot_nodes:/home/ibrahim/RobotNav/install/action_interfaces:/home/ibrahim/RobotMonitor/install/Robot3Node_Package:/home/ibrahim/ros2_ws/install/my_first_package:/home/ibrahim/ros2_ws/install/action_interfaces:/home/ibrahim/RobotArm/install/main_arm_package:/home/ibrahim/RobotArm/install/action_interfaces:/opt/ros/humble /usr/bin/cmake --install /home/ibrahim/MobiArm/build/moveit_config
[0.309s] -- Install configuration: ""
[0.310s] -- Execute custom install script
[0.310s] -- Symlinking: /home/ibrahim/MobiArm/install/moveit_config/share/ament_index/resource_index/package_run_dependencies/moveit_config
[0.320s] -- Symlinking: /home/ibrahim/MobiArm/install/moveit_config/share/ament_index/resource_index/parent_prefix_path/moveit_config
[0.331s] -- Symlinking: /home/ibrahim/MobiArm/install/moveit_config/share/moveit_config/environment/ament_prefix_path.sh
[0.343s] -- Symlinking: /home/ibrahim/MobiArm/install/moveit_config/share/moveit_config/environment/ament_prefix_path.dsv
[0.354s] -- Symlinking: /home/ibrahim/MobiArm/install/moveit_config/share/moveit_config/environment/path.sh
[0.365s] -- Symlinking: /home/ibrahim/MobiArm/install/moveit_config/share/moveit_config/environment/path.dsv
[0.376s] -- Symlinking: /home/ibrahim/MobiArm/install/moveit_config/share/moveit_config/local_setup.bash
[0.389s] -- Symlinking: /home/ibrahim/MobiArm/install/moveit_config/share/moveit_config/local_setup.sh
[0.403s] -- Symlinking: /home/ibrahim/MobiArm/install/moveit_config/share/moveit_config/local_setup.zsh
[0.413s] -- Symlinking: /home/ibrahim/MobiArm/install/moveit_config/share/moveit_config/local_setup.dsv
[0.424s] -- Symlinking: /home/ibrahim/MobiArm/install/moveit_config/share/moveit_config/package.dsv
[0.436s] -- Symlinking: /home/ibrahim/MobiArm/install/moveit_config/share/ament_index/resource_index/packages/moveit_config
[0.447s] -- Symlinking: /home/ibrahim/MobiArm/install/moveit_config/share/moveit_config/cmake/moveit_configConfig.cmake
[0.458s] -- Symlinking: /home/ibrahim/MobiArm/install/moveit_config/share/moveit_config/cmake/moveit_configConfig-version.cmake
[0.469s] -- Symlinking: /home/ibrahim/MobiArm/install/moveit_config/share/moveit_config/package.xml
[0.480s] -- Symlinking: /home/ibrahim/MobiArm/install/moveit_config/share/moveit_config/launch/__pycache__/nav2_slam.launch.cpython-310.pyc
[0.492s] -- Symlinking: /home/ibrahim/MobiArm/install/moveit_config/share/moveit_config/launch/demo.launch.py
[0.504s] -- Symlinking: /home/ibrahim/MobiArm/install/moveit_config/share/moveit_config/launch/gazebo.launch.py
[0.515s] -- Symlinking: /home/ibrahim/MobiArm/install/moveit_config/share/moveit_config/launch/move_group.launch.py
[0.526s] -- Symlinking: /home/ibrahim/MobiArm/install/moveit_config/share/moveit_config/launch/moveit_rviz.launch.py
[0.537s] -- Symlinking: /home/ibrahim/MobiArm/install/moveit_config/share/moveit_config/launch/nav2_slam.launch.py
[0.548s] -- Symlinking: /home/ibrahim/MobiArm/install/moveit_config/share/moveit_config/launch/rsp.launch.py
[0.559s] -- Symlinking: /home/ibrahim/MobiArm/install/moveit_config/share/moveit_config/launch/setup_assistant.launch.py
[0.570s] -- Symlinking: /home/ibrahim/MobiArm/install/moveit_config/share/moveit_config/launch/spawn_controllers.launch.py
[0.581s] -- Symlinking: /home/ibrahim/MobiArm/install/moveit_config/share/moveit_config/launch/static_virtual_joint_tfs.launch.py
[0.592s] -- Symlinking: /home/ibrahim/MobiArm/install/moveit_config/share/moveit_config/launch/travel_pose.launch.py
[0.603s] -- Symlinking: /home/ibrahim/MobiArm/install/moveit_config/share/moveit_config/launch/warehouse_db.launch.py
[0.615s] -- Symlinking: /home/ibrahim/MobiArm/install/moveit_config/share/moveit_config/config/initial_positions.yaml
[0.626s] -- Symlinking: /home/ibrahim/MobiArm/install/moveit_config/share/moveit_config/config/joint_limits.yaml
[0.637s] -- Symlinking: /home/ibrahim/MobiArm/install/moveit_config/share/moveit_config/config/kinematics.yaml
[0.649s] -- Symlinking: /home/ibrahim/MobiArm/install/moveit_config/share/moveit_config/config/mobiarm.ros2_control.xacro
[0.659s] -- Symlinking: /home/ibrahim/MobiArm/install/moveit_config/share/moveit_config/config/mobiarm.srdf
[0.670s] -- Symlinking: /home/ibrahim/MobiArm/install/moveit_config/share/moveit_config/config/mobiarm.urdf.xacro
[0.682s] -- Symlinking: /home/ibrahim/MobiArm/install/moveit_config/share/moveit_config/config/moveit.rviz
[0.692s] -- Symlinking: /home/ibrahim/MobiArm/install/moveit_config/share/moveit_config/config/moveit_controllers.yaml
[0.703s] -- Symlinking: /home/ibrahim/MobiArm/install/moveit_config/share/moveit_config/config/pilz_cartesian_limits.yaml
[0.715s] -- Symlinking: /home/ibrahim/MobiArm/install/moveit_config/share/moveit_config/config/ros2_controllers.yaml
[0.727s] -- Symlinking: /home/ibrahim/MobiArm/install/moveit_config/share/moveit_config/.setup_assistant
[0.741s] Invoked command in '/home/ibrahim/MobiArm/build/moveit_config' returned '0': AMENT_PREFIX_PATH=/home/ibrahim/MobiArm/install/main_nodes:${AMENT_PREFIX_PATH} CMAKE_PREFIX_PATH=/home/ibrahim/MobiArm/install/main_nodes:/home/ibrahim/RobotArmExpanded/install/main_arm_package:/home/ibrahim/RobotArmExpanded/install/action_interfaces:/home/ibrahim/MoveItArm/install/moveit_config:/home/ibrahim/MoveItArm/install/moveit_arm_package:/home/ibrahim/TF2Sample/install/tf2sim:/home/ibrahim/RobotNav/install/main_robot_nodes:/home/ibrahim/RobotNav/install/action_interfaces:/home/ibrahim/RobotMonitor/install/Robot3Node_Package:/home/ibrahim/ros2_ws/install/my_first_package:/home/ibrahim/ros2_ws/install/action_interfaces:/home/ibrahim/RobotArm/install/main_arm_package:/home/ibrahim/RobotArm/install/action_interfaces:/opt/ros/humble /usr/bin/cmake --install /home/ibrahim/MobiArm/build/moveit_config
