-- The C compiler identification is GNU 11.4.0
-- The CXX compiler identification is GNU 11.4.0
-- Detecting C compiler ABI info
-- Detecting C compiler ABI info - done
-- Check for working C compiler: /usr/bin/cc - skipped
-- Detecting C compile features
-- Detecting C compile features - done
-- Detecting CXX compiler ABI info
-- Detecting CXX compiler ABI info - done
-- Check for working CXX compiler: /usr/bin/c++ - skipped
-- Detecting CXX compile features
-- Detecting CXX compile features - done
-- Found ament_cmake: 1.3.14 (/opt/ros/humble/share/ament_cmake/cmake)
-- Found Python3: /usr/bin/python3 (found version "3.10.12") found components: Interpreter 
-- Found ament_lint_auto: 0.12.15 (/opt/ros/humble/share/ament_lint_auto/cmake)
-- Added test 'lint_cmake' to check CMake code style
-- Added test 'xmllint' to check XML markup files
-- Configuring done
-- Generating done
-- Build files have been written to: /home/ibrahim/MobiArm/build/bin_interface
-- Install configuration: ""
-- Installing: /home/ibrahim/MobiArm/install/bin_interface/share/ament_index/resource_index/package_run_dependencies/bin_interface
-- Installing: /home/ibrahim/MobiArm/install/bin_interface/share/ament_index/resource_index/parent_prefix_path/bin_interface
-- Installing: /home/ibrahim/MobiArm/install/bin_interface/share/bin_interface/environment/ament_prefix_path.sh
-- Installing: /home/ibrahim/MobiArm/install/bin_interface/share/bin_interface/environment/ament_prefix_path.dsv
-- Installing: /home/ibrahim/MobiArm/install/bin_interface/share/bin_interface/environment/path.sh
-- Installing: /home/ibrahim/MobiArm/install/bin_interface/share/bin_interface/environment/path.dsv
-- Installing: /home/ibrahim/MobiArm/install/bin_interface/share/bin_interface/local_setup.bash
-- Installing: /home/ibrahim/MobiArm/install/bin_interface/share/bin_interface/local_setup.sh
-- Installing: /home/ibrahim/MobiArm/install/bin_interface/share/bin_interface/local_setup.zsh
-- Installing: /home/ibrahim/MobiArm/install/bin_interface/share/bin_interface/local_setup.dsv
-- Installing: /home/ibrahim/MobiArm/install/bin_interface/share/bin_interface/package.dsv
-- Installing: /home/ibrahim/MobiArm/install/bin_interface/share/ament_index/resource_index/packages/bin_interface
-- Installing: /home/ibrahim/MobiArm/install/bin_interface/share/bin_interface/cmake/bin_interfaceConfig.cmake
-- Installing: /home/ibrahim/MobiArm/install/bin_interface/share/bin_interface/cmake/bin_interfaceConfig-version.cmake
-- Installing: /home/ibrahim/MobiArm/install/bin_interface/share/bin_interface/package.xml
