[0.025s] Invoking command in '/home/ibrahim/MobiArm/build/bin_interface': CMAKE_PREFIX_PATH=${CMAKE_PREFIX_PATH}:/home/ibrahim/RobotArm/install/main_arm_package:/home/ibrahim/RobotArm/install/action_interfaces:/opt/ros/humble /usr/bin/cmake /home/ibrahim/MobiArm/src/bin_interface -DCMAKE_INSTALL_PREFIX=/home/ibrahim/MobiArm/install/bin_interface
[0.304s] -- The C compiler identification is GNU 11.4.0
[0.904s] -- The CXX compiler identification is GNU 11.4.0
[1.292s] -- Detecting C compiler ABI info
[1.483s] -- Detecting C compiler ABI info - done
[1.491s] -- Check for working C compiler: /usr/bin/cc - skipped
[1.492s] -- Detecting C compile features
[1.493s] -- Detecting C compile features - done
[1.495s] -- Detecting CXX compiler ABI info
[1.677s] -- Detecting CXX compiler ABI info - done
[1.682s] -- Check for working CXX compiler: /usr/bin/c++ - skipped
[1.682s] -- Detecting CXX compile features
[1.682s] -- Detecting CXX compile features - done
[1.707s] -- Found ament_cmake: 1.3.14 (/opt/ros/humble/share/ament_cmake/cmake)
[1.843s] -- Found Python3: /usr/bin/python3 (found version "3.10.12") found components: Interpreter 
[1.960s] -- Found ament_lint_auto: 0.12.15 (/opt/ros/humble/share/ament_lint_auto/cmake)
[2.063s] -- Added test 'lint_cmake' to check CMake code style
[2.066s] -- Added test 'xmllint' to check XML markup files
[2.070s] -- Configuring done
[2.078s] -- Generating done
[2.080s] -- Build files have been written to: /home/ibrahim/MobiArm/build/bin_interface
[2.085s] Invoked command in '/home/ibrahim/MobiArm/build/bin_interface' returned '0': CMAKE_PREFIX_PATH=${CMAKE_PREFIX_PATH}:/home/ibrahim/RobotArm/install/main_arm_package:/home/ibrahim/RobotArm/install/action_interfaces:/opt/ros/humble /usr/bin/cmake /home/ibrahim/MobiArm/src/bin_interface -DCMAKE_INSTALL_PREFIX=/home/ibrahim/MobiArm/install/bin_interface
[2.087s] Invoking command in '/home/ibrahim/MobiArm/build/bin_interface': CMAKE_PREFIX_PATH=${CMAKE_PREFIX_PATH}:/home/ibrahim/RobotArm/install/main_arm_package:/home/ibrahim/RobotArm/install/action_interfaces:/opt/ros/humble /usr/bin/cmake --build /home/ibrahim/MobiArm/build/bin_interface -- -j16 -l16
[2.131s] Invoked command in '/home/ibrahim/MobiArm/build/bin_interface' returned '0': CMAKE_PREFIX_PATH=${CMAKE_PREFIX_PATH}:/home/ibrahim/RobotArm/install/main_arm_package:/home/ibrahim/RobotArm/install/action_interfaces:/opt/ros/humble /usr/bin/cmake --build /home/ibrahim/MobiArm/build/bin_interface -- -j16 -l16
[2.143s] Invoking command in '/home/ibrahim/MobiArm/build/bin_interface': CMAKE_PREFIX_PATH=${CMAKE_PREFIX_PATH}:/home/ibrahim/RobotArm/install/main_arm_package:/home/ibrahim/RobotArm/install/action_interfaces:/opt/ros/humble /usr/bin/cmake --install /home/ibrahim/MobiArm/build/bin_interface
[2.150s] -- Install configuration: ""
[2.152s] -- Installing: /home/ibrahim/MobiArm/install/bin_interface/share/ament_index/resource_index/package_run_dependencies/bin_interface
[2.154s] -- Installing: /home/ibrahim/MobiArm/install/bin_interface/share/ament_index/resource_index/parent_prefix_path/bin_interface
[2.155s] -- Installing: /home/ibrahim/MobiArm/install/bin_interface/share/bin_interface/environment/ament_prefix_path.sh
[2.156s] -- Installing: /home/ibrahim/MobiArm/install/bin_interface/share/bin_interface/environment/ament_prefix_path.dsv
[2.156s] -- Installing: /home/ibrahim/MobiArm/install/bin_interface/share/bin_interface/environment/path.sh
[2.156s] -- Installing: /home/ibrahim/MobiArm/install/bin_interface/share/bin_interface/environment/path.dsv
[2.156s] -- Installing: /home/ibrahim/MobiArm/install/bin_interface/share/bin_interface/local_setup.bash
[2.156s] -- Installing: /home/ibrahim/MobiArm/install/bin_interface/share/bin_interface/local_setup.sh
[2.157s] -- Installing: /home/ibrahim/MobiArm/install/bin_interface/share/bin_interface/local_setup.zsh
[2.157s] -- Installing: /home/ibrahim/MobiArm/install/bin_interface/share/bin_interface/local_setup.dsv
[2.157s] -- Installing: /home/ibrahim/MobiArm/install/bin_interface/share/bin_interface/package.dsv
[2.158s] -- Installing: /home/ibrahim/MobiArm/install/bin_interface/share/ament_index/resource_index/packages/bin_interface
[2.159s] -- Installing: /home/ibrahim/MobiArm/install/bin_interface/share/bin_interface/cmake/bin_interfaceConfig.cmake
[2.159s] -- Installing: /home/ibrahim/MobiArm/install/bin_interface/share/bin_interface/cmake/bin_interfaceConfig-version.cmake
[2.159s] -- Installing: /home/ibrahim/MobiArm/install/bin_interface/share/bin_interface/package.xml
[2.161s] Invoked command in '/home/ibrahim/MobiArm/build/bin_interface' returned '0': CMAKE_PREFIX_PATH=${CMAKE_PREFIX_PATH}:/home/ibrahim/RobotArm/install/main_arm_package:/home/ibrahim/RobotArm/install/action_interfaces:/opt/ros/humble /usr/bin/cmake --install /home/ibrahim/MobiArm/build/bin_interface
