[0.031s] Invoking command in '/home/ibrahim/MobiArm/build/linkattacher_msgs': CMAKE_PREFIX_PATH=${CMAKE_PREFIX_PATH}:/home/ibrahim/RobotArm/install/main_arm_package:/home/ibrahim/RobotArm/install/action_interfaces:/opt/ros/humble /usr/bin/cmake --build /home/ibrahim/MobiArm/build/linkattacher_msgs -- -j16 -l16
[0.121s] [35m[1mConsolidate compiler generated dependencies of target linkattacher_msgs__rosidl_generator_c[0m
[0.129s] [  2%] Built target linkattacher_msgs__rs
[0.129s] [  5%] Built target linkattacher_msgs__cpp
[0.160s] [35m[1mConsolidate compiler generated dependencies of target linkattacher_msgs__rosidl_typesupport_cpp[0m
[0.160s] [35m[1mConsolidate compiler generated dependencies of target linkattacher_msgs__rosidl_typesupport_fastrtps_cpp[0m
[0.160s] [ 15%] Built target linkattacher_msgs__rosidl_generator_c
[0.160s] [35m[1mConsolidate compiler generated dependencies of target linkattacher_msgs__rosidl_typesupport_introspection_cpp[0m
[0.184s] [ 25%] Built target linkattacher_msgs__rosidl_typesupport_cpp
[0.191s] [ 25%] Built target ament_cmake_python_copy_linkattacher_msgs
[0.195s] [ 35%] Built target linkattacher_msgs__rosidl_typesupport_fastrtps_cpp
[0.197s] [ 45%] Built target linkattacher_msgs__rosidl_typesupport_introspection_cpp
[0.199s] [35m[1mConsolidate compiler generated dependencies of target linkattacher_msgs__rosidl_typesupport_c[0m
[0.199s] [35m[1mConsolidate compiler generated dependencies of target linkattacher_msgs__rosidl_typesupport_introspection_c[0m
[0.205s] [35m[1mConsolidate compiler generated dependencies of target linkattacher_msgs__rosidl_typesupport_fastrtps_c[0m
[0.226s] [ 55%] Built target linkattacher_msgs__rosidl_typesupport_c
[0.230s] [ 65%] Built target linkattacher_msgs__rosidl_typesupport_introspection_c
[0.245s] [ 75%] Built target linkattacher_msgs__rosidl_typesupport_fastrtps_c
[0.295s] [ 75%] Built target linkattacher_msgs
[0.331s] [ 77%] Built target linkattacher_msgs__py
[0.350s] [35m[1mConsolidate compiler generated dependencies of target linkattacher_msgs__rosidl_generator_py[0m
[0.375s] [ 85%] Built target linkattacher_msgs__rosidl_generator_py
[0.392s] [35m[1mConsolidate compiler generated dependencies of target linkattacher_msgs__rosidl_typesupport_c__pyext[0m
[0.392s] [35m[1mConsolidate compiler generated dependencies of target linkattacher_msgs__rosidl_typesupport_fastrtps_c__pyext[0m
[0.393s] [35m[1mConsolidate compiler generated dependencies of target linkattacher_msgs__rosidl_typesupport_introspection_c__pyext[0m
[0.416s] [ 90%] Built target linkattacher_msgs__rosidl_typesupport_fastrtps_c__pyext
[0.416s] [ 97%] Built target linkattacher_msgs__rosidl_typesupport_c__pyext
[0.416s] [100%] Built target linkattacher_msgs__rosidl_typesupport_introspection_c__pyext
[0.506s] running egg_info
[0.506s] writing linkattacher_msgs.egg-info/PKG-INFO
[0.507s] writing dependency_links to linkattacher_msgs.egg-info/dependency_links.txt
[0.507s] writing top-level names to linkattacher_msgs.egg-info/top_level.txt
[0.510s] reading manifest file 'linkattacher_msgs.egg-info/SOURCES.txt'
[0.510s] writing manifest file 'linkattacher_msgs.egg-info/SOURCES.txt'
[0.548s] [100%] Built target ament_cmake_python_build_linkattacher_msgs_egg
[0.581s] Invoked command in '/home/ibrahim/MobiArm/build/linkattacher_msgs' returned '0': CMAKE_PREFIX_PATH=${CMAKE_PREFIX_PATH}:/home/ibrahim/RobotArm/install/main_arm_package:/home/ibrahim/RobotArm/install/action_interfaces:/opt/ros/humble /usr/bin/cmake --build /home/ibrahim/MobiArm/build/linkattacher_msgs -- -j16 -l16
[0.584s] Invoking command in '/home/ibrahim/MobiArm/build/linkattacher_msgs': CMAKE_PREFIX_PATH=${CMAKE_PREFIX_PATH}:/home/ibrahim/RobotArm/install/main_arm_package:/home/ibrahim/RobotArm/install/action_interfaces:/opt/ros/humble /usr/bin/cmake --install /home/ibrahim/MobiArm/build/linkattacher_msgs
[0.594s] -- Install configuration: ""
[0.594s] -- Up-to-date: /home/ibrahim/MobiArm/install/linkattacher_msgs/share/linkattacher_msgs/srv
[0.595s] -- Up-to-date: /home/ibrahim/MobiArm/install/linkattacher_msgs/share/linkattacher_msgs/srv/DetachLink.srv
[0.596s] -- Up-to-date: /home/ibrahim/MobiArm/install/linkattacher_msgs/share/linkattacher_msgs/srv/AttachLink.srv
[0.596s] -- Up-to-date: /home/ibrahim/MobiArm/install/linkattacher_msgs/share/ament_index/resource_index/rosidl_interfaces/linkattacher_msgs
[0.596s] -- Up-to-date: /home/ibrahim/MobiArm/install/linkattacher_msgs/include/linkattacher_msgs/linkattacher_msgs
[0.597s] -- Up-to-date: /home/ibrahim/MobiArm/install/linkattacher_msgs/include/linkattacher_msgs/linkattacher_msgs/srv
[0.597s] -- Up-to-date: /home/ibrahim/MobiArm/install/linkattacher_msgs/include/linkattacher_msgs/linkattacher_msgs/srv/detail
[0.601s] -- Up-to-date: /home/ibrahim/MobiArm/install/linkattacher_msgs/include/linkattacher_msgs/linkattacher_msgs/srv/detail/detach_link__struct.h
[0.601s] -- Up-to-date: /home/ibrahim/MobiArm/install/linkattacher_msgs/include/linkattacher_msgs/linkattacher_msgs/srv/detail/attach_link__type_support.h
[0.601s] -- Up-to-date: /home/ibrahim/MobiArm/install/linkattacher_msgs/include/linkattacher_msgs/linkattacher_msgs/srv/detail/detach_link__type_support.h
[0.601s] -- Up-to-date: /home/ibrahim/MobiArm/install/linkattacher_msgs/include/linkattacher_msgs/linkattacher_msgs/srv/detail/attach_link__functions.h
[0.601s] -- Up-to-date: /home/ibrahim/MobiArm/install/linkattacher_msgs/include/linkattacher_msgs/linkattacher_msgs/srv/detail/attach_link__struct.h
[0.602s] -- Up-to-date: /home/ibrahim/MobiArm/install/linkattacher_msgs/include/linkattacher_msgs/linkattacher_msgs/srv/detail/detach_link__functions.h
[0.602s] -- Up-to-date: /home/ibrahim/MobiArm/install/linkattacher_msgs/include/linkattacher_msgs/linkattacher_msgs/srv/detail/detach_link__functions.c
[0.602s] -- Up-to-date: /home/ibrahim/MobiArm/install/linkattacher_msgs/include/linkattacher_msgs/linkattacher_msgs/srv/detail/attach_link__functions.c
[0.602s] -- Up-to-date: /home/ibrahim/MobiArm/install/linkattacher_msgs/include/linkattacher_msgs/linkattacher_msgs/srv/detach_link.h
[0.602s] -- Up-to-date: /home/ibrahim/MobiArm/install/linkattacher_msgs/include/linkattacher_msgs/linkattacher_msgs/srv/attach_link.h
[0.602s] -- Up-to-date: /home/ibrahim/MobiArm/install/linkattacher_msgs/include/linkattacher_msgs/linkattacher_msgs/msg
[0.602s] -- Up-to-date: /home/ibrahim/MobiArm/install/linkattacher_msgs/include/linkattacher_msgs/linkattacher_msgs/msg/rosidl_generator_c__visibility_control.h
[0.602s] -- Up-to-date: /home/ibrahim/MobiArm/install/linkattacher_msgs/share/linkattacher_msgs/environment/library_path.sh
[0.603s] -- Up-to-date: /home/ibrahim/MobiArm/install/linkattacher_msgs/share/linkattacher_msgs/environment/library_path.dsv
[0.603s] -- Up-to-date: /home/ibrahim/MobiArm/install/linkattacher_msgs/lib/liblinkattacher_msgs__rosidl_generator_c.so
[0.603s] -- Up-to-date: /home/ibrahim/MobiArm/install/linkattacher_msgs/include/linkattacher_msgs/linkattacher_msgs
[0.603s] -- Up-to-date: /home/ibrahim/MobiArm/install/linkattacher_msgs/include/linkattacher_msgs/linkattacher_msgs/srv
[0.604s] -- Up-to-date: /home/ibrahim/MobiArm/install/linkattacher_msgs/include/linkattacher_msgs/linkattacher_msgs/srv/detail
[0.604s] -- Up-to-date: /home/ibrahim/MobiArm/install/linkattacher_msgs/include/linkattacher_msgs/linkattacher_msgs/srv/detail/detach_link__rosidl_typesupport_fastrtps_c.h
[0.604s] -- Up-to-date: /home/ibrahim/MobiArm/install/linkattacher_msgs/include/linkattacher_msgs/linkattacher_msgs/srv/detail/attach_link__rosidl_typesupport_fastrtps_c.h
[0.605s] -- Up-to-date: /home/ibrahim/MobiArm/install/linkattacher_msgs/include/linkattacher_msgs/linkattacher_msgs/msg
[0.605s] -- Up-to-date: /home/ibrahim/MobiArm/install/linkattacher_msgs/include/linkattacher_msgs/linkattacher_msgs/msg/rosidl_typesupport_fastrtps_c__visibility_control.h
[0.605s] -- Up-to-date: /home/ibrahim/MobiArm/install/linkattacher_msgs/lib/liblinkattacher_msgs__rosidl_typesupport_fastrtps_c.so
[0.605s] -- Up-to-date: /home/ibrahim/MobiArm/install/linkattacher_msgs/include/linkattacher_msgs/linkattacher_msgs
[0.605s] -- Up-to-date: /home/ibrahim/MobiArm/install/linkattacher_msgs/include/linkattacher_msgs/linkattacher_msgs/srv
[0.605s] -- Up-to-date: /home/ibrahim/MobiArm/install/linkattacher_msgs/include/linkattacher_msgs/linkattacher_msgs/srv/detail
[0.605s] -- Up-to-date: /home/ibrahim/MobiArm/install/linkattacher_msgs/include/linkattacher_msgs/linkattacher_msgs/srv/detail/attach_link__rosidl_typesupport_introspection_c.h
[0.605s] -- Up-to-date: /home/ibrahim/MobiArm/install/linkattacher_msgs/include/linkattacher_msgs/linkattacher_msgs/srv/detail/detach_link__type_support.c
[0.605s] -- Up-to-date: /home/ibrahim/MobiArm/install/linkattacher_msgs/include/linkattacher_msgs/linkattacher_msgs/srv/detail/attach_link__type_support.c
[0.605s] -- Up-to-date: /home/ibrahim/MobiArm/install/linkattacher_msgs/include/linkattacher_msgs/linkattacher_msgs/srv/detail/detach_link__rosidl_typesupport_introspection_c.h
[0.605s] -- Up-to-date: /home/ibrahim/MobiArm/install/linkattacher_msgs/include/linkattacher_msgs/linkattacher_msgs/msg
[0.605s] -- Up-to-date: /home/ibrahim/MobiArm/install/linkattacher_msgs/include/linkattacher_msgs/linkattacher_msgs/msg/rosidl_typesupport_introspection_c__visibility_control.h
[0.605s] -- Up-to-date: /home/ibrahim/MobiArm/install/linkattacher_msgs/lib/liblinkattacher_msgs__rosidl_typesupport_introspection_c.so
[0.605s] -- Up-to-date: /home/ibrahim/MobiArm/install/linkattacher_msgs/lib/liblinkattacher_msgs__rosidl_typesupport_c.so
[0.605s] -- Up-to-date: /home/ibrahim/MobiArm/install/linkattacher_msgs/include/linkattacher_msgs/linkattacher_msgs
[0.606s] -- Up-to-date: /home/ibrahim/MobiArm/install/linkattacher_msgs/include/linkattacher_msgs/linkattacher_msgs/srv
[0.606s] -- Up-to-date: /home/ibrahim/MobiArm/install/linkattacher_msgs/include/linkattacher_msgs/linkattacher_msgs/srv/detail
[0.606s] -- Up-to-date: /home/ibrahim/MobiArm/install/linkattacher_msgs/include/linkattacher_msgs/linkattacher_msgs/srv/detail/attach_link__type_support.hpp
[0.606s] -- Up-to-date: /home/ibrahim/MobiArm/install/linkattacher_msgs/include/linkattacher_msgs/linkattacher_msgs/srv/detail/detach_link__traits.hpp
[0.606s] -- Up-to-date: /home/ibrahim/MobiArm/install/linkattacher_msgs/include/linkattacher_msgs/linkattacher_msgs/srv/detail/attach_link__struct.hpp
[0.606s] -- Up-to-date: /home/ibrahim/MobiArm/install/linkattacher_msgs/include/linkattacher_msgs/linkattacher_msgs/srv/detail/attach_link__traits.hpp
[0.606s] -- Up-to-date: /home/ibrahim/MobiArm/install/linkattacher_msgs/include/linkattacher_msgs/linkattacher_msgs/srv/detail/detach_link__type_support.hpp
[0.606s] -- Up-to-date: /home/ibrahim/MobiArm/install/linkattacher_msgs/include/linkattacher_msgs/linkattacher_msgs/srv/detail/detach_link__struct.hpp
[0.606s] -- Up-to-date: /home/ibrahim/MobiArm/install/linkattacher_msgs/include/linkattacher_msgs/linkattacher_msgs/srv/detail/attach_link__builder.hpp
[0.606s] -- Up-to-date: /home/ibrahim/MobiArm/install/linkattacher_msgs/include/linkattacher_msgs/linkattacher_msgs/srv/detail/detach_link__builder.hpp
[0.606s] -- Up-to-date: /home/ibrahim/MobiArm/install/linkattacher_msgs/include/linkattacher_msgs/linkattacher_msgs/srv/attach_link.hpp
[0.606s] -- Up-to-date: /home/ibrahim/MobiArm/install/linkattacher_msgs/include/linkattacher_msgs/linkattacher_msgs/srv/detach_link.hpp
[0.606s] -- Up-to-date: /home/ibrahim/MobiArm/install/linkattacher_msgs/include/linkattacher_msgs/linkattacher_msgs/msg
[0.606s] -- Up-to-date: /home/ibrahim/MobiArm/install/linkattacher_msgs/include/linkattacher_msgs/linkattacher_msgs/msg/rosidl_generator_cpp__visibility_control.hpp
[0.607s] -- Up-to-date: /home/ibrahim/MobiArm/install/linkattacher_msgs/include/linkattacher_msgs/linkattacher_msgs
[0.607s] -- Up-to-date: /home/ibrahim/MobiArm/install/linkattacher_msgs/include/linkattacher_msgs/linkattacher_msgs/srv
[0.607s] -- Up-to-date: /home/ibrahim/MobiArm/install/linkattacher_msgs/include/linkattacher_msgs/linkattacher_msgs/srv/detail
[0.607s] -- Up-to-date: /home/ibrahim/MobiArm/install/linkattacher_msgs/include/linkattacher_msgs/linkattacher_msgs/srv/detail/dds_fastrtps
[0.607s] -- Up-to-date: /home/ibrahim/MobiArm/install/linkattacher_msgs/include/linkattacher_msgs/linkattacher_msgs/srv/detail/detach_link__rosidl_typesupport_fastrtps_cpp.hpp
[0.607s] -- Up-to-date: /home/ibrahim/MobiArm/install/linkattacher_msgs/include/linkattacher_msgs/linkattacher_msgs/srv/detail/attach_link__rosidl_typesupport_fastrtps_cpp.hpp
[0.607s] -- Up-to-date: /home/ibrahim/MobiArm/install/linkattacher_msgs/include/linkattacher_msgs/linkattacher_msgs/msg
[0.607s] -- Up-to-date: /home/ibrahim/MobiArm/install/linkattacher_msgs/include/linkattacher_msgs/linkattacher_msgs/msg/rosidl_typesupport_fastrtps_cpp__visibility_control.h
[0.607s] -- Up-to-date: /home/ibrahim/MobiArm/install/linkattacher_msgs/lib/liblinkattacher_msgs__rosidl_typesupport_fastrtps_cpp.so
[0.608s] -- Up-to-date: /home/ibrahim/MobiArm/install/linkattacher_msgs/include/linkattacher_msgs/linkattacher_msgs
[0.608s] -- Up-to-date: /home/ibrahim/MobiArm/install/linkattacher_msgs/include/linkattacher_msgs/linkattacher_msgs/srv
[0.608s] -- Up-to-date: /home/ibrahim/MobiArm/install/linkattacher_msgs/include/linkattacher_msgs/linkattacher_msgs/srv/detail
[0.608s] -- Up-to-date: /home/ibrahim/MobiArm/install/linkattacher_msgs/include/linkattacher_msgs/linkattacher_msgs/srv/detail/attach_link__rosidl_typesupport_introspection_cpp.hpp
[0.608s] -- Up-to-date: /home/ibrahim/MobiArm/install/linkattacher_msgs/include/linkattacher_msgs/linkattacher_msgs/srv/detail/attach_link__type_support.cpp
[0.608s] -- Up-to-date: /home/ibrahim/MobiArm/install/linkattacher_msgs/include/linkattacher_msgs/linkattacher_msgs/srv/detail/detach_link__type_support.cpp
[0.608s] -- Up-to-date: /home/ibrahim/MobiArm/install/linkattacher_msgs/include/linkattacher_msgs/linkattacher_msgs/srv/detail/detach_link__rosidl_typesupport_introspection_cpp.hpp
[0.608s] -- Up-to-date: /home/ibrahim/MobiArm/install/linkattacher_msgs/lib/liblinkattacher_msgs__rosidl_typesupport_introspection_cpp.so
[0.608s] -- Up-to-date: /home/ibrahim/MobiArm/install/linkattacher_msgs/lib/liblinkattacher_msgs__rosidl_typesupport_cpp.so
[0.608s] -- Up-to-date: /home/ibrahim/MobiArm/install/linkattacher_msgs/share/linkattacher_msgs/environment/pythonpath.sh
[0.608s] -- Up-to-date: /home/ibrahim/MobiArm/install/linkattacher_msgs/share/linkattacher_msgs/environment/pythonpath.dsv
[0.608s] -- Up-to-date: /home/ibrahim/MobiArm/install/linkattacher_msgs/local/lib/python3.10/dist-packages/linkattacher_msgs-0.0.0-py3.10.egg-info
[0.608s] -- Installing: /home/ibrahim/MobiArm/install/linkattacher_msgs/local/lib/python3.10/dist-packages/linkattacher_msgs-0.0.0-py3.10.egg-info/top_level.txt
[0.608s] -- Installing: /home/ibrahim/MobiArm/install/linkattacher_msgs/local/lib/python3.10/dist-packages/linkattacher_msgs-0.0.0-py3.10.egg-info/PKG-INFO
[0.608s] -- Installing: /home/ibrahim/MobiArm/install/linkattacher_msgs/local/lib/python3.10/dist-packages/linkattacher_msgs-0.0.0-py3.10.egg-info/dependency_links.txt
[0.608s] -- Installing: /home/ibrahim/MobiArm/install/linkattacher_msgs/local/lib/python3.10/dist-packages/linkattacher_msgs-0.0.0-py3.10.egg-info/SOURCES.txt
[0.608s] -- Up-to-date: /home/ibrahim/MobiArm/install/linkattacher_msgs/local/lib/python3.10/dist-packages/linkattacher_msgs
[0.608s] -- Up-to-date: /home/ibrahim/MobiArm/install/linkattacher_msgs/local/lib/python3.10/dist-packages/linkattacher_msgs/linkattacher_msgs_s__rosidl_typesupport_c.cpython-310-x86_64-linux-gnu.so
[0.608s] -- Up-to-date: /home/ibrahim/MobiArm/install/linkattacher_msgs/local/lib/python3.10/dist-packages/linkattacher_msgs/linkattacher_msgs_s__rosidl_typesupport_introspection_c.cpython-310-x86_64-linux-gnu.so
[0.608s] -- Up-to-date: /home/ibrahim/MobiArm/install/linkattacher_msgs/local/lib/python3.10/dist-packages/linkattacher_msgs/_linkattacher_msgs_s.ep.rosidl_typesupport_c.c
[0.608s] -- Up-to-date: /home/ibrahim/MobiArm/install/linkattacher_msgs/local/lib/python3.10/dist-packages/linkattacher_msgs/srv
[0.609s] -- Up-to-date: /home/ibrahim/MobiArm/install/linkattacher_msgs/local/lib/python3.10/dist-packages/linkattacher_msgs/srv/_attach_link.py
[0.609s] -- Up-to-date: /home/ibrahim/MobiArm/install/linkattacher_msgs/local/lib/python3.10/dist-packages/linkattacher_msgs/srv/_attach_link_s.c
[0.609s] -- Up-to-date: /home/ibrahim/MobiArm/install/linkattacher_msgs/local/lib/python3.10/dist-packages/linkattacher_msgs/srv/_detach_link.py
[0.609s] -- Up-to-date: /home/ibrahim/MobiArm/install/linkattacher_msgs/local/lib/python3.10/dist-packages/linkattacher_msgs/srv/__init__.py
[0.609s] -- Up-to-date: /home/ibrahim/MobiArm/install/linkattacher_msgs/local/lib/python3.10/dist-packages/linkattacher_msgs/srv/_detach_link_s.c
[0.609s] -- Up-to-date: /home/ibrahim/MobiArm/install/linkattacher_msgs/local/lib/python3.10/dist-packages/linkattacher_msgs/linkattacher_msgs_s__rosidl_typesupport_fastrtps_c.cpython-310-x86_64-linux-gnu.so
[0.609s] -- Up-to-date: /home/ibrahim/MobiArm/install/linkattacher_msgs/local/lib/python3.10/dist-packages/linkattacher_msgs/_linkattacher_msgs_s.ep.rosidl_typesupport_introspection_c.c
[0.609s] -- Up-to-date: /home/ibrahim/MobiArm/install/linkattacher_msgs/local/lib/python3.10/dist-packages/linkattacher_msgs/_linkattacher_msgs_s.ep.rosidl_typesupport_fastrtps_c.c
[0.609s] -- Up-to-date: /home/ibrahim/MobiArm/install/linkattacher_msgs/local/lib/python3.10/dist-packages/linkattacher_msgs/__init__.py
[0.609s] -- Up-to-date: /home/ibrahim/MobiArm/install/linkattacher_msgs/local/lib/python3.10/dist-packages/linkattacher_msgs/liblinkattacher_msgs__rosidl_generator_py.so
[0.637s] Listing '/home/ibrahim/MobiArm/install/linkattacher_msgs/local/lib/python3.10/dist-packages/linkattacher_msgs'...
[0.638s] Listing '/home/ibrahim/MobiArm/install/linkattacher_msgs/local/lib/python3.10/dist-packages/linkattacher_msgs/srv'...
[0.643s] -- Up-to-date: /home/ibrahim/MobiArm/install/linkattacher_msgs/local/lib/python3.10/dist-packages/linkattacher_msgs/linkattacher_msgs_s__rosidl_typesupport_fastrtps_c.cpython-310-x86_64-linux-gnu.so
[0.643s] -- Up-to-date: /home/ibrahim/MobiArm/install/linkattacher_msgs/local/lib/python3.10/dist-packages/linkattacher_msgs/linkattacher_msgs_s__rosidl_typesupport_introspection_c.cpython-310-x86_64-linux-gnu.so
[0.644s] -- Up-to-date: /home/ibrahim/MobiArm/install/linkattacher_msgs/local/lib/python3.10/dist-packages/linkattacher_msgs/linkattacher_msgs_s__rosidl_typesupport_c.cpython-310-x86_64-linux-gnu.so
[0.648s] -- Up-to-date: /home/ibrahim/MobiArm/install/linkattacher_msgs/lib/liblinkattacher_msgs__rosidl_generator_py.so
[0.648s] -- Up-to-date: /home/ibrahim/MobiArm/install/linkattacher_msgs/share/ament_index/resource_index/rust_packages/linkattacher_msgs
[0.648s] -- Up-to-date: /home/ibrahim/MobiArm/install/linkattacher_msgs/share/linkattacher_msgs/rust
[0.649s] -- Up-to-date: /home/ibrahim/MobiArm/install/linkattacher_msgs/share/linkattacher_msgs/rust/src
[0.649s] -- Up-to-date: /home/ibrahim/MobiArm/install/linkattacher_msgs/share/linkattacher_msgs/rust/src/lib.rs
[0.649s] -- Up-to-date: /home/ibrahim/MobiArm/install/linkattacher_msgs/share/linkattacher_msgs/rust/src/srv
[0.649s] -- Up-to-date: /home/ibrahim/MobiArm/install/linkattacher_msgs/share/linkattacher_msgs/rust/src/srv/rmw.rs
[0.650s] -- Up-to-date: /home/ibrahim/MobiArm/install/linkattacher_msgs/share/linkattacher_msgs/rust/src/srv.rs
[0.650s] -- Up-to-date: /home/ibrahim/MobiArm/install/linkattacher_msgs/share/linkattacher_msgs/rust/build.rs
[0.650s] -- Up-to-date: /home/ibrahim/MobiArm/install/linkattacher_msgs/share/linkattacher_msgs/rust/Cargo.toml
[0.650s] -- Up-to-date: /home/ibrahim/MobiArm/install/linkattacher_msgs/share/linkattacher_msgs/srv/AttachLink.idl
[0.650s] -- Up-to-date: /home/ibrahim/MobiArm/install/linkattacher_msgs/share/linkattacher_msgs/srv/DetachLink.idl
[0.650s] -- Up-to-date: /home/ibrahim/MobiArm/install/linkattacher_msgs/share/linkattacher_msgs/srv/AttachLink.srv
[0.651s] -- Up-to-date: /home/ibrahim/MobiArm/install/linkattacher_msgs/share/linkattacher_msgs/srv/AttachLink_Request.msg
[0.651s] -- Up-to-date: /home/ibrahim/MobiArm/install/linkattacher_msgs/share/linkattacher_msgs/srv/AttachLink_Response.msg
[0.651s] -- Up-to-date: /home/ibrahim/MobiArm/install/linkattacher_msgs/share/linkattacher_msgs/srv/DetachLink.srv
[0.651s] -- Up-to-date: /home/ibrahim/MobiArm/install/linkattacher_msgs/share/linkattacher_msgs/srv/DetachLink_Request.msg
[0.651s] -- Up-to-date: /home/ibrahim/MobiArm/install/linkattacher_msgs/share/linkattacher_msgs/srv/DetachLink_Response.msg
[0.651s] -- Up-to-date: /home/ibrahim/MobiArm/install/linkattacher_msgs/share/ament_index/resource_index/package_run_dependencies/linkattacher_msgs
[0.651s] -- Up-to-date: /home/ibrahim/MobiArm/install/linkattacher_msgs/share/ament_index/resource_index/parent_prefix_path/linkattacher_msgs
[0.651s] -- Up-to-date: /home/ibrahim/MobiArm/install/linkattacher_msgs/share/linkattacher_msgs/environment/ament_prefix_path.sh
[0.651s] -- Up-to-date: /home/ibrahim/MobiArm/install/linkattacher_msgs/share/linkattacher_msgs/environment/ament_prefix_path.dsv
[0.652s] -- Up-to-date: /home/ibrahim/MobiArm/install/linkattacher_msgs/share/linkattacher_msgs/environment/path.sh
[0.652s] -- Up-to-date: /home/ibrahim/MobiArm/install/linkattacher_msgs/share/linkattacher_msgs/environment/path.dsv
[0.652s] -- Up-to-date: /home/ibrahim/MobiArm/install/linkattacher_msgs/share/linkattacher_msgs/local_setup.bash
[0.652s] -- Up-to-date: /home/ibrahim/MobiArm/install/linkattacher_msgs/share/linkattacher_msgs/local_setup.sh
[0.652s] -- Up-to-date: /home/ibrahim/MobiArm/install/linkattacher_msgs/share/linkattacher_msgs/local_setup.zsh
[0.652s] -- Up-to-date: /home/ibrahim/MobiArm/install/linkattacher_msgs/share/linkattacher_msgs/local_setup.dsv
[0.652s] -- Installing: /home/ibrahim/MobiArm/install/linkattacher_msgs/share/linkattacher_msgs/package.dsv
[0.653s] -- Up-to-date: /home/ibrahim/MobiArm/install/linkattacher_msgs/share/ament_index/resource_index/packages/linkattacher_msgs
[0.653s] -- Up-to-date: /home/ibrahim/MobiArm/install/linkattacher_msgs/share/linkattacher_msgs/cmake/export_linkattacher_msgs__rosidl_generator_cExport.cmake
[0.653s] -- Up-to-date: /home/ibrahim/MobiArm/install/linkattacher_msgs/share/linkattacher_msgs/cmake/export_linkattacher_msgs__rosidl_generator_cExport-noconfig.cmake
[0.660s] -- Up-to-date: /home/ibrahim/MobiArm/install/linkattacher_msgs/share/linkattacher_msgs/cmake/export_linkattacher_msgs__rosidl_typesupport_fastrtps_cExport.cmake
[0.661s] -- Up-to-date: /home/ibrahim/MobiArm/install/linkattacher_msgs/share/linkattacher_msgs/cmake/export_linkattacher_msgs__rosidl_typesupport_fastrtps_cExport-noconfig.cmake
[0.661s] -- Up-to-date: /home/ibrahim/MobiArm/install/linkattacher_msgs/share/linkattacher_msgs/cmake/linkattacher_msgs__rosidl_typesupport_introspection_cExport.cmake
[0.662s] -- Up-to-date: /home/ibrahim/MobiArm/install/linkattacher_msgs/share/linkattacher_msgs/cmake/linkattacher_msgs__rosidl_typesupport_introspection_cExport-noconfig.cmake
[0.663s] -- Up-to-date: /home/ibrahim/MobiArm/install/linkattacher_msgs/share/linkattacher_msgs/cmake/linkattacher_msgs__rosidl_typesupport_cExport.cmake
[0.664s] -- Up-to-date: /home/ibrahim/MobiArm/install/linkattacher_msgs/share/linkattacher_msgs/cmake/linkattacher_msgs__rosidl_typesupport_cExport-noconfig.cmake
[0.664s] -- Up-to-date: /home/ibrahim/MobiArm/install/linkattacher_msgs/share/linkattacher_msgs/cmake/export_linkattacher_msgs__rosidl_generator_cppExport.cmake
[0.665s] -- Up-to-date: /home/ibrahim/MobiArm/install/linkattacher_msgs/share/linkattacher_msgs/cmake/export_linkattacher_msgs__rosidl_typesupport_fastrtps_cppExport.cmake
[0.665s] -- Up-to-date: /home/ibrahim/MobiArm/install/linkattacher_msgs/share/linkattacher_msgs/cmake/export_linkattacher_msgs__rosidl_typesupport_fastrtps_cppExport-noconfig.cmake
[0.666s] -- Up-to-date: /home/ibrahim/MobiArm/install/linkattacher_msgs/share/linkattacher_msgs/cmake/linkattacher_msgs__rosidl_typesupport_introspection_cppExport.cmake
[0.666s] -- Up-to-date: /home/ibrahim/MobiArm/install/linkattacher_msgs/share/linkattacher_msgs/cmake/linkattacher_msgs__rosidl_typesupport_introspection_cppExport-noconfig.cmake
[0.666s] -- Up-to-date: /home/ibrahim/MobiArm/install/linkattacher_msgs/share/linkattacher_msgs/cmake/linkattacher_msgs__rosidl_typesupport_cppExport.cmake
[0.667s] -- Up-to-date: /home/ibrahim/MobiArm/install/linkattacher_msgs/share/linkattacher_msgs/cmake/linkattacher_msgs__rosidl_typesupport_cppExport-noconfig.cmake
[0.667s] -- Up-to-date: /home/ibrahim/MobiArm/install/linkattacher_msgs/share/linkattacher_msgs/cmake/export_linkattacher_msgs__rosidl_generator_pyExport.cmake
[0.667s] -- Up-to-date: /home/ibrahim/MobiArm/install/linkattacher_msgs/share/linkattacher_msgs/cmake/export_linkattacher_msgs__rosidl_generator_pyExport-noconfig.cmake
[0.668s] -- Up-to-date: /home/ibrahim/MobiArm/install/linkattacher_msgs/share/linkattacher_msgs/cmake/rosidl_cmake-extras.cmake
[0.668s] -- Up-to-date: /home/ibrahim/MobiArm/install/linkattacher_msgs/share/linkattacher_msgs/cmake/ament_cmake_export_include_directories-extras.cmake
[0.668s] -- Up-to-date: /home/ibrahim/MobiArm/install/linkattacher_msgs/share/linkattacher_msgs/cmake/ament_cmake_export_libraries-extras.cmake
[0.668s] -- Up-to-date: /home/ibrahim/MobiArm/install/linkattacher_msgs/share/linkattacher_msgs/cmake/ament_cmake_export_targets-extras.cmake
[0.668s] -- Up-to-date: /home/ibrahim/MobiArm/install/linkattacher_msgs/share/linkattacher_msgs/cmake/rosidl_cmake_export_typesupport_targets-extras.cmake
[0.669s] -- Up-to-date: /home/ibrahim/MobiArm/install/linkattacher_msgs/share/linkattacher_msgs/cmake/ament_cmake_export_dependencies-extras.cmake
[0.669s] -- Up-to-date: /home/ibrahim/MobiArm/install/linkattacher_msgs/share/linkattacher_msgs/cmake/rosidl_cmake_export_typesupport_libraries-extras.cmake
[0.669s] -- Up-to-date: /home/ibrahim/MobiArm/install/linkattacher_msgs/share/linkattacher_msgs/cmake/linkattacher_msgsConfig.cmake
[0.669s] -- Up-to-date: /home/ibrahim/MobiArm/install/linkattacher_msgs/share/linkattacher_msgs/cmake/linkattacher_msgsConfig-version.cmake
[0.672s] -- Up-to-date: /home/ibrahim/MobiArm/install/linkattacher_msgs/share/linkattacher_msgs/package.xml
[0.693s] Invoked command in '/home/ibrahim/MobiArm/build/linkattacher_msgs' returned '0': CMAKE_PREFIX_PATH=${CMAKE_PREFIX_PATH}:/home/ibrahim/RobotArm/install/main_arm_package:/home/ibrahim/RobotArm/install/action_interfaces:/opt/ros/humble /usr/bin/cmake --install /home/ibrahim/MobiArm/build/linkattacher_msgs
