[0.015s] Invoking command in '/home/ibrahim/MobiArm/build/bin_interfaces': CMAKE_PREFIX_PATH=${CMAKE_PREFIX_PATH}:/home/ibrahim/RobotArm/install/main_arm_package:/home/ibrahim/RobotArm/install/action_interfaces:/opt/ros/humble /usr/bin/cmake --build /home/ibrahim/MobiArm/build/bin_interfaces -- -j16 -l16
[0.040s] -- Found ament_cmake: 1.3.14 (/opt/ros/humble/share/ament_cmake/cmake)
[0.145s] -- Found geometry_msgs: 4.9.1 (/opt/ros/humble/share/geometry_msgs/cmake)
[0.260s] -- Found rosidl_generator_c: 3.1.8 (/opt/ros/humble/share/rosidl_generator_c/cmake)
[0.261s] -- Found rosidl_adapter: 3.1.8 (/opt/ros/humble/share/rosidl_adapter/cmake)
[0.264s] -- Found rosidl_generator_cpp: 3.1.8 (/opt/ros/humble/share/rosidl_generator_cpp/cmake)
[0.270s] -- Using all available rosidl_typesupport_c: rosidl_typesupport_fastrtps_c;rosidl_typesupport_introspection_c
[0.278s] -- Using all available rosidl_typesupport_cpp: rosidl_typesupport_fastrtps_cpp;rosidl_typesupport_introspection_cpp
[0.300s] -- Found rosidl_default_generators: 1.2.1 (/opt/ros/humble/share/rosidl_default_generators/cmake)
[0.552s] -- Found ament_cmake_ros: 0.10.0 (/opt/ros/humble/share/ament_cmake_ros/cmake)
[0.878s] -- Using all available rosidl_typesupport_c: rosidl_typesupport_fastrtps_c;rosidl_typesupport_introspection_c
[0.996s] -- Using all available rosidl_typesupport_cpp: rosidl_typesupport_fastrtps_cpp;rosidl_typesupport_introspection_cpp
[1.018s] -- Found python_cmake_module: 0.10.0 (/opt/ros/humble/share/python_cmake_module/cmake)
[1.036s] -- Using PYTHON_EXECUTABLE: /usr/bin/python3
[1.036s] -- Using PYTHON_INCLUDE_DIRS: /usr/include/python3.10
[1.036s] -- Using PYTHON_LIBRARIES: /usr/lib/x86_64-linux-gnu/libpython3.10.so
[1.136s] -- Found ament_lint_auto: 0.12.15 (/opt/ros/humble/share/ament_lint_auto/cmake)
[1.166s] -- Added test 'lint_cmake' to check CMake code style
[1.168s] -- Added test 'xmllint' to check XML markup files
[1.173s] -- Configuring done
[1.237s] -- Generating done
[1.249s] -- Build files have been written to: /home/ibrahim/MobiArm/build/bin_interfaces
[1.279s] [  2%] Generating C code for ROS interfaces
[1.292s] [  5%] Generating Rust code for ROS interfaces
[1.292s] [  7%] Generating C++ code for ROS interfaces
[1.308s] [  7%] Built target ament_cmake_python_copy_bin_interfaces
[1.502s] [  7%] Built target bin_interfaces__rs
[1.519s] running egg_info
[1.519s] writing bin_interfaces.egg-info/PKG-INFO
[1.520s] writing dependency_links to bin_interfaces.egg-info/dependency_links.txt
[1.520s] writing top-level names to bin_interfaces.egg-info/top_level.txt
[1.523s] reading manifest file 'bin_interfaces.egg-info/SOURCES.txt'
[1.523s] writing manifest file 'bin_interfaces.egg-info/SOURCES.txt'
[1.561s] [  7%] Built target ament_cmake_python_build_bin_interfaces_egg
[1.566s] Consolidate compiler generated dependencies of target bin_interfaces__rosidl_generator_c
[1.575s] [  7%] Built target bin_interfaces__cpp
[1.587s] [ 20%] Building C object CMakeFiles/bin_interfaces__rosidl_generator_c.dir/rosidl_generator_c/bin_interfaces/srv/detail/start_search__functions.c.o
[1.587s] [ 20%] Generating C++ type support dispatch for ROS interfaces
[1.587s] [ 20%] Generating C++ introspection for ROS interfaces
[1.587s] [ 20%] Building C object CMakeFiles/bin_interfaces__rosidl_generator_c.dir/rosidl_generator_c/bin_interfaces/srv/detail/get_targets__functions.c.o
[1.587s] [ 20%] Generating C++ type support for eProsima Fast-RTPS
[1.708s] [ 22%] Linking C shared library libbin_interfaces__rosidl_generator_c.so
[1.816s] Consolidate compiler generated dependencies of target bin_interfaces__rosidl_typesupport_cpp
[1.832s] [ 25%] Building CXX object CMakeFiles/bin_interfaces__rosidl_typesupport_cpp.dir/rosidl_typesupport_cpp/bin_interfaces/srv/start_search__type_support.cpp.o
[1.832s] [ 27%] Building CXX object CMakeFiles/bin_interfaces__rosidl_typesupport_cpp.dir/rosidl_typesupport_cpp/bin_interfaces/srv/get_targets__type_support.cpp.o
[1.834s] Consolidate compiler generated dependencies of target bin_interfaces__rosidl_typesupport_introspection_cpp
[1.848s] [ 30%] Building CXX object CMakeFiles/bin_interfaces__rosidl_typesupport_introspection_cpp.dir/rosidl_typesupport_introspection_cpp/bin_interfaces/srv/detail/start_search__type_support.cpp.o
[1.848s] [ 30%] Built target bin_interfaces__rosidl_generator_c
[1.849s] [ 32%] Building CXX object CMakeFiles/bin_interfaces__rosidl_typesupport_introspection_cpp.dir/rosidl_typesupport_introspection_cpp/bin_interfaces/srv/detail/get_targets__type_support.cpp.o
[1.863s] [ 35%] Generating C introspection for ROS interfaces
[1.863s] [ 37%] Generating C type support for eProsima Fast-RTPS
[1.863s] [ 40%] Generating C type support dispatch for ROS interfaces
[1.865s] Consolidate compiler generated dependencies of target bin_interfaces__rosidl_typesupport_fastrtps_cpp
[1.887s] [ 42%] Building CXX object CMakeFiles/bin_interfaces__rosidl_typesupport_fastrtps_cpp.dir/rosidl_typesupport_fastrtps_cpp/bin_interfaces/srv/detail/dds_fastrtps/start_search__type_support.cpp.o
[1.887s] [ 45%] Building CXX object CMakeFiles/bin_interfaces__rosidl_typesupport_fastrtps_cpp.dir/rosidl_typesupport_fastrtps_cpp/bin_interfaces/srv/detail/dds_fastrtps/get_targets__type_support.cpp.o
[2.183s] Consolidate compiler generated dependencies of target bin_interfaces__rosidl_typesupport_c
[2.195s] Consolidate compiler generated dependencies of target bin_interfaces__rosidl_typesupport_introspection_c
[2.196s] [ 47%] Building CXX object CMakeFiles/bin_interfaces__rosidl_typesupport_c.dir/rosidl_typesupport_c/bin_interfaces/srv/get_targets__type_support.cpp.o
[2.197s] Consolidate compiler generated dependencies of target bin_interfaces__rosidl_typesupport_fastrtps_c
[2.197s] [ 50%] Building CXX object CMakeFiles/bin_interfaces__rosidl_typesupport_c.dir/rosidl_typesupport_c/bin_interfaces/srv/start_search__type_support.cpp.o
[2.207s] [ 52%] Linking CXX shared library libbin_interfaces__rosidl_typesupport_cpp.so
[2.213s] [ 55%] Building C object CMakeFiles/bin_interfaces__rosidl_typesupport_introspection_c.dir/rosidl_typesupport_introspection_c/bin_interfaces/srv/detail/get_targets__type_support.c.o
[2.213s] [ 57%] Building C object CMakeFiles/bin_interfaces__rosidl_typesupport_introspection_c.dir/rosidl_typesupport_introspection_c/bin_interfaces/srv/detail/start_search__type_support.c.o
[2.214s] [ 60%] Building CXX object CMakeFiles/bin_interfaces__rosidl_typesupport_fastrtps_c.dir/rosidl_typesupport_fastrtps_c/bin_interfaces/srv/detail/start_search__type_support_c.cpp.o
[2.215s] [ 62%] Building CXX object CMakeFiles/bin_interfaces__rosidl_typesupport_fastrtps_c.dir/rosidl_typesupport_fastrtps_c/bin_interfaces/srv/detail/get_targets__type_support_c.cpp.o
[2.242s] [ 65%] Linking CXX shared library libbin_interfaces__rosidl_typesupport_c.so
[2.270s] [ 67%] Linking C shared library libbin_interfaces__rosidl_typesupport_introspection_c.so
[2.328s] [ 70%] Linking CXX shared library libbin_interfaces__rosidl_typesupport_introspection_cpp.so
[2.366s] [ 70%] Built target bin_interfaces__rosidl_typesupport_cpp
[2.379s] [ 72%] Linking CXX shared library libbin_interfaces__rosidl_typesupport_fastrtps_cpp.so
[2.394s] [ 72%] Built target bin_interfaces__rosidl_typesupport_c
[2.404s] [ 72%] Built target bin_interfaces__rosidl_typesupport_introspection_c
[2.486s] [ 72%] Built target bin_interfaces__rosidl_typesupport_introspection_cpp
[2.531s] [ 72%] Built target bin_interfaces__rosidl_typesupport_fastrtps_cpp
[2.538s] [ 75%] Linking CXX shared library libbin_interfaces__rosidl_typesupport_fastrtps_c.so
[2.685s] [ 75%] Built target bin_interfaces__rosidl_typesupport_fastrtps_c
[2.709s] [ 75%] Built target bin_interfaces
[2.733s] [ 77%] Generating Python code for ROS interfaces
[3.062s] [ 77%] Built target bin_interfaces__py
[3.076s] Consolidate compiler generated dependencies of target bin_interfaces__rosidl_generator_py
[3.089s] [ 82%] Building C object CMakeFiles/bin_interfaces__rosidl_generator_py.dir/rosidl_generator_py/bin_interfaces/srv/_start_search_s.c.o
[3.089s] [ 82%] Building C object CMakeFiles/bin_interfaces__rosidl_generator_py.dir/rosidl_generator_py/bin_interfaces/srv/_get_targets_s.c.o
[3.229s] [ 85%] Linking C shared library rosidl_generator_py/bin_interfaces/libbin_interfaces__rosidl_generator_py.so
[3.342s] [ 85%] Built target bin_interfaces__rosidl_generator_py
[3.357s] Consolidate compiler generated dependencies of target bin_interfaces__rosidl_typesupport_introspection_c__pyext
[3.357s] Consolidate compiler generated dependencies of target bin_interfaces__rosidl_typesupport_c__pyext
[3.357s] Consolidate compiler generated dependencies of target bin_interfaces__rosidl_typesupport_fastrtps_c__pyext
[3.369s] [ 90%] Building C object CMakeFiles/bin_interfaces__rosidl_typesupport_fastrtps_c__pyext.dir/rosidl_generator_py/bin_interfaces/_bin_interfaces_s.ep.rosidl_typesupport_fastrtps_c.c.o
[3.370s] [ 90%] Building C object CMakeFiles/bin_interfaces__rosidl_typesupport_introspection_c__pyext.dir/rosidl_generator_py/bin_interfaces/_bin_interfaces_s.ep.rosidl_typesupport_introspection_c.c.o
[3.370s] [ 92%] Building C object CMakeFiles/bin_interfaces__rosidl_typesupport_c__pyext.dir/rosidl_generator_py/bin_interfaces/_bin_interfaces_s.ep.rosidl_typesupport_c.c.o
[3.467s] [ 95%] Linking C shared library rosidl_generator_py/bin_interfaces/bin_interfaces_s__rosidl_typesupport_c.cpython-310-x86_64-linux-gnu.so
[3.468s] [ 97%] Linking C shared library rosidl_generator_py/bin_interfaces/bin_interfaces_s__rosidl_typesupport_introspection_c.cpython-310-x86_64-linux-gnu.so
[3.475s] [100%] Linking C shared library rosidl_generator_py/bin_interfaces/bin_interfaces_s__rosidl_typesupport_fastrtps_c.cpython-310-x86_64-linux-gnu.so
[3.554s] [100%] Built target bin_interfaces__rosidl_typesupport_c__pyext
[3.555s] [100%] Built target bin_interfaces__rosidl_typesupport_introspection_c__pyext
[3.581s] [100%] Built target bin_interfaces__rosidl_typesupport_fastrtps_c__pyext
[3.593s] Invoked command in '/home/ibrahim/MobiArm/build/bin_interfaces' returned '0': CMAKE_PREFIX_PATH=${CMAKE_PREFIX_PATH}:/home/ibrahim/RobotArm/install/main_arm_package:/home/ibrahim/RobotArm/install/action_interfaces:/opt/ros/humble /usr/bin/cmake --build /home/ibrahim/MobiArm/build/bin_interfaces -- -j16 -l16
[3.604s] Invoking command in '/home/ibrahim/MobiArm/build/bin_interfaces': CMAKE_PREFIX_PATH=${CMAKE_PREFIX_PATH}:/home/ibrahim/RobotArm/install/main_arm_package:/home/ibrahim/RobotArm/install/action_interfaces:/opt/ros/humble /usr/bin/cmake --install /home/ibrahim/MobiArm/build/bin_interfaces
[3.613s] -- Install configuration: ""
[3.614s] -- Installing: /home/ibrahim/MobiArm/install/bin_interfaces/share/ament_index/resource_index/rosidl_interfaces/bin_interfaces
[3.614s] -- Up-to-date: /home/ibrahim/MobiArm/install/bin_interfaces/include/bin_interfaces/bin_interfaces
[3.614s] -- Up-to-date: /home/ibrahim/MobiArm/install/bin_interfaces/include/bin_interfaces/bin_interfaces/srv
[3.614s] -- Installing: /home/ibrahim/MobiArm/install/bin_interfaces/include/bin_interfaces/bin_interfaces/srv/get_targets.h
[3.615s] -- Installing: /home/ibrahim/MobiArm/install/bin_interfaces/include/bin_interfaces/bin_interfaces/srv/start_search.h
[3.615s] -- Up-to-date: /home/ibrahim/MobiArm/install/bin_interfaces/include/bin_interfaces/bin_interfaces/srv/detail
[3.615s] -- Installing: /home/ibrahim/MobiArm/install/bin_interfaces/include/bin_interfaces/bin_interfaces/srv/detail/start_search__struct.h
[3.615s] -- Installing: /home/ibrahim/MobiArm/install/bin_interfaces/include/bin_interfaces/bin_interfaces/srv/detail/get_targets__type_support.h
[3.615s] -- Installing: /home/ibrahim/MobiArm/install/bin_interfaces/include/bin_interfaces/bin_interfaces/srv/detail/start_search__type_support.h
[3.615s] -- Installing: /home/ibrahim/MobiArm/install/bin_interfaces/include/bin_interfaces/bin_interfaces/srv/detail/start_search__functions.h
[3.615s] -- Installing: /home/ibrahim/MobiArm/install/bin_interfaces/include/bin_interfaces/bin_interfaces/srv/detail/get_targets__functions.c
[3.615s] -- Installing: /home/ibrahim/MobiArm/install/bin_interfaces/include/bin_interfaces/bin_interfaces/srv/detail/get_targets__functions.h
[3.615s] -- Installing: /home/ibrahim/MobiArm/install/bin_interfaces/include/bin_interfaces/bin_interfaces/srv/detail/get_targets__struct.h
[3.615s] -- Installing: /home/ibrahim/MobiArm/install/bin_interfaces/include/bin_interfaces/bin_interfaces/srv/detail/start_search__functions.c
[3.615s] -- Up-to-date: /home/ibrahim/MobiArm/install/bin_interfaces/include/bin_interfaces/bin_interfaces/msg
[3.615s] -- Up-to-date: /home/ibrahim/MobiArm/install/bin_interfaces/include/bin_interfaces/bin_interfaces/msg/rosidl_generator_c__visibility_control.h
[3.615s] -- Up-to-date: /home/ibrahim/MobiArm/install/bin_interfaces/share/bin_interfaces/environment/library_path.sh
[3.615s] -- Installing: /home/ibrahim/MobiArm/install/bin_interfaces/share/bin_interfaces/environment/library_path.dsv
[3.616s] -- Installing: /home/ibrahim/MobiArm/install/bin_interfaces/lib/libbin_interfaces__rosidl_generator_c.so
[3.618s] -- Set runtime path of "/home/ibrahim/MobiArm/install/bin_interfaces/lib/libbin_interfaces__rosidl_generator_c.so" to ""
[3.618s] -- Up-to-date: /home/ibrahim/MobiArm/install/bin_interfaces/include/bin_interfaces/bin_interfaces
[3.619s] -- Up-to-date: /home/ibrahim/MobiArm/install/bin_interfaces/include/bin_interfaces/bin_interfaces/srv
[3.619s] -- Up-to-date: /home/ibrahim/MobiArm/install/bin_interfaces/include/bin_interfaces/bin_interfaces/srv/detail
[3.619s] -- Installing: /home/ibrahim/MobiArm/install/bin_interfaces/include/bin_interfaces/bin_interfaces/srv/detail/start_search__rosidl_typesupport_fastrtps_c.h
[3.619s] -- Installing: /home/ibrahim/MobiArm/install/bin_interfaces/include/bin_interfaces/bin_interfaces/srv/detail/get_targets__rosidl_typesupport_fastrtps_c.h
[3.619s] -- Up-to-date: /home/ibrahim/MobiArm/install/bin_interfaces/include/bin_interfaces/bin_interfaces/msg
[3.619s] -- Up-to-date: /home/ibrahim/MobiArm/install/bin_interfaces/include/bin_interfaces/bin_interfaces/msg/rosidl_typesupport_fastrtps_c__visibility_control.h
[3.620s] -- Installing: /home/ibrahim/MobiArm/install/bin_interfaces/lib/libbin_interfaces__rosidl_typesupport_fastrtps_c.so
[3.621s] -- Set runtime path of "/home/ibrahim/MobiArm/install/bin_interfaces/lib/libbin_interfaces__rosidl_typesupport_fastrtps_c.so" to ""
[3.621s] -- Up-to-date: /home/ibrahim/MobiArm/install/bin_interfaces/include/bin_interfaces/bin_interfaces
[3.621s] -- Up-to-date: /home/ibrahim/MobiArm/install/bin_interfaces/include/bin_interfaces/bin_interfaces/srv
[3.621s] -- Installing: /home/ibrahim/MobiArm/install/bin_interfaces/include/bin_interfaces/bin_interfaces/srv/get_targets.hpp
[3.621s] -- Installing: /home/ibrahim/MobiArm/install/bin_interfaces/include/bin_interfaces/bin_interfaces/srv/start_search.hpp
[3.621s] -- Up-to-date: /home/ibrahim/MobiArm/install/bin_interfaces/include/bin_interfaces/bin_interfaces/srv/detail
[3.622s] -- Installing: /home/ibrahim/MobiArm/install/bin_interfaces/include/bin_interfaces/bin_interfaces/srv/detail/get_targets__struct.hpp
[3.622s] -- Installing: /home/ibrahim/MobiArm/install/bin_interfaces/include/bin_interfaces/bin_interfaces/srv/detail/start_search__builder.hpp
[3.622s] -- Installing: /home/ibrahim/MobiArm/install/bin_interfaces/include/bin_interfaces/bin_interfaces/srv/detail/get_targets__builder.hpp
[3.622s] -- Installing: /home/ibrahim/MobiArm/install/bin_interfaces/include/bin_interfaces/bin_interfaces/srv/detail/start_search__traits.hpp
[3.622s] -- Installing: /home/ibrahim/MobiArm/install/bin_interfaces/include/bin_interfaces/bin_interfaces/srv/detail/get_targets__traits.hpp
[3.623s] -- Installing: /home/ibrahim/MobiArm/install/bin_interfaces/include/bin_interfaces/bin_interfaces/srv/detail/start_search__type_support.hpp
[3.623s] -- Installing: /home/ibrahim/MobiArm/install/bin_interfaces/include/bin_interfaces/bin_interfaces/srv/detail/get_targets__type_support.hpp
[3.623s] -- Installing: /home/ibrahim/MobiArm/install/bin_interfaces/include/bin_interfaces/bin_interfaces/srv/detail/start_search__struct.hpp
[3.623s] -- Up-to-date: /home/ibrahim/MobiArm/install/bin_interfaces/include/bin_interfaces/bin_interfaces/msg
[3.623s] -- Up-to-date: /home/ibrahim/MobiArm/install/bin_interfaces/include/bin_interfaces/bin_interfaces/msg/rosidl_generator_cpp__visibility_control.hpp
[3.623s] -- Up-to-date: /home/ibrahim/MobiArm/install/bin_interfaces/include/bin_interfaces/bin_interfaces
[3.623s] -- Up-to-date: /home/ibrahim/MobiArm/install/bin_interfaces/include/bin_interfaces/bin_interfaces/srv
[3.623s] -- Up-to-date: /home/ibrahim/MobiArm/install/bin_interfaces/include/bin_interfaces/bin_interfaces/srv/detail
[3.623s] -- Installing: /home/ibrahim/MobiArm/install/bin_interfaces/include/bin_interfaces/bin_interfaces/srv/detail/get_targets__rosidl_typesupport_fastrtps_cpp.hpp
[3.623s] -- Up-to-date: /home/ibrahim/MobiArm/install/bin_interfaces/include/bin_interfaces/bin_interfaces/srv/detail/dds_fastrtps
[3.623s] -- Installing: /home/ibrahim/MobiArm/install/bin_interfaces/include/bin_interfaces/bin_interfaces/srv/detail/start_search__rosidl_typesupport_fastrtps_cpp.hpp
[3.623s] -- Up-to-date: /home/ibrahim/MobiArm/install/bin_interfaces/include/bin_interfaces/bin_interfaces/msg
[3.623s] -- Up-to-date: /home/ibrahim/MobiArm/install/bin_interfaces/include/bin_interfaces/bin_interfaces/msg/rosidl_typesupport_fastrtps_cpp__visibility_control.h
[3.624s] -- Installing: /home/ibrahim/MobiArm/install/bin_interfaces/lib/libbin_interfaces__rosidl_typesupport_fastrtps_cpp.so
[3.625s] -- Set runtime path of "/home/ibrahim/MobiArm/install/bin_interfaces/lib/libbin_interfaces__rosidl_typesupport_fastrtps_cpp.so" to ""
[3.625s] -- Up-to-date: /home/ibrahim/MobiArm/install/bin_interfaces/include/bin_interfaces/bin_interfaces
[3.625s] -- Up-to-date: /home/ibrahim/MobiArm/install/bin_interfaces/include/bin_interfaces/bin_interfaces/srv
[3.625s] -- Up-to-date: /home/ibrahim/MobiArm/install/bin_interfaces/include/bin_interfaces/bin_interfaces/srv/detail
[3.626s] -- Installing: /home/ibrahim/MobiArm/install/bin_interfaces/include/bin_interfaces/bin_interfaces/srv/detail/start_search__type_support.c
[3.626s] -- Installing: /home/ibrahim/MobiArm/install/bin_interfaces/include/bin_interfaces/bin_interfaces/srv/detail/get_targets__type_support.c
[3.626s] -- Installing: /home/ibrahim/MobiArm/install/bin_interfaces/include/bin_interfaces/bin_interfaces/srv/detail/start_search__rosidl_typesupport_introspection_c.h
[3.626s] -- Installing: /home/ibrahim/MobiArm/install/bin_interfaces/include/bin_interfaces/bin_interfaces/srv/detail/get_targets__rosidl_typesupport_introspection_c.h
[3.626s] -- Up-to-date: /home/ibrahim/MobiArm/install/bin_interfaces/include/bin_interfaces/bin_interfaces/msg
[3.626s] -- Up-to-date: /home/ibrahim/MobiArm/install/bin_interfaces/include/bin_interfaces/bin_interfaces/msg/rosidl_typesupport_introspection_c__visibility_control.h
[3.627s] -- Installing: /home/ibrahim/MobiArm/install/bin_interfaces/lib/libbin_interfaces__rosidl_typesupport_introspection_c.so
[3.627s] -- Set runtime path of "/home/ibrahim/MobiArm/install/bin_interfaces/lib/libbin_interfaces__rosidl_typesupport_introspection_c.so" to ""
[3.628s] -- Installing: /home/ibrahim/MobiArm/install/bin_interfaces/lib/libbin_interfaces__rosidl_typesupport_c.so
[3.628s] -- Set runtime path of "/home/ibrahim/MobiArm/install/bin_interfaces/lib/libbin_interfaces__rosidl_typesupport_c.so" to ""
[3.629s] -- Up-to-date: /home/ibrahim/MobiArm/install/bin_interfaces/include/bin_interfaces/bin_interfaces
[3.629s] -- Up-to-date: /home/ibrahim/MobiArm/install/bin_interfaces/include/bin_interfaces/bin_interfaces/srv
[3.629s] -- Up-to-date: /home/ibrahim/MobiArm/install/bin_interfaces/include/bin_interfaces/bin_interfaces/srv/detail
[3.629s] -- Installing: /home/ibrahim/MobiArm/install/bin_interfaces/include/bin_interfaces/bin_interfaces/srv/detail/get_targets__type_support.cpp
[3.629s] -- Installing: /home/ibrahim/MobiArm/install/bin_interfaces/include/bin_interfaces/bin_interfaces/srv/detail/start_search__rosidl_typesupport_introspection_cpp.hpp
[3.629s] -- Installing: /home/ibrahim/MobiArm/install/bin_interfaces/include/bin_interfaces/bin_interfaces/srv/detail/get_targets__rosidl_typesupport_introspection_cpp.hpp
[3.629s] -- Installing: /home/ibrahim/MobiArm/install/bin_interfaces/include/bin_interfaces/bin_interfaces/srv/detail/start_search__type_support.cpp
[3.630s] -- Installing: /home/ibrahim/MobiArm/install/bin_interfaces/lib/libbin_interfaces__rosidl_typesupport_introspection_cpp.so
[3.631s] -- Set runtime path of "/home/ibrahim/MobiArm/install/bin_interfaces/lib/libbin_interfaces__rosidl_typesupport_introspection_cpp.so" to ""
[3.632s] -- Installing: /home/ibrahim/MobiArm/install/bin_interfaces/lib/libbin_interfaces__rosidl_typesupport_cpp.so
[3.632s] -- Set runtime path of "/home/ibrahim/MobiArm/install/bin_interfaces/lib/libbin_interfaces__rosidl_typesupport_cpp.so" to ""
[3.632s] -- Up-to-date: /home/ibrahim/MobiArm/install/bin_interfaces/share/bin_interfaces/environment/pythonpath.sh
[3.632s] -- Installing: /home/ibrahim/MobiArm/install/bin_interfaces/share/bin_interfaces/environment/pythonpath.dsv
[3.633s] -- Up-to-date: /home/ibrahim/MobiArm/install/bin_interfaces/local/lib/python3.10/dist-packages/bin_interfaces-0.0.0-py3.10.egg-info
[3.633s] -- Installing: /home/ibrahim/MobiArm/install/bin_interfaces/local/lib/python3.10/dist-packages/bin_interfaces-0.0.0-py3.10.egg-info/top_level.txt
[3.633s] -- Installing: /home/ibrahim/MobiArm/install/bin_interfaces/local/lib/python3.10/dist-packages/bin_interfaces-0.0.0-py3.10.egg-info/PKG-INFO
[3.633s] -- Installing: /home/ibrahim/MobiArm/install/bin_interfaces/local/lib/python3.10/dist-packages/bin_interfaces-0.0.0-py3.10.egg-info/dependency_links.txt
[3.633s] -- Installing: /home/ibrahim/MobiArm/install/bin_interfaces/local/lib/python3.10/dist-packages/bin_interfaces-0.0.0-py3.10.egg-info/SOURCES.txt
[3.633s] -- Up-to-date: /home/ibrahim/MobiArm/install/bin_interfaces/local/lib/python3.10/dist-packages/bin_interfaces
[3.634s] -- Installing: /home/ibrahim/MobiArm/install/bin_interfaces/local/lib/python3.10/dist-packages/bin_interfaces/_bin_interfaces_s.ep.rosidl_typesupport_introspection_c.c
[3.634s] -- Installing: /home/ibrahim/MobiArm/install/bin_interfaces/local/lib/python3.10/dist-packages/bin_interfaces/bin_interfaces_s__rosidl_typesupport_c.cpython-310-x86_64-linux-gnu.so
[3.634s] -- Installing: /home/ibrahim/MobiArm/install/bin_interfaces/local/lib/python3.10/dist-packages/bin_interfaces/bin_interfaces_s__rosidl_typesupport_introspection_c.cpython-310-x86_64-linux-gnu.so
[3.634s] -- Up-to-date: /home/ibrahim/MobiArm/install/bin_interfaces/local/lib/python3.10/dist-packages/bin_interfaces/srv
[3.634s] -- Installing: /home/ibrahim/MobiArm/install/bin_interfaces/local/lib/python3.10/dist-packages/bin_interfaces/srv/_get_targets_s.c
[3.635s] -- Installing: /home/ibrahim/MobiArm/install/bin_interfaces/local/lib/python3.10/dist-packages/bin_interfaces/srv/_get_targets.py
[3.635s] -- Installing: /home/ibrahim/MobiArm/install/bin_interfaces/local/lib/python3.10/dist-packages/bin_interfaces/srv/_start_search_s.c
[3.635s] -- Installing: /home/ibrahim/MobiArm/install/bin_interfaces/local/lib/python3.10/dist-packages/bin_interfaces/srv/__init__.py
[3.635s] -- Installing: /home/ibrahim/MobiArm/install/bin_interfaces/local/lib/python3.10/dist-packages/bin_interfaces/srv/_start_search.py
[3.635s] -- Installing: /home/ibrahim/MobiArm/install/bin_interfaces/local/lib/python3.10/dist-packages/bin_interfaces/bin_interfaces_s__rosidl_typesupport_fastrtps_c.cpython-310-x86_64-linux-gnu.so
[3.635s] -- Installing: /home/ibrahim/MobiArm/install/bin_interfaces/local/lib/python3.10/dist-packages/bin_interfaces/_bin_interfaces_s.ep.rosidl_typesupport_c.c
[3.635s] -- Installing: /home/ibrahim/MobiArm/install/bin_interfaces/local/lib/python3.10/dist-packages/bin_interfaces/libbin_interfaces__rosidl_generator_py.so
[3.635s] -- Installing: /home/ibrahim/MobiArm/install/bin_interfaces/local/lib/python3.10/dist-packages/bin_interfaces/_bin_interfaces_s.ep.rosidl_typesupport_fastrtps_c.c
[3.635s] -- Installing: /home/ibrahim/MobiArm/install/bin_interfaces/local/lib/python3.10/dist-packages/bin_interfaces/__init__.py
[3.668s] Listing '/home/ibrahim/MobiArm/install/bin_interfaces/local/lib/python3.10/dist-packages/bin_interfaces'...
[3.668s] Compiling '/home/ibrahim/MobiArm/install/bin_interfaces/local/lib/python3.10/dist-packages/bin_interfaces/__init__.py'...
[3.668s] Listing '/home/ibrahim/MobiArm/install/bin_interfaces/local/lib/python3.10/dist-packages/bin_interfaces/srv'...
[3.668s] Compiling '/home/ibrahim/MobiArm/install/bin_interfaces/local/lib/python3.10/dist-packages/bin_interfaces/srv/__init__.py'...
[3.668s] Compiling '/home/ibrahim/MobiArm/install/bin_interfaces/local/lib/python3.10/dist-packages/bin_interfaces/srv/_get_targets.py'...
[3.668s] Compiling '/home/ibrahim/MobiArm/install/bin_interfaces/local/lib/python3.10/dist-packages/bin_interfaces/srv/_start_search.py'...
[3.674s] -- Installing: /home/ibrahim/MobiArm/install/bin_interfaces/local/lib/python3.10/dist-packages/bin_interfaces/bin_interfaces_s__rosidl_typesupport_fastrtps_c.cpython-310-x86_64-linux-gnu.so
[3.675s] -- Set runtime path of "/home/ibrahim/MobiArm/install/bin_interfaces/local/lib/python3.10/dist-packages/bin_interfaces/bin_interfaces_s__rosidl_typesupport_fastrtps_c.cpython-310-x86_64-linux-gnu.so" to ""
[3.675s] -- Installing: /home/ibrahim/MobiArm/install/bin_interfaces/local/lib/python3.10/dist-packages/bin_interfaces/bin_interfaces_s__rosidl_typesupport_introspection_c.cpython-310-x86_64-linux-gnu.so
[3.675s] -- Set runtime path of "/home/ibrahim/MobiArm/install/bin_interfaces/local/lib/python3.10/dist-packages/bin_interfaces/bin_interfaces_s__rosidl_typesupport_introspection_c.cpython-310-x86_64-linux-gnu.so" to ""
[3.675s] -- Installing: /home/ibrahim/MobiArm/install/bin_interfaces/local/lib/python3.10/dist-packages/bin_interfaces/bin_interfaces_s__rosidl_typesupport_c.cpython-310-x86_64-linux-gnu.so
[3.676s] -- Set runtime path of "/home/ibrahim/MobiArm/install/bin_interfaces/local/lib/python3.10/dist-packages/bin_interfaces/bin_interfaces_s__rosidl_typesupport_c.cpython-310-x86_64-linux-gnu.so" to ""
[3.677s] -- Installing: /home/ibrahim/MobiArm/install/bin_interfaces/lib/libbin_interfaces__rosidl_generator_py.so
[3.678s] -- Set runtime path of "/home/ibrahim/MobiArm/install/bin_interfaces/lib/libbin_interfaces__rosidl_generator_py.so" to ""
[3.678s] -- Up-to-date: /home/ibrahim/MobiArm/install/bin_interfaces/share/ament_index/resource_index/rust_packages/bin_interfaces
[3.678s] -- Up-to-date: /home/ibrahim/MobiArm/install/bin_interfaces/share/bin_interfaces/rust
[3.678s] -- Up-to-date: /home/ibrahim/MobiArm/install/bin_interfaces/share/bin_interfaces/rust/src
[3.679s] -- Installing: /home/ibrahim/MobiArm/install/bin_interfaces/share/bin_interfaces/rust/src/lib.rs
[3.679s] -- Up-to-date: /home/ibrahim/MobiArm/install/bin_interfaces/share/bin_interfaces/rust/src/srv
[3.679s] -- Installing: /home/ibrahim/MobiArm/install/bin_interfaces/share/bin_interfaces/rust/src/srv/rmw.rs
[3.680s] -- Installing: /home/ibrahim/MobiArm/install/bin_interfaces/share/bin_interfaces/rust/src/srv.rs
[3.681s] -- Installing: /home/ibrahim/MobiArm/install/bin_interfaces/share/bin_interfaces/rust/build.rs
[3.681s] -- Installing: /home/ibrahim/MobiArm/install/bin_interfaces/share/bin_interfaces/rust/Cargo.toml
[3.681s] -- Up-to-date: /home/ibrahim/MobiArm/install/bin_interfaces/share/bin_interfaces/srv/GetTargets.idl
[3.681s] -- Installing: /home/ibrahim/MobiArm/install/bin_interfaces/share/bin_interfaces/srv/StartSearch.idl
[3.681s] -- Up-to-date: /home/ibrahim/MobiArm/install/bin_interfaces/share/bin_interfaces/srv/GetTargets.srv
[3.682s] -- Up-to-date: /home/ibrahim/MobiArm/install/bin_interfaces/share/bin_interfaces/srv/GetTargets_Request.msg
[3.682s] -- Up-to-date: /home/ibrahim/MobiArm/install/bin_interfaces/share/bin_interfaces/srv/GetTargets_Response.msg
[3.682s] -- Installing: /home/ibrahim/MobiArm/install/bin_interfaces/share/bin_interfaces/srv/StartSearch.srv
[3.682s] -- Installing: /home/ibrahim/MobiArm/install/bin_interfaces/share/bin_interfaces/srv/StartSearch_Request.msg
[3.682s] -- Installing: /home/ibrahim/MobiArm/install/bin_interfaces/share/bin_interfaces/srv/StartSearch_Response.msg
[3.683s] -- Up-to-date: /home/ibrahim/MobiArm/install/bin_interfaces/share/ament_index/resource_index/package_run_dependencies/bin_interfaces
[3.683s] -- Installing: /home/ibrahim/MobiArm/install/bin_interfaces/share/ament_index/resource_index/parent_prefix_path/bin_interfaces
[3.683s] -- Up-to-date: /home/ibrahim/MobiArm/install/bin_interfaces/share/bin_interfaces/environment/ament_prefix_path.sh
[3.683s] -- Installing: /home/ibrahim/MobiArm/install/bin_interfaces/share/bin_interfaces/environment/ament_prefix_path.dsv
[3.683s] -- Up-to-date: /home/ibrahim/MobiArm/install/bin_interfaces/share/bin_interfaces/environment/path.sh
[3.683s] -- Installing: /home/ibrahim/MobiArm/install/bin_interfaces/share/bin_interfaces/environment/path.dsv
[3.683s] -- Up-to-date: /home/ibrahim/MobiArm/install/bin_interfaces/share/bin_interfaces/local_setup.bash
[3.683s] -- Up-to-date: /home/ibrahim/MobiArm/install/bin_interfaces/share/bin_interfaces/local_setup.sh
[3.683s] -- Up-to-date: /home/ibrahim/MobiArm/install/bin_interfaces/share/bin_interfaces/local_setup.zsh
[3.683s] -- Installing: /home/ibrahim/MobiArm/install/bin_interfaces/share/bin_interfaces/local_setup.dsv
[3.684s] -- Installing: /home/ibrahim/MobiArm/install/bin_interfaces/share/bin_interfaces/package.dsv
[3.684s] -- Up-to-date: /home/ibrahim/MobiArm/install/bin_interfaces/share/ament_index/resource_index/packages/bin_interfaces
[3.684s] -- Up-to-date: /home/ibrahim/MobiArm/install/bin_interfaces/share/bin_interfaces/cmake/export_bin_interfaces__rosidl_generator_cExport.cmake
[3.684s] -- Up-to-date: /home/ibrahim/MobiArm/install/bin_interfaces/share/bin_interfaces/cmake/export_bin_interfaces__rosidl_generator_cExport-noconfig.cmake
[3.684s] -- Up-to-date: /home/ibrahim/MobiArm/install/bin_interfaces/share/bin_interfaces/cmake/export_bin_interfaces__rosidl_typesupport_fastrtps_cExport.cmake
[3.684s] -- Up-to-date: /home/ibrahim/MobiArm/install/bin_interfaces/share/bin_interfaces/cmake/export_bin_interfaces__rosidl_typesupport_fastrtps_cExport-noconfig.cmake
[3.684s] -- Up-to-date: /home/ibrahim/MobiArm/install/bin_interfaces/share/bin_interfaces/cmake/export_bin_interfaces__rosidl_generator_cppExport.cmake
[3.685s] -- Up-to-date: /home/ibrahim/MobiArm/install/bin_interfaces/share/bin_interfaces/cmake/export_bin_interfaces__rosidl_typesupport_fastrtps_cppExport.cmake
[3.685s] -- Up-to-date: /home/ibrahim/MobiArm/install/bin_interfaces/share/bin_interfaces/cmake/export_bin_interfaces__rosidl_typesupport_fastrtps_cppExport-noconfig.cmake
[3.685s] -- Up-to-date: /home/ibrahim/MobiArm/install/bin_interfaces/share/bin_interfaces/cmake/bin_interfaces__rosidl_typesupport_introspection_cExport.cmake
[3.685s] -- Up-to-date: /home/ibrahim/MobiArm/install/bin_interfaces/share/bin_interfaces/cmake/bin_interfaces__rosidl_typesupport_introspection_cExport-noconfig.cmake
[3.685s] -- Up-to-date: /home/ibrahim/MobiArm/install/bin_interfaces/share/bin_interfaces/cmake/bin_interfaces__rosidl_typesupport_cExport.cmake
[3.685s] -- Up-to-date: /home/ibrahim/MobiArm/install/bin_interfaces/share/bin_interfaces/cmake/bin_interfaces__rosidl_typesupport_cExport-noconfig.cmake
[3.686s] -- Up-to-date: /home/ibrahim/MobiArm/install/bin_interfaces/share/bin_interfaces/cmake/bin_interfaces__rosidl_typesupport_introspection_cppExport.cmake
[3.686s] -- Up-to-date: /home/ibrahim/MobiArm/install/bin_interfaces/share/bin_interfaces/cmake/bin_interfaces__rosidl_typesupport_introspection_cppExport-noconfig.cmake
[3.686s] -- Up-to-date: /home/ibrahim/MobiArm/install/bin_interfaces/share/bin_interfaces/cmake/bin_interfaces__rosidl_typesupport_cppExport.cmake
[3.686s] -- Up-to-date: /home/ibrahim/MobiArm/install/bin_interfaces/share/bin_interfaces/cmake/bin_interfaces__rosidl_typesupport_cppExport-noconfig.cmake
[3.687s] -- Up-to-date: /home/ibrahim/MobiArm/install/bin_interfaces/share/bin_interfaces/cmake/export_bin_interfaces__rosidl_generator_pyExport.cmake
[3.687s] -- Up-to-date: /home/ibrahim/MobiArm/install/bin_interfaces/share/bin_interfaces/cmake/export_bin_interfaces__rosidl_generator_pyExport-noconfig.cmake
[3.687s] -- Installing: /home/ibrahim/MobiArm/install/bin_interfaces/share/bin_interfaces/cmake/rosidl_cmake-extras.cmake
[3.688s] -- Up-to-date: /home/ibrahim/MobiArm/install/bin_interfaces/share/bin_interfaces/cmake/ament_cmake_export_dependencies-extras.cmake
[3.688s] -- Up-to-date: /home/ibrahim/MobiArm/install/bin_interfaces/share/bin_interfaces/cmake/ament_cmake_export_include_directories-extras.cmake
[3.688s] -- Up-to-date: /home/ibrahim/MobiArm/install/bin_interfaces/share/bin_interfaces/cmake/ament_cmake_export_libraries-extras.cmake
[3.688s] -- Up-to-date: /home/ibrahim/MobiArm/install/bin_interfaces/share/bin_interfaces/cmake/ament_cmake_export_targets-extras.cmake
[3.688s] -- Up-to-date: /home/ibrahim/MobiArm/install/bin_interfaces/share/bin_interfaces/cmake/rosidl_cmake_export_typesupport_targets-extras.cmake
[3.688s] -- Up-to-date: /home/ibrahim/MobiArm/install/bin_interfaces/share/bin_interfaces/cmake/rosidl_cmake_export_typesupport_libraries-extras.cmake
[3.688s] -- Up-to-date: /home/ibrahim/MobiArm/install/bin_interfaces/share/bin_interfaces/cmake/bin_interfacesConfig.cmake
[3.688s] -- Up-to-date: /home/ibrahim/MobiArm/install/bin_interfaces/share/bin_interfaces/cmake/bin_interfacesConfig-version.cmake
[3.688s] -- Up-to-date: /home/ibrahim/MobiArm/install/bin_interfaces/share/bin_interfaces/package.xml
[3.690s] Invoked command in '/home/ibrahim/MobiArm/build/bin_interfaces' returned '0': CMAKE_PREFIX_PATH=${CMAKE_PREFIX_PATH}:/home/ibrahim/RobotArm/install/main_arm_package:/home/ibrahim/RobotArm/install/action_interfaces:/opt/ros/humble /usr/bin/cmake --install /home/ibrahim/MobiArm/build/bin_interfaces
