[0.131s] Invoking command in '/home/ibrahim/MobiArm/build/moveit_config': CMAKE_PREFIX_PATH=${CMAKE_PREFIX_PATH}:/home/ibrahim/RobotArm/install/main_arm_package:/home/ibrahim/RobotArm/install/action_interfaces:/opt/ros/humble /usr/bin/cmake /home/ibrahim/MobiArm/src/moveit_config -DCMAKE_INSTALL_PREFIX=/home/ibrahim/MobiArm/install/moveit_config
[0.492s] -- The C compiler identification is GNU 11.4.0
[1.138s] -- The CXX compiler identification is GNU 11.4.0
[1.522s] -- Detecting C compiler ABI info
[1.775s] -- Detecting C compiler ABI info - done
[1.782s] -- Check for working C compiler: /usr/bin/cc - skipped
[1.783s] -- Detecting C compile features
[1.784s] -- Detecting C compile features - done
[1.790s] -- Detecting CXX compiler ABI info
[2.056s] -- Detecting CXX compiler ABI info - done
[2.061s] -- Check for working CXX compiler: /usr/bin/c++ - skipped
[2.062s] -- Detecting CXX compile features
[2.062s] -- Detecting CXX compile features - done
[2.084s] -- Found ament_cmake: 1.3.14 (/opt/ros/humble/share/ament_cmake/cmake)
[2.287s] -- Found Python3: /usr/bin/python3 (found version "3.10.12") found components: Interpreter 
[2.576s] -- Configuring done
[2.585s] -- Generating done
[2.589s] -- Build files have been written to: /home/ibrahim/MobiArm/build/moveit_config
[2.597s] Invoked command in '/home/ibrahim/MobiArm/build/moveit_config' returned '0': CMAKE_PREFIX_PATH=${CMAKE_PREFIX_PATH}:/home/ibrahim/RobotArm/install/main_arm_package:/home/ibrahim/RobotArm/install/action_interfaces:/opt/ros/humble /usr/bin/cmake /home/ibrahim/MobiArm/src/moveit_config -DCMAKE_INSTALL_PREFIX=/home/ibrahim/MobiArm/install/moveit_config
[2.601s] Invoking command in '/home/ibrahim/MobiArm/build/moveit_config': CMAKE_PREFIX_PATH=${CMAKE_PREFIX_PATH}:/home/ibrahim/RobotArm/install/main_arm_package:/home/ibrahim/RobotArm/install/action_interfaces:/opt/ros/humble /usr/bin/cmake --build /home/ibrahim/MobiArm/build/moveit_config -- -j16 -l16
[2.663s] Invoked command in '/home/ibrahim/MobiArm/build/moveit_config' returned '0': CMAKE_PREFIX_PATH=${CMAKE_PREFIX_PATH}:/home/ibrahim/RobotArm/install/main_arm_package:/home/ibrahim/RobotArm/install/action_interfaces:/opt/ros/humble /usr/bin/cmake --build /home/ibrahim/MobiArm/build/moveit_config -- -j16 -l16
[2.664s] Invoking command in '/home/ibrahim/MobiArm/build/moveit_config': CMAKE_PREFIX_PATH=${CMAKE_PREFIX_PATH}:/home/ibrahim/RobotArm/install/main_arm_package:/home/ibrahim/RobotArm/install/action_interfaces:/opt/ros/humble /usr/bin/cmake --install /home/ibrahim/MobiArm/build/moveit_config
[2.674s] -- Install configuration: ""
[2.678s] -- Installing: /home/ibrahim/MobiArm/install/moveit_config/share/ament_index/resource_index/package_run_dependencies/moveit_config
[2.679s] -- Installing: /home/ibrahim/MobiArm/install/moveit_config/share/ament_index/resource_index/parent_prefix_path/moveit_config
[2.680s] -- Installing: /home/ibrahim/MobiArm/install/moveit_config/share/moveit_config/environment/ament_prefix_path.sh
[2.681s] -- Installing: /home/ibrahim/MobiArm/install/moveit_config/share/moveit_config/environment/ament_prefix_path.dsv
[2.681s] -- Installing: /home/ibrahim/MobiArm/install/moveit_config/share/moveit_config/environment/path.sh
[2.681s] -- Installing: /home/ibrahim/MobiArm/install/moveit_config/share/moveit_config/environment/path.dsv
[2.681s] -- Installing: /home/ibrahim/MobiArm/install/moveit_config/share/moveit_config/local_setup.bash
[2.682s] -- Installing: /home/ibrahim/MobiArm/install/moveit_config/share/moveit_config/local_setup.sh
[2.683s] -- Installing: /home/ibrahim/MobiArm/install/moveit_config/share/moveit_config/local_setup.zsh
[2.683s] -- Installing: /home/ibrahim/MobiArm/install/moveit_config/share/moveit_config/local_setup.dsv
[2.683s] -- Installing: /home/ibrahim/MobiArm/install/moveit_config/share/moveit_config/package.dsv
[2.684s] -- Installing: /home/ibrahim/MobiArm/install/moveit_config/share/ament_index/resource_index/packages/moveit_config
[2.685s] -- Installing: /home/ibrahim/MobiArm/install/moveit_config/share/moveit_config/cmake/moveit_configConfig.cmake
[2.685s] -- Installing: /home/ibrahim/MobiArm/install/moveit_config/share/moveit_config/cmake/moveit_configConfig-version.cmake
[2.685s] -- Installing: /home/ibrahim/MobiArm/install/moveit_config/share/moveit_config/package.xml
[2.685s] -- Installing: /home/ibrahim/MobiArm/install/moveit_config/share/moveit_config/launch
[2.686s] -- Installing: /home/ibrahim/MobiArm/install/moveit_config/share/moveit_config/launch/move_group.launch.py
[2.686s] -- Installing: /home/ibrahim/MobiArm/install/moveit_config/share/moveit_config/launch/static_virtual_joint_tfs.launch.py
[2.687s] -- Installing: /home/ibrahim/MobiArm/install/moveit_config/share/moveit_config/launch/spawn_controllers.launch.py
[2.687s] -- Installing: /home/ibrahim/MobiArm/install/moveit_config/share/moveit_config/launch/rsp.launch.py
[2.687s] -- Installing: /home/ibrahim/MobiArm/install/moveit_config/share/moveit_config/launch/moveit_rviz.launch.py
[2.687s] -- Installing: /home/ibrahim/MobiArm/install/moveit_config/share/moveit_config/launch/warehouse_db.launch.py
[2.688s] -- Installing: /home/ibrahim/MobiArm/install/moveit_config/share/moveit_config/launch/demo.launch.py
[2.688s] -- Installing: /home/ibrahim/MobiArm/install/moveit_config/share/moveit_config/launch/setup_assistant.launch.py
[2.688s] -- Installing: /home/ibrahim/MobiArm/install/moveit_config/share/moveit_config/config
[2.688s] -- Installing: /home/ibrahim/MobiArm/install/moveit_config/share/moveit_config/config/mobiarm.ros2_control.xacro
[2.689s] -- Installing: /home/ibrahim/MobiArm/install/moveit_config/share/moveit_config/config/initial_positions.yaml
[2.689s] -- Installing: /home/ibrahim/MobiArm/install/moveit_config/share/moveit_config/config/kinematics.yaml
[2.689s] -- Installing: /home/ibrahim/MobiArm/install/moveit_config/share/moveit_config/config/mobiarm.urdf.xacro
[2.690s] -- Installing: /home/ibrahim/MobiArm/install/moveit_config/share/moveit_config/config/moveit_controllers.yaml
[2.690s] -- Installing: /home/ibrahim/MobiArm/install/moveit_config/share/moveit_config/config/moveit.rviz
[2.690s] -- Installing: /home/ibrahim/MobiArm/install/moveit_config/share/moveit_config/config/pilz_cartesian_limits.yaml
[2.690s] -- Installing: /home/ibrahim/MobiArm/install/moveit_config/share/moveit_config/config/mobiarm.srdf
[2.691s] -- Installing: /home/ibrahim/MobiArm/install/moveit_config/share/moveit_config/config/joint_limits.yaml
[2.691s] -- Installing: /home/ibrahim/MobiArm/install/moveit_config/share/moveit_config/config/ros2_controllers.yaml
[2.691s] -- Installing: /home/ibrahim/MobiArm/install/moveit_config/share/moveit_config/.setup_assistant
[2.696s] Invoked command in '/home/ibrahim/MobiArm/build/moveit_config' returned '0': CMAKE_PREFIX_PATH=${CMAKE_PREFIX_PATH}:/home/ibrahim/RobotArm/install/main_arm_package:/home/ibrahim/RobotArm/install/action_interfaces:/opt/ros/humble /usr/bin/cmake --install /home/ibrahim/MobiArm/build/moveit_config
