[0.177s] Invoking command in '/home/ibrahim/MobiArm/build/main_nodes': CMAKE_PREFIX_PATH=/home/ibrahim/MobiArm/install/linkattacher_msgs:/home/ibrahim/MobiArm/install/bin_interfaces:/home/ibrahim/MobiArm/install/ros2_linkattacher:/home/ibrahim/MobiArm/install/moveit_config:/home/ibrahim/MobiArm/install/main_nodes:/home/ibrahim/MobiArm/install/bin_interface:/home/ibrahim/RobotArmExpanded/install/main_arm_package:/home/ibrahim/RobotArmExpanded/install/action_interfaces:/home/ibrahim/MoveItArm/install/moveit_config:/home/ibrahim/MoveItArm/install/moveit_arm_package:/home/ibrahim/TF2Sample/install/tf2sim:/home/ibrahim/RobotNav/install/main_robot_nodes:/home/ibrahim/RobotNav/install/action_interfaces:/home/ibrahim/RobotMonitor/install/Robot3Node_Package:/home/ibrahim/ros2_ws/install/my_first_package:/home/ibrahim/ros2_ws/install/action_interfaces:/home/ibrahim/RobotArm/install/main_arm_package:/home/ibrahim/RobotArm/install/action_interfaces:/opt/ros/humble LD_LIBRARY_PATH=/home/ibrahim/MobiArm/install/linkattacher_msgs/lib:/home/ibrahim/MobiArm/install/bin_interfaces/lib:/home/ibrahim/MobiArm/install/ros2_linkattacher/lib:/home/ibrahim/MobiArm/install/bin_interface/lib:/home/ibrahim/RobotArmExpanded/install/action_interfaces/lib:/home/ibrahim/RobotArm/install/action_interfaces/lib:/home/ibrahim/RobotNav/install/action_interfaces/lib:/home/ibrahim/ros2_ws/install/action_interfaces/lib:/usr/lib/x86_64-linux-gnu/gazebo-11/plugins:/opt/ros/humble/opt/rviz_ogre_vendor/lib:/opt/ros/humble/lib/x86_64-linux-gnu:/opt/ros/humble/lib /usr/bin/cmake --build /home/ibrahim/MobiArm/build/main_nodes -- -j16 -l16
[0.273s] [ 16%] Built target RunNode
[0.285s] [ 50%] Built target ArmManager
[0.285s] [ 50%] Built target detectionNode
[0.286s] [ 66%] Built target VisionNode
[0.287s] [ 91%] [32mBuilding CXX object CMakeFiles/ArmPickup.dir/src/ArmPickup.cpp.o[0m
[0.287s] [ 91%] Built target TravelPose
[5.422s] [01m[K/home/ibrahim/MobiArm/src/main_nodes/src/ArmPickup.cpp:[m[K In lambda function:
[5.422s] [01m[K/home/ibrahim/MobiArm/src/main_nodes/src/ArmPickup.cpp:34:37:[m[K [01;31m[Kerror: [m[K‘[01m[Kattach[m[K’ was not declared in this scope; did you mean ‘[01m[Katanh[m[K’?
[5.422s]    34 |     auto lockBase   = [&](){ return [01;31m[Kattach[m[K("mobiarm", "robot_base", "ground_plane", "link"); };
[5.422s]       |                                     [01;31m[K^~~~~~[m[K
[5.422s]       |                                     [32m[Katanh[m[K
[5.428s] [01m[K/home/ibrahim/MobiArm/src/main_nodes/src/ArmPickup.cpp:[m[K In lambda function:
[5.429s] [01m[K/home/ibrahim/MobiArm/src/main_nodes/src/ArmPickup.cpp:35:37:[m[K [01;31m[Kerror: [m[K‘[01m[Kdetach[m[K’ was not declared in this scope
[5.429s]    35 |     auto unlockBase = [&](){ return [01;31m[Kdetach[m[K("mobiarm", "robot_base", "ground_plane", "link"); };
[5.429s]       |                                     [01;31m[K^~~~~~[m[K
[8.776s] gmake[2]: *** [CMakeFiles/ArmPickup.dir/build.make:76: CMakeFiles/ArmPickup.dir/src/ArmPickup.cpp.o] Error 1
[8.776s] gmake[1]: *** [CMakeFiles/Makefile2:251: CMakeFiles/ArmPickup.dir/all] Error 2
[8.777s] gmake: *** [Makefile:146: all] Error 2
[8.782s] Invoked command in '/home/ibrahim/MobiArm/build/main_nodes' returned '2': CMAKE_PREFIX_PATH=/home/ibrahim/MobiArm/install/linkattacher_msgs:/home/ibrahim/MobiArm/install/bin_interfaces:/home/ibrahim/MobiArm/install/ros2_linkattacher:/home/ibrahim/MobiArm/install/moveit_config:/home/ibrahim/MobiArm/install/main_nodes:/home/ibrahim/MobiArm/install/bin_interface:/home/ibrahim/RobotArmExpanded/install/main_arm_package:/home/ibrahim/RobotArmExpanded/install/action_interfaces:/home/ibrahim/MoveItArm/install/moveit_config:/home/ibrahim/MoveItArm/install/moveit_arm_package:/home/ibrahim/TF2Sample/install/tf2sim:/home/ibrahim/RobotNav/install/main_robot_nodes:/home/ibrahim/RobotNav/install/action_interfaces:/home/ibrahim/RobotMonitor/install/Robot3Node_Package:/home/ibrahim/ros2_ws/install/my_first_package:/home/ibrahim/ros2_ws/install/action_interfaces:/home/ibrahim/RobotArm/install/main_arm_package:/home/ibrahim/RobotArm/install/action_interfaces:/opt/ros/humble LD_LIBRARY_PATH=/home/ibrahim/MobiArm/install/linkattacher_msgs/lib:/home/ibrahim/MobiArm/install/bin_interfaces/lib:/home/ibrahim/MobiArm/install/ros2_linkattacher/lib:/home/ibrahim/MobiArm/install/bin_interface/lib:/home/ibrahim/RobotArmExpanded/install/action_interfaces/lib:/home/ibrahim/RobotArm/install/action_interfaces/lib:/home/ibrahim/RobotNav/install/action_interfaces/lib:/home/ibrahim/ros2_ws/install/action_interfaces/lib:/usr/lib/x86_64-linux-gnu/gazebo-11/plugins:/opt/ros/humble/opt/rviz_ogre_vendor/lib:/opt/ros/humble/lib/x86_64-linux-gnu:/opt/ros/humble/lib /usr/bin/cmake --build /home/ibrahim/MobiArm/build/main_nodes -- -j16 -l16
