[0.027s] Invoking command in '/home/ibrahim/MobiArm/build/main_nodes': CMAKE_PREFIX_PATH=${CMAKE_PREFIX_PATH}:/home/ibrahim/RobotArm/install/main_arm_package:/home/ibrahim/RobotArm/install/action_interfaces:/opt/ros/humble /usr/bin/cmake --build /home/ibrahim/MobiArm/build/main_nodes -- -j16 -l16
[0.145s] [ 50%] Built target RunNode
[0.163s] [100%] Built target TravelPose
[0.186s] Invoked command in '/home/ibrahim/MobiArm/build/main_nodes' returned '0': CMAKE_PREFIX_PATH=${CMAKE_PREFIX_PATH}:/home/ibrahim/RobotArm/install/main_arm_package:/home/ibrahim/RobotArm/install/action_interfaces:/opt/ros/humble /usr/bin/cmake --build /home/ibrahim/MobiArm/build/main_nodes -- -j16 -l16
[0.207s] Invoking command in '/home/ibrahim/MobiArm/build/main_nodes': CMAKE_PREFIX_PATH=${CMAKE_PREFIX_PATH}:/home/ibrahim/RobotArm/install/main_arm_package:/home/ibrahim/RobotArm/install/action_interfaces:/opt/ros/humble /usr/bin/cmake --install /home/ibrahim/MobiArm/build/main_nodes
[0.222s] -- Install configuration: ""
[0.223s] -- Up-to-date: /home/ibrahim/MobiArm/install/main_nodes/lib/main_nodes/TravelPose
[0.223s] -- Up-to-date: /home/ibrahim/MobiArm/install/main_nodes/lib/main_nodes/RunNode
[0.224s] -- Up-to-date: /home/ibrahim/MobiArm/install/main_nodes/share/main_nodes/launch
[0.224s] -- Up-to-date: /home/ibrahim/MobiArm/install/main_nodes/share/main_nodes/launch/display.launch.py
[0.225s] -- Up-to-date: /home/ibrahim/MobiArm/install/main_nodes/share/main_nodes/launch/gazebo.launch.py
[0.225s] -- Up-to-date: /home/ibrahim/MobiArm/install/main_nodes/share/main_nodes/urdf
[0.225s] -- Up-to-date: /home/ibrahim/MobiArm/install/main_nodes/share/main_nodes/urdf/arm.urdf.xacro
[0.226s] -- Up-to-date: /home/ibrahim/MobiArm/install/main_nodes/share/main_nodes/urdf/base.urdf.xacro
[0.226s] -- Up-to-date: /home/ibrahim/MobiArm/install/main_nodes/share/main_nodes/urdf/robot.urdf.xacro
[0.226s] -- Up-to-date: /home/ibrahim/MobiArm/install/main_nodes/share/main_nodes/rviz
[0.227s] -- Up-to-date: /home/ibrahim/MobiArm/install/main_nodes/share/main_nodes/rviz/model.rviz
[0.227s] -- Up-to-date: /home/ibrahim/MobiArm/install/main_nodes/share/main_nodes/worlds
[0.227s] -- Up-to-date: /home/ibrahim/MobiArm/install/main_nodes/share/main_nodes/worlds/world.sdf
[0.227s] -- Up-to-date: /home/ibrahim/MobiArm/install/main_nodes/share/ament_index/resource_index/package_run_dependencies/main_nodes
[0.227s] -- Up-to-date: /home/ibrahim/MobiArm/install/main_nodes/share/ament_index/resource_index/parent_prefix_path/main_nodes
[0.227s] -- Up-to-date: /home/ibrahim/MobiArm/install/main_nodes/share/main_nodes/environment/ament_prefix_path.sh
[0.227s] -- Up-to-date: /home/ibrahim/MobiArm/install/main_nodes/share/main_nodes/environment/ament_prefix_path.dsv
[0.228s] -- Up-to-date: /home/ibrahim/MobiArm/install/main_nodes/share/main_nodes/environment/path.sh
[0.228s] -- Up-to-date: /home/ibrahim/MobiArm/install/main_nodes/share/main_nodes/environment/path.dsv
[0.228s] -- Up-to-date: /home/ibrahim/MobiArm/install/main_nodes/share/main_nodes/local_setup.bash
[0.228s] -- Up-to-date: /home/ibrahim/MobiArm/install/main_nodes/share/main_nodes/local_setup.sh
[0.228s] -- Up-to-date: /home/ibrahim/MobiArm/install/main_nodes/share/main_nodes/local_setup.zsh
[0.228s] -- Up-to-date: /home/ibrahim/MobiArm/install/main_nodes/share/main_nodes/local_setup.dsv
[0.229s] -- Installing: /home/ibrahim/MobiArm/install/main_nodes/share/main_nodes/package.dsv
[0.229s] -- Up-to-date: /home/ibrahim/MobiArm/install/main_nodes/share/ament_index/resource_index/packages/main_nodes
[0.229s] -- Up-to-date: /home/ibrahim/MobiArm/install/main_nodes/share/main_nodes/cmake/main_nodesConfig.cmake
[0.229s] -- Up-to-date: /home/ibrahim/MobiArm/install/main_nodes/share/main_nodes/cmake/main_nodesConfig-version.cmake
[0.229s] -- Up-to-date: /home/ibrahim/MobiArm/install/main_nodes/share/main_nodes/package.xml
[0.231s] Invoked command in '/home/ibrahim/MobiArm/build/main_nodes' returned '0': CMAKE_PREFIX_PATH=${CMAKE_PREFIX_PATH}:/home/ibrahim/RobotArm/install/main_arm_package:/home/ibrahim/RobotArm/install/action_interfaces:/opt/ros/humble /usr/bin/cmake --install /home/ibrahim/MobiArm/build/main_nodes
