-- Found ament_cmake: 1.3.14 (/opt/ros/humble/share/ament_cmake/cmake)
-- Override CMake install command with custom implementation using symlinks instead of copying resources
-- Found rclcpp: 16.0.19 (/opt/ros/humble/share/rclcpp/cmake)
-- Found rosidl_generator_c: 3.1.8 (/opt/ros/humble/share/rosidl_generator_c/cmake)
-- Found rosidl_adapter: 3.1.8 (/opt/ros/humble/share/rosidl_adapter/cmake)
-- Found rosidl_generator_cpp: 3.1.8 (/opt/ros/humble/share/rosidl_generator_cpp/cmake)
-- Using all available rosidl_typesupport_c: rosidl_typesupport_fastrtps_c;rosidl_typesupport_introspection_c
-- Using all available rosidl_typesupport_cpp: rosidl_typesupport_fastrtps_cpp;rosidl_typesupport_introspection_cpp
-- Found rmw_implementation_cmake: 6.1.2 (/opt/ros/humble/share/rmw_implementation_cmake/cmake)
-- Found rmw_cyclonedds_cpp: 1.3.4 (/opt/ros/humble/share/rmw_cyclonedds_cpp/cmake)
-- Using RMW implementation 'rmw_cyclonedds_cpp' as default
-- Found moveit_ros_planning_interface: 2.5.9 (/opt/ros/humble/share/moveit_ros_planning_interface/cmake)
-- Found Boost: /usr/lib/x86_64-linux-gnu/cmake/Boost-1.74.0/BoostConfig.cmake (found version "1.74.0") found components: date_time filesystem program_options system thread 
-- Found Boost: /usr/lib/x86_64-linux-gnu/cmake/Boost-1.74.0/BoostConfig.cmake (found version "1.74.0") found components: chrono date_time filesystem iostreams program_options regex serialization system thread 
-- Found parameter_traits: 0.7.1 (/opt/ros/humble/share/parameter_traits/cmake)
-- Found rclcpp_lifecycle: 16.0.19 (/opt/ros/humble/share/rclcpp_lifecycle/cmake)
-- Found Boost: /usr/lib/x86_64-linux-gnu/cmake/Boost-1.74.0/BoostConfig.cmake (found version "1.74.0") found components: filesystem 
-- library: /usr/lib/x86_64-linux-gnu/libcurl.so
-- Ensuring Eigen3 include directory is part of orocos-kdl CMake target
-- Found Boost: /usr/lib/x86_64-linux-gnu/cmake/Boost-1.74.0/BoostConfig.cmake (found version "1.74.0") found components: system filesystem date_time program_options thread chrono 
-- Found Boost: /usr/lib/x86_64-linux-gnu/cmake/Boost-1.74.0/BoostConfig.cmake (found version "1.74.0") found components: thread system filesystem regex date_time program_options 
-- Found Boost: /usr/lib/x86_64-linux-gnu/cmake/Boost-1.74.0/BoostConfig.cmake (found version "1.74.0") found components: system filesystem date_time program_options thread 
-- Found nav2_msgs: 1.1.20 (/opt/ros/humble/share/nav2_msgs/cmake)
-- Found cv_bridge: 3.2.1 (/opt/ros/humble/share/cv_bridge/cmake)
-- Found image_geometry: 3.2.1 (/opt/ros/humble/share/image_geometry/cmake)
-- Found bin_interfaces: 0.0.0 (/home/ibrahim/MobiArm/install/bin_interfaces/share/bin_interfaces/cmake)
-- Found ament_lint_auto: 0.12.15 (/opt/ros/humble/share/ament_lint_auto/cmake)
-- Added test 'cppcheck' to perform static code analysis on C / C++ code
-- Configured cppcheck include dirs: $<BUILD_INTERFACE:/home/ibrahim/MobiArm/src/main_nodes/include>
-- Configured cppcheck exclude dirs and/or files: 
-- Added test 'flake8' to check Python code syntax and style conventions
-- Added test 'lint_cmake' to check CMake code style
-- Added test 'pep257' to check Python code against some of the docstring style conventions in PEP 257
-- Added test 'uncrustify' to check C / C++ code style
-- Configured uncrustify additional arguments: 
-- Added test 'xmllint' to check XML markup files
-- Configuring done
-- Generating done
-- Build files have been written to: /home/ibrahim/MobiArm/build/main_nodes
[35m[1mConsolidate compiler generated dependencies of target RunNode[0m
[35m[1mConsolidate compiler generated dependencies of target detectionNode[0m
[35m[1mConsolidate compiler generated dependencies of target TravelPose[0m
[ 12%] [32mBuilding CXX object CMakeFiles/VisionNode.dir/src/VisionNode.cpp.o[0m
[ 37%] Built target RunNode
[ 62%] Built target detectionNode
[ 87%] Built target TravelPose
[01m[K/home/ibrahim/MobiArm/src/main_nodes/src/VisionNode.cpp:[m[K In lambda function:
[01m[K/home/ibrahim/MobiArm/src/main_nodes/src/VisionNode.cpp:23:37:[m[K [01;31m[Kerror: [m[K‘[01m[Kconst SharedPtr[m[K’ {aka ‘[01m[Kconst class std::shared_ptr<sensor_msgs::msg::CameraInfo_<std::allocator<void> > >[m[K’} has no member named ‘[01m[KfromCameraInfo[m[K’
   23 |                 camera_model_ = msg.[01;31m[KfromCameraInfo[m[K(msg);
      |                                     [01;31m[K^~~~~~~~~~~~~~[m[K
[01m[K/home/ibrahim/MobiArm/src/main_nodes/src/VisionNode.cpp:[m[K In constructor ‘[01m[KVisionNode::VisionNode()[m[K’:
[01m[K/home/ibrahim/MobiArm/src/main_nodes/src/VisionNode.cpp:27:13:[m[K [01;31m[Kerror: [m[K‘[01m[Kcamera_sub_[m[K’ was not declared in this scope
   27 |             [01;31m[Kcamera_sub_[m[K = this->create_subscription<sensor_msgs::msg::Image>("/camera/image_raw", 10 ,std::bind(&VisionNode::image_callback, this, std::placeholders::_1));
      |             [01;31m[K^~~~~~~~~~~[m[K
gmake[2]: *** [CMakeFiles/VisionNode.dir/build.make:76: CMakeFiles/VisionNode.dir/src/VisionNode.cpp.o] Error 1
gmake[1]: *** [CMakeFiles/Makefile2:221: CMakeFiles/VisionNode.dir/all] Error 2
gmake: *** [Makefile:146: all] Error 2
