-- Found ament_cmake: 1.3.14 (/opt/ros/humble/share/ament_cmake/cmake)
-- Found rclcpp: 16.0.19 (/opt/ros/humble/share/rclcpp/cmake)
-- Found rosidl_generator_c: 3.1.8 (/opt/ros/humble/share/rosidl_generator_c/cmake)
-- Found rosidl_adapter: 3.1.8 (/opt/ros/humble/share/rosidl_adapter/cmake)
-- Found rosidl_generator_cpp: 3.1.8 (/opt/ros/humble/share/rosidl_generator_cpp/cmake)
-- Using all available rosidl_typesupport_c: rosidl_typesupport_fastrtps_c;rosidl_typesupport_introspection_c
-- Using all available rosidl_typesupport_cpp: rosidl_typesupport_fastrtps_cpp;rosidl_typesupport_introspection_cpp
-- Found rmw_implementation_cmake: 6.1.2 (/opt/ros/humble/share/rmw_implementation_cmake/cmake)
-- Found rmw_cyclonedds_cpp: 1.3.4 (/opt/ros/humble/share/rmw_cyclonedds_cpp/cmake)
-- Using RMW implementation 'rmw_cyclonedds_cpp' as default
-- Looking for pthread.h
-- Looking for pthread.h - found
-- Performing Test CMAKE_HAVE_LIBC_PTHREAD
-- Performing Test CMAKE_HAVE_LIBC_PTHREAD - Success
-- Found Threads: TRUE  
-- Found moveit_ros_planning_interface: 2.5.9 (/opt/ros/humble/share/moveit_ros_planning_interface/cmake)
-- Found Boost: /usr/lib/x86_64-linux-gnu/cmake/Boost-1.74.0/BoostConfig.cmake (found version "1.74.0") found components: date_time filesystem program_options system thread 
-- Found Boost: /usr/lib/x86_64-linux-gnu/cmake/Boost-1.74.0/BoostConfig.cmake (found version "1.74.0") found components: chrono date_time filesystem iostreams program_options regex serialization system thread 
-- Found parameter_traits: 0.7.1 (/opt/ros/humble/share/parameter_traits/cmake)
-- Found rclcpp_lifecycle: 16.0.19 (/opt/ros/humble/share/rclcpp_lifecycle/cmake)
-- Found Boost: /usr/lib/x86_64-linux-gnu/cmake/Boost-1.74.0/BoostConfig.cmake (found version "1.74.0") found components: filesystem 
-- library: /usr/lib/x86_64-linux-gnu/libcurl.so
-- Found Eigen3: TRUE (found version "3.4.0") 
-- Ensuring Eigen3 include directory is part of orocos-kdl CMake target
-- Found Boost: /usr/lib/x86_64-linux-gnu/cmake/Boost-1.74.0/BoostConfig.cmake (found version "1.74.0") found components: system filesystem date_time program_options thread chrono 
-- Found Boost: /usr/lib/x86_64-linux-gnu/cmake/Boost-1.74.0/BoostConfig.cmake (found version "1.74.0") found components: thread system filesystem regex date_time program_options 
-- Found Boost: /usr/lib/x86_64-linux-gnu/cmake/Boost-1.74.0/BoostConfig.cmake (found version "1.74.0") found components: system filesystem date_time program_options thread 
-- Found ament_lint_auto: 0.12.15 (/opt/ros/humble/share/ament_lint_auto/cmake)
-- Added test 'cppcheck' to perform static code analysis on C / C++ code
-- Configured cppcheck include dirs: $<BUILD_INTERFACE:/home/ibrahim/MobiArm/src/main_nodes/include>
-- Configured cppcheck exclude dirs and/or files: 
-- Added test 'flake8' to check Python code syntax and style conventions
-- Added test 'lint_cmake' to check CMake code style
-- Added test 'pep257' to check Python code against some of the docstring style conventions in PEP 257
-- Added test 'uncrustify' to check C / C++ code style
-- Configured uncrustify additional arguments: 
-- Added test 'xmllint' to check XML markup files
-- Configuring done
-- Generating done
-- Build files have been written to: /home/ibrahim/MobiArm/build/main_nodes
[35m[1mConsolidate compiler generated dependencies of target RunNode[0m
[ 25%] [32mBuilding CXX object CMakeFiles/TravelPose.dir/src/TravelPose.cpp.o[0m
[ 75%] Built target RunNode
[100%] [32m[1mLinking CXX executable TravelPose[0m
[100%] Built target TravelPose
-- Install configuration: ""
-- Installing: /home/ibrahim/MobiArm/install/main_nodes/lib/main_nodes/TravelPose
-- Set runtime path of "/home/ibrahim/MobiArm/install/main_nodes/lib/main_nodes/TravelPose" to ""
-- Up-to-date: /home/ibrahim/MobiArm/install/main_nodes/lib/main_nodes/RunNode
-- Up-to-date: /home/ibrahim/MobiArm/install/main_nodes/share/main_nodes/launch
-- Up-to-date: /home/ibrahim/MobiArm/install/main_nodes/share/main_nodes/launch/display.launch.py
-- Up-to-date: /home/ibrahim/MobiArm/install/main_nodes/share/main_nodes/launch/gazebo.launch.py
-- Up-to-date: /home/ibrahim/MobiArm/install/main_nodes/share/main_nodes/urdf
-- Up-to-date: /home/ibrahim/MobiArm/install/main_nodes/share/main_nodes/urdf/arm.urdf.xacro
-- Up-to-date: /home/ibrahim/MobiArm/install/main_nodes/share/main_nodes/urdf/base.urdf.xacro
-- Up-to-date: /home/ibrahim/MobiArm/install/main_nodes/share/main_nodes/urdf/robot.urdf.xacro
-- Up-to-date: /home/ibrahim/MobiArm/install/main_nodes/share/main_nodes/rviz
-- Up-to-date: /home/ibrahim/MobiArm/install/main_nodes/share/main_nodes/rviz/model.rviz
-- Up-to-date: /home/ibrahim/MobiArm/install/main_nodes/share/main_nodes/worlds
-- Up-to-date: /home/ibrahim/MobiArm/install/main_nodes/share/main_nodes/worlds/world.sdf
-- Up-to-date: /home/ibrahim/MobiArm/install/main_nodes/share/ament_index/resource_index/package_run_dependencies/main_nodes
-- Installing: /home/ibrahim/MobiArm/install/main_nodes/share/ament_index/resource_index/parent_prefix_path/main_nodes
-- Up-to-date: /home/ibrahim/MobiArm/install/main_nodes/share/main_nodes/environment/ament_prefix_path.sh
-- Installing: /home/ibrahim/MobiArm/install/main_nodes/share/main_nodes/environment/ament_prefix_path.dsv
-- Up-to-date: /home/ibrahim/MobiArm/install/main_nodes/share/main_nodes/environment/path.sh
-- Installing: /home/ibrahim/MobiArm/install/main_nodes/share/main_nodes/environment/path.dsv
-- Up-to-date: /home/ibrahim/MobiArm/install/main_nodes/share/main_nodes/local_setup.bash
-- Up-to-date: /home/ibrahim/MobiArm/install/main_nodes/share/main_nodes/local_setup.sh
-- Up-to-date: /home/ibrahim/MobiArm/install/main_nodes/share/main_nodes/local_setup.zsh
-- Installing: /home/ibrahim/MobiArm/install/main_nodes/share/main_nodes/local_setup.dsv
-- Installing: /home/ibrahim/MobiArm/install/main_nodes/share/main_nodes/package.dsv
-- Up-to-date: /home/ibrahim/MobiArm/install/main_nodes/share/ament_index/resource_index/packages/main_nodes
-- Up-to-date: /home/ibrahim/MobiArm/install/main_nodes/share/main_nodes/cmake/main_nodesConfig.cmake
-- Up-to-date: /home/ibrahim/MobiArm/install/main_nodes/share/main_nodes/cmake/main_nodesConfig-version.cmake
-- Up-to-date: /home/ibrahim/MobiArm/install/main_nodes/share/main_nodes/package.xml
