[0.029s] Invoking command in '/home/ibrahim/MobiArm/build/main_nodes': CMAKE_PREFIX_PATH=${CMAKE_PREFIX_PATH}:/home/ibrahim/RobotArm/install/main_arm_package:/home/ibrahim/RobotArm/install/action_interfaces:/opt/ros/humble /usr/bin/cmake --build /home/ibrahim/MobiArm/build/main_nodes -- -j16 -l16
[0.094s] -- Found ament_cmake: 1.3.14 (/opt/ros/humble/share/ament_cmake/cmake)
[0.257s] -- Found rclcpp: 16.0.19 (/opt/ros/humble/share/rclcpp/cmake)
[0.466s] -- Found rosidl_generator_c: 3.1.8 (/opt/ros/humble/share/rosidl_generator_c/cmake)
[0.480s] -- Found rosidl_adapter: 3.1.8 (/opt/ros/humble/share/rosidl_adapter/cmake)
[0.496s] -- Found rosidl_generator_cpp: 3.1.8 (/opt/ros/humble/share/rosidl_generator_cpp/cmake)
[0.527s] -- Using all available rosidl_typesupport_c: rosidl_typesupport_fastrtps_c;rosidl_typesupport_introspection_c
[0.561s] -- Using all available rosidl_typesupport_cpp: rosidl_typesupport_fastrtps_cpp;rosidl_typesupport_introspection_cpp
[0.656s] -- Found rmw_implementation_cmake: 6.1.2 (/opt/ros/humble/share/rmw_implementation_cmake/cmake)
[0.663s] -- Found rmw_cyclonedds_cpp: 1.3.4 (/opt/ros/humble/share/rmw_cyclonedds_cpp/cmake)
[0.715s] -- Using RMW implementation 'rmw_cyclonedds_cpp' as default
[0.737s] -- Looking for pthread.h
[0.968s] -- Looking for pthread.h - found
[0.969s] -- Performing Test CMAKE_HAVE_LIBC_PTHREAD
[1.121s] -- Performing Test CMAKE_HAVE_LIBC_PTHREAD - Success
[1.122s] -- Found Threads: TRUE  
[1.210s] -- Found moveit_ros_planning_interface: 2.5.9 (/opt/ros/humble/share/moveit_ros_planning_interface/cmake)
[1.273s] -- Found Boost: /usr/lib/x86_64-linux-gnu/cmake/Boost-1.74.0/BoostConfig.cmake (found version "1.74.0") found components: date_time filesystem program_options system thread 
[1.536s] -- Found Boost: /usr/lib/x86_64-linux-gnu/cmake/Boost-1.74.0/BoostConfig.cmake (found version "1.74.0") found components: chrono date_time filesystem iostreams program_options regex serialization system thread 
[2.776s] -- Found parameter_traits: 0.7.1 (/opt/ros/humble/share/parameter_traits/cmake)
[2.809s] -- Found rclcpp_lifecycle: 16.0.19 (/opt/ros/humble/share/rclcpp_lifecycle/cmake)
[2.850s] -- Found Boost: /usr/lib/x86_64-linux-gnu/cmake/Boost-1.74.0/BoostConfig.cmake (found version "1.74.0") found components: filesystem 
[4.257s] -- library: /usr/lib/x86_64-linux-gnu/libcurl.so
[4.339s] -- Found Eigen3: TRUE (found version "3.4.0") 
[4.339s] -- Ensuring Eigen3 include directory is part of orocos-kdl CMake target
[5.765s] -- Found Boost: /usr/lib/x86_64-linux-gnu/cmake/Boost-1.74.0/BoostConfig.cmake (found version "1.74.0") found components: system filesystem date_time program_options thread chrono 
[5.796s] -- Found Boost: /usr/lib/x86_64-linux-gnu/cmake/Boost-1.74.0/BoostConfig.cmake (found version "1.74.0") found components: thread system filesystem regex date_time program_options 
[5.892s] -- Found Boost: /usr/lib/x86_64-linux-gnu/cmake/Boost-1.74.0/BoostConfig.cmake (found version "1.74.0") found components: system filesystem date_time program_options thread 
[5.926s] -- Found ament_lint_auto: 0.12.15 (/opt/ros/humble/share/ament_lint_auto/cmake)
[6.002s] -- Added test 'cppcheck' to perform static code analysis on C / C++ code
[6.002s] -- Configured cppcheck include dirs: $<BUILD_INTERFACE:/home/ibrahim/MobiArm/src/main_nodes/include>
[6.002s] -- Configured cppcheck exclude dirs and/or files: 
[6.002s] -- Added test 'flake8' to check Python code syntax and style conventions
[6.003s] -- Added test 'lint_cmake' to check CMake code style
[6.004s] -- Added test 'pep257' to check Python code against some of the docstring style conventions in PEP 257
[6.005s] -- Added test 'uncrustify' to check C / C++ code style
[6.005s] -- Configured uncrustify additional arguments: 
[6.006s] -- Added test 'xmllint' to check XML markup files
[6.008s] -- Configuring done
[6.054s] -- Generating done
[6.064s] -- Build files have been written to: /home/ibrahim/MobiArm/build/main_nodes
[6.101s] [35m[1mConsolidate compiler generated dependencies of target RunNode[0m
[6.111s] [ 25%] [32mBuilding CXX object CMakeFiles/TravelPose.dir/src/TravelPose.cpp.o[0m
[6.113s] [ 75%] Built target RunNode
[15.456s] [100%] [32m[1mLinking CXX executable TravelPose[0m
[15.932s] [100%] Built target TravelPose
[15.947s] Invoked command in '/home/ibrahim/MobiArm/build/main_nodes' returned '0': CMAKE_PREFIX_PATH=${CMAKE_PREFIX_PATH}:/home/ibrahim/RobotArm/install/main_arm_package:/home/ibrahim/RobotArm/install/action_interfaces:/opt/ros/humble /usr/bin/cmake --build /home/ibrahim/MobiArm/build/main_nodes -- -j16 -l16
[15.958s] Invoking command in '/home/ibrahim/MobiArm/build/main_nodes': CMAKE_PREFIX_PATH=${CMAKE_PREFIX_PATH}:/home/ibrahim/RobotArm/install/main_arm_package:/home/ibrahim/RobotArm/install/action_interfaces:/opt/ros/humble /usr/bin/cmake --install /home/ibrahim/MobiArm/build/main_nodes
[15.966s] -- Install configuration: ""
[15.967s] -- Installing: /home/ibrahim/MobiArm/install/main_nodes/lib/main_nodes/TravelPose
[15.968s] -- Set runtime path of "/home/ibrahim/MobiArm/install/main_nodes/lib/main_nodes/TravelPose" to ""
[15.968s] -- Up-to-date: /home/ibrahim/MobiArm/install/main_nodes/lib/main_nodes/RunNode
[15.969s] -- Up-to-date: /home/ibrahim/MobiArm/install/main_nodes/share/main_nodes/launch
[15.969s] -- Up-to-date: /home/ibrahim/MobiArm/install/main_nodes/share/main_nodes/launch/display.launch.py
[15.969s] -- Up-to-date: /home/ibrahim/MobiArm/install/main_nodes/share/main_nodes/launch/gazebo.launch.py
[15.969s] -- Up-to-date: /home/ibrahim/MobiArm/install/main_nodes/share/main_nodes/urdf
[15.969s] -- Up-to-date: /home/ibrahim/MobiArm/install/main_nodes/share/main_nodes/urdf/arm.urdf.xacro
[15.969s] -- Up-to-date: /home/ibrahim/MobiArm/install/main_nodes/share/main_nodes/urdf/base.urdf.xacro
[15.970s] -- Up-to-date: /home/ibrahim/MobiArm/install/main_nodes/share/main_nodes/urdf/robot.urdf.xacro
[15.970s] -- Up-to-date: /home/ibrahim/MobiArm/install/main_nodes/share/main_nodes/rviz
[15.970s] -- Up-to-date: /home/ibrahim/MobiArm/install/main_nodes/share/main_nodes/rviz/model.rviz
[15.970s] -- Up-to-date: /home/ibrahim/MobiArm/install/main_nodes/share/main_nodes/worlds
[15.970s] -- Up-to-date: /home/ibrahim/MobiArm/install/main_nodes/share/main_nodes/worlds/world.sdf
[15.970s] -- Up-to-date: /home/ibrahim/MobiArm/install/main_nodes/share/ament_index/resource_index/package_run_dependencies/main_nodes
[15.970s] -- Installing: /home/ibrahim/MobiArm/install/main_nodes/share/ament_index/resource_index/parent_prefix_path/main_nodes
[15.970s] -- Up-to-date: /home/ibrahim/MobiArm/install/main_nodes/share/main_nodes/environment/ament_prefix_path.sh
[15.970s] -- Installing: /home/ibrahim/MobiArm/install/main_nodes/share/main_nodes/environment/ament_prefix_path.dsv
[15.971s] -- Up-to-date: /home/ibrahim/MobiArm/install/main_nodes/share/main_nodes/environment/path.sh
[15.971s] -- Installing: /home/ibrahim/MobiArm/install/main_nodes/share/main_nodes/environment/path.dsv
[15.971s] -- Up-to-date: /home/ibrahim/MobiArm/install/main_nodes/share/main_nodes/local_setup.bash
[15.971s] -- Up-to-date: /home/ibrahim/MobiArm/install/main_nodes/share/main_nodes/local_setup.sh
[15.972s] -- Up-to-date: /home/ibrahim/MobiArm/install/main_nodes/share/main_nodes/local_setup.zsh
[15.972s] -- Installing: /home/ibrahim/MobiArm/install/main_nodes/share/main_nodes/local_setup.dsv
[15.972s] -- Installing: /home/ibrahim/MobiArm/install/main_nodes/share/main_nodes/package.dsv
[15.973s] -- Up-to-date: /home/ibrahim/MobiArm/install/main_nodes/share/ament_index/resource_index/packages/main_nodes
[15.973s] -- Up-to-date: /home/ibrahim/MobiArm/install/main_nodes/share/main_nodes/cmake/main_nodesConfig.cmake
[15.973s] -- Up-to-date: /home/ibrahim/MobiArm/install/main_nodes/share/main_nodes/cmake/main_nodesConfig-version.cmake
[15.973s] -- Up-to-date: /home/ibrahim/MobiArm/install/main_nodes/share/main_nodes/package.xml
[15.977s] Invoked command in '/home/ibrahim/MobiArm/build/main_nodes' returned '0': CMAKE_PREFIX_PATH=${CMAKE_PREFIX_PATH}:/home/ibrahim/RobotArm/install/main_arm_package:/home/ibrahim/RobotArm/install/action_interfaces:/opt/ros/humble /usr/bin/cmake --install /home/ibrahim/MobiArm/build/main_nodes
