[0.216s] DEBUG:colcon:Command line arguments: ['/usr/bin/colcon', 'build']
[0.216s] DEBUG:colcon:Parsed command line arguments: Namespace(log_base=None, log_level=None, verb_name='build', build_base='build', install_base='install', merge_install=False, symlink_install=False, test_result_base=None, continue_on_error=False, executor='parallel', parallel_workers=16, event_handlers=None, ignore_user_meta=False, metas=['./colcon.meta'], base_paths=['.'], packages_ignore=None, packages_ignore_regex=None, paths=None, packages_up_to=None, packages_up_to_regex=None, packages_above=None, packages_above_and_dependencies=None, packages_above_depth=None, packages_select_by_dep=None, packages_skip_by_dep=None, packages_skip_up_to=None, packages_select_build_failed=False, packages_skip_build_finished=False, packages_select_test_failures=False, packages_skip_test_passed=False, packages_select=None, packages_skip=None, packages_select_regex=None, packages_skip_regex=None, packages_start=None, packages_end=None, allow_overriding=[], cmake_args=None, cmake_target=None, cmake_target_skip_unavailable=False, cmake_clean_cache=False, cmake_clean_first=False, cmake_force_configure=False, ament_cmake_args=None, catkin_cmake_args=None, catkin_skip_building_tests=False, verb_parser=<colcon_defaults.argument_parser.defaults.DefaultArgumentsDecorator object at 0x752c8e6cd690>, verb_extension=<colcon_core.verb.build.BuildVerb object at 0x752c8e6cd090>, main=<bound method BuildVerb.main of <colcon_core.verb.build.BuildVerb object at 0x752c8e6cd090>>)
[0.392s] Level 1:colcon.colcon_core.package_discovery:discover_packages(colcon_meta) check parameters
[0.392s] Level 1:colcon.colcon_core.package_discovery:discover_packages(recursive) check parameters
[0.392s] Level 1:colcon.colcon_core.package_discovery:discover_packages(ignore) check parameters
[0.392s] Level 1:colcon.colcon_core.package_discovery:discover_packages(path) check parameters
[0.392s] Level 1:colcon.colcon_core.package_discovery:discover_packages(colcon_meta) discover
[0.392s] Level 1:colcon.colcon_core.package_discovery:discover_packages(recursive) discover
[0.392s] INFO:colcon.colcon_core.package_discovery:Crawling recursively for packages in '/home/ibrahim/MobiArm'
[0.392s] Level 1:colcon.colcon_core.package_identification:_identify(.) by extensions ['ignore', 'ignore_ament_install']
[0.392s] Level 1:colcon.colcon_core.package_identification:_identify(.) by extension 'ignore'
[0.392s] Level 1:colcon.colcon_core.package_identification:_identify(.) by extension 'ignore_ament_install'
[0.393s] Level 1:colcon.colcon_core.package_identification:_identify(.) by extensions ['colcon_pkg']
[0.393s] Level 1:colcon.colcon_core.package_identification:_identify(.) by extension 'colcon_pkg'
[0.393s] Level 1:colcon.colcon_core.package_identification:_identify(.) by extensions ['colcon_meta']
[0.393s] Level 1:colcon.colcon_core.package_identification:_identify(.) by extension 'colcon_meta'
[0.393s] Level 1:colcon.colcon_core.package_identification:_identify(.) by extensions ['ros']
[0.393s] Level 1:colcon.colcon_core.package_identification:_identify(.) by extension 'ros'
[0.404s] Level 1:colcon.colcon_core.package_identification:_identify(.) by extensions ['cmake', 'python']
[0.404s] Level 1:colcon.colcon_core.package_identification:_identify(.) by extension 'cmake'
[0.405s] Level 1:colcon.colcon_core.package_identification:_identify(.) by extension 'python'
[0.405s] Level 1:colcon.colcon_core.package_identification:_identify(.) by extensions ['python_setup_py']
[0.405s] Level 1:colcon.colcon_core.package_identification:_identify(.) by extension 'python_setup_py'
[0.405s] Level 1:colcon.colcon_core.package_identification:_identify(build) by extensions ['ignore', 'ignore_ament_install']
[0.405s] Level 1:colcon.colcon_core.package_identification:_identify(build) by extension 'ignore'
[0.405s] Level 1:colcon.colcon_core.package_identification:_identify(build) ignored
[0.405s] Level 1:colcon.colcon_core.package_identification:_identify(install) by extensions ['ignore', 'ignore_ament_install']
[0.405s] Level 1:colcon.colcon_core.package_identification:_identify(install) by extension 'ignore'
[0.405s] Level 1:colcon.colcon_core.package_identification:_identify(install) ignored
[0.405s] Level 1:colcon.colcon_core.package_identification:_identify(log) by extensions ['ignore', 'ignore_ament_install']
[0.405s] Level 1:colcon.colcon_core.package_identification:_identify(log) by extension 'ignore'
[0.405s] Level 1:colcon.colcon_core.package_identification:_identify(log) ignored
[0.405s] Level 1:colcon.colcon_core.package_identification:_identify(src) by extensions ['ignore', 'ignore_ament_install']
[0.406s] Level 1:colcon.colcon_core.package_identification:_identify(src) by extension 'ignore'
[0.406s] Level 1:colcon.colcon_core.package_identification:_identify(src) by extension 'ignore_ament_install'
[0.406s] Level 1:colcon.colcon_core.package_identification:_identify(src) by extensions ['colcon_pkg']
[0.406s] Level 1:colcon.colcon_core.package_identification:_identify(src) by extension 'colcon_pkg'
[0.406s] Level 1:colcon.colcon_core.package_identification:_identify(src) by extensions ['colcon_meta']
[0.406s] Level 1:colcon.colcon_core.package_identification:_identify(src) by extension 'colcon_meta'
[0.406s] Level 1:colcon.colcon_core.package_identification:_identify(src) by extensions ['ros']
[0.406s] Level 1:colcon.colcon_core.package_identification:_identify(src) by extension 'ros'
[0.406s] Level 1:colcon.colcon_core.package_identification:_identify(src) by extensions ['cmake', 'python']
[0.406s] Level 1:colcon.colcon_core.package_identification:_identify(src) by extension 'cmake'
[0.406s] Level 1:colcon.colcon_core.package_identification:_identify(src) by extension 'python'
[0.406s] Level 1:colcon.colcon_core.package_identification:_identify(src) by extensions ['python_setup_py']
[0.406s] Level 1:colcon.colcon_core.package_identification:_identify(src) by extension 'python_setup_py'
[0.407s] Level 1:colcon.colcon_core.package_identification:_identify(src/IFRA_LinkAttacher) by extensions ['ignore', 'ignore_ament_install']
[0.407s] Level 1:colcon.colcon_core.package_identification:_identify(src/IFRA_LinkAttacher) by extension 'ignore'
[0.407s] Level 1:colcon.colcon_core.package_identification:_identify(src/IFRA_LinkAttacher) by extension 'ignore_ament_install'
[0.407s] Level 1:colcon.colcon_core.package_identification:_identify(src/IFRA_LinkAttacher) by extensions ['colcon_pkg']
[0.407s] Level 1:colcon.colcon_core.package_identification:_identify(src/IFRA_LinkAttacher) by extension 'colcon_pkg'
[0.407s] Level 1:colcon.colcon_core.package_identification:_identify(src/IFRA_LinkAttacher) by extensions ['colcon_meta']
[0.407s] Level 1:colcon.colcon_core.package_identification:_identify(src/IFRA_LinkAttacher) by extension 'colcon_meta'
[0.407s] Level 1:colcon.colcon_core.package_identification:_identify(src/IFRA_LinkAttacher) by extensions ['ros']
[0.407s] Level 1:colcon.colcon_core.package_identification:_identify(src/IFRA_LinkAttacher) by extension 'ros'
[0.407s] Level 1:colcon.colcon_core.package_identification:_identify(src/IFRA_LinkAttacher) by extensions ['cmake', 'python']
[0.407s] Level 1:colcon.colcon_core.package_identification:_identify(src/IFRA_LinkAttacher) by extension 'cmake'
[0.407s] Level 1:colcon.colcon_core.package_identification:_identify(src/IFRA_LinkAttacher) by extension 'python'
[0.407s] Level 1:colcon.colcon_core.package_identification:_identify(src/IFRA_LinkAttacher) by extensions ['python_setup_py']
[0.407s] Level 1:colcon.colcon_core.package_identification:_identify(src/IFRA_LinkAttacher) by extension 'python_setup_py'
[0.408s] Level 1:colcon.colcon_core.package_identification:_identify(src/IFRA_LinkAttacher/linkattacher_msgs) by extensions ['ignore', 'ignore_ament_install']
[0.408s] Level 1:colcon.colcon_core.package_identification:_identify(src/IFRA_LinkAttacher/linkattacher_msgs) by extension 'ignore'
[0.408s] Level 1:colcon.colcon_core.package_identification:_identify(src/IFRA_LinkAttacher/linkattacher_msgs) by extension 'ignore_ament_install'
[0.408s] Level 1:colcon.colcon_core.package_identification:_identify(src/IFRA_LinkAttacher/linkattacher_msgs) by extensions ['colcon_pkg']
[0.408s] Level 1:colcon.colcon_core.package_identification:_identify(src/IFRA_LinkAttacher/linkattacher_msgs) by extension 'colcon_pkg'
[0.408s] Level 1:colcon.colcon_core.package_identification:_identify(src/IFRA_LinkAttacher/linkattacher_msgs) by extensions ['colcon_meta']
[0.408s] Level 1:colcon.colcon_core.package_identification:_identify(src/IFRA_LinkAttacher/linkattacher_msgs) by extension 'colcon_meta'
[0.408s] Level 1:colcon.colcon_core.package_identification:_identify(src/IFRA_LinkAttacher/linkattacher_msgs) by extensions ['ros']
[0.408s] Level 1:colcon.colcon_core.package_identification:_identify(src/IFRA_LinkAttacher/linkattacher_msgs) by extension 'ros'
[0.411s] DEBUG:colcon.colcon_core.package_identification:Package 'src/IFRA_LinkAttacher/linkattacher_msgs' with type 'ros.ament_cmake' and name 'linkattacher_msgs'
[0.412s] Level 1:colcon.colcon_core.package_identification:_identify(src/IFRA_LinkAttacher/ros2_LinkAttacher) by extensions ['ignore', 'ignore_ament_install']
[0.412s] Level 1:colcon.colcon_core.package_identification:_identify(src/IFRA_LinkAttacher/ros2_LinkAttacher) by extension 'ignore'
[0.412s] Level 1:colcon.colcon_core.package_identification:_identify(src/IFRA_LinkAttacher/ros2_LinkAttacher) by extension 'ignore_ament_install'
[0.412s] Level 1:colcon.colcon_core.package_identification:_identify(src/IFRA_LinkAttacher/ros2_LinkAttacher) by extensions ['colcon_pkg']
[0.412s] Level 1:colcon.colcon_core.package_identification:_identify(src/IFRA_LinkAttacher/ros2_LinkAttacher) by extension 'colcon_pkg'
[0.412s] Level 1:colcon.colcon_core.package_identification:_identify(src/IFRA_LinkAttacher/ros2_LinkAttacher) by extensions ['colcon_meta']
[0.412s] Level 1:colcon.colcon_core.package_identification:_identify(src/IFRA_LinkAttacher/ros2_LinkAttacher) by extension 'colcon_meta'
[0.412s] Level 1:colcon.colcon_core.package_identification:_identify(src/IFRA_LinkAttacher/ros2_LinkAttacher) by extensions ['ros']
[0.412s] Level 1:colcon.colcon_core.package_identification:_identify(src/IFRA_LinkAttacher/ros2_LinkAttacher) by extension 'ros'
[0.413s] DEBUG:colcon.colcon_core.package_identification:Package 'src/IFRA_LinkAttacher/ros2_LinkAttacher' with type 'ros.ament_cmake' and name 'ros2_linkattacher'
[0.413s] Level 1:colcon.colcon_core.package_identification:_identify(src/bin_interfaces) by extensions ['ignore', 'ignore_ament_install']
[0.413s] Level 1:colcon.colcon_core.package_identification:_identify(src/bin_interfaces) by extension 'ignore'
[0.413s] Level 1:colcon.colcon_core.package_identification:_identify(src/bin_interfaces) by extension 'ignore_ament_install'
[0.413s] Level 1:colcon.colcon_core.package_identification:_identify(src/bin_interfaces) by extensions ['colcon_pkg']
[0.413s] Level 1:colcon.colcon_core.package_identification:_identify(src/bin_interfaces) by extension 'colcon_pkg'
[0.414s] Level 1:colcon.colcon_core.package_identification:_identify(src/bin_interfaces) by extensions ['colcon_meta']
[0.414s] Level 1:colcon.colcon_core.package_identification:_identify(src/bin_interfaces) by extension 'colcon_meta'
[0.414s] Level 1:colcon.colcon_core.package_identification:_identify(src/bin_interfaces) by extensions ['ros']
[0.414s] Level 1:colcon.colcon_core.package_identification:_identify(src/bin_interfaces) by extension 'ros'
[0.414s] DEBUG:colcon.colcon_core.package_identification:Package 'src/bin_interfaces' with type 'ros.ament_cmake' and name 'bin_interfaces'
[0.415s] Level 1:colcon.colcon_core.package_identification:_identify(src/main_nodes) by extensions ['ignore', 'ignore_ament_install']
[0.415s] Level 1:colcon.colcon_core.package_identification:_identify(src/main_nodes) by extension 'ignore'
[0.415s] Level 1:colcon.colcon_core.package_identification:_identify(src/main_nodes) by extension 'ignore_ament_install'
[0.415s] Level 1:colcon.colcon_core.package_identification:_identify(src/main_nodes) by extensions ['colcon_pkg']
[0.415s] Level 1:colcon.colcon_core.package_identification:_identify(src/main_nodes) by extension 'colcon_pkg'
[0.415s] Level 1:colcon.colcon_core.package_identification:_identify(src/main_nodes) by extensions ['colcon_meta']
[0.415s] Level 1:colcon.colcon_core.package_identification:_identify(src/main_nodes) by extension 'colcon_meta'
[0.415s] Level 1:colcon.colcon_core.package_identification:_identify(src/main_nodes) by extensions ['ros']
[0.415s] Level 1:colcon.colcon_core.package_identification:_identify(src/main_nodes) by extension 'ros'
[0.417s] DEBUG:colcon.colcon_core.package_identification:Package 'src/main_nodes' with type 'ros.ament_cmake' and name 'main_nodes'
[0.417s] Level 1:colcon.colcon_core.package_identification:_identify(src/moveit_config) by extensions ['ignore', 'ignore_ament_install']
[0.417s] Level 1:colcon.colcon_core.package_identification:_identify(src/moveit_config) by extension 'ignore'
[0.417s] Level 1:colcon.colcon_core.package_identification:_identify(src/moveit_config) by extension 'ignore_ament_install'
[0.417s] Level 1:colcon.colcon_core.package_identification:_identify(src/moveit_config) by extensions ['colcon_pkg']
[0.417s] Level 1:colcon.colcon_core.package_identification:_identify(src/moveit_config) by extension 'colcon_pkg'
[0.417s] Level 1:colcon.colcon_core.package_identification:_identify(src/moveit_config) by extensions ['colcon_meta']
[0.417s] Level 1:colcon.colcon_core.package_identification:_identify(src/moveit_config) by extension 'colcon_meta'
[0.417s] Level 1:colcon.colcon_core.package_identification:_identify(src/moveit_config) by extensions ['ros']
[0.417s] Level 1:colcon.colcon_core.package_identification:_identify(src/moveit_config) by extension 'ros'
[0.419s] DEBUG:colcon.colcon_core.package_identification:Package 'src/moveit_config' with type 'ros.ament_cmake' and name 'moveit_config'
[0.419s] Level 1:colcon.colcon_core.package_discovery:discover_packages(recursive) using defaults
[0.419s] Level 1:colcon.colcon_core.package_discovery:discover_packages(ignore) discover
[0.419s] Level 1:colcon.colcon_core.package_discovery:discover_packages(ignore) using defaults
[0.419s] Level 1:colcon.colcon_core.package_discovery:discover_packages(path) discover
[0.419s] Level 1:colcon.colcon_core.package_discovery:discover_packages(path) using defaults
[0.454s] Level 1:colcon.colcon_core.package_discovery:discover_packages(prefix_path) check parameters
[0.455s] Level 1:colcon.colcon_core.package_discovery:discover_packages(prefix_path) discover
[0.457s] DEBUG:colcon.colcon_installed_package_information.package_discovery:Found 6 installed packages in /home/ibrahim/MobiArm/install
[0.458s] DEBUG:colcon.colcon_installed_package_information.package_discovery:Found 2 installed packages in /home/ibrahim/MoveItArm/install
[0.458s] DEBUG:colcon.colcon_installed_package_information.package_discovery:Found 2 installed packages in /home/ibrahim/RobotArmExpanded/install
[0.459s] DEBUG:colcon.colcon_installed_package_information.package_discovery:Found 2 installed packages in /home/ibrahim/RobotArm/install
[0.459s] DEBUG:colcon.colcon_installed_package_information.package_discovery:Found 1 installed packages in /home/ibrahim/TF2Sample/install
[0.460s] DEBUG:colcon.colcon_installed_package_information.package_discovery:Found 2 installed packages in /home/ibrahim/RobotNav/install
[0.460s] DEBUG:colcon.colcon_installed_package_information.package_discovery:Found 1 installed packages in /home/ibrahim/RobotMonitor/install
[0.461s] DEBUG:colcon.colcon_installed_package_information.package_discovery:Found 2 installed packages in /home/ibrahim/ros2_ws/install
[0.463s] DEBUG:colcon.colcon_installed_package_information.package_discovery:Found 449 installed packages in /opt/ros/humble
[0.464s] Level 1:colcon.colcon_core.package_discovery:discover_packages(prefix_path) using defaults
[0.518s] Level 5:colcon.colcon_core.verb:set package 'bin_interfaces' build argument 'cmake_args' from command line to 'None'
[0.518s] Level 5:colcon.colcon_core.verb:set package 'bin_interfaces' build argument 'cmake_target' from command line to 'None'
[0.518s] Level 5:colcon.colcon_core.verb:set package 'bin_interfaces' build argument 'cmake_target_skip_unavailable' from command line to 'False'
[0.518s] Level 5:colcon.colcon_core.verb:set package 'bin_interfaces' build argument 'cmake_clean_cache' from command line to 'False'
[0.518s] Level 5:colcon.colcon_core.verb:set package 'bin_interfaces' build argument 'cmake_clean_first' from command line to 'False'
[0.518s] Level 5:colcon.colcon_core.verb:set package 'bin_interfaces' build argument 'cmake_force_configure' from command line to 'False'
[0.518s] Level 5:colcon.colcon_core.verb:set package 'bin_interfaces' build argument 'ament_cmake_args' from command line to 'None'
[0.518s] Level 5:colcon.colcon_core.verb:set package 'bin_interfaces' build argument 'catkin_cmake_args' from command line to 'None'
[0.518s] Level 5:colcon.colcon_core.verb:set package 'bin_interfaces' build argument 'catkin_skip_building_tests' from command line to 'False'
[0.518s] DEBUG:colcon.colcon_core.verb:Building package 'bin_interfaces' with the following arguments: {'ament_cmake_args': None, 'build_base': '/home/ibrahim/MobiArm/build/bin_interfaces', 'catkin_cmake_args': None, 'catkin_skip_building_tests': False, 'cmake_args': None, 'cmake_clean_cache': False, 'cmake_clean_first': False, 'cmake_force_configure': False, 'cmake_target': None, 'cmake_target_skip_unavailable': False, 'install_base': '/home/ibrahim/MobiArm/install/bin_interfaces', 'merge_install': False, 'path': '/home/ibrahim/MobiArm/src/bin_interfaces', 'symlink_install': False, 'test_result_base': None}
[0.519s] Level 5:colcon.colcon_core.verb:set package 'linkattacher_msgs' build argument 'cmake_args' from command line to 'None'
[0.519s] Level 5:colcon.colcon_core.verb:set package 'linkattacher_msgs' build argument 'cmake_target' from command line to 'None'
[0.519s] Level 5:colcon.colcon_core.verb:set package 'linkattacher_msgs' build argument 'cmake_target_skip_unavailable' from command line to 'False'
[0.519s] Level 5:colcon.colcon_core.verb:set package 'linkattacher_msgs' build argument 'cmake_clean_cache' from command line to 'False'
[0.519s] Level 5:colcon.colcon_core.verb:set package 'linkattacher_msgs' build argument 'cmake_clean_first' from command line to 'False'
[0.519s] Level 5:colcon.colcon_core.verb:set package 'linkattacher_msgs' build argument 'cmake_force_configure' from command line to 'False'
[0.519s] Level 5:colcon.colcon_core.verb:set package 'linkattacher_msgs' build argument 'ament_cmake_args' from command line to 'None'
[0.519s] Level 5:colcon.colcon_core.verb:set package 'linkattacher_msgs' build argument 'catkin_cmake_args' from command line to 'None'
[0.519s] Level 5:colcon.colcon_core.verb:set package 'linkattacher_msgs' build argument 'catkin_skip_building_tests' from command line to 'False'
[0.519s] DEBUG:colcon.colcon_core.verb:Building package 'linkattacher_msgs' with the following arguments: {'ament_cmake_args': None, 'build_base': '/home/ibrahim/MobiArm/build/linkattacher_msgs', 'catkin_cmake_args': None, 'catkin_skip_building_tests': False, 'cmake_args': None, 'cmake_clean_cache': False, 'cmake_clean_first': False, 'cmake_force_configure': False, 'cmake_target': None, 'cmake_target_skip_unavailable': False, 'install_base': '/home/ibrahim/MobiArm/install/linkattacher_msgs', 'merge_install': False, 'path': '/home/ibrahim/MobiArm/src/IFRA_LinkAttacher/linkattacher_msgs', 'symlink_install': False, 'test_result_base': None}
[0.519s] Level 5:colcon.colcon_core.verb:set package 'main_nodes' build argument 'cmake_args' from command line to 'None'
[0.519s] Level 5:colcon.colcon_core.verb:set package 'main_nodes' build argument 'cmake_target' from command line to 'None'
[0.519s] Level 5:colcon.colcon_core.verb:set package 'main_nodes' build argument 'cmake_target_skip_unavailable' from command line to 'False'
[0.519s] Level 5:colcon.colcon_core.verb:set package 'main_nodes' build argument 'cmake_clean_cache' from command line to 'False'
[0.519s] Level 5:colcon.colcon_core.verb:set package 'main_nodes' build argument 'cmake_clean_first' from command line to 'False'
[0.519s] Level 5:colcon.colcon_core.verb:set package 'main_nodes' build argument 'cmake_force_configure' from command line to 'False'
[0.519s] Level 5:colcon.colcon_core.verb:set package 'main_nodes' build argument 'ament_cmake_args' from command line to 'None'
[0.519s] Level 5:colcon.colcon_core.verb:set package 'main_nodes' build argument 'catkin_cmake_args' from command line to 'None'
[0.519s] Level 5:colcon.colcon_core.verb:set package 'main_nodes' build argument 'catkin_skip_building_tests' from command line to 'False'
[0.519s] DEBUG:colcon.colcon_core.verb:Building package 'main_nodes' with the following arguments: {'ament_cmake_args': None, 'build_base': '/home/ibrahim/MobiArm/build/main_nodes', 'catkin_cmake_args': None, 'catkin_skip_building_tests': False, 'cmake_args': None, 'cmake_clean_cache': False, 'cmake_clean_first': False, 'cmake_force_configure': False, 'cmake_target': None, 'cmake_target_skip_unavailable': False, 'install_base': '/home/ibrahim/MobiArm/install/main_nodes', 'merge_install': False, 'path': '/home/ibrahim/MobiArm/src/main_nodes', 'symlink_install': False, 'test_result_base': None}
[0.520s] Level 5:colcon.colcon_core.verb:set package 'ros2_linkattacher' build argument 'cmake_args' from command line to 'None'
[0.520s] Level 5:colcon.colcon_core.verb:set package 'ros2_linkattacher' build argument 'cmake_target' from command line to 'None'
[0.520s] Level 5:colcon.colcon_core.verb:set package 'ros2_linkattacher' build argument 'cmake_target_skip_unavailable' from command line to 'False'
[0.520s] Level 5:colcon.colcon_core.verb:set package 'ros2_linkattacher' build argument 'cmake_clean_cache' from command line to 'False'
[0.520s] Level 5:colcon.colcon_core.verb:set package 'ros2_linkattacher' build argument 'cmake_clean_first' from command line to 'False'
[0.520s] Level 5:colcon.colcon_core.verb:set package 'ros2_linkattacher' build argument 'cmake_force_configure' from command line to 'False'
[0.520s] Level 5:colcon.colcon_core.verb:set package 'ros2_linkattacher' build argument 'ament_cmake_args' from command line to 'None'
[0.520s] Level 5:colcon.colcon_core.verb:set package 'ros2_linkattacher' build argument 'catkin_cmake_args' from command line to 'None'
[0.520s] Level 5:colcon.colcon_core.verb:set package 'ros2_linkattacher' build argument 'catkin_skip_building_tests' from command line to 'False'
[0.520s] DEBUG:colcon.colcon_core.verb:Building package 'ros2_linkattacher' with the following arguments: {'ament_cmake_args': None, 'build_base': '/home/ibrahim/MobiArm/build/ros2_linkattacher', 'catkin_cmake_args': None, 'catkin_skip_building_tests': False, 'cmake_args': None, 'cmake_clean_cache': False, 'cmake_clean_first': False, 'cmake_force_configure': False, 'cmake_target': None, 'cmake_target_skip_unavailable': False, 'install_base': '/home/ibrahim/MobiArm/install/ros2_linkattacher', 'merge_install': False, 'path': '/home/ibrahim/MobiArm/src/IFRA_LinkAttacher/ros2_LinkAttacher', 'symlink_install': False, 'test_result_base': None}
[0.520s] Level 5:colcon.colcon_core.verb:set package 'moveit_config' build argument 'cmake_args' from command line to 'None'
[0.520s] Level 5:colcon.colcon_core.verb:set package 'moveit_config' build argument 'cmake_target' from command line to 'None'
[0.520s] Level 5:colcon.colcon_core.verb:set package 'moveit_config' build argument 'cmake_target_skip_unavailable' from command line to 'False'
[0.520s] Level 5:colcon.colcon_core.verb:set package 'moveit_config' build argument 'cmake_clean_cache' from command line to 'False'
[0.520s] Level 5:colcon.colcon_core.verb:set package 'moveit_config' build argument 'cmake_clean_first' from command line to 'False'
[0.520s] Level 5:colcon.colcon_core.verb:set package 'moveit_config' build argument 'cmake_force_configure' from command line to 'False'
[0.520s] Level 5:colcon.colcon_core.verb:set package 'moveit_config' build argument 'ament_cmake_args' from command line to 'None'
[0.520s] Level 5:colcon.colcon_core.verb:set package 'moveit_config' build argument 'catkin_cmake_args' from command line to 'None'
[0.520s] Level 5:colcon.colcon_core.verb:set package 'moveit_config' build argument 'catkin_skip_building_tests' from command line to 'False'
[0.520s] DEBUG:colcon.colcon_core.verb:Building package 'moveit_config' with the following arguments: {'ament_cmake_args': None, 'build_base': '/home/ibrahim/MobiArm/build/moveit_config', 'catkin_cmake_args': None, 'catkin_skip_building_tests': False, 'cmake_args': None, 'cmake_clean_cache': False, 'cmake_clean_first': False, 'cmake_force_configure': False, 'cmake_target': None, 'cmake_target_skip_unavailable': False, 'install_base': '/home/ibrahim/MobiArm/install/moveit_config', 'merge_install': False, 'path': '/home/ibrahim/MobiArm/src/moveit_config', 'symlink_install': False, 'test_result_base': None}
[0.520s] INFO:colcon.colcon_core.executor:Executing jobs using 'parallel' executor
[0.521s] DEBUG:colcon.colcon_parallel_executor.executor.parallel:run_until_complete
[0.521s] INFO:colcon.colcon_ros.task.ament_cmake.build:Building ROS package in '/home/ibrahim/MobiArm/src/IFRA_LinkAttacher/linkattacher_msgs' with build type 'ament_cmake'
[0.522s] INFO:colcon.colcon_cmake.task.cmake.build:Building CMake package in '/home/ibrahim/MobiArm/src/IFRA_LinkAttacher/linkattacher_msgs'
[0.524s] INFO:colcon.colcon_core.plugin_system:Skipping extension 'colcon_core.shell.bat': Not used on non-Windows systems
[0.524s] INFO:colcon.colcon_core.shell:Skip shell extension 'powershell' for command environment: Not usable outside of PowerShell
[0.524s] DEBUG:colcon.colcon_core.shell:Skip shell extension 'dsv' for command environment
[0.531s] INFO:colcon.colcon_ros.task.ament_cmake.build:Building ROS package in '/home/ibrahim/MobiArm/src/bin_interfaces' with build type 'ament_cmake'
[0.531s] INFO:colcon.colcon_cmake.task.cmake.build:Building CMake package in '/home/ibrahim/MobiArm/src/bin_interfaces'
[0.532s] INFO:colcon.colcon_core.shell:Skip shell extension 'powershell' for command environment: Not usable outside of PowerShell
[0.532s] DEBUG:colcon.colcon_core.shell:Skip shell extension 'dsv' for command environment
[0.546s] DEBUG:colcon.colcon_core.event_handler.log_command:Invoking command in '/home/ibrahim/MobiArm/build/linkattacher_msgs': CMAKE_PREFIX_PATH=${CMAKE_PREFIX_PATH}:/home/ibrahim/RobotArm/install/main_arm_package:/home/ibrahim/RobotArm/install/action_interfaces:/opt/ros/humble /usr/bin/cmake --build /home/ibrahim/MobiArm/build/linkattacher_msgs -- -j16 -l16
[0.552s] DEBUG:colcon.colcon_core.event_handler.log_command:Invoking command in '/home/ibrahim/MobiArm/build/bin_interfaces': CMAKE_PREFIX_PATH=${CMAKE_PREFIX_PATH}:/home/ibrahim/RobotArm/install/main_arm_package:/home/ibrahim/RobotArm/install/action_interfaces:/opt/ros/humble /usr/bin/cmake --build /home/ibrahim/MobiArm/build/bin_interfaces -- -j16 -l16
[0.918s] DEBUG:colcon.colcon_core.event_handler.log_command:Invoked command in '/home/ibrahim/MobiArm/build/linkattacher_msgs' returned '0': CMAKE_PREFIX_PATH=${CMAKE_PREFIX_PATH}:/home/ibrahim/RobotArm/install/main_arm_package:/home/ibrahim/RobotArm/install/action_interfaces:/opt/ros/humble /usr/bin/cmake --build /home/ibrahim/MobiArm/build/linkattacher_msgs -- -j16 -l16
[0.931s] DEBUG:colcon.colcon_core.event_handler.log_command:Invoking command in '/home/ibrahim/MobiArm/build/linkattacher_msgs': CMAKE_PREFIX_PATH=${CMAKE_PREFIX_PATH}:/home/ibrahim/RobotArm/install/main_arm_package:/home/ibrahim/RobotArm/install/action_interfaces:/opt/ros/humble /usr/bin/cmake --install /home/ibrahim/MobiArm/build/linkattacher_msgs
[0.932s] DEBUG:colcon.colcon_core.event_handler.log_command:Invoked command in '/home/ibrahim/MobiArm/build/bin_interfaces' returned '0': CMAKE_PREFIX_PATH=${CMAKE_PREFIX_PATH}:/home/ibrahim/RobotArm/install/main_arm_package:/home/ibrahim/RobotArm/install/action_interfaces:/opt/ros/humble /usr/bin/cmake --build /home/ibrahim/MobiArm/build/bin_interfaces -- -j16 -l16
[0.935s] DEBUG:colcon.colcon_core.event_handler.log_command:Invoking command in '/home/ibrahim/MobiArm/build/bin_interfaces': CMAKE_PREFIX_PATH=${CMAKE_PREFIX_PATH}:/home/ibrahim/RobotArm/install/main_arm_package:/home/ibrahim/RobotArm/install/action_interfaces:/opt/ros/humble /usr/bin/cmake --install /home/ibrahim/MobiArm/build/bin_interfaces
[0.997s] Level 1:colcon.colcon_core.environment:create_environment_scripts_only(bin_interfaces)
[1.007s] Level 1:colcon.colcon_core.environment:checking '/home/ibrahim/MobiArm/install/bin_interfaces' for CMake module files
[1.009s] DEBUG:colcon.colcon_core.event_handler.log_command:Invoked command in '/home/ibrahim/MobiArm/build/bin_interfaces' returned '0': CMAKE_PREFIX_PATH=${CMAKE_PREFIX_PATH}:/home/ibrahim/RobotArm/install/main_arm_package:/home/ibrahim/RobotArm/install/action_interfaces:/opt/ros/humble /usr/bin/cmake --install /home/ibrahim/MobiArm/build/bin_interfaces
[1.010s] Level 1:colcon.colcon_core.environment:checking '/home/ibrahim/MobiArm/install/bin_interfaces' for CMake config files
[1.010s] Level 1:colcon.colcon_core.shell:create_environment_hook('bin_interfaces', 'cmake_prefix_path')
[1.011s] INFO:colcon.colcon_core.shell:Creating environment hook '/home/ibrahim/MobiArm/install/bin_interfaces/share/bin_interfaces/hook/cmake_prefix_path.ps1'
[1.012s] INFO:colcon.colcon_core.shell:Creating environment descriptor '/home/ibrahim/MobiArm/install/bin_interfaces/share/bin_interfaces/hook/cmake_prefix_path.dsv'
[1.012s] INFO:colcon.colcon_core.shell:Creating environment hook '/home/ibrahim/MobiArm/install/bin_interfaces/share/bin_interfaces/hook/cmake_prefix_path.sh'
[1.013s] Level 1:colcon.colcon_core.environment:checking '/home/ibrahim/MobiArm/install/bin_interfaces/lib'
[1.013s] Level 1:colcon.colcon_core.shell:create_environment_hook('bin_interfaces', 'ld_library_path_lib')
[1.013s] INFO:colcon.colcon_core.shell:Creating environment hook '/home/ibrahim/MobiArm/install/bin_interfaces/share/bin_interfaces/hook/ld_library_path_lib.ps1'
[1.013s] INFO:colcon.colcon_core.shell:Creating environment descriptor '/home/ibrahim/MobiArm/install/bin_interfaces/share/bin_interfaces/hook/ld_library_path_lib.dsv'
[1.014s] INFO:colcon.colcon_core.shell:Creating environment hook '/home/ibrahim/MobiArm/install/bin_interfaces/share/bin_interfaces/hook/ld_library_path_lib.sh'
[1.014s] Level 1:colcon.colcon_core.environment:checking '/home/ibrahim/MobiArm/install/bin_interfaces/bin'
[1.014s] Level 1:colcon.colcon_core.environment:checking '/home/ibrahim/MobiArm/install/bin_interfaces/lib/pkgconfig/bin_interfaces.pc'
[1.014s] Level 1:colcon.colcon_core.environment:checking '/home/ibrahim/MobiArm/install/bin_interfaces/lib/python3.10/site-packages'
[1.015s] Level 1:colcon.colcon_core.environment:checking '/home/ibrahim/MobiArm/install/bin_interfaces/bin'
[1.015s] INFO:colcon.colcon_core.shell:Creating package script '/home/ibrahim/MobiArm/install/bin_interfaces/share/bin_interfaces/package.ps1'
[1.016s] INFO:colcon.colcon_core.shell:Creating package descriptor '/home/ibrahim/MobiArm/install/bin_interfaces/share/bin_interfaces/package.dsv'
[1.016s] INFO:colcon.colcon_core.shell:Creating package script '/home/ibrahim/MobiArm/install/bin_interfaces/share/bin_interfaces/package.sh'
[1.017s] INFO:colcon.colcon_core.shell:Creating package script '/home/ibrahim/MobiArm/install/bin_interfaces/share/bin_interfaces/package.bash'
[1.017s] INFO:colcon.colcon_core.shell:Creating package script '/home/ibrahim/MobiArm/install/bin_interfaces/share/bin_interfaces/package.zsh'
[1.018s] Level 1:colcon.colcon_core.environment:create_file_with_runtime_dependencies(/home/ibrahim/MobiArm/install/bin_interfaces/share/colcon-core/packages/bin_interfaces)
[1.019s] Level 1:colcon.colcon_core.environment:create_environment_scripts_only(bin_interfaces)
[1.020s] Level 1:colcon.colcon_core.environment:checking '/home/ibrahim/MobiArm/install/bin_interfaces' for CMake module files
[1.020s] Level 1:colcon.colcon_core.environment:checking '/home/ibrahim/MobiArm/install/bin_interfaces' for CMake config files
[1.021s] Level 1:colcon.colcon_core.shell:create_environment_hook('bin_interfaces', 'cmake_prefix_path')
[1.021s] INFO:colcon.colcon_core.shell:Creating environment hook '/home/ibrahim/MobiArm/install/bin_interfaces/share/bin_interfaces/hook/cmake_prefix_path.ps1'
[1.021s] INFO:colcon.colcon_core.shell:Creating environment descriptor '/home/ibrahim/MobiArm/install/bin_interfaces/share/bin_interfaces/hook/cmake_prefix_path.dsv'
[1.022s] INFO:colcon.colcon_core.shell:Creating environment hook '/home/ibrahim/MobiArm/install/bin_interfaces/share/bin_interfaces/hook/cmake_prefix_path.sh'
[1.023s] Level 1:colcon.colcon_core.environment:checking '/home/ibrahim/MobiArm/install/bin_interfaces/lib'
[1.023s] Level 1:colcon.colcon_core.shell:create_environment_hook('bin_interfaces', 'ld_library_path_lib')
[1.023s] INFO:colcon.colcon_core.shell:Creating environment hook '/home/ibrahim/MobiArm/install/bin_interfaces/share/bin_interfaces/hook/ld_library_path_lib.ps1'
[1.023s] INFO:colcon.colcon_core.shell:Creating environment descriptor '/home/ibrahim/MobiArm/install/bin_interfaces/share/bin_interfaces/hook/ld_library_path_lib.dsv'
[1.023s] INFO:colcon.colcon_core.shell:Creating environment hook '/home/ibrahim/MobiArm/install/bin_interfaces/share/bin_interfaces/hook/ld_library_path_lib.sh'
[1.024s] Level 1:colcon.colcon_core.environment:checking '/home/ibrahim/MobiArm/install/bin_interfaces/bin'
[1.024s] Level 1:colcon.colcon_core.environment:checking '/home/ibrahim/MobiArm/install/bin_interfaces/lib/pkgconfig/bin_interfaces.pc'
[1.024s] Level 1:colcon.colcon_core.environment:checking '/home/ibrahim/MobiArm/install/bin_interfaces/lib/python3.10/site-packages'
[1.024s] Level 1:colcon.colcon_core.environment:checking '/home/ibrahim/MobiArm/install/bin_interfaces/bin'
[1.025s] INFO:colcon.colcon_core.shell:Creating package script '/home/ibrahim/MobiArm/install/bin_interfaces/share/bin_interfaces/package.ps1'
[1.025s] INFO:colcon.colcon_core.shell:Creating package descriptor '/home/ibrahim/MobiArm/install/bin_interfaces/share/bin_interfaces/package.dsv'
[1.026s] INFO:colcon.colcon_core.shell:Creating package script '/home/ibrahim/MobiArm/install/bin_interfaces/share/bin_interfaces/package.sh'
[1.026s] INFO:colcon.colcon_core.shell:Creating package script '/home/ibrahim/MobiArm/install/bin_interfaces/share/bin_interfaces/package.bash'
[1.026s] INFO:colcon.colcon_core.shell:Creating package script '/home/ibrahim/MobiArm/install/bin_interfaces/share/bin_interfaces/package.zsh'
[1.027s] Level 1:colcon.colcon_core.environment:create_file_with_runtime_dependencies(/home/ibrahim/MobiArm/install/bin_interfaces/share/colcon-core/packages/bin_interfaces)
[1.027s] Level 1:colcon.colcon_core.environment:create_environment_scripts_only(linkattacher_msgs)
[1.027s] Level 1:colcon.colcon_core.environment:checking '/home/ibrahim/MobiArm/install/linkattacher_msgs' for CMake module files
[1.029s] DEBUG:colcon.colcon_core.event_handler.log_command:Invoked command in '/home/ibrahim/MobiArm/build/linkattacher_msgs' returned '0': CMAKE_PREFIX_PATH=${CMAKE_PREFIX_PATH}:/home/ibrahim/RobotArm/install/main_arm_package:/home/ibrahim/RobotArm/install/action_interfaces:/opt/ros/humble /usr/bin/cmake --install /home/ibrahim/MobiArm/build/linkattacher_msgs
[1.029s] Level 1:colcon.colcon_core.environment:checking '/home/ibrahim/MobiArm/install/linkattacher_msgs' for CMake config files
[1.030s] Level 1:colcon.colcon_core.shell:create_environment_hook('linkattacher_msgs', 'cmake_prefix_path')
[1.030s] INFO:colcon.colcon_core.shell:Creating environment hook '/home/ibrahim/MobiArm/install/linkattacher_msgs/share/linkattacher_msgs/hook/cmake_prefix_path.ps1'
[1.030s] INFO:colcon.colcon_core.shell:Creating environment descriptor '/home/ibrahim/MobiArm/install/linkattacher_msgs/share/linkattacher_msgs/hook/cmake_prefix_path.dsv'
[1.031s] INFO:colcon.colcon_core.shell:Creating environment hook '/home/ibrahim/MobiArm/install/linkattacher_msgs/share/linkattacher_msgs/hook/cmake_prefix_path.sh'
[1.031s] Level 1:colcon.colcon_core.environment:checking '/home/ibrahim/MobiArm/install/linkattacher_msgs/lib'
[1.031s] Level 1:colcon.colcon_core.shell:create_environment_hook('linkattacher_msgs', 'ld_library_path_lib')
[1.031s] INFO:colcon.colcon_core.shell:Creating environment hook '/home/ibrahim/MobiArm/install/linkattacher_msgs/share/linkattacher_msgs/hook/ld_library_path_lib.ps1'
[1.032s] INFO:colcon.colcon_core.shell:Creating environment descriptor '/home/ibrahim/MobiArm/install/linkattacher_msgs/share/linkattacher_msgs/hook/ld_library_path_lib.dsv'
[1.032s] INFO:colcon.colcon_core.shell:Creating environment hook '/home/ibrahim/MobiArm/install/linkattacher_msgs/share/linkattacher_msgs/hook/ld_library_path_lib.sh'
[1.032s] Level 1:colcon.colcon_core.environment:checking '/home/ibrahim/MobiArm/install/linkattacher_msgs/bin'
[1.032s] Level 1:colcon.colcon_core.environment:checking '/home/ibrahim/MobiArm/install/linkattacher_msgs/lib/pkgconfig/linkattacher_msgs.pc'
[1.033s] Level 1:colcon.colcon_core.environment:checking '/home/ibrahim/MobiArm/install/linkattacher_msgs/lib/python3.10/site-packages'
[1.033s] Level 1:colcon.colcon_core.environment:checking '/home/ibrahim/MobiArm/install/linkattacher_msgs/bin'
[1.033s] INFO:colcon.colcon_core.shell:Creating package script '/home/ibrahim/MobiArm/install/linkattacher_msgs/share/linkattacher_msgs/package.ps1'
[1.034s] INFO:colcon.colcon_core.shell:Creating package descriptor '/home/ibrahim/MobiArm/install/linkattacher_msgs/share/linkattacher_msgs/package.dsv'
[1.034s] INFO:colcon.colcon_core.shell:Creating package script '/home/ibrahim/MobiArm/install/linkattacher_msgs/share/linkattacher_msgs/package.sh'
[1.034s] INFO:colcon.colcon_core.shell:Creating package script '/home/ibrahim/MobiArm/install/linkattacher_msgs/share/linkattacher_msgs/package.bash'
[1.035s] INFO:colcon.colcon_core.shell:Creating package script '/home/ibrahim/MobiArm/install/linkattacher_msgs/share/linkattacher_msgs/package.zsh'
[1.035s] Level 1:colcon.colcon_core.environment:create_file_with_runtime_dependencies(/home/ibrahim/MobiArm/install/linkattacher_msgs/share/colcon-core/packages/linkattacher_msgs)
[1.036s] Level 1:colcon.colcon_core.environment:create_environment_scripts_only(linkattacher_msgs)
[1.036s] Level 1:colcon.colcon_core.environment:checking '/home/ibrahim/MobiArm/install/linkattacher_msgs' for CMake module files
[1.037s] Level 1:colcon.colcon_core.environment:checking '/home/ibrahim/MobiArm/install/linkattacher_msgs' for CMake config files
[1.037s] Level 1:colcon.colcon_core.shell:create_environment_hook('linkattacher_msgs', 'cmake_prefix_path')
[1.038s] INFO:colcon.colcon_core.shell:Creating environment hook '/home/ibrahim/MobiArm/install/linkattacher_msgs/share/linkattacher_msgs/hook/cmake_prefix_path.ps1'
[1.038s] INFO:colcon.colcon_core.shell:Creating environment descriptor '/home/ibrahim/MobiArm/install/linkattacher_msgs/share/linkattacher_msgs/hook/cmake_prefix_path.dsv'
[1.039s] INFO:colcon.colcon_core.shell:Creating environment hook '/home/ibrahim/MobiArm/install/linkattacher_msgs/share/linkattacher_msgs/hook/cmake_prefix_path.sh'
[1.039s] Level 1:colcon.colcon_core.environment:checking '/home/ibrahim/MobiArm/install/linkattacher_msgs/lib'
[1.039s] Level 1:colcon.colcon_core.shell:create_environment_hook('linkattacher_msgs', 'ld_library_path_lib')
[1.039s] INFO:colcon.colcon_core.shell:Creating environment hook '/home/ibrahim/MobiArm/install/linkattacher_msgs/share/linkattacher_msgs/hook/ld_library_path_lib.ps1'
[1.040s] INFO:colcon.colcon_core.shell:Creating environment descriptor '/home/ibrahim/MobiArm/install/linkattacher_msgs/share/linkattacher_msgs/hook/ld_library_path_lib.dsv'
[1.040s] INFO:colcon.colcon_core.shell:Creating environment hook '/home/ibrahim/MobiArm/install/linkattacher_msgs/share/linkattacher_msgs/hook/ld_library_path_lib.sh'
[1.040s] Level 1:colcon.colcon_core.environment:checking '/home/ibrahim/MobiArm/install/linkattacher_msgs/bin'
[1.040s] Level 1:colcon.colcon_core.environment:checking '/home/ibrahim/MobiArm/install/linkattacher_msgs/lib/pkgconfig/linkattacher_msgs.pc'
[1.041s] Level 1:colcon.colcon_core.environment:checking '/home/ibrahim/MobiArm/install/linkattacher_msgs/lib/python3.10/site-packages'
[1.041s] Level 1:colcon.colcon_core.environment:checking '/home/ibrahim/MobiArm/install/linkattacher_msgs/bin'
[1.041s] INFO:colcon.colcon_core.shell:Creating package script '/home/ibrahim/MobiArm/install/linkattacher_msgs/share/linkattacher_msgs/package.ps1'
[1.042s] INFO:colcon.colcon_core.shell:Creating package descriptor '/home/ibrahim/MobiArm/install/linkattacher_msgs/share/linkattacher_msgs/package.dsv'
[1.042s] INFO:colcon.colcon_core.shell:Creating package script '/home/ibrahim/MobiArm/install/linkattacher_msgs/share/linkattacher_msgs/package.sh'
[1.043s] INFO:colcon.colcon_core.shell:Creating package script '/home/ibrahim/MobiArm/install/linkattacher_msgs/share/linkattacher_msgs/package.bash'
[1.043s] INFO:colcon.colcon_core.shell:Creating package script '/home/ibrahim/MobiArm/install/linkattacher_msgs/share/linkattacher_msgs/package.zsh'
[1.043s] Level 1:colcon.colcon_core.environment:create_file_with_runtime_dependencies(/home/ibrahim/MobiArm/install/linkattacher_msgs/share/colcon-core/packages/linkattacher_msgs)
[1.044s] INFO:colcon.colcon_ros.task.ament_cmake.build:Building ROS package in '/home/ibrahim/MobiArm/src/main_nodes' with build type 'ament_cmake'
[1.044s] INFO:colcon.colcon_cmake.task.cmake.build:Building CMake package in '/home/ibrahim/MobiArm/src/main_nodes'
[1.044s] INFO:colcon.colcon_core.shell:Skip shell extension 'powershell' for command environment: Not usable outside of PowerShell
[1.044s] DEBUG:colcon.colcon_core.shell:Skip shell extension 'dsv' for command environment
[1.051s] INFO:colcon.colcon_ros.task.ament_cmake.build:Building ROS package in '/home/ibrahim/MobiArm/src/IFRA_LinkAttacher/ros2_LinkAttacher' with build type 'ament_cmake'
[1.051s] INFO:colcon.colcon_cmake.task.cmake.build:Building CMake package in '/home/ibrahim/MobiArm/src/IFRA_LinkAttacher/ros2_LinkAttacher'
[1.052s] INFO:colcon.colcon_core.shell:Skip shell extension 'powershell' for command environment: Not usable outside of PowerShell
[1.052s] DEBUG:colcon.colcon_core.shell:Skip shell extension 'dsv' for command environment
[1.130s] DEBUG:colcon.colcon_core.event_handler.log_command:Invoking command in '/home/ibrahim/MobiArm/build/ros2_linkattacher': CMAKE_PREFIX_PATH=/home/ibrahim/MobiArm/install/linkattacher_msgs:/home/ibrahim/MobiArm/install/ros2_linkattacher:/home/ibrahim/MobiArm/install/moveit_config:/home/ibrahim/MobiArm/install/main_nodes:/home/ibrahim/MobiArm/install/bin_interfaces:/home/ibrahim/MobiArm/install/bin_interface:/home/ibrahim/RobotArmExpanded/install/main_arm_package:/home/ibrahim/RobotArmExpanded/install/action_interfaces:/home/ibrahim/MoveItArm/install/moveit_config:/home/ibrahim/MoveItArm/install/moveit_arm_package:/home/ibrahim/TF2Sample/install/tf2sim:/home/ibrahim/RobotNav/install/main_robot_nodes:/home/ibrahim/RobotNav/install/action_interfaces:/home/ibrahim/RobotMonitor/install/Robot3Node_Package:/home/ibrahim/ros2_ws/install/my_first_package:/home/ibrahim/ros2_ws/install/action_interfaces:/home/ibrahim/RobotArm/install/main_arm_package:/home/ibrahim/RobotArm/install/action_interfaces:/opt/ros/humble LD_LIBRARY_PATH=/home/ibrahim/MobiArm/install/linkattacher_msgs/lib:/home/ibrahim/MobiArm/install/ros2_linkattacher/lib:/home/ibrahim/MobiArm/install/bin_interfaces/lib:/home/ibrahim/MobiArm/install/bin_interface/lib:/home/ibrahim/RobotArmExpanded/install/action_interfaces/lib:/home/ibrahim/RobotArm/install/action_interfaces/lib:/home/ibrahim/RobotNav/install/action_interfaces/lib:/home/ibrahim/ros2_ws/install/action_interfaces/lib:/usr/lib/x86_64-linux-gnu/gazebo-11/plugins:/opt/ros/humble/opt/rviz_ogre_vendor/lib:/opt/ros/humble/lib/x86_64-linux-gnu:/opt/ros/humble/lib /usr/bin/cmake --build /home/ibrahim/MobiArm/build/ros2_linkattacher -- -j16 -l16
[1.216s] DEBUG:colcon.colcon_core.event_handler.log_command:Invoking command in '/home/ibrahim/MobiArm/build/main_nodes': CMAKE_PREFIX_PATH=/home/ibrahim/MobiArm/install/linkattacher_msgs:/home/ibrahim/MobiArm/install/bin_interfaces:/home/ibrahim/MobiArm/install/ros2_linkattacher:/home/ibrahim/MobiArm/install/moveit_config:/home/ibrahim/MobiArm/install/main_nodes:/home/ibrahim/MobiArm/install/bin_interface:/home/ibrahim/RobotArmExpanded/install/main_arm_package:/home/ibrahim/RobotArmExpanded/install/action_interfaces:/home/ibrahim/MoveItArm/install/moveit_config:/home/ibrahim/MoveItArm/install/moveit_arm_package:/home/ibrahim/TF2Sample/install/tf2sim:/home/ibrahim/RobotNav/install/main_robot_nodes:/home/ibrahim/RobotNav/install/action_interfaces:/home/ibrahim/RobotMonitor/install/Robot3Node_Package:/home/ibrahim/ros2_ws/install/my_first_package:/home/ibrahim/ros2_ws/install/action_interfaces:/home/ibrahim/RobotArm/install/main_arm_package:/home/ibrahim/RobotArm/install/action_interfaces:/opt/ros/humble LD_LIBRARY_PATH=/home/ibrahim/MobiArm/install/linkattacher_msgs/lib:/home/ibrahim/MobiArm/install/bin_interfaces/lib:/home/ibrahim/MobiArm/install/ros2_linkattacher/lib:/home/ibrahim/MobiArm/install/bin_interface/lib:/home/ibrahim/RobotArmExpanded/install/action_interfaces/lib:/home/ibrahim/RobotArm/install/action_interfaces/lib:/home/ibrahim/RobotNav/install/action_interfaces/lib:/home/ibrahim/ros2_ws/install/action_interfaces/lib:/usr/lib/x86_64-linux-gnu/gazebo-11/plugins:/opt/ros/humble/opt/rviz_ogre_vendor/lib:/opt/ros/humble/lib/x86_64-linux-gnu:/opt/ros/humble/lib /usr/bin/cmake --build /home/ibrahim/MobiArm/build/main_nodes -- -j16 -l16
[1.242s] DEBUG:colcon.colcon_core.event_handler.log_command:Invoked command in '/home/ibrahim/MobiArm/build/ros2_linkattacher' returned '0': CMAKE_PREFIX_PATH=/home/ibrahim/MobiArm/install/linkattacher_msgs:/home/ibrahim/MobiArm/install/ros2_linkattacher:/home/ibrahim/MobiArm/install/moveit_config:/home/ibrahim/MobiArm/install/main_nodes:/home/ibrahim/MobiArm/install/bin_interfaces:/home/ibrahim/MobiArm/install/bin_interface:/home/ibrahim/RobotArmExpanded/install/main_arm_package:/home/ibrahim/RobotArmExpanded/install/action_interfaces:/home/ibrahim/MoveItArm/install/moveit_config:/home/ibrahim/MoveItArm/install/moveit_arm_package:/home/ibrahim/TF2Sample/install/tf2sim:/home/ibrahim/RobotNav/install/main_robot_nodes:/home/ibrahim/RobotNav/install/action_interfaces:/home/ibrahim/RobotMonitor/install/Robot3Node_Package:/home/ibrahim/ros2_ws/install/my_first_package:/home/ibrahim/ros2_ws/install/action_interfaces:/home/ibrahim/RobotArm/install/main_arm_package:/home/ibrahim/RobotArm/install/action_interfaces:/opt/ros/humble LD_LIBRARY_PATH=/home/ibrahim/MobiArm/install/linkattacher_msgs/lib:/home/ibrahim/MobiArm/install/ros2_linkattacher/lib:/home/ibrahim/MobiArm/install/bin_interfaces/lib:/home/ibrahim/MobiArm/install/bin_interface/lib:/home/ibrahim/RobotArmExpanded/install/action_interfaces/lib:/home/ibrahim/RobotArm/install/action_interfaces/lib:/home/ibrahim/RobotNav/install/action_interfaces/lib:/home/ibrahim/ros2_ws/install/action_interfaces/lib:/usr/lib/x86_64-linux-gnu/gazebo-11/plugins:/opt/ros/humble/opt/rviz_ogre_vendor/lib:/opt/ros/humble/lib/x86_64-linux-gnu:/opt/ros/humble/lib /usr/bin/cmake --build /home/ibrahim/MobiArm/build/ros2_linkattacher -- -j16 -l16
[1.244s] DEBUG:colcon.colcon_core.event_handler.log_command:Invoking command in '/home/ibrahim/MobiArm/build/ros2_linkattacher': CMAKE_PREFIX_PATH=/home/ibrahim/MobiArm/install/linkattacher_msgs:/home/ibrahim/MobiArm/install/ros2_linkattacher:/home/ibrahim/MobiArm/install/moveit_config:/home/ibrahim/MobiArm/install/main_nodes:/home/ibrahim/MobiArm/install/bin_interfaces:/home/ibrahim/MobiArm/install/bin_interface:/home/ibrahim/RobotArmExpanded/install/main_arm_package:/home/ibrahim/RobotArmExpanded/install/action_interfaces:/home/ibrahim/MoveItArm/install/moveit_config:/home/ibrahim/MoveItArm/install/moveit_arm_package:/home/ibrahim/TF2Sample/install/tf2sim:/home/ibrahim/RobotNav/install/main_robot_nodes:/home/ibrahim/RobotNav/install/action_interfaces:/home/ibrahim/RobotMonitor/install/Robot3Node_Package:/home/ibrahim/ros2_ws/install/my_first_package:/home/ibrahim/ros2_ws/install/action_interfaces:/home/ibrahim/RobotArm/install/main_arm_package:/home/ibrahim/RobotArm/install/action_interfaces:/opt/ros/humble LD_LIBRARY_PATH=/home/ibrahim/MobiArm/install/linkattacher_msgs/lib:/home/ibrahim/MobiArm/install/ros2_linkattacher/lib:/home/ibrahim/MobiArm/install/bin_interfaces/lib:/home/ibrahim/MobiArm/install/bin_interface/lib:/home/ibrahim/RobotArmExpanded/install/action_interfaces/lib:/home/ibrahim/RobotArm/install/action_interfaces/lib:/home/ibrahim/RobotNav/install/action_interfaces/lib:/home/ibrahim/ros2_ws/install/action_interfaces/lib:/usr/lib/x86_64-linux-gnu/gazebo-11/plugins:/opt/ros/humble/opt/rviz_ogre_vendor/lib:/opt/ros/humble/lib/x86_64-linux-gnu:/opt/ros/humble/lib /usr/bin/cmake --install /home/ibrahim/MobiArm/build/ros2_linkattacher
[1.256s] Level 1:colcon.colcon_core.environment:create_environment_scripts_only(ros2_linkattacher)
[1.257s] Level 1:colcon.colcon_core.environment:checking '/home/ibrahim/MobiArm/install/ros2_linkattacher' for CMake module files
[1.257s] DEBUG:colcon.colcon_core.event_handler.log_command:Invoked command in '/home/ibrahim/MobiArm/build/ros2_linkattacher' returned '0': CMAKE_PREFIX_PATH=/home/ibrahim/MobiArm/install/linkattacher_msgs:/home/ibrahim/MobiArm/install/ros2_linkattacher:/home/ibrahim/MobiArm/install/moveit_config:/home/ibrahim/MobiArm/install/main_nodes:/home/ibrahim/MobiArm/install/bin_interfaces:/home/ibrahim/MobiArm/install/bin_interface:/home/ibrahim/RobotArmExpanded/install/main_arm_package:/home/ibrahim/RobotArmExpanded/install/action_interfaces:/home/ibrahim/MoveItArm/install/moveit_config:/home/ibrahim/MoveItArm/install/moveit_arm_package:/home/ibrahim/TF2Sample/install/tf2sim:/home/ibrahim/RobotNav/install/main_robot_nodes:/home/ibrahim/RobotNav/install/action_interfaces:/home/ibrahim/RobotMonitor/install/Robot3Node_Package:/home/ibrahim/ros2_ws/install/my_first_package:/home/ibrahim/ros2_ws/install/action_interfaces:/home/ibrahim/RobotArm/install/main_arm_package:/home/ibrahim/RobotArm/install/action_interfaces:/opt/ros/humble LD_LIBRARY_PATH=/home/ibrahim/MobiArm/install/linkattacher_msgs/lib:/home/ibrahim/MobiArm/install/ros2_linkattacher/lib:/home/ibrahim/MobiArm/install/bin_interfaces/lib:/home/ibrahim/MobiArm/install/bin_interface/lib:/home/ibrahim/RobotArmExpanded/install/action_interfaces/lib:/home/ibrahim/RobotArm/install/action_interfaces/lib:/home/ibrahim/RobotNav/install/action_interfaces/lib:/home/ibrahim/ros2_ws/install/action_interfaces/lib:/usr/lib/x86_64-linux-gnu/gazebo-11/plugins:/opt/ros/humble/opt/rviz_ogre_vendor/lib:/opt/ros/humble/lib/x86_64-linux-gnu:/opt/ros/humble/lib /usr/bin/cmake --install /home/ibrahim/MobiArm/build/ros2_linkattacher
[1.258s] Level 1:colcon.colcon_core.environment:checking '/home/ibrahim/MobiArm/install/ros2_linkattacher' for CMake config files
[1.258s] Level 1:colcon.colcon_core.shell:create_environment_hook('ros2_linkattacher', 'cmake_prefix_path')
[1.258s] INFO:colcon.colcon_core.shell:Creating environment hook '/home/ibrahim/MobiArm/install/ros2_linkattacher/share/ros2_linkattacher/hook/cmake_prefix_path.ps1'
[1.259s] INFO:colcon.colcon_core.shell:Creating environment descriptor '/home/ibrahim/MobiArm/install/ros2_linkattacher/share/ros2_linkattacher/hook/cmake_prefix_path.dsv'
[1.259s] INFO:colcon.colcon_core.shell:Creating environment hook '/home/ibrahim/MobiArm/install/ros2_linkattacher/share/ros2_linkattacher/hook/cmake_prefix_path.sh'
[1.260s] Level 1:colcon.colcon_core.environment:checking '/home/ibrahim/MobiArm/install/ros2_linkattacher/lib'
[1.260s] Level 1:colcon.colcon_core.shell:create_environment_hook('ros2_linkattacher', 'ld_library_path_lib')
[1.260s] INFO:colcon.colcon_core.shell:Creating environment hook '/home/ibrahim/MobiArm/install/ros2_linkattacher/share/ros2_linkattacher/hook/ld_library_path_lib.ps1'
[1.260s] INFO:colcon.colcon_core.shell:Creating environment descriptor '/home/ibrahim/MobiArm/install/ros2_linkattacher/share/ros2_linkattacher/hook/ld_library_path_lib.dsv'
[1.261s] INFO:colcon.colcon_core.shell:Creating environment hook '/home/ibrahim/MobiArm/install/ros2_linkattacher/share/ros2_linkattacher/hook/ld_library_path_lib.sh'
[1.261s] Level 1:colcon.colcon_core.environment:checking '/home/ibrahim/MobiArm/install/ros2_linkattacher/bin'
[1.261s] Level 1:colcon.colcon_core.environment:checking '/home/ibrahim/MobiArm/install/ros2_linkattacher/lib/pkgconfig/ros2_linkattacher.pc'
[1.261s] Level 1:colcon.colcon_core.environment:checking '/home/ibrahim/MobiArm/install/ros2_linkattacher/lib/python3.10/site-packages'
[1.262s] Level 1:colcon.colcon_core.environment:checking '/home/ibrahim/MobiArm/install/ros2_linkattacher/bin'
[1.262s] INFO:colcon.colcon_core.shell:Creating package script '/home/ibrahim/MobiArm/install/ros2_linkattacher/share/ros2_linkattacher/package.ps1'
[1.263s] INFO:colcon.colcon_core.shell:Creating package descriptor '/home/ibrahim/MobiArm/install/ros2_linkattacher/share/ros2_linkattacher/package.dsv'
[1.263s] INFO:colcon.colcon_core.shell:Creating package script '/home/ibrahim/MobiArm/install/ros2_linkattacher/share/ros2_linkattacher/package.sh'
[1.263s] INFO:colcon.colcon_core.shell:Creating package script '/home/ibrahim/MobiArm/install/ros2_linkattacher/share/ros2_linkattacher/package.bash'
[1.264s] INFO:colcon.colcon_core.shell:Creating package script '/home/ibrahim/MobiArm/install/ros2_linkattacher/share/ros2_linkattacher/package.zsh'
[1.265s] Level 1:colcon.colcon_core.environment:create_file_with_runtime_dependencies(/home/ibrahim/MobiArm/install/ros2_linkattacher/share/colcon-core/packages/ros2_linkattacher)
[1.266s] Level 1:colcon.colcon_core.environment:create_environment_scripts_only(ros2_linkattacher)
[1.266s] Level 1:colcon.colcon_core.environment:checking '/home/ibrahim/MobiArm/install/ros2_linkattacher' for CMake module files
[1.266s] Level 1:colcon.colcon_core.environment:checking '/home/ibrahim/MobiArm/install/ros2_linkattacher' for CMake config files
[1.267s] Level 1:colcon.colcon_core.shell:create_environment_hook('ros2_linkattacher', 'cmake_prefix_path')
[1.267s] INFO:colcon.colcon_core.shell:Creating environment hook '/home/ibrahim/MobiArm/install/ros2_linkattacher/share/ros2_linkattacher/hook/cmake_prefix_path.ps1'
[1.267s] INFO:colcon.colcon_core.shell:Creating environment descriptor '/home/ibrahim/MobiArm/install/ros2_linkattacher/share/ros2_linkattacher/hook/cmake_prefix_path.dsv'
[1.268s] INFO:colcon.colcon_core.shell:Creating environment hook '/home/ibrahim/MobiArm/install/ros2_linkattacher/share/ros2_linkattacher/hook/cmake_prefix_path.sh'
[1.268s] Level 1:colcon.colcon_core.environment:checking '/home/ibrahim/MobiArm/install/ros2_linkattacher/lib'
[1.268s] Level 1:colcon.colcon_core.shell:create_environment_hook('ros2_linkattacher', 'ld_library_path_lib')
[1.269s] INFO:colcon.colcon_core.shell:Creating environment hook '/home/ibrahim/MobiArm/install/ros2_linkattacher/share/ros2_linkattacher/hook/ld_library_path_lib.ps1'
[1.269s] INFO:colcon.colcon_core.shell:Creating environment descriptor '/home/ibrahim/MobiArm/install/ros2_linkattacher/share/ros2_linkattacher/hook/ld_library_path_lib.dsv'
[1.269s] INFO:colcon.colcon_core.shell:Creating environment hook '/home/ibrahim/MobiArm/install/ros2_linkattacher/share/ros2_linkattacher/hook/ld_library_path_lib.sh'
[1.270s] Level 1:colcon.colcon_core.environment:checking '/home/ibrahim/MobiArm/install/ros2_linkattacher/bin'
[1.270s] Level 1:colcon.colcon_core.environment:checking '/home/ibrahim/MobiArm/install/ros2_linkattacher/lib/pkgconfig/ros2_linkattacher.pc'
[1.270s] Level 1:colcon.colcon_core.environment:checking '/home/ibrahim/MobiArm/install/ros2_linkattacher/lib/python3.10/site-packages'
[1.270s] Level 1:colcon.colcon_core.environment:checking '/home/ibrahim/MobiArm/install/ros2_linkattacher/bin'
[1.271s] INFO:colcon.colcon_core.shell:Creating package script '/home/ibrahim/MobiArm/install/ros2_linkattacher/share/ros2_linkattacher/package.ps1'
[1.272s] INFO:colcon.colcon_core.shell:Creating package descriptor '/home/ibrahim/MobiArm/install/ros2_linkattacher/share/ros2_linkattacher/package.dsv'
[1.272s] INFO:colcon.colcon_core.shell:Creating package script '/home/ibrahim/MobiArm/install/ros2_linkattacher/share/ros2_linkattacher/package.sh'
[1.273s] INFO:colcon.colcon_core.shell:Creating package script '/home/ibrahim/MobiArm/install/ros2_linkattacher/share/ros2_linkattacher/package.bash'
[1.273s] INFO:colcon.colcon_core.shell:Creating package script '/home/ibrahim/MobiArm/install/ros2_linkattacher/share/ros2_linkattacher/package.zsh'
[1.274s] Level 1:colcon.colcon_core.environment:create_file_with_runtime_dependencies(/home/ibrahim/MobiArm/install/ros2_linkattacher/share/colcon-core/packages/ros2_linkattacher)
[10.849s] DEBUG:colcon.colcon_core.event_handler.log_command:Invoked command in '/home/ibrahim/MobiArm/build/main_nodes' returned '0': CMAKE_PREFIX_PATH=/home/ibrahim/MobiArm/install/linkattacher_msgs:/home/ibrahim/MobiArm/install/bin_interfaces:/home/ibrahim/MobiArm/install/ros2_linkattacher:/home/ibrahim/MobiArm/install/moveit_config:/home/ibrahim/MobiArm/install/main_nodes:/home/ibrahim/MobiArm/install/bin_interface:/home/ibrahim/RobotArmExpanded/install/main_arm_package:/home/ibrahim/RobotArmExpanded/install/action_interfaces:/home/ibrahim/MoveItArm/install/moveit_config:/home/ibrahim/MoveItArm/install/moveit_arm_package:/home/ibrahim/TF2Sample/install/tf2sim:/home/ibrahim/RobotNav/install/main_robot_nodes:/home/ibrahim/RobotNav/install/action_interfaces:/home/ibrahim/RobotMonitor/install/Robot3Node_Package:/home/ibrahim/ros2_ws/install/my_first_package:/home/ibrahim/ros2_ws/install/action_interfaces:/home/ibrahim/RobotArm/install/main_arm_package:/home/ibrahim/RobotArm/install/action_interfaces:/opt/ros/humble LD_LIBRARY_PATH=/home/ibrahim/MobiArm/install/linkattacher_msgs/lib:/home/ibrahim/MobiArm/install/bin_interfaces/lib:/home/ibrahim/MobiArm/install/ros2_linkattacher/lib:/home/ibrahim/MobiArm/install/bin_interface/lib:/home/ibrahim/RobotArmExpanded/install/action_interfaces/lib:/home/ibrahim/RobotArm/install/action_interfaces/lib:/home/ibrahim/RobotNav/install/action_interfaces/lib:/home/ibrahim/ros2_ws/install/action_interfaces/lib:/usr/lib/x86_64-linux-gnu/gazebo-11/plugins:/opt/ros/humble/opt/rviz_ogre_vendor/lib:/opt/ros/humble/lib/x86_64-linux-gnu:/opt/ros/humble/lib /usr/bin/cmake --build /home/ibrahim/MobiArm/build/main_nodes -- -j16 -l16
[10.851s] DEBUG:colcon.colcon_core.event_handler.log_command:Invoking command in '/home/ibrahim/MobiArm/build/main_nodes': CMAKE_PREFIX_PATH=/home/ibrahim/MobiArm/install/linkattacher_msgs:/home/ibrahim/MobiArm/install/bin_interfaces:/home/ibrahim/MobiArm/install/ros2_linkattacher:/home/ibrahim/MobiArm/install/moveit_config:/home/ibrahim/MobiArm/install/main_nodes:/home/ibrahim/MobiArm/install/bin_interface:/home/ibrahim/RobotArmExpanded/install/main_arm_package:/home/ibrahim/RobotArmExpanded/install/action_interfaces:/home/ibrahim/MoveItArm/install/moveit_config:/home/ibrahim/MoveItArm/install/moveit_arm_package:/home/ibrahim/TF2Sample/install/tf2sim:/home/ibrahim/RobotNav/install/main_robot_nodes:/home/ibrahim/RobotNav/install/action_interfaces:/home/ibrahim/RobotMonitor/install/Robot3Node_Package:/home/ibrahim/ros2_ws/install/my_first_package:/home/ibrahim/ros2_ws/install/action_interfaces:/home/ibrahim/RobotArm/install/main_arm_package:/home/ibrahim/RobotArm/install/action_interfaces:/opt/ros/humble LD_LIBRARY_PATH=/home/ibrahim/MobiArm/install/linkattacher_msgs/lib:/home/ibrahim/MobiArm/install/bin_interfaces/lib:/home/ibrahim/MobiArm/install/ros2_linkattacher/lib:/home/ibrahim/MobiArm/install/bin_interface/lib:/home/ibrahim/RobotArmExpanded/install/action_interfaces/lib:/home/ibrahim/RobotArm/install/action_interfaces/lib:/home/ibrahim/RobotNav/install/action_interfaces/lib:/home/ibrahim/ros2_ws/install/action_interfaces/lib:/usr/lib/x86_64-linux-gnu/gazebo-11/plugins:/opt/ros/humble/opt/rviz_ogre_vendor/lib:/opt/ros/humble/lib/x86_64-linux-gnu:/opt/ros/humble/lib /usr/bin/cmake --install /home/ibrahim/MobiArm/build/main_nodes
[10.881s] Level 1:colcon.colcon_core.environment:create_environment_scripts_only(main_nodes)
[10.882s] Level 1:colcon.colcon_core.environment:checking '/home/ibrahim/MobiArm/install/main_nodes' for CMake module files
[10.882s] DEBUG:colcon.colcon_core.event_handler.log_command:Invoked command in '/home/ibrahim/MobiArm/build/main_nodes' returned '0': CMAKE_PREFIX_PATH=/home/ibrahim/MobiArm/install/linkattacher_msgs:/home/ibrahim/MobiArm/install/bin_interfaces:/home/ibrahim/MobiArm/install/ros2_linkattacher:/home/ibrahim/MobiArm/install/moveit_config:/home/ibrahim/MobiArm/install/main_nodes:/home/ibrahim/MobiArm/install/bin_interface:/home/ibrahim/RobotArmExpanded/install/main_arm_package:/home/ibrahim/RobotArmExpanded/install/action_interfaces:/home/ibrahim/MoveItArm/install/moveit_config:/home/ibrahim/MoveItArm/install/moveit_arm_package:/home/ibrahim/TF2Sample/install/tf2sim:/home/ibrahim/RobotNav/install/main_robot_nodes:/home/ibrahim/RobotNav/install/action_interfaces:/home/ibrahim/RobotMonitor/install/Robot3Node_Package:/home/ibrahim/ros2_ws/install/my_first_package:/home/ibrahim/ros2_ws/install/action_interfaces:/home/ibrahim/RobotArm/install/main_arm_package:/home/ibrahim/RobotArm/install/action_interfaces:/opt/ros/humble LD_LIBRARY_PATH=/home/ibrahim/MobiArm/install/linkattacher_msgs/lib:/home/ibrahim/MobiArm/install/bin_interfaces/lib:/home/ibrahim/MobiArm/install/ros2_linkattacher/lib:/home/ibrahim/MobiArm/install/bin_interface/lib:/home/ibrahim/RobotArmExpanded/install/action_interfaces/lib:/home/ibrahim/RobotArm/install/action_interfaces/lib:/home/ibrahim/RobotNav/install/action_interfaces/lib:/home/ibrahim/ros2_ws/install/action_interfaces/lib:/usr/lib/x86_64-linux-gnu/gazebo-11/plugins:/opt/ros/humble/opt/rviz_ogre_vendor/lib:/opt/ros/humble/lib/x86_64-linux-gnu:/opt/ros/humble/lib /usr/bin/cmake --install /home/ibrahim/MobiArm/build/main_nodes
[10.882s] Level 1:colcon.colcon_core.environment:checking '/home/ibrahim/MobiArm/install/main_nodes' for CMake config files
[10.883s] Level 1:colcon.colcon_core.shell:create_environment_hook('main_nodes', 'cmake_prefix_path')
[10.883s] INFO:colcon.colcon_core.shell:Creating environment hook '/home/ibrahim/MobiArm/install/main_nodes/share/main_nodes/hook/cmake_prefix_path.ps1'
[10.883s] INFO:colcon.colcon_core.shell:Creating environment descriptor '/home/ibrahim/MobiArm/install/main_nodes/share/main_nodes/hook/cmake_prefix_path.dsv'
[10.884s] INFO:colcon.colcon_core.shell:Creating environment hook '/home/ibrahim/MobiArm/install/main_nodes/share/main_nodes/hook/cmake_prefix_path.sh'
[10.884s] Level 1:colcon.colcon_core.environment:checking '/home/ibrahim/MobiArm/install/main_nodes/lib'
[10.884s] Level 1:colcon.colcon_core.environment:checking '/home/ibrahim/MobiArm/install/main_nodes/bin'
[10.884s] Level 1:colcon.colcon_core.environment:checking '/home/ibrahim/MobiArm/install/main_nodes/lib/pkgconfig/main_nodes.pc'
[10.885s] Level 1:colcon.colcon_core.environment:checking '/home/ibrahim/MobiArm/install/main_nodes/lib/python3.10/site-packages'
[10.885s] Level 1:colcon.colcon_core.environment:checking '/home/ibrahim/MobiArm/install/main_nodes/bin'
[10.885s] INFO:colcon.colcon_core.shell:Creating package script '/home/ibrahim/MobiArm/install/main_nodes/share/main_nodes/package.ps1'
[10.885s] INFO:colcon.colcon_core.shell:Creating package descriptor '/home/ibrahim/MobiArm/install/main_nodes/share/main_nodes/package.dsv'
[10.886s] INFO:colcon.colcon_core.shell:Creating package script '/home/ibrahim/MobiArm/install/main_nodes/share/main_nodes/package.sh'
[10.886s] INFO:colcon.colcon_core.shell:Creating package script '/home/ibrahim/MobiArm/install/main_nodes/share/main_nodes/package.bash'
[10.886s] INFO:colcon.colcon_core.shell:Creating package script '/home/ibrahim/MobiArm/install/main_nodes/share/main_nodes/package.zsh'
[10.887s] Level 1:colcon.colcon_core.environment:create_file_with_runtime_dependencies(/home/ibrahim/MobiArm/install/main_nodes/share/colcon-core/packages/main_nodes)
[10.887s] Level 1:colcon.colcon_core.environment:create_environment_scripts_only(main_nodes)
[10.887s] Level 1:colcon.colcon_core.environment:checking '/home/ibrahim/MobiArm/install/main_nodes' for CMake module files
[10.888s] Level 1:colcon.colcon_core.environment:checking '/home/ibrahim/MobiArm/install/main_nodes' for CMake config files
[10.888s] Level 1:colcon.colcon_core.shell:create_environment_hook('main_nodes', 'cmake_prefix_path')
[10.888s] INFO:colcon.colcon_core.shell:Creating environment hook '/home/ibrahim/MobiArm/install/main_nodes/share/main_nodes/hook/cmake_prefix_path.ps1'
[10.889s] INFO:colcon.colcon_core.shell:Creating environment descriptor '/home/ibrahim/MobiArm/install/main_nodes/share/main_nodes/hook/cmake_prefix_path.dsv'
[10.889s] INFO:colcon.colcon_core.shell:Creating environment hook '/home/ibrahim/MobiArm/install/main_nodes/share/main_nodes/hook/cmake_prefix_path.sh'
[10.889s] Level 1:colcon.colcon_core.environment:checking '/home/ibrahim/MobiArm/install/main_nodes/lib'
[10.889s] Level 1:colcon.colcon_core.environment:checking '/home/ibrahim/MobiArm/install/main_nodes/bin'
[10.890s] Level 1:colcon.colcon_core.environment:checking '/home/ibrahim/MobiArm/install/main_nodes/lib/pkgconfig/main_nodes.pc'
[10.890s] Level 1:colcon.colcon_core.environment:checking '/home/ibrahim/MobiArm/install/main_nodes/lib/python3.10/site-packages'
[10.890s] Level 1:colcon.colcon_core.environment:checking '/home/ibrahim/MobiArm/install/main_nodes/bin'
[10.890s] INFO:colcon.colcon_core.shell:Creating package script '/home/ibrahim/MobiArm/install/main_nodes/share/main_nodes/package.ps1'
[10.891s] INFO:colcon.colcon_core.shell:Creating package descriptor '/home/ibrahim/MobiArm/install/main_nodes/share/main_nodes/package.dsv'
[10.892s] INFO:colcon.colcon_core.shell:Creating package script '/home/ibrahim/MobiArm/install/main_nodes/share/main_nodes/package.sh'
[10.892s] INFO:colcon.colcon_core.shell:Creating package script '/home/ibrahim/MobiArm/install/main_nodes/share/main_nodes/package.bash'
[10.892s] INFO:colcon.colcon_core.shell:Creating package script '/home/ibrahim/MobiArm/install/main_nodes/share/main_nodes/package.zsh'
[10.893s] Level 1:colcon.colcon_core.environment:create_file_with_runtime_dependencies(/home/ibrahim/MobiArm/install/main_nodes/share/colcon-core/packages/main_nodes)
[10.893s] INFO:colcon.colcon_ros.task.ament_cmake.build:Building ROS package in '/home/ibrahim/MobiArm/src/moveit_config' with build type 'ament_cmake'
[10.893s] INFO:colcon.colcon_cmake.task.cmake.build:Building CMake package in '/home/ibrahim/MobiArm/src/moveit_config'
[10.894s] INFO:colcon.colcon_core.shell:Skip shell extension 'powershell' for command environment: Not usable outside of PowerShell
[10.894s] DEBUG:colcon.colcon_core.shell:Skip shell extension 'dsv' for command environment
[11.097s] DEBUG:colcon.colcon_core.event_handler.log_command:Invoking command in '/home/ibrahim/MobiArm/build/moveit_config': CMAKE_PREFIX_PATH=/home/ibrahim/MobiArm/install/main_nodes:/home/ibrahim/MobiArm/install/linkattacher_msgs:/home/ibrahim/MobiArm/install/bin_interfaces:/home/ibrahim/MobiArm/install/ros2_linkattacher:/home/ibrahim/MobiArm/install/moveit_config:/home/ibrahim/MobiArm/install/bin_interface:/home/ibrahim/RobotArmExpanded/install/main_arm_package:/home/ibrahim/RobotArmExpanded/install/action_interfaces:/home/ibrahim/MoveItArm/install/moveit_config:/home/ibrahim/MoveItArm/install/moveit_arm_package:/home/ibrahim/TF2Sample/install/tf2sim:/home/ibrahim/RobotNav/install/main_robot_nodes:/home/ibrahim/RobotNav/install/action_interfaces:/home/ibrahim/RobotMonitor/install/Robot3Node_Package:/home/ibrahim/ros2_ws/install/my_first_package:/home/ibrahim/ros2_ws/install/action_interfaces:/home/ibrahim/RobotArm/install/main_arm_package:/home/ibrahim/RobotArm/install/action_interfaces:/opt/ros/humble LD_LIBRARY_PATH=/home/ibrahim/MobiArm/install/linkattacher_msgs/lib:/home/ibrahim/MobiArm/install/bin_interfaces/lib:/home/ibrahim/MobiArm/install/ros2_linkattacher/lib:/home/ibrahim/MobiArm/install/bin_interface/lib:/home/ibrahim/RobotArmExpanded/install/action_interfaces/lib:/home/ibrahim/RobotArm/install/action_interfaces/lib:/home/ibrahim/RobotNav/install/action_interfaces/lib:/home/ibrahim/ros2_ws/install/action_interfaces/lib:/usr/lib/x86_64-linux-gnu/gazebo-11/plugins:/opt/ros/humble/opt/rviz_ogre_vendor/lib:/opt/ros/humble/lib/x86_64-linux-gnu:/opt/ros/humble/lib /usr/bin/cmake --build /home/ibrahim/MobiArm/build/moveit_config -- -j16 -l16
[11.141s] DEBUG:colcon.colcon_core.event_handler.log_command:Invoked command in '/home/ibrahim/MobiArm/build/moveit_config' returned '0': CMAKE_PREFIX_PATH=/home/ibrahim/MobiArm/install/main_nodes:/home/ibrahim/MobiArm/install/linkattacher_msgs:/home/ibrahim/MobiArm/install/bin_interfaces:/home/ibrahim/MobiArm/install/ros2_linkattacher:/home/ibrahim/MobiArm/install/moveit_config:/home/ibrahim/MobiArm/install/bin_interface:/home/ibrahim/RobotArmExpanded/install/main_arm_package:/home/ibrahim/RobotArmExpanded/install/action_interfaces:/home/ibrahim/MoveItArm/install/moveit_config:/home/ibrahim/MoveItArm/install/moveit_arm_package:/home/ibrahim/TF2Sample/install/tf2sim:/home/ibrahim/RobotNav/install/main_robot_nodes:/home/ibrahim/RobotNav/install/action_interfaces:/home/ibrahim/RobotMonitor/install/Robot3Node_Package:/home/ibrahim/ros2_ws/install/my_first_package:/home/ibrahim/ros2_ws/install/action_interfaces:/home/ibrahim/RobotArm/install/main_arm_package:/home/ibrahim/RobotArm/install/action_interfaces:/opt/ros/humble LD_LIBRARY_PATH=/home/ibrahim/MobiArm/install/linkattacher_msgs/lib:/home/ibrahim/MobiArm/install/bin_interfaces/lib:/home/ibrahim/MobiArm/install/ros2_linkattacher/lib:/home/ibrahim/MobiArm/install/bin_interface/lib:/home/ibrahim/RobotArmExpanded/install/action_interfaces/lib:/home/ibrahim/RobotArm/install/action_interfaces/lib:/home/ibrahim/RobotNav/install/action_interfaces/lib:/home/ibrahim/ros2_ws/install/action_interfaces/lib:/usr/lib/x86_64-linux-gnu/gazebo-11/plugins:/opt/ros/humble/opt/rviz_ogre_vendor/lib:/opt/ros/humble/lib/x86_64-linux-gnu:/opt/ros/humble/lib /usr/bin/cmake --build /home/ibrahim/MobiArm/build/moveit_config -- -j16 -l16
[11.143s] DEBUG:colcon.colcon_core.event_handler.log_command:Invoking command in '/home/ibrahim/MobiArm/build/moveit_config': CMAKE_PREFIX_PATH=/home/ibrahim/MobiArm/install/main_nodes:/home/ibrahim/MobiArm/install/linkattacher_msgs:/home/ibrahim/MobiArm/install/bin_interfaces:/home/ibrahim/MobiArm/install/ros2_linkattacher:/home/ibrahim/MobiArm/install/moveit_config:/home/ibrahim/MobiArm/install/bin_interface:/home/ibrahim/RobotArmExpanded/install/main_arm_package:/home/ibrahim/RobotArmExpanded/install/action_interfaces:/home/ibrahim/MoveItArm/install/moveit_config:/home/ibrahim/MoveItArm/install/moveit_arm_package:/home/ibrahim/TF2Sample/install/tf2sim:/home/ibrahim/RobotNav/install/main_robot_nodes:/home/ibrahim/RobotNav/install/action_interfaces:/home/ibrahim/RobotMonitor/install/Robot3Node_Package:/home/ibrahim/ros2_ws/install/my_first_package:/home/ibrahim/ros2_ws/install/action_interfaces:/home/ibrahim/RobotArm/install/main_arm_package:/home/ibrahim/RobotArm/install/action_interfaces:/opt/ros/humble LD_LIBRARY_PATH=/home/ibrahim/MobiArm/install/linkattacher_msgs/lib:/home/ibrahim/MobiArm/install/bin_interfaces/lib:/home/ibrahim/MobiArm/install/ros2_linkattacher/lib:/home/ibrahim/MobiArm/install/bin_interface/lib:/home/ibrahim/RobotArmExpanded/install/action_interfaces/lib:/home/ibrahim/RobotArm/install/action_interfaces/lib:/home/ibrahim/RobotNav/install/action_interfaces/lib:/home/ibrahim/ros2_ws/install/action_interfaces/lib:/usr/lib/x86_64-linux-gnu/gazebo-11/plugins:/opt/ros/humble/opt/rviz_ogre_vendor/lib:/opt/ros/humble/lib/x86_64-linux-gnu:/opt/ros/humble/lib /usr/bin/cmake --install /home/ibrahim/MobiArm/build/moveit_config
[11.183s] Level 1:colcon.colcon_core.environment:create_environment_scripts_only(moveit_config)
[11.183s] Level 1:colcon.colcon_core.environment:checking '/home/ibrahim/MobiArm/install/moveit_config' for CMake module files
[11.184s] DEBUG:colcon.colcon_core.event_handler.log_command:Invoked command in '/home/ibrahim/MobiArm/build/moveit_config' returned '0': CMAKE_PREFIX_PATH=/home/ibrahim/MobiArm/install/main_nodes:/home/ibrahim/MobiArm/install/linkattacher_msgs:/home/ibrahim/MobiArm/install/bin_interfaces:/home/ibrahim/MobiArm/install/ros2_linkattacher:/home/ibrahim/MobiArm/install/moveit_config:/home/ibrahim/MobiArm/install/bin_interface:/home/ibrahim/RobotArmExpanded/install/main_arm_package:/home/ibrahim/RobotArmExpanded/install/action_interfaces:/home/ibrahim/MoveItArm/install/moveit_config:/home/ibrahim/MoveItArm/install/moveit_arm_package:/home/ibrahim/TF2Sample/install/tf2sim:/home/ibrahim/RobotNav/install/main_robot_nodes:/home/ibrahim/RobotNav/install/action_interfaces:/home/ibrahim/RobotMonitor/install/Robot3Node_Package:/home/ibrahim/ros2_ws/install/my_first_package:/home/ibrahim/ros2_ws/install/action_interfaces:/home/ibrahim/RobotArm/install/main_arm_package:/home/ibrahim/RobotArm/install/action_interfaces:/opt/ros/humble LD_LIBRARY_PATH=/home/ibrahim/MobiArm/install/linkattacher_msgs/lib:/home/ibrahim/MobiArm/install/bin_interfaces/lib:/home/ibrahim/MobiArm/install/ros2_linkattacher/lib:/home/ibrahim/MobiArm/install/bin_interface/lib:/home/ibrahim/RobotArmExpanded/install/action_interfaces/lib:/home/ibrahim/RobotArm/install/action_interfaces/lib:/home/ibrahim/RobotNav/install/action_interfaces/lib:/home/ibrahim/ros2_ws/install/action_interfaces/lib:/usr/lib/x86_64-linux-gnu/gazebo-11/plugins:/opt/ros/humble/opt/rviz_ogre_vendor/lib:/opt/ros/humble/lib/x86_64-linux-gnu:/opt/ros/humble/lib /usr/bin/cmake --install /home/ibrahim/MobiArm/build/moveit_config
[11.184s] Level 1:colcon.colcon_core.environment:checking '/home/ibrahim/MobiArm/install/moveit_config' for CMake config files
[11.185s] Level 1:colcon.colcon_core.shell:create_environment_hook('moveit_config', 'cmake_prefix_path')
[11.185s] INFO:colcon.colcon_core.shell:Creating environment hook '/home/ibrahim/MobiArm/install/moveit_config/share/moveit_config/hook/cmake_prefix_path.ps1'
[11.185s] INFO:colcon.colcon_core.shell:Creating environment descriptor '/home/ibrahim/MobiArm/install/moveit_config/share/moveit_config/hook/cmake_prefix_path.dsv'
[11.186s] INFO:colcon.colcon_core.shell:Creating environment hook '/home/ibrahim/MobiArm/install/moveit_config/share/moveit_config/hook/cmake_prefix_path.sh'
[11.186s] Level 1:colcon.colcon_core.environment:checking '/home/ibrahim/MobiArm/install/moveit_config/bin'
[11.186s] Level 1:colcon.colcon_core.environment:checking '/home/ibrahim/MobiArm/install/moveit_config/lib/pkgconfig/moveit_config.pc'
[11.186s] Level 1:colcon.colcon_core.environment:checking '/home/ibrahim/MobiArm/install/moveit_config/lib/python3.10/site-packages'
[11.187s] Level 1:colcon.colcon_core.environment:checking '/home/ibrahim/MobiArm/install/moveit_config/bin'
[11.187s] INFO:colcon.colcon_core.shell:Creating package script '/home/ibrahim/MobiArm/install/moveit_config/share/moveit_config/package.ps1'
[11.187s] INFO:colcon.colcon_core.shell:Creating package descriptor '/home/ibrahim/MobiArm/install/moveit_config/share/moveit_config/package.dsv'
[11.188s] INFO:colcon.colcon_core.shell:Creating package script '/home/ibrahim/MobiArm/install/moveit_config/share/moveit_config/package.sh'
[11.188s] INFO:colcon.colcon_core.shell:Creating package script '/home/ibrahim/MobiArm/install/moveit_config/share/moveit_config/package.bash'
[11.188s] INFO:colcon.colcon_core.shell:Creating package script '/home/ibrahim/MobiArm/install/moveit_config/share/moveit_config/package.zsh'
[11.189s] Level 1:colcon.colcon_core.environment:create_file_with_runtime_dependencies(/home/ibrahim/MobiArm/install/moveit_config/share/colcon-core/packages/moveit_config)
[11.189s] Level 1:colcon.colcon_core.environment:create_environment_scripts_only(moveit_config)
[11.189s] Level 1:colcon.colcon_core.environment:checking '/home/ibrahim/MobiArm/install/moveit_config' for CMake module files
[11.190s] Level 1:colcon.colcon_core.environment:checking '/home/ibrahim/MobiArm/install/moveit_config' for CMake config files
[11.190s] Level 1:colcon.colcon_core.shell:create_environment_hook('moveit_config', 'cmake_prefix_path')
[11.190s] INFO:colcon.colcon_core.shell:Creating environment hook '/home/ibrahim/MobiArm/install/moveit_config/share/moveit_config/hook/cmake_prefix_path.ps1'
[11.191s] INFO:colcon.colcon_core.shell:Creating environment descriptor '/home/ibrahim/MobiArm/install/moveit_config/share/moveit_config/hook/cmake_prefix_path.dsv'
[11.191s] INFO:colcon.colcon_core.shell:Creating environment hook '/home/ibrahim/MobiArm/install/moveit_config/share/moveit_config/hook/cmake_prefix_path.sh'
[11.191s] Level 1:colcon.colcon_core.environment:checking '/home/ibrahim/MobiArm/install/moveit_config/bin'
[11.191s] Level 1:colcon.colcon_core.environment:checking '/home/ibrahim/MobiArm/install/moveit_config/lib/pkgconfig/moveit_config.pc'
[11.191s] Level 1:colcon.colcon_core.environment:checking '/home/ibrahim/MobiArm/install/moveit_config/lib/python3.10/site-packages'
[11.192s] Level 1:colcon.colcon_core.environment:checking '/home/ibrahim/MobiArm/install/moveit_config/bin'
[11.192s] INFO:colcon.colcon_core.shell:Creating package script '/home/ibrahim/MobiArm/install/moveit_config/share/moveit_config/package.ps1'
[11.193s] INFO:colcon.colcon_core.shell:Creating package descriptor '/home/ibrahim/MobiArm/install/moveit_config/share/moveit_config/package.dsv'
[11.193s] INFO:colcon.colcon_core.shell:Creating package script '/home/ibrahim/MobiArm/install/moveit_config/share/moveit_config/package.sh'
[11.193s] INFO:colcon.colcon_core.shell:Creating package script '/home/ibrahim/MobiArm/install/moveit_config/share/moveit_config/package.bash'
[11.194s] INFO:colcon.colcon_core.shell:Creating package script '/home/ibrahim/MobiArm/install/moveit_config/share/moveit_config/package.zsh'
[11.194s] Level 1:colcon.colcon_core.environment:create_file_with_runtime_dependencies(/home/ibrahim/MobiArm/install/moveit_config/share/colcon-core/packages/moveit_config)
[11.195s] DEBUG:colcon.colcon_parallel_executor.executor.parallel:closing loop
[11.195s] DEBUG:colcon.colcon_parallel_executor.executor.parallel:loop closed
[11.195s] DEBUG:colcon.colcon_parallel_executor.executor.parallel:run_until_complete finished with '0'
[11.195s] DEBUG:colcon.colcon_core.event_reactor:joining thread
[11.240s] INFO:colcon.colcon_core.plugin_system:Skipping extension 'colcon_notification.desktop_notification.notify_send': Could not find 'notify-send'
[11.240s] INFO:colcon.colcon_core.plugin_system:Skipping extension 'colcon_notification.desktop_notification.terminal_notifier': Not used on non-Darwin systems
[11.240s] INFO:colcon.colcon_core.plugin_system:Skipping extension 'colcon_notification.desktop_notification.win32': Not used on non-Windows systems
[11.240s] INFO:colcon.colcon_notification.desktop_notification:Sending desktop notification using 'notify2'
[11.240s] DEBUG:colcon.colcon_notification.desktop_notification.notify2:Failed to initialize notify2: org.freedesktop.DBus.Error.FileNotFound: Failed to connect to socket /run/user/1000/bus: No such file or directory
[11.241s] DEBUG:colcon.colcon_core.event_reactor:joined thread
[11.241s] INFO:colcon.colcon_core.shell:Creating prefix script '/home/ibrahim/MobiArm/install/local_setup.ps1'
[11.242s] INFO:colcon.colcon_core.shell:Creating prefix util module '/home/ibrahim/MobiArm/install/_local_setup_util_ps1.py'
[11.243s] INFO:colcon.colcon_core.shell:Creating prefix chain script '/home/ibrahim/MobiArm/install/setup.ps1'
[11.244s] INFO:colcon.colcon_core.shell:Creating prefix script '/home/ibrahim/MobiArm/install/local_setup.sh'
[11.245s] INFO:colcon.colcon_core.shell:Creating prefix util module '/home/ibrahim/MobiArm/install/_local_setup_util_sh.py'
[11.245s] INFO:colcon.colcon_core.shell:Creating prefix chain script '/home/ibrahim/MobiArm/install/setup.sh'
[11.247s] INFO:colcon.colcon_core.shell:Creating prefix script '/home/ibrahim/MobiArm/install/local_setup.bash'
[11.248s] INFO:colcon.colcon_core.shell:Creating prefix chain script '/home/ibrahim/MobiArm/install/setup.bash'
[11.249s] INFO:colcon.colcon_core.shell:Creating prefix script '/home/ibrahim/MobiArm/install/local_setup.zsh'
[11.249s] INFO:colcon.colcon_core.shell:Creating prefix chain script '/home/ibrahim/MobiArm/install/setup.zsh'
