[0.018s] Invoking command in '/home/ibrahim/MobiArm/build/bin_interfaces': CMAKE_PREFIX_PATH=${CMAKE_PREFIX_PATH}:/home/ibrahim/RobotArm/install/main_arm_package:/home/ibrahim/RobotArm/install/action_interfaces:/opt/ros/humble /usr/bin/cmake --build /home/ibrahim/MobiArm/build/bin_interfaces -- -j16 -l16
[0.078s] [  5%] Built target bin_interfaces__cpp
[0.078s] [  5%] Built target bin_interfaces__rs
[0.080s] [ 15%] Built target bin_interfaces__rosidl_generator_c
[0.105s] [ 15%] Built target ament_cmake_python_copy_bin_interfaces
[0.122s] [ 35%] Built target bin_interfaces__rosidl_typesupport_c
[0.125s] [ 52%] Built target bin_interfaces__rosidl_typesupport_introspection_cpp
[0.125s] [ 55%] Built target bin_interfaces__rosidl_typesupport_cpp
[0.125s] [ 55%] Built target bin_interfaces__rosidl_typesupport_fastrtps_cpp
[0.129s] [ 65%] Built target bin_interfaces__rosidl_typesupport_fastrtps_c
[0.131s] [ 75%] Built target bin_interfaces__rosidl_typesupport_introspection_c
[0.160s] [ 75%] Built target bin_interfaces
[0.190s] [ 77%] Built target bin_interfaces__py
[0.221s] [ 85%] Built target bin_interfaces__rosidl_generator_py
[0.253s] [100%] Built target bin_interfaces__rosidl_typesupport_fastrtps_c__pyext
[0.253s] [100%] Built target bin_interfaces__rosidl_typesupport_introspection_c__pyext
[0.253s] [100%] Built target bin_interfaces__rosidl_typesupport_c__pyext
[0.338s] running egg_info
[0.339s] writing bin_interfaces.egg-info/PKG-INFO
[0.340s] writing dependency_links to bin_interfaces.egg-info/dependency_links.txt
[0.340s] writing top-level names to bin_interfaces.egg-info/top_level.txt
[0.342s] reading manifest file 'bin_interfaces.egg-info/SOURCES.txt'
[0.343s] writing manifest file 'bin_interfaces.egg-info/SOURCES.txt'
[0.381s] [100%] Built target ament_cmake_python_build_bin_interfaces_egg
[0.401s] Invoked command in '/home/ibrahim/MobiArm/build/bin_interfaces' returned '0': CMAKE_PREFIX_PATH=${CMAKE_PREFIX_PATH}:/home/ibrahim/RobotArm/install/main_arm_package:/home/ibrahim/RobotArm/install/action_interfaces:/opt/ros/humble /usr/bin/cmake --build /home/ibrahim/MobiArm/build/bin_interfaces -- -j16 -l16
[0.402s] Invoking command in '/home/ibrahim/MobiArm/build/bin_interfaces': CMAKE_PREFIX_PATH=${CMAKE_PREFIX_PATH}:/home/ibrahim/RobotArm/install/main_arm_package:/home/ibrahim/RobotArm/install/action_interfaces:/opt/ros/humble /usr/bin/cmake --install /home/ibrahim/MobiArm/build/bin_interfaces
[0.415s] -- Install configuration: ""
[0.416s] -- Up-to-date: /home/ibrahim/MobiArm/install/bin_interfaces/share/ament_index/resource_index/rosidl_interfaces/bin_interfaces
[0.416s] -- Up-to-date: /home/ibrahim/MobiArm/install/bin_interfaces/include/bin_interfaces/bin_interfaces
[0.416s] -- Up-to-date: /home/ibrahim/MobiArm/install/bin_interfaces/include/bin_interfaces/bin_interfaces/srv
[0.416s] -- Up-to-date: /home/ibrahim/MobiArm/install/bin_interfaces/include/bin_interfaces/bin_interfaces/srv/get_targets.h
[0.417s] -- Up-to-date: /home/ibrahim/MobiArm/install/bin_interfaces/include/bin_interfaces/bin_interfaces/srv/start_search.h
[0.417s] -- Up-to-date: /home/ibrahim/MobiArm/install/bin_interfaces/include/bin_interfaces/bin_interfaces/srv/detail
[0.417s] -- Up-to-date: /home/ibrahim/MobiArm/install/bin_interfaces/include/bin_interfaces/bin_interfaces/srv/detail/start_search__struct.h
[0.420s] -- Up-to-date: /home/ibrahim/MobiArm/install/bin_interfaces/include/bin_interfaces/bin_interfaces/srv/detail/get_targets__type_support.h
[0.420s] -- Up-to-date: /home/ibrahim/MobiArm/install/bin_interfaces/include/bin_interfaces/bin_interfaces/srv/detail/start_search__type_support.h
[0.420s] -- Up-to-date: /home/ibrahim/MobiArm/install/bin_interfaces/include/bin_interfaces/bin_interfaces/srv/detail/start_search__functions.h
[0.420s] -- Up-to-date: /home/ibrahim/MobiArm/install/bin_interfaces/include/bin_interfaces/bin_interfaces/srv/detail/get_targets__functions.c
[0.420s] -- Up-to-date: /home/ibrahim/MobiArm/install/bin_interfaces/include/bin_interfaces/bin_interfaces/srv/detail/get_targets__functions.h
[0.420s] -- Up-to-date: /home/ibrahim/MobiArm/install/bin_interfaces/include/bin_interfaces/bin_interfaces/srv/detail/get_targets__struct.h
[0.420s] -- Up-to-date: /home/ibrahim/MobiArm/install/bin_interfaces/include/bin_interfaces/bin_interfaces/srv/detail/start_search__functions.c
[0.420s] -- Up-to-date: /home/ibrahim/MobiArm/install/bin_interfaces/include/bin_interfaces/bin_interfaces/msg
[0.420s] -- Up-to-date: /home/ibrahim/MobiArm/install/bin_interfaces/include/bin_interfaces/bin_interfaces/msg/rosidl_generator_c__visibility_control.h
[0.420s] -- Up-to-date: /home/ibrahim/MobiArm/install/bin_interfaces/share/bin_interfaces/environment/library_path.sh
[0.421s] -- Up-to-date: /home/ibrahim/MobiArm/install/bin_interfaces/share/bin_interfaces/environment/library_path.dsv
[0.421s] -- Up-to-date: /home/ibrahim/MobiArm/install/bin_interfaces/lib/libbin_interfaces__rosidl_generator_c.so
[0.421s] -- Up-to-date: /home/ibrahim/MobiArm/install/bin_interfaces/include/bin_interfaces/bin_interfaces
[0.421s] -- Up-to-date: /home/ibrahim/MobiArm/install/bin_interfaces/include/bin_interfaces/bin_interfaces/srv
[0.421s] -- Up-to-date: /home/ibrahim/MobiArm/install/bin_interfaces/include/bin_interfaces/bin_interfaces/srv/detail
[0.421s] -- Up-to-date: /home/ibrahim/MobiArm/install/bin_interfaces/include/bin_interfaces/bin_interfaces/srv/detail/start_search__rosidl_typesupport_fastrtps_c.h
[0.421s] -- Up-to-date: /home/ibrahim/MobiArm/install/bin_interfaces/include/bin_interfaces/bin_interfaces/srv/detail/get_targets__rosidl_typesupport_fastrtps_c.h
[0.422s] -- Up-to-date: /home/ibrahim/MobiArm/install/bin_interfaces/include/bin_interfaces/bin_interfaces/msg
[0.422s] -- Up-to-date: /home/ibrahim/MobiArm/install/bin_interfaces/include/bin_interfaces/bin_interfaces/msg/rosidl_typesupport_fastrtps_c__visibility_control.h
[0.422s] -- Up-to-date: /home/ibrahim/MobiArm/install/bin_interfaces/lib/libbin_interfaces__rosidl_typesupport_fastrtps_c.so
[0.422s] -- Up-to-date: /home/ibrahim/MobiArm/install/bin_interfaces/include/bin_interfaces/bin_interfaces
[0.422s] -- Up-to-date: /home/ibrahim/MobiArm/install/bin_interfaces/include/bin_interfaces/bin_interfaces/srv
[0.422s] -- Up-to-date: /home/ibrahim/MobiArm/install/bin_interfaces/include/bin_interfaces/bin_interfaces/srv/get_targets.hpp
[0.422s] -- Up-to-date: /home/ibrahim/MobiArm/install/bin_interfaces/include/bin_interfaces/bin_interfaces/srv/start_search.hpp
[0.422s] -- Up-to-date: /home/ibrahim/MobiArm/install/bin_interfaces/include/bin_interfaces/bin_interfaces/srv/detail
[0.422s] -- Up-to-date: /home/ibrahim/MobiArm/install/bin_interfaces/include/bin_interfaces/bin_interfaces/srv/detail/get_targets__struct.hpp
[0.422s] -- Up-to-date: /home/ibrahim/MobiArm/install/bin_interfaces/include/bin_interfaces/bin_interfaces/srv/detail/start_search__builder.hpp
[0.422s] -- Up-to-date: /home/ibrahim/MobiArm/install/bin_interfaces/include/bin_interfaces/bin_interfaces/srv/detail/get_targets__builder.hpp
[0.422s] -- Up-to-date: /home/ibrahim/MobiArm/install/bin_interfaces/include/bin_interfaces/bin_interfaces/srv/detail/start_search__traits.hpp
[0.422s] -- Up-to-date: /home/ibrahim/MobiArm/install/bin_interfaces/include/bin_interfaces/bin_interfaces/srv/detail/get_targets__traits.hpp
[0.422s] -- Up-to-date: /home/ibrahim/MobiArm/install/bin_interfaces/include/bin_interfaces/bin_interfaces/srv/detail/start_search__type_support.hpp
[0.422s] -- Up-to-date: /home/ibrahim/MobiArm/install/bin_interfaces/include/bin_interfaces/bin_interfaces/srv/detail/get_targets__type_support.hpp
[0.422s] -- Up-to-date: /home/ibrahim/MobiArm/install/bin_interfaces/include/bin_interfaces/bin_interfaces/srv/detail/start_search__struct.hpp
[0.422s] -- Up-to-date: /home/ibrahim/MobiArm/install/bin_interfaces/include/bin_interfaces/bin_interfaces/msg
[0.422s] -- Up-to-date: /home/ibrahim/MobiArm/install/bin_interfaces/include/bin_interfaces/bin_interfaces/msg/rosidl_generator_cpp__visibility_control.hpp
[0.422s] -- Up-to-date: /home/ibrahim/MobiArm/install/bin_interfaces/include/bin_interfaces/bin_interfaces
[0.422s] -- Up-to-date: /home/ibrahim/MobiArm/install/bin_interfaces/include/bin_interfaces/bin_interfaces/srv
[0.423s] -- Up-to-date: /home/ibrahim/MobiArm/install/bin_interfaces/include/bin_interfaces/bin_interfaces/srv/detail
[0.423s] -- Up-to-date: /home/ibrahim/MobiArm/install/bin_interfaces/include/bin_interfaces/bin_interfaces/srv/detail/get_targets__rosidl_typesupport_fastrtps_cpp.hpp
[0.423s] -- Up-to-date: /home/ibrahim/MobiArm/install/bin_interfaces/include/bin_interfaces/bin_interfaces/srv/detail/dds_fastrtps
[0.423s] -- Up-to-date: /home/ibrahim/MobiArm/install/bin_interfaces/include/bin_interfaces/bin_interfaces/srv/detail/start_search__rosidl_typesupport_fastrtps_cpp.hpp
[0.423s] -- Up-to-date: /home/ibrahim/MobiArm/install/bin_interfaces/include/bin_interfaces/bin_interfaces/msg
[0.423s] -- Up-to-date: /home/ibrahim/MobiArm/install/bin_interfaces/include/bin_interfaces/bin_interfaces/msg/rosidl_typesupport_fastrtps_cpp__visibility_control.h
[0.423s] -- Up-to-date: /home/ibrahim/MobiArm/install/bin_interfaces/lib/libbin_interfaces__rosidl_typesupport_fastrtps_cpp.so
[0.423s] -- Up-to-date: /home/ibrahim/MobiArm/install/bin_interfaces/include/bin_interfaces/bin_interfaces
[0.423s] -- Up-to-date: /home/ibrahim/MobiArm/install/bin_interfaces/include/bin_interfaces/bin_interfaces/srv
[0.423s] -- Up-to-date: /home/ibrahim/MobiArm/install/bin_interfaces/include/bin_interfaces/bin_interfaces/srv/detail
[0.423s] -- Up-to-date: /home/ibrahim/MobiArm/install/bin_interfaces/include/bin_interfaces/bin_interfaces/srv/detail/start_search__type_support.c
[0.423s] -- Up-to-date: /home/ibrahim/MobiArm/install/bin_interfaces/include/bin_interfaces/bin_interfaces/srv/detail/get_targets__type_support.c
[0.424s] -- Up-to-date: /home/ibrahim/MobiArm/install/bin_interfaces/include/bin_interfaces/bin_interfaces/srv/detail/start_search__rosidl_typesupport_introspection_c.h
[0.424s] -- Up-to-date: /home/ibrahim/MobiArm/install/bin_interfaces/include/bin_interfaces/bin_interfaces/srv/detail/get_targets__rosidl_typesupport_introspection_c.h
[0.424s] -- Up-to-date: /home/ibrahim/MobiArm/install/bin_interfaces/include/bin_interfaces/bin_interfaces/msg
[0.424s] -- Up-to-date: /home/ibrahim/MobiArm/install/bin_interfaces/include/bin_interfaces/bin_interfaces/msg/rosidl_typesupport_introspection_c__visibility_control.h
[0.424s] -- Up-to-date: /home/ibrahim/MobiArm/install/bin_interfaces/lib/libbin_interfaces__rosidl_typesupport_introspection_c.so
[0.424s] -- Up-to-date: /home/ibrahim/MobiArm/install/bin_interfaces/lib/libbin_interfaces__rosidl_typesupport_c.so
[0.424s] -- Up-to-date: /home/ibrahim/MobiArm/install/bin_interfaces/include/bin_interfaces/bin_interfaces
[0.424s] -- Up-to-date: /home/ibrahim/MobiArm/install/bin_interfaces/include/bin_interfaces/bin_interfaces/srv
[0.424s] -- Up-to-date: /home/ibrahim/MobiArm/install/bin_interfaces/include/bin_interfaces/bin_interfaces/srv/detail
[0.424s] -- Up-to-date: /home/ibrahim/MobiArm/install/bin_interfaces/include/bin_interfaces/bin_interfaces/srv/detail/get_targets__type_support.cpp
[0.424s] -- Up-to-date: /home/ibrahim/MobiArm/install/bin_interfaces/include/bin_interfaces/bin_interfaces/srv/detail/start_search__rosidl_typesupport_introspection_cpp.hpp
[0.424s] -- Up-to-date: /home/ibrahim/MobiArm/install/bin_interfaces/include/bin_interfaces/bin_interfaces/srv/detail/get_targets__rosidl_typesupport_introspection_cpp.hpp
[0.424s] -- Up-to-date: /home/ibrahim/MobiArm/install/bin_interfaces/include/bin_interfaces/bin_interfaces/srv/detail/start_search__type_support.cpp
[0.424s] -- Up-to-date: /home/ibrahim/MobiArm/install/bin_interfaces/lib/libbin_interfaces__rosidl_typesupport_introspection_cpp.so
[0.424s] -- Up-to-date: /home/ibrahim/MobiArm/install/bin_interfaces/lib/libbin_interfaces__rosidl_typesupport_cpp.so
[0.424s] -- Up-to-date: /home/ibrahim/MobiArm/install/bin_interfaces/share/bin_interfaces/environment/pythonpath.sh
[0.424s] -- Up-to-date: /home/ibrahim/MobiArm/install/bin_interfaces/share/bin_interfaces/environment/pythonpath.dsv
[0.425s] -- Up-to-date: /home/ibrahim/MobiArm/install/bin_interfaces/local/lib/python3.10/dist-packages/bin_interfaces-0.0.0-py3.10.egg-info
[0.425s] -- Installing: /home/ibrahim/MobiArm/install/bin_interfaces/local/lib/python3.10/dist-packages/bin_interfaces-0.0.0-py3.10.egg-info/top_level.txt
[0.425s] -- Installing: /home/ibrahim/MobiArm/install/bin_interfaces/local/lib/python3.10/dist-packages/bin_interfaces-0.0.0-py3.10.egg-info/PKG-INFO
[0.425s] -- Installing: /home/ibrahim/MobiArm/install/bin_interfaces/local/lib/python3.10/dist-packages/bin_interfaces-0.0.0-py3.10.egg-info/dependency_links.txt
[0.425s] -- Installing: /home/ibrahim/MobiArm/install/bin_interfaces/local/lib/python3.10/dist-packages/bin_interfaces-0.0.0-py3.10.egg-info/SOURCES.txt
[0.425s] -- Up-to-date: /home/ibrahim/MobiArm/install/bin_interfaces/local/lib/python3.10/dist-packages/bin_interfaces
[0.425s] -- Up-to-date: /home/ibrahim/MobiArm/install/bin_interfaces/local/lib/python3.10/dist-packages/bin_interfaces/_bin_interfaces_s.ep.rosidl_typesupport_introspection_c.c
[0.425s] -- Up-to-date: /home/ibrahim/MobiArm/install/bin_interfaces/local/lib/python3.10/dist-packages/bin_interfaces/bin_interfaces_s__rosidl_typesupport_c.cpython-310-x86_64-linux-gnu.so
[0.425s] -- Up-to-date: /home/ibrahim/MobiArm/install/bin_interfaces/local/lib/python3.10/dist-packages/bin_interfaces/bin_interfaces_s__rosidl_typesupport_introspection_c.cpython-310-x86_64-linux-gnu.so
[0.425s] -- Up-to-date: /home/ibrahim/MobiArm/install/bin_interfaces/local/lib/python3.10/dist-packages/bin_interfaces/srv
[0.425s] -- Up-to-date: /home/ibrahim/MobiArm/install/bin_interfaces/local/lib/python3.10/dist-packages/bin_interfaces/srv/_get_targets_s.c
[0.425s] -- Up-to-date: /home/ibrahim/MobiArm/install/bin_interfaces/local/lib/python3.10/dist-packages/bin_interfaces/srv/_get_targets.py
[0.425s] -- Up-to-date: /home/ibrahim/MobiArm/install/bin_interfaces/local/lib/python3.10/dist-packages/bin_interfaces/srv/_start_search_s.c
[0.425s] -- Up-to-date: /home/ibrahim/MobiArm/install/bin_interfaces/local/lib/python3.10/dist-packages/bin_interfaces/srv/__init__.py
[0.425s] -- Up-to-date: /home/ibrahim/MobiArm/install/bin_interfaces/local/lib/python3.10/dist-packages/bin_interfaces/srv/_start_search.py
[0.425s] -- Up-to-date: /home/ibrahim/MobiArm/install/bin_interfaces/local/lib/python3.10/dist-packages/bin_interfaces/bin_interfaces_s__rosidl_typesupport_fastrtps_c.cpython-310-x86_64-linux-gnu.so
[0.425s] -- Up-to-date: /home/ibrahim/MobiArm/install/bin_interfaces/local/lib/python3.10/dist-packages/bin_interfaces/_bin_interfaces_s.ep.rosidl_typesupport_c.c
[0.425s] -- Up-to-date: /home/ibrahim/MobiArm/install/bin_interfaces/local/lib/python3.10/dist-packages/bin_interfaces/libbin_interfaces__rosidl_generator_py.so
[0.425s] -- Up-to-date: /home/ibrahim/MobiArm/install/bin_interfaces/local/lib/python3.10/dist-packages/bin_interfaces/_bin_interfaces_s.ep.rosidl_typesupport_fastrtps_c.c
[0.425s] -- Up-to-date: /home/ibrahim/MobiArm/install/bin_interfaces/local/lib/python3.10/dist-packages/bin_interfaces/__init__.py
[0.456s] Listing '/home/ibrahim/MobiArm/install/bin_interfaces/local/lib/python3.10/dist-packages/bin_interfaces'...
[0.456s] Listing '/home/ibrahim/MobiArm/install/bin_interfaces/local/lib/python3.10/dist-packages/bin_interfaces/srv'...
[0.464s] -- Up-to-date: /home/ibrahim/MobiArm/install/bin_interfaces/local/lib/python3.10/dist-packages/bin_interfaces/bin_interfaces_s__rosidl_typesupport_fastrtps_c.cpython-310-x86_64-linux-gnu.so
[0.469s] -- Up-to-date: /home/ibrahim/MobiArm/install/bin_interfaces/local/lib/python3.10/dist-packages/bin_interfaces/bin_interfaces_s__rosidl_typesupport_introspection_c.cpython-310-x86_64-linux-gnu.so
[0.471s] -- Up-to-date: /home/ibrahim/MobiArm/install/bin_interfaces/local/lib/python3.10/dist-packages/bin_interfaces/bin_interfaces_s__rosidl_typesupport_c.cpython-310-x86_64-linux-gnu.so
[0.473s] -- Up-to-date: /home/ibrahim/MobiArm/install/bin_interfaces/lib/libbin_interfaces__rosidl_generator_py.so
[0.473s] -- Up-to-date: /home/ibrahim/MobiArm/install/bin_interfaces/share/ament_index/resource_index/rust_packages/bin_interfaces
[0.474s] -- Up-to-date: /home/ibrahim/MobiArm/install/bin_interfaces/share/bin_interfaces/rust
[0.474s] -- Up-to-date: /home/ibrahim/MobiArm/install/bin_interfaces/share/bin_interfaces/rust/src
[0.475s] -- Up-to-date: /home/ibrahim/MobiArm/install/bin_interfaces/share/bin_interfaces/rust/src/lib.rs
[0.475s] -- Up-to-date: /home/ibrahim/MobiArm/install/bin_interfaces/share/bin_interfaces/rust/src/srv
[0.475s] -- Up-to-date: /home/ibrahim/MobiArm/install/bin_interfaces/share/bin_interfaces/rust/src/srv/rmw.rs
[0.476s] -- Up-to-date: /home/ibrahim/MobiArm/install/bin_interfaces/share/bin_interfaces/rust/src/srv.rs
[0.476s] -- Up-to-date: /home/ibrahim/MobiArm/install/bin_interfaces/share/bin_interfaces/rust/build.rs
[0.476s] -- Up-to-date: /home/ibrahim/MobiArm/install/bin_interfaces/share/bin_interfaces/rust/Cargo.toml
[0.477s] -- Up-to-date: /home/ibrahim/MobiArm/install/bin_interfaces/share/bin_interfaces/srv/GetTargets.idl
[0.477s] -- Up-to-date: /home/ibrahim/MobiArm/install/bin_interfaces/share/bin_interfaces/srv/StartSearch.idl
[0.477s] -- Up-to-date: /home/ibrahim/MobiArm/install/bin_interfaces/share/bin_interfaces/srv/GetTargets.srv
[0.477s] -- Up-to-date: /home/ibrahim/MobiArm/install/bin_interfaces/share/bin_interfaces/srv/GetTargets_Request.msg
[0.478s] -- Up-to-date: /home/ibrahim/MobiArm/install/bin_interfaces/share/bin_interfaces/srv/GetTargets_Response.msg
[0.478s] -- Up-to-date: /home/ibrahim/MobiArm/install/bin_interfaces/share/bin_interfaces/srv/StartSearch.srv
[0.478s] -- Up-to-date: /home/ibrahim/MobiArm/install/bin_interfaces/share/bin_interfaces/srv/StartSearch_Request.msg
[0.478s] -- Up-to-date: /home/ibrahim/MobiArm/install/bin_interfaces/share/bin_interfaces/srv/StartSearch_Response.msg
[0.478s] -- Up-to-date: /home/ibrahim/MobiArm/install/bin_interfaces/share/ament_index/resource_index/package_run_dependencies/bin_interfaces
[0.478s] -- Up-to-date: /home/ibrahim/MobiArm/install/bin_interfaces/share/ament_index/resource_index/parent_prefix_path/bin_interfaces
[0.479s] -- Up-to-date: /home/ibrahim/MobiArm/install/bin_interfaces/share/bin_interfaces/environment/ament_prefix_path.sh
[0.479s] -- Up-to-date: /home/ibrahim/MobiArm/install/bin_interfaces/share/bin_interfaces/environment/ament_prefix_path.dsv
[0.479s] -- Up-to-date: /home/ibrahim/MobiArm/install/bin_interfaces/share/bin_interfaces/environment/path.sh
[0.479s] -- Up-to-date: /home/ibrahim/MobiArm/install/bin_interfaces/share/bin_interfaces/environment/path.dsv
[0.480s] -- Up-to-date: /home/ibrahim/MobiArm/install/bin_interfaces/share/bin_interfaces/local_setup.bash
[0.480s] -- Up-to-date: /home/ibrahim/MobiArm/install/bin_interfaces/share/bin_interfaces/local_setup.sh
[0.480s] -- Up-to-date: /home/ibrahim/MobiArm/install/bin_interfaces/share/bin_interfaces/local_setup.zsh
[0.480s] -- Up-to-date: /home/ibrahim/MobiArm/install/bin_interfaces/share/bin_interfaces/local_setup.dsv
[0.481s] -- Installing: /home/ibrahim/MobiArm/install/bin_interfaces/share/bin_interfaces/package.dsv
[0.481s] -- Up-to-date: /home/ibrahim/MobiArm/install/bin_interfaces/share/ament_index/resource_index/packages/bin_interfaces
[0.481s] -- Up-to-date: /home/ibrahim/MobiArm/install/bin_interfaces/share/bin_interfaces/cmake/export_bin_interfaces__rosidl_generator_cExport.cmake
[0.481s] -- Up-to-date: /home/ibrahim/MobiArm/install/bin_interfaces/share/bin_interfaces/cmake/export_bin_interfaces__rosidl_generator_cExport-noconfig.cmake
[0.481s] -- Up-to-date: /home/ibrahim/MobiArm/install/bin_interfaces/share/bin_interfaces/cmake/export_bin_interfaces__rosidl_typesupport_fastrtps_cExport.cmake
[0.481s] -- Up-to-date: /home/ibrahim/MobiArm/install/bin_interfaces/share/bin_interfaces/cmake/export_bin_interfaces__rosidl_typesupport_fastrtps_cExport-noconfig.cmake
[0.481s] -- Up-to-date: /home/ibrahim/MobiArm/install/bin_interfaces/share/bin_interfaces/cmake/export_bin_interfaces__rosidl_generator_cppExport.cmake
[0.482s] -- Up-to-date: /home/ibrahim/MobiArm/install/bin_interfaces/share/bin_interfaces/cmake/export_bin_interfaces__rosidl_typesupport_fastrtps_cppExport.cmake
[0.482s] -- Up-to-date: /home/ibrahim/MobiArm/install/bin_interfaces/share/bin_interfaces/cmake/export_bin_interfaces__rosidl_typesupport_fastrtps_cppExport-noconfig.cmake
[0.482s] -- Up-to-date: /home/ibrahim/MobiArm/install/bin_interfaces/share/bin_interfaces/cmake/bin_interfaces__rosidl_typesupport_introspection_cExport.cmake
[0.483s] -- Up-to-date: /home/ibrahim/MobiArm/install/bin_interfaces/share/bin_interfaces/cmake/bin_interfaces__rosidl_typesupport_introspection_cExport-noconfig.cmake
[0.483s] -- Up-to-date: /home/ibrahim/MobiArm/install/bin_interfaces/share/bin_interfaces/cmake/bin_interfaces__rosidl_typesupport_cExport.cmake
[0.483s] -- Up-to-date: /home/ibrahim/MobiArm/install/bin_interfaces/share/bin_interfaces/cmake/bin_interfaces__rosidl_typesupport_cExport-noconfig.cmake
[0.483s] -- Up-to-date: /home/ibrahim/MobiArm/install/bin_interfaces/share/bin_interfaces/cmake/bin_interfaces__rosidl_typesupport_introspection_cppExport.cmake
[0.483s] -- Up-to-date: /home/ibrahim/MobiArm/install/bin_interfaces/share/bin_interfaces/cmake/bin_interfaces__rosidl_typesupport_introspection_cppExport-noconfig.cmake
[0.483s] -- Up-to-date: /home/ibrahim/MobiArm/install/bin_interfaces/share/bin_interfaces/cmake/bin_interfaces__rosidl_typesupport_cppExport.cmake
[0.484s] -- Up-to-date: /home/ibrahim/MobiArm/install/bin_interfaces/share/bin_interfaces/cmake/bin_interfaces__rosidl_typesupport_cppExport-noconfig.cmake
[0.484s] -- Up-to-date: /home/ibrahim/MobiArm/install/bin_interfaces/share/bin_interfaces/cmake/export_bin_interfaces__rosidl_generator_pyExport.cmake
[0.484s] -- Up-to-date: /home/ibrahim/MobiArm/install/bin_interfaces/share/bin_interfaces/cmake/export_bin_interfaces__rosidl_generator_pyExport-noconfig.cmake
[0.484s] -- Up-to-date: /home/ibrahim/MobiArm/install/bin_interfaces/share/bin_interfaces/cmake/rosidl_cmake-extras.cmake
[0.485s] -- Up-to-date: /home/ibrahim/MobiArm/install/bin_interfaces/share/bin_interfaces/cmake/ament_cmake_export_dependencies-extras.cmake
[0.485s] -- Up-to-date: /home/ibrahim/MobiArm/install/bin_interfaces/share/bin_interfaces/cmake/ament_cmake_export_include_directories-extras.cmake
[0.486s] -- Up-to-date: /home/ibrahim/MobiArm/install/bin_interfaces/share/bin_interfaces/cmake/ament_cmake_export_libraries-extras.cmake
[0.486s] -- Up-to-date: /home/ibrahim/MobiArm/install/bin_interfaces/share/bin_interfaces/cmake/ament_cmake_export_targets-extras.cmake
[0.486s] -- Up-to-date: /home/ibrahim/MobiArm/install/bin_interfaces/share/bin_interfaces/cmake/rosidl_cmake_export_typesupport_targets-extras.cmake
[0.487s] -- Up-to-date: /home/ibrahim/MobiArm/install/bin_interfaces/share/bin_interfaces/cmake/rosidl_cmake_export_typesupport_libraries-extras.cmake
[0.487s] -- Up-to-date: /home/ibrahim/MobiArm/install/bin_interfaces/share/bin_interfaces/cmake/bin_interfacesConfig.cmake
[0.488s] -- Up-to-date: /home/ibrahim/MobiArm/install/bin_interfaces/share/bin_interfaces/cmake/bin_interfacesConfig-version.cmake
[0.488s] -- Up-to-date: /home/ibrahim/MobiArm/install/bin_interfaces/share/bin_interfaces/package.xml
[0.514s] Invoked command in '/home/ibrahim/MobiArm/build/bin_interfaces' returned '0': CMAKE_PREFIX_PATH=${CMAKE_PREFIX_PATH}:/home/ibrahim/RobotArm/install/main_arm_package:/home/ibrahim/RobotArm/install/action_interfaces:/opt/ros/humble /usr/bin/cmake --install /home/ibrahim/MobiArm/build/bin_interfaces
