[0.192s] DEBUG:colcon:Command line arguments: ['/usr/bin/colcon', 'build', '--packages-select', 'main_nodes']
[0.192s] DEBUG:colcon:Parsed command line arguments: Namespace(log_base=None, log_level=None, verb_name='build', build_base='build', install_base='install', merge_install=False, symlink_install=False, test_result_base=None, continue_on_error=False, executor='parallel', parallel_workers=16, event_handlers=None, ignore_user_meta=False, metas=['./colcon.meta'], base_paths=['.'], packages_ignore=None, packages_ignore_regex=None, paths=None, packages_up_to=None, packages_up_to_regex=None, packages_above=None, packages_above_and_dependencies=None, packages_above_depth=None, packages_select_by_dep=None, packages_skip_by_dep=None, packages_skip_up_to=None, packages_select_build_failed=False, packages_skip_build_finished=False, packages_select_test_failures=False, packages_skip_test_passed=False, packages_select=['main_nodes'], packages_skip=None, packages_select_regex=None, packages_skip_regex=None, packages_start=None, packages_end=None, allow_overriding=[], cmake_args=None, cmake_target=None, cmake_target_skip_unavailable=False, cmake_clean_cache=False, cmake_clean_first=False, cmake_force_configure=False, ament_cmake_args=None, catkin_cmake_args=None, catkin_skip_building_tests=False, verb_parser=<colcon_defaults.argument_parser.defaults.DefaultArgumentsDecorator object at 0x745149c590f0>, verb_extension=<colcon_core.verb.build.BuildVerb object at 0x745149c58b20>, main=<bound method BuildVerb.main of <colcon_core.verb.build.BuildVerb object at 0x745149c58b20>>)
[0.334s] Level 1:colcon.colcon_core.package_discovery:discover_packages(colcon_meta) check parameters
[0.334s] Level 1:colcon.colcon_core.package_discovery:discover_packages(recursive) check parameters
[0.335s] Level 1:colcon.colcon_core.package_discovery:discover_packages(ignore) check parameters
[0.335s] Level 1:colcon.colcon_core.package_discovery:discover_packages(path) check parameters
[0.335s] Level 1:colcon.colcon_core.package_discovery:discover_packages(colcon_meta) discover
[0.335s] Level 1:colcon.colcon_core.package_discovery:discover_packages(recursive) discover
[0.335s] INFO:colcon.colcon_core.package_discovery:Crawling recursively for packages in '/home/ibrahim/MobiArm'
[0.335s] Level 1:colcon.colcon_core.package_identification:_identify(.) by extensions ['ignore', 'ignore_ament_install']
[0.335s] Level 1:colcon.colcon_core.package_identification:_identify(.) by extension 'ignore'
[0.335s] Level 1:colcon.colcon_core.package_identification:_identify(.) by extension 'ignore_ament_install'
[0.335s] Level 1:colcon.colcon_core.package_identification:_identify(.) by extensions ['colcon_pkg']
[0.335s] Level 1:colcon.colcon_core.package_identification:_identify(.) by extension 'colcon_pkg'
[0.335s] Level 1:colcon.colcon_core.package_identification:_identify(.) by extensions ['colcon_meta']
[0.335s] Level 1:colcon.colcon_core.package_identification:_identify(.) by extension 'colcon_meta'
[0.335s] Level 1:colcon.colcon_core.package_identification:_identify(.) by extensions ['ros']
[0.335s] Level 1:colcon.colcon_core.package_identification:_identify(.) by extension 'ros'
[0.346s] Level 1:colcon.colcon_core.package_identification:_identify(.) by extensions ['cmake', 'python']
[0.347s] Level 1:colcon.colcon_core.package_identification:_identify(.) by extension 'cmake'
[0.347s] Level 1:colcon.colcon_core.package_identification:_identify(.) by extension 'python'
[0.347s] Level 1:colcon.colcon_core.package_identification:_identify(.) by extensions ['python_setup_py']
[0.347s] Level 1:colcon.colcon_core.package_identification:_identify(.) by extension 'python_setup_py'
[0.347s] Level 1:colcon.colcon_core.package_identification:_identify(build) by extensions ['ignore', 'ignore_ament_install']
[0.347s] Level 1:colcon.colcon_core.package_identification:_identify(build) by extension 'ignore'
[0.347s] Level 1:colcon.colcon_core.package_identification:_identify(build) ignored
[0.347s] Level 1:colcon.colcon_core.package_identification:_identify(install) by extensions ['ignore', 'ignore_ament_install']
[0.347s] Level 1:colcon.colcon_core.package_identification:_identify(install) by extension 'ignore'
[0.347s] Level 1:colcon.colcon_core.package_identification:_identify(install) ignored
[0.347s] Level 1:colcon.colcon_core.package_identification:_identify(log) by extensions ['ignore', 'ignore_ament_install']
[0.347s] Level 1:colcon.colcon_core.package_identification:_identify(log) by extension 'ignore'
[0.348s] Level 1:colcon.colcon_core.package_identification:_identify(log) ignored
[0.348s] Level 1:colcon.colcon_core.package_identification:_identify(src) by extensions ['ignore', 'ignore_ament_install']
[0.348s] Level 1:colcon.colcon_core.package_identification:_identify(src) by extension 'ignore'
[0.348s] Level 1:colcon.colcon_core.package_identification:_identify(src) by extension 'ignore_ament_install'
[0.348s] Level 1:colcon.colcon_core.package_identification:_identify(src) by extensions ['colcon_pkg']
[0.348s] Level 1:colcon.colcon_core.package_identification:_identify(src) by extension 'colcon_pkg'
[0.348s] Level 1:colcon.colcon_core.package_identification:_identify(src) by extensions ['colcon_meta']
[0.348s] Level 1:colcon.colcon_core.package_identification:_identify(src) by extension 'colcon_meta'
[0.348s] Level 1:colcon.colcon_core.package_identification:_identify(src) by extensions ['ros']
[0.348s] Level 1:colcon.colcon_core.package_identification:_identify(src) by extension 'ros'
[0.348s] Level 1:colcon.colcon_core.package_identification:_identify(src) by extensions ['cmake', 'python']
[0.348s] Level 1:colcon.colcon_core.package_identification:_identify(src) by extension 'cmake'
[0.348s] Level 1:colcon.colcon_core.package_identification:_identify(src) by extension 'python'
[0.348s] Level 1:colcon.colcon_core.package_identification:_identify(src) by extensions ['python_setup_py']
[0.348s] Level 1:colcon.colcon_core.package_identification:_identify(src) by extension 'python_setup_py'
[0.348s] Level 1:colcon.colcon_core.package_identification:_identify(src/main_nodes) by extensions ['ignore', 'ignore_ament_install']
[0.348s] Level 1:colcon.colcon_core.package_identification:_identify(src/main_nodes) by extension 'ignore'
[0.348s] Level 1:colcon.colcon_core.package_identification:_identify(src/main_nodes) by extension 'ignore_ament_install'
[0.348s] Level 1:colcon.colcon_core.package_identification:_identify(src/main_nodes) by extensions ['colcon_pkg']
[0.348s] Level 1:colcon.colcon_core.package_identification:_identify(src/main_nodes) by extension 'colcon_pkg'
[0.348s] Level 1:colcon.colcon_core.package_identification:_identify(src/main_nodes) by extensions ['colcon_meta']
[0.348s] Level 1:colcon.colcon_core.package_identification:_identify(src/main_nodes) by extension 'colcon_meta'
[0.348s] Level 1:colcon.colcon_core.package_identification:_identify(src/main_nodes) by extensions ['ros']
[0.348s] Level 1:colcon.colcon_core.package_identification:_identify(src/main_nodes) by extension 'ros'
[0.350s] DEBUG:colcon.colcon_core.package_identification:Package 'src/main_nodes' with type 'ros.ament_cmake' and name 'main_nodes'
[0.350s] Level 1:colcon.colcon_core.package_discovery:discover_packages(recursive) using defaults
[0.350s] Level 1:colcon.colcon_core.package_discovery:discover_packages(ignore) discover
[0.350s] Level 1:colcon.colcon_core.package_discovery:discover_packages(ignore) using defaults
[0.350s] Level 1:colcon.colcon_core.package_discovery:discover_packages(path) discover
[0.350s] Level 1:colcon.colcon_core.package_discovery:discover_packages(path) using defaults
[0.369s] Level 1:colcon.colcon_core.package_discovery:discover_packages(prefix_path) check parameters
[0.370s] Level 1:colcon.colcon_core.package_discovery:discover_packages(prefix_path) discover
[0.389s] DEBUG:colcon.colcon_installed_package_information.package_discovery:Found 2 installed packages in /home/ibrahim/MoveItArm/install
[0.390s] DEBUG:colcon.colcon_installed_package_information.package_discovery:Found 2 installed packages in /home/ibrahim/RobotArmExpanded/install
[0.390s] DEBUG:colcon.colcon_installed_package_information.package_discovery:Found 2 installed packages in /home/ibrahim/RobotArm/install
[0.390s] DEBUG:colcon.colcon_installed_package_information.package_discovery:Found 1 installed packages in /home/ibrahim/TF2Sample/install
[0.391s] DEBUG:colcon.colcon_installed_package_information.package_discovery:Found 2 installed packages in /home/ibrahim/RobotNav/install
[0.391s] DEBUG:colcon.colcon_installed_package_information.package_discovery:Found 1 installed packages in /home/ibrahim/RobotMonitor/install
[0.391s] DEBUG:colcon.colcon_installed_package_information.package_discovery:Found 2 installed packages in /home/ibrahim/ros2_ws/install
[0.393s] DEBUG:colcon.colcon_installed_package_information.package_discovery:Found 449 installed packages in /opt/ros/humble
[0.395s] Level 1:colcon.colcon_core.package_discovery:discover_packages(prefix_path) using defaults
[0.436s] Level 5:colcon.colcon_core.verb:set package 'main_nodes' build argument 'cmake_args' from command line to 'None'
[0.436s] Level 5:colcon.colcon_core.verb:set package 'main_nodes' build argument 'cmake_target' from command line to 'None'
[0.436s] Level 5:colcon.colcon_core.verb:set package 'main_nodes' build argument 'cmake_target_skip_unavailable' from command line to 'False'
[0.436s] Level 5:colcon.colcon_core.verb:set package 'main_nodes' build argument 'cmake_clean_cache' from command line to 'False'
[0.436s] Level 5:colcon.colcon_core.verb:set package 'main_nodes' build argument 'cmake_clean_first' from command line to 'False'
[0.436s] Level 5:colcon.colcon_core.verb:set package 'main_nodes' build argument 'cmake_force_configure' from command line to 'False'
[0.436s] Level 5:colcon.colcon_core.verb:set package 'main_nodes' build argument 'ament_cmake_args' from command line to 'None'
[0.436s] Level 5:colcon.colcon_core.verb:set package 'main_nodes' build argument 'catkin_cmake_args' from command line to 'None'
[0.436s] Level 5:colcon.colcon_core.verb:set package 'main_nodes' build argument 'catkin_skip_building_tests' from command line to 'False'
[0.436s] DEBUG:colcon.colcon_core.verb:Building package 'main_nodes' with the following arguments: {'ament_cmake_args': None, 'build_base': '/home/ibrahim/MobiArm/build/main_nodes', 'catkin_cmake_args': None, 'catkin_skip_building_tests': False, 'cmake_args': None, 'cmake_clean_cache': False, 'cmake_clean_first': False, 'cmake_force_configure': False, 'cmake_target': None, 'cmake_target_skip_unavailable': False, 'install_base': '/home/ibrahim/MobiArm/install/main_nodes', 'merge_install': False, 'path': '/home/ibrahim/MobiArm/src/main_nodes', 'symlink_install': False, 'test_result_base': None}
[0.437s] INFO:colcon.colcon_core.executor:Executing jobs using 'parallel' executor
[0.438s] DEBUG:colcon.colcon_parallel_executor.executor.parallel:run_until_complete
[0.438s] INFO:colcon.colcon_ros.task.ament_cmake.build:Building ROS package in '/home/ibrahim/MobiArm/src/main_nodes' with build type 'ament_cmake'
[0.438s] INFO:colcon.colcon_cmake.task.cmake.build:Building CMake package in '/home/ibrahim/MobiArm/src/main_nodes'
[0.440s] INFO:colcon.colcon_core.plugin_system:Skipping extension 'colcon_core.shell.bat': Not used on non-Windows systems
[0.440s] INFO:colcon.colcon_core.shell:Skip shell extension 'powershell' for command environment: Not usable outside of PowerShell
[0.440s] DEBUG:colcon.colcon_core.shell:Skip shell extension 'dsv' for command environment
[0.452s] DEBUG:colcon.colcon_core.event_handler.log_command:Invoking command in '/home/ibrahim/MobiArm/build/main_nodes': CMAKE_PREFIX_PATH=${CMAKE_PREFIX_PATH}:/home/ibrahim/RobotArm/install/main_arm_package:/home/ibrahim/RobotArm/install/action_interfaces:/opt/ros/humble /usr/bin/cmake --build /home/ibrahim/MobiArm/build/main_nodes -- -j16 -l16
[0.732s] DEBUG:colcon.colcon_core.event_handler.log_command:Invoked command in '/home/ibrahim/MobiArm/build/main_nodes' returned '0': CMAKE_PREFIX_PATH=${CMAKE_PREFIX_PATH}:/home/ibrahim/RobotArm/install/main_arm_package:/home/ibrahim/RobotArm/install/action_interfaces:/opt/ros/humble /usr/bin/cmake --build /home/ibrahim/MobiArm/build/main_nodes -- -j16 -l16
[0.745s] DEBUG:colcon.colcon_core.event_handler.log_command:Invoking command in '/home/ibrahim/MobiArm/build/main_nodes': CMAKE_PREFIX_PATH=${CMAKE_PREFIX_PATH}:/home/ibrahim/RobotArm/install/main_arm_package:/home/ibrahim/RobotArm/install/action_interfaces:/opt/ros/humble /usr/bin/cmake --install /home/ibrahim/MobiArm/build/main_nodes
[0.762s] Level 1:colcon.colcon_core.environment:create_environment_scripts_only(main_nodes)
[0.763s] DEBUG:colcon.colcon_core.event_handler.log_command:Invoked command in '/home/ibrahim/MobiArm/build/main_nodes' returned '0': CMAKE_PREFIX_PATH=${CMAKE_PREFIX_PATH}:/home/ibrahim/RobotArm/install/main_arm_package:/home/ibrahim/RobotArm/install/action_interfaces:/opt/ros/humble /usr/bin/cmake --install /home/ibrahim/MobiArm/build/main_nodes
[0.765s] Level 1:colcon.colcon_core.environment:checking '/home/ibrahim/MobiArm/install/main_nodes' for CMake module files
[0.765s] Level 1:colcon.colcon_core.environment:checking '/home/ibrahim/MobiArm/install/main_nodes' for CMake config files
[0.766s] Level 1:colcon.colcon_core.shell:create_environment_hook('main_nodes', 'cmake_prefix_path')
[0.766s] INFO:colcon.colcon_core.shell:Creating environment hook '/home/ibrahim/MobiArm/install/main_nodes/share/main_nodes/hook/cmake_prefix_path.ps1'
[0.767s] INFO:colcon.colcon_core.shell:Creating environment descriptor '/home/ibrahim/MobiArm/install/main_nodes/share/main_nodes/hook/cmake_prefix_path.dsv'
[0.767s] INFO:colcon.colcon_core.shell:Creating environment hook '/home/ibrahim/MobiArm/install/main_nodes/share/main_nodes/hook/cmake_prefix_path.sh'
[0.768s] Level 1:colcon.colcon_core.environment:checking '/home/ibrahim/MobiArm/install/main_nodes/lib'
[0.768s] Level 1:colcon.colcon_core.environment:checking '/home/ibrahim/MobiArm/install/main_nodes/bin'
[0.768s] Level 1:colcon.colcon_core.environment:checking '/home/ibrahim/MobiArm/install/main_nodes/lib/pkgconfig/main_nodes.pc'
[0.769s] Level 1:colcon.colcon_core.environment:checking '/home/ibrahim/MobiArm/install/main_nodes/lib/python3.10/site-packages'
[0.769s] Level 1:colcon.colcon_core.environment:checking '/home/ibrahim/MobiArm/install/main_nodes/bin'
[0.770s] INFO:colcon.colcon_core.shell:Creating package script '/home/ibrahim/MobiArm/install/main_nodes/share/main_nodes/package.ps1'
[0.771s] INFO:colcon.colcon_core.shell:Creating package descriptor '/home/ibrahim/MobiArm/install/main_nodes/share/main_nodes/package.dsv'
[0.773s] INFO:colcon.colcon_core.shell:Creating package script '/home/ibrahim/MobiArm/install/main_nodes/share/main_nodes/package.sh'
[0.774s] INFO:colcon.colcon_core.shell:Creating package script '/home/ibrahim/MobiArm/install/main_nodes/share/main_nodes/package.bash'
[0.775s] INFO:colcon.colcon_core.shell:Creating package script '/home/ibrahim/MobiArm/install/main_nodes/share/main_nodes/package.zsh'
[0.776s] Level 1:colcon.colcon_core.environment:create_file_with_runtime_dependencies(/home/ibrahim/MobiArm/install/main_nodes/share/colcon-core/packages/main_nodes)
[0.776s] Level 1:colcon.colcon_core.environment:create_environment_scripts_only(main_nodes)
[0.777s] Level 1:colcon.colcon_core.environment:checking '/home/ibrahim/MobiArm/install/main_nodes' for CMake module files
[0.777s] Level 1:colcon.colcon_core.environment:checking '/home/ibrahim/MobiArm/install/main_nodes' for CMake config files
[0.778s] Level 1:colcon.colcon_core.shell:create_environment_hook('main_nodes', 'cmake_prefix_path')
[0.778s] INFO:colcon.colcon_core.shell:Creating environment hook '/home/ibrahim/MobiArm/install/main_nodes/share/main_nodes/hook/cmake_prefix_path.ps1'
[0.779s] INFO:colcon.colcon_core.shell:Creating environment descriptor '/home/ibrahim/MobiArm/install/main_nodes/share/main_nodes/hook/cmake_prefix_path.dsv'
[0.780s] INFO:colcon.colcon_core.shell:Creating environment hook '/home/ibrahim/MobiArm/install/main_nodes/share/main_nodes/hook/cmake_prefix_path.sh'
[0.780s] Level 1:colcon.colcon_core.environment:checking '/home/ibrahim/MobiArm/install/main_nodes/lib'
[0.780s] Level 1:colcon.colcon_core.environment:checking '/home/ibrahim/MobiArm/install/main_nodes/bin'
[0.780s] Level 1:colcon.colcon_core.environment:checking '/home/ibrahim/MobiArm/install/main_nodes/lib/pkgconfig/main_nodes.pc'
[0.781s] Level 1:colcon.colcon_core.environment:checking '/home/ibrahim/MobiArm/install/main_nodes/lib/python3.10/site-packages'
[0.781s] Level 1:colcon.colcon_core.environment:checking '/home/ibrahim/MobiArm/install/main_nodes/bin'
[0.781s] INFO:colcon.colcon_core.shell:Creating package script '/home/ibrahim/MobiArm/install/main_nodes/share/main_nodes/package.ps1'
[0.782s] INFO:colcon.colcon_core.shell:Creating package descriptor '/home/ibrahim/MobiArm/install/main_nodes/share/main_nodes/package.dsv'
[0.782s] INFO:colcon.colcon_core.shell:Creating package script '/home/ibrahim/MobiArm/install/main_nodes/share/main_nodes/package.sh'
[0.783s] INFO:colcon.colcon_core.shell:Creating package script '/home/ibrahim/MobiArm/install/main_nodes/share/main_nodes/package.bash'
[0.783s] INFO:colcon.colcon_core.shell:Creating package script '/home/ibrahim/MobiArm/install/main_nodes/share/main_nodes/package.zsh'
[0.783s] Level 1:colcon.colcon_core.environment:create_file_with_runtime_dependencies(/home/ibrahim/MobiArm/install/main_nodes/share/colcon-core/packages/main_nodes)
[0.784s] DEBUG:colcon.colcon_parallel_executor.executor.parallel:closing loop
[0.784s] DEBUG:colcon.colcon_parallel_executor.executor.parallel:loop closed
[0.785s] DEBUG:colcon.colcon_parallel_executor.executor.parallel:run_until_complete finished with '0'
[0.785s] DEBUG:colcon.colcon_core.event_reactor:joining thread
[0.830s] INFO:colcon.colcon_core.plugin_system:Skipping extension 'colcon_notification.desktop_notification.notify_send': Could not find 'notify-send'
[0.830s] INFO:colcon.colcon_core.plugin_system:Skipping extension 'colcon_notification.desktop_notification.terminal_notifier': Not used on non-Darwin systems
[0.831s] INFO:colcon.colcon_core.plugin_system:Skipping extension 'colcon_notification.desktop_notification.win32': Not used on non-Windows systems
[0.831s] INFO:colcon.colcon_notification.desktop_notification:Sending desktop notification using 'notify2'
[0.831s] DEBUG:colcon.colcon_notification.desktop_notification.notify2:Failed to initialize notify2: org.freedesktop.DBus.Error.FileNotFound: Failed to connect to socket /run/user/1000/bus: No such file or directory
[0.831s] DEBUG:colcon.colcon_core.event_reactor:joined thread
[0.831s] INFO:colcon.colcon_core.shell:Creating prefix script '/home/ibrahim/MobiArm/install/local_setup.ps1'
[0.832s] INFO:colcon.colcon_core.shell:Creating prefix util module '/home/ibrahim/MobiArm/install/_local_setup_util_ps1.py'
[0.833s] INFO:colcon.colcon_core.shell:Creating prefix chain script '/home/ibrahim/MobiArm/install/setup.ps1'
[0.835s] INFO:colcon.colcon_core.shell:Creating prefix script '/home/ibrahim/MobiArm/install/local_setup.sh'
[0.836s] INFO:colcon.colcon_core.shell:Creating prefix util module '/home/ibrahim/MobiArm/install/_local_setup_util_sh.py'
[0.836s] INFO:colcon.colcon_core.shell:Creating prefix chain script '/home/ibrahim/MobiArm/install/setup.sh'
[0.838s] INFO:colcon.colcon_core.shell:Creating prefix script '/home/ibrahim/MobiArm/install/local_setup.bash'
[0.838s] INFO:colcon.colcon_core.shell:Creating prefix chain script '/home/ibrahim/MobiArm/install/setup.bash'
[0.839s] INFO:colcon.colcon_core.shell:Creating prefix script '/home/ibrahim/MobiArm/install/local_setup.zsh'
[0.840s] INFO:colcon.colcon_core.shell:Creating prefix chain script '/home/ibrahim/MobiArm/install/setup.zsh'
