[0.066s] Invoking command in '/home/ibrahim/MobiArm/build/moveit_config': AMENT_PREFIX_PATH=/home/ibrahim/MobiArm/install/main_nodes:${AMENT_PREFIX_PATH} CMAKE_PREFIX_PATH=/home/ibrahim/MobiArm/install/main_nodes:/home/ibrahim/RobotArmExpanded/install/main_arm_package:/home/ibrahim/RobotArmExpanded/install/action_interfaces:/home/ibrahim/MoveItArm/install/moveit_config:/home/ibrahim/MoveItArm/install/moveit_arm_package:/home/ibrahim/TF2Sample/install/tf2sim:/home/ibrahim/RobotNav/install/main_robot_nodes:/home/ibrahim/RobotNav/install/action_interfaces:/home/ibrahim/RobotMonitor/install/Robot3Node_Package:/home/ibrahim/ros2_ws/install/my_first_package:/home/ibrahim/ros2_ws/install/action_interfaces:/home/ibrahim/RobotArm/install/main_arm_package:/home/ibrahim/RobotArm/install/action_interfaces:/opt/ros/humble /usr/bin/cmake --build /home/ibrahim/MobiArm/build/moveit_config -- -j16 -l16
[0.091s] -- Found ament_cmake: 1.3.14 (/opt/ros/humble/share/ament_cmake/cmake)
[0.268s] -- Configuring done
[0.272s] -- Generating done
[0.275s] -- Build files have been written to: /home/ibrahim/MobiArm/build/moveit_config
[0.304s] Invoked command in '/home/ibrahim/MobiArm/build/moveit_config' returned '0': AMENT_PREFIX_PATH=/home/ibrahim/MobiArm/install/main_nodes:${AMENT_PREFIX_PATH} CMAKE_PREFIX_PATH=/home/ibrahim/MobiArm/install/main_nodes:/home/ibrahim/RobotArmExpanded/install/main_arm_package:/home/ibrahim/RobotArmExpanded/install/action_interfaces:/home/ibrahim/MoveItArm/install/moveit_config:/home/ibrahim/MoveItArm/install/moveit_arm_package:/home/ibrahim/TF2Sample/install/tf2sim:/home/ibrahim/RobotNav/install/main_robot_nodes:/home/ibrahim/RobotNav/install/action_interfaces:/home/ibrahim/RobotMonitor/install/Robot3Node_Package:/home/ibrahim/ros2_ws/install/my_first_package:/home/ibrahim/ros2_ws/install/action_interfaces:/home/ibrahim/RobotArm/install/main_arm_package:/home/ibrahim/RobotArm/install/action_interfaces:/opt/ros/humble /usr/bin/cmake --build /home/ibrahim/MobiArm/build/moveit_config -- -j16 -l16
[0.307s] Invoking command in '/home/ibrahim/MobiArm/build/moveit_config': AMENT_PREFIX_PATH=/home/ibrahim/MobiArm/install/main_nodes:${AMENT_PREFIX_PATH} CMAKE_PREFIX_PATH=/home/ibrahim/MobiArm/install/main_nodes:/home/ibrahim/RobotArmExpanded/install/main_arm_package:/home/ibrahim/RobotArmExpanded/install/action_interfaces:/home/ibrahim/MoveItArm/install/moveit_config:/home/ibrahim/MoveItArm/install/moveit_arm_package:/home/ibrahim/TF2Sample/install/tf2sim:/home/ibrahim/RobotNav/install/main_robot_nodes:/home/ibrahim/RobotNav/install/action_interfaces:/home/ibrahim/RobotMonitor/install/Robot3Node_Package:/home/ibrahim/ros2_ws/install/my_first_package:/home/ibrahim/ros2_ws/install/action_interfaces:/home/ibrahim/RobotArm/install/main_arm_package:/home/ibrahim/RobotArm/install/action_interfaces:/opt/ros/humble /usr/bin/cmake --install /home/ibrahim/MobiArm/build/moveit_config
[0.315s] -- Install configuration: ""
[0.315s] -- Installing: /home/ibrahim/MobiArm/install/moveit_config/share/ament_index/resource_index/package_run_dependencies/moveit_config
[0.315s] -- Up-to-date: /home/ibrahim/MobiArm/install/moveit_config/share/ament_index/resource_index/parent_prefix_path/moveit_config
[0.316s] -- Up-to-date: /home/ibrahim/MobiArm/install/moveit_config/share/moveit_config/environment/ament_prefix_path.sh
[0.316s] -- Installing: /home/ibrahim/MobiArm/install/moveit_config/share/moveit_config/environment/ament_prefix_path.dsv
[0.316s] -- Up-to-date: /home/ibrahim/MobiArm/install/moveit_config/share/moveit_config/environment/path.sh
[0.316s] -- Installing: /home/ibrahim/MobiArm/install/moveit_config/share/moveit_config/environment/path.dsv
[0.316s] -- Up-to-date: /home/ibrahim/MobiArm/install/moveit_config/share/moveit_config/local_setup.bash
[0.316s] -- Up-to-date: /home/ibrahim/MobiArm/install/moveit_config/share/moveit_config/local_setup.sh
[0.317s] -- Up-to-date: /home/ibrahim/MobiArm/install/moveit_config/share/moveit_config/local_setup.zsh
[0.317s] -- Installing: /home/ibrahim/MobiArm/install/moveit_config/share/moveit_config/local_setup.dsv
[0.317s] -- Installing: /home/ibrahim/MobiArm/install/moveit_config/share/moveit_config/package.dsv
[0.317s] -- Up-to-date: /home/ibrahim/MobiArm/install/moveit_config/share/ament_index/resource_index/packages/moveit_config
[0.317s] -- Up-to-date: /home/ibrahim/MobiArm/install/moveit_config/share/moveit_config/cmake/moveit_configConfig.cmake
[0.317s] -- Up-to-date: /home/ibrahim/MobiArm/install/moveit_config/share/moveit_config/cmake/moveit_configConfig-version.cmake
[0.317s] -- Installing: /home/ibrahim/MobiArm/install/moveit_config/share/moveit_config/package.xml
[0.318s] -- Up-to-date: /home/ibrahim/MobiArm/install/moveit_config/share/moveit_config/launch
[0.318s] -- Up-to-date: /home/ibrahim/MobiArm/install/moveit_config/share/moveit_config/launch/move_group.launch.py
[0.318s] -- Up-to-date: /home/ibrahim/MobiArm/install/moveit_config/share/moveit_config/launch/static_virtual_joint_tfs.launch.py
[0.318s] -- Up-to-date: /home/ibrahim/MobiArm/install/moveit_config/share/moveit_config/launch/spawn_controllers.launch.py
[0.318s] -- Installing: /home/ibrahim/MobiArm/install/moveit_config/share/moveit_config/launch/gazebo.launch.py
[0.319s] -- Up-to-date: /home/ibrahim/MobiArm/install/moveit_config/share/moveit_config/launch/rsp.launch.py
[0.319s] -- Up-to-date: /home/ibrahim/MobiArm/install/moveit_config/share/moveit_config/launch/moveit_rviz.launch.py
[0.319s] -- Up-to-date: /home/ibrahim/MobiArm/install/moveit_config/share/moveit_config/launch/warehouse_db.launch.py
[0.319s] -- Up-to-date: /home/ibrahim/MobiArm/install/moveit_config/share/moveit_config/launch/demo.launch.py
[0.319s] -- Up-to-date: /home/ibrahim/MobiArm/install/moveit_config/share/moveit_config/launch/setup_assistant.launch.py
[0.319s] -- Up-to-date: /home/ibrahim/MobiArm/install/moveit_config/share/moveit_config/config
[0.319s] -- Installing: /home/ibrahim/MobiArm/install/moveit_config/share/moveit_config/config/mobiarm.ros2_control.xacro
[0.320s] -- Up-to-date: /home/ibrahim/MobiArm/install/moveit_config/share/moveit_config/config/initial_positions.yaml
[0.320s] -- Up-to-date: /home/ibrahim/MobiArm/install/moveit_config/share/moveit_config/config/kinematics.yaml
[0.320s] -- Installing: /home/ibrahim/MobiArm/install/moveit_config/share/moveit_config/config/mobiarm.urdf.xacro
[0.320s] -- Up-to-date: /home/ibrahim/MobiArm/install/moveit_config/share/moveit_config/config/moveit_controllers.yaml
[0.321s] -- Up-to-date: /home/ibrahim/MobiArm/install/moveit_config/share/moveit_config/config/moveit.rviz
[0.321s] -- Up-to-date: /home/ibrahim/MobiArm/install/moveit_config/share/moveit_config/config/pilz_cartesian_limits.yaml
[0.321s] -- Up-to-date: /home/ibrahim/MobiArm/install/moveit_config/share/moveit_config/config/mobiarm.srdf
[0.321s] -- Up-to-date: /home/ibrahim/MobiArm/install/moveit_config/share/moveit_config/config/joint_limits.yaml
[0.321s] -- Up-to-date: /home/ibrahim/MobiArm/install/moveit_config/share/moveit_config/config/ros2_controllers.yaml
[0.321s] -- Up-to-date: /home/ibrahim/MobiArm/install/moveit_config/share/moveit_config/.setup_assistant
[0.324s] Invoked command in '/home/ibrahim/MobiArm/build/moveit_config' returned '0': AMENT_PREFIX_PATH=/home/ibrahim/MobiArm/install/main_nodes:${AMENT_PREFIX_PATH} CMAKE_PREFIX_PATH=/home/ibrahim/MobiArm/install/main_nodes:/home/ibrahim/RobotArmExpanded/install/main_arm_package:/home/ibrahim/RobotArmExpanded/install/action_interfaces:/home/ibrahim/MoveItArm/install/moveit_config:/home/ibrahim/MoveItArm/install/moveit_arm_package:/home/ibrahim/TF2Sample/install/tf2sim:/home/ibrahim/RobotNav/install/main_robot_nodes:/home/ibrahim/RobotNav/install/action_interfaces:/home/ibrahim/RobotMonitor/install/Robot3Node_Package:/home/ibrahim/ros2_ws/install/my_first_package:/home/ibrahim/ros2_ws/install/action_interfaces:/home/ibrahim/RobotArm/install/main_arm_package:/home/ibrahim/RobotArm/install/action_interfaces:/opt/ros/humble /usr/bin/cmake --install /home/ibrahim/MobiArm/build/moveit_config
