/home/ibrahim/MobiArm/src/main_nodes/src/TravelPose.cpp: In function ‘int main(int, char**)’:
/home/ibrahim/MobiArm/src/main_nodes/src/TravelPose.cpp:16:26: error: ‘std_srvs’ was not declared in this scope
   16 |     node->create_service<std_srvs::srv::Trigger>("travel_pose", [&](const std::shared_ptr<std_srvs::srv::Trigger::Request> request,
      |                          ^~~~~~~~
/home/ibrahim/MobiArm/src/main_nodes/src/TravelPose.cpp:16:11: error: parse error in template argument list
   16 |     node->create_service<std_srvs::srv::Trigger>("travel_pose", [&](const std::shared_ptr<std_srvs::srv::Trigger::Request> request,
      |           ^~~~~~~~~~~~~~~~~~~~~~~~~~~~~~~~~~~~~~
/home/ibrahim/MobiArm/src/main_nodes/src/TravelPose.cpp: In lambda function:
/home/ibrahim/MobiArm/src/main_nodes/src/TravelPose.cpp:19:19: error: base operand of ‘->’ is not a pointer
   19 |           response->success = true;
      |                   ^~
/home/ibrahim/MobiArm/src/main_nodes/src/TravelPose.cpp:20:19: error: base operand of ‘->’ is not a pointer
   20 |           response->message = "Travel pose service called";
      |                   ^~
/home/ibrahim/MobiArm/src/main_nodes/src/TravelPose.cpp:21:11: error: ‘travel_process’ was not declared in this scope
   21 |           travel_process();
      |           ^~~~~~~~~~~~~~
/home/ibrahim/MobiArm/src/main_nodes/src/TravelPose.cpp:16:124: warning: unused parameter ‘request’ [-Wunused-parameter]
   16 |     node->create_service<std_srvs::srv::Trigger>("travel_pose", [&](const std::shared_ptr<std_srvs::srv::Trigger::Request> request,
      |                                                                     ~~~~~~~~~~~~~~~~~~~~~~~~~~~~~~~~~~~~~~~~~~~~~~~~~~~~~~~^~~~~~~
/home/ibrahim/MobiArm/src/main_nodes/src/TravelPose.cpp: In function ‘int main(int, char**)’:
/home/ibrahim/MobiArm/src/main_nodes/src/TravelPose.cpp:16:49: error: no matching function for call to ‘rclcpp::Node::create_service<<expression error> >(const char [12], main(int, char**)::<lambda(int, int)>)’
   16 |     node->create_service<std_srvs::srv::Trigger>("travel_pose", [&](const std::shared_ptr<std_srvs::srv::Trigger::Request> request,
      |     ~~~~~~~~~~~~~~~~~~~~~~~~~~~~~~~~~~~~~~~~~~~~^~~~~~~~~~~~~~~~~~~~~~~~~~~~~~~~~~~~~~~~~~~~~~~~~~~~~~~~~~~~~~~~~~~~~~~~~~~~~~~~~~~
   17 |       std::shared_ptr<std_srvs::srv::Trigger::Response> response){
      |       ~~~~~~~~~~~~~~~~~~~~~~~~~~~~~~~~~~~~~~~~~~~~~~~~~~~~~~~~~~~~
   18 |           RCLCPP_INFO(logger, "Travel pose service called");
      |           ~~~~~~~~~~~~~~~~~~~~~~~~~~~~~~~~~~~~~~~~~~~~~~~~~~
   19 |           response->success = true;
      |           ~~~~~~~~~~~~~~~~~~~~~~~~~              
   20 |           response->message = "Travel pose service called";
      |           ~~~~~~~~~~~~~~~~~~~~~~~~~~~~~~~~~~~~~~~~~~~~~~~~~
   21 |           travel_process();
      |           ~~~~~~~~~~~~~~~~~                      
   22 |           return true;
      |           ~~~~~~~~~~~~                           
   23 |       });
      |       ~~                                         
In file included from /opt/ros/humble/include/rclcpp/rclcpp/executors/single_threaded_executor.hpp:28,
                 from /opt/ros/humble/include/rclcpp/rclcpp/executors.hpp:22,
                 from /opt/ros/humble/include/rclcpp/rclcpp/rclcpp.hpp:155,
                 from /home/ibrahim/MobiArm/src/main_nodes/src/TravelPose.cpp:1:
/opt/ros/humble/include/rclcpp/rclcpp/node.hpp:267:3: note: candidate: ‘template<class ServiceT, class CallbackT> typename rclcpp::Service<ServiceT>::SharedPtr rclcpp::Node::create_service(const string&, CallbackT&&, const rmw_qos_profile_t&, rclcpp::CallbackGroup::SharedPtr)’
  267 |   create_service(
      |   ^~~~~~~~~~~~~~
/opt/ros/humble/include/rclcpp/rclcpp/node.hpp:267:3: note:   template argument deduction/substitution failed:
/home/ibrahim/MobiArm/src/main_nodes/src/TravelPose.cpp:16:49: error: template argument 1 is invalid
   16 |     node->create_service<std_srvs::srv::Trigger>("travel_pose", [&](const std::shared_ptr<std_srvs::srv::Trigger::Request> request,
      |     ~~~~~~~~~~~~~~~~~~~~~~~~~~~~~~~~~~~~~~~~~~~~^~~~~~~~~~~~~~~~~~~~~~~~~~~~~~~~~~~~~~~~~~~~~~~~~~~~~~~~~~~~~~~~~~~~~~~~~~~~~~~~~~~
   17 |       std::shared_ptr<std_srvs::srv::Trigger::Response> response){
      |       ~~~~~~~~~~~~~~~~~~~~~~~~~~~~~~~~~~~~~~~~~~~~~~~~~~~~~~~~~~~~
   18 |           RCLCPP_INFO(logger, "Travel pose service called");
      |           ~~~~~~~~~~~~~~~~~~~~~~~~~~~~~~~~~~~~~~~~~~~~~~~~~~
   19 |           response->success = true;
      |           ~~~~~~~~~~~~~~~~~~~~~~~~~              
   20 |           response->message = "Travel pose service called";
      |           ~~~~~~~~~~~~~~~~~~~~~~~~~~~~~~~~~~~~~~~~~~~~~~~~~
   21 |           travel_process();
      |           ~~~~~~~~~~~~~~~~~                      
   22 |           return true;
      |           ~~~~~~~~~~~~                           
   23 |       });
      |       ~~                                         
/home/ibrahim/MobiArm/src/main_nodes/src/TravelPose.cpp:52:5: error: expected ‘,’ or ‘;’ before ‘rclcpp’
   52 |     rclcpp::shutdown(); spin_thread.join();
      |     ^~~~~~
/home/ibrahim/MobiArm/src/main_nodes/src/ArmPickup.cpp: In function ‘int main(int, char**)’:
/home/ibrahim/MobiArm/src/main_nodes/src/ArmPickup.cpp:32:26: error: ‘std_srvs’ was not declared in this scope
   32 |     node->create_service<std_srvs::srv::Trigger>("pickup", [&](const std::shared_ptr<std_srvs::srv::Trigger::Request> req,  std::shared_ptr<std_srvs::srv::Trigger::Response> response){
      |                          ^~~~~~~~
/home/ibrahim/MobiArm/src/main_nodes/src/ArmPickup.cpp:32:11: error: parse error in template argument list
   32 |     node->create_service<std_srvs::srv::Trigger>("pickup", [&](const std::shared_ptr<std_srvs::srv::Trigger::Request> req,  std::shared_ptr<std_srvs::srv::Trigger::Response> response){
      |           ^~~~~~~~~~~~~~~~~~~~~~~~~~~~~~~~~~~~~~
/home/ibrahim/MobiArm/src/main_nodes/src/ArmPickup.cpp: In lambda function:
/home/ibrahim/MobiArm/src/main_nodes/src/ArmPickup.cpp:34:17: error: base operand of ‘->’ is not a pointer
   34 |         response->success = true;
      |                 ^~
/home/ibrahim/MobiArm/src/main_nodes/src/ArmPickup.cpp:35:17: error: base operand of ‘->’ is not a pointer
   35 |         response->message = "pick pose service called";
      |                 ^~
/home/ibrahim/MobiArm/src/main_nodes/src/ArmPickup.cpp:36:9: error: ‘run’ was not declared in this scope
   36 |         run();
      |         ^~~
/home/ibrahim/MobiArm/src/main_nodes/src/ArmPickup.cpp:32:119: warning: unused parameter ‘req’ [-Wunused-parameter]
   32 |     node->create_service<std_srvs::srv::Trigger>("pickup", [&](const std::shared_ptr<std_srvs::srv::Trigger::Request> req,  std::shared_ptr<std_srvs::srv::Trigger::Response> response){
      |                                                                ~~~~~~~~~~~~~~~~~~~~~~~~~~~~~~~~~~~~~~~~~~~~~~~~~~~~~~~^~~
/home/ibrahim/MobiArm/src/main_nodes/src/ArmPickup.cpp: In function ‘int main(int, char**)’:
/home/ibrahim/MobiArm/src/main_nodes/src/ArmPickup.cpp:32:49: error: no matching function for call to ‘rclcpp::Node::create_service<<expression error> >(const char [7], main(int, char**)::<lambda(int, int)>)’
   32 |     node->create_service<std_srvs::srv::Trigger>("pickup", [&](const std::shared_ptr<std_srvs::srv::Trigger::Request> req,  std::shared_ptr<std_srvs::srv::Trigger::Response> response){
      |     ~~~~~~~~~~~~~~~~~~~~~~~~~~~~~~~~~~~~~~~~~~~~^~~~~~~~~~~~~~~~~~~~~~~~~~~~~~~~~~~~~~~~~~~~~~~~~~~~~~~~~~~~~~~~~~~~~~~~~~~~~~~~~~~~~~~~~~~~~~~~~~~~~~~~~~~~~~~~~~~~~~~~~~~~~~~~~~~~~~~~
   33 |         RCLCPP_INFO(logger, "pick service called");
      |         ~~~~~~~~~~~~~~~~~~~~~~~~~~~~~~~~~~~~~~~~~~~
   34 |         response->success = true;
      |         ~~~~~~~~~~~~~~~~~~~~~~~~~                
   35 |         response->message = "pick pose service called";
      |         ~~~~~~~~~~~~~~~~~~~~~~~~~~~~~~~~~~~~~~~~~~~~~~~
   36 |         run();
      |         ~~~~~~                                   
   37 |         return true;
      |         ~~~~~~~~~~~~                             
   38 |     });
      |     ~~                                           
In file included from /opt/ros/humble/include/rclcpp/rclcpp/executors/single_threaded_executor.hpp:28,
                 from /opt/ros/humble/include/rclcpp/rclcpp/executors.hpp:22,
                 from /opt/ros/humble/include/rclcpp/rclcpp/rclcpp.hpp:155,
                 from /home/ibrahim/MobiArm/src/main_nodes/src/ArmPickup.cpp:1:
/opt/ros/humble/include/rclcpp/rclcpp/node.hpp:267:3: note: candidate: ‘template<class ServiceT, class CallbackT> typename rclcpp::Service<ServiceT>::SharedPtr rclcpp::Node::create_service(const string&, CallbackT&&, const rmw_qos_profile_t&, rclcpp::CallbackGroup::SharedPtr)’
  267 |   create_service(
      |   ^~~~~~~~~~~~~~
/opt/ros/humble/include/rclcpp/rclcpp/node.hpp:267:3: note:   template argument deduction/substitution failed:
/home/ibrahim/MobiArm/src/main_nodes/src/ArmPickup.cpp:32:49: error: template argument 1 is invalid
   32 |     node->create_service<std_srvs::srv::Trigger>("pickup", [&](const std::shared_ptr<std_srvs::srv::Trigger::Request> req,  std::shared_ptr<std_srvs::srv::Trigger::Response> response){
      |     ~~~~~~~~~~~~~~~~~~~~~~~~~~~~~~~~~~~~~~~~~~~~^~~~~~~~~~~~~~~~~~~~~~~~~~~~~~~~~~~~~~~~~~~~~~~~~~~~~~~~~~~~~~~~~~~~~~~~~~~~~~~~~~~~~~~~~~~~~~~~~~~~~~~~~~~~~~~~~~~~~~~~~~~~~~~~~~~~~~~~
   33 |         RCLCPP_INFO(logger, "pick service called");
      |         ~~~~~~~~~~~~~~~~~~~~~~~~~~~~~~~~~~~~~~~~~~~
   34 |         response->success = true;
      |         ~~~~~~~~~~~~~~~~~~~~~~~~~                
   35 |         response->message = "pick pose service called";
      |         ~~~~~~~~~~~~~~~~~~~~~~~~~~~~~~~~~~~~~~~~~~~~~~~
   36 |         run();
      |         ~~~~~~                                   
   37 |         return true;
      |         ~~~~~~~~~~~~                             
   38 |     });
      |     ~~                                           
/home/ibrahim/MobiArm/src/main_nodes/src/ArmPickup.cpp:182:5: error: expected ‘,’ or ‘;’ before ‘rclcpp’
  182 |     rclcpp::shutdown();
      |     ^~~~~~
gmake[2]: *** [CMakeFiles/TravelPose.dir/build.make:76: CMakeFiles/TravelPose.dir/src/TravelPose.cpp.o] Error 1
gmake[2]: Target 'CMakeFiles/TravelPose.dir/build' not remade because of errors.
gmake[1]: *** [CMakeFiles/Makefile2:171: CMakeFiles/TravelPose.dir/all] Error 2
gmake[2]: *** [CMakeFiles/ArmPickup.dir/build.make:76: CMakeFiles/ArmPickup.dir/src/ArmPickup.cpp.o] Error 1
gmake[2]: Target 'CMakeFiles/ArmPickup.dir/build' not remade because of errors.
gmake[1]: *** [CMakeFiles/Makefile2:249: CMakeFiles/ArmPickup.dir/all] Error 2
gmake[1]: Target 'all' not remade because of errors.
gmake: *** [Makefile:146: all] Error 2
gmake: Target 'default_target' not remade because of errors.
