[0.016s] Invoking command in '/home/ibrahim/MobiArm/build/bin_interface': CMAKE_PREFIX_PATH=${CMAKE_PREFIX_PATH}:/home/ibrahim/RobotArm/install/main_arm_package:/home/ibrahim/RobotArm/install/action_interfaces:/opt/ros/humble /usr/bin/cmake --build /home/ibrahim/MobiArm/build/bin_interface -- -j16 -l16
[0.038s] -- Found ament_cmake: 1.3.14 (/opt/ros/humble/share/ament_cmake/cmake)
[0.159s] -- Found geometry_msgs: 4.9.1 (/opt/ros/humble/share/geometry_msgs/cmake)
[0.333s] -- Found rosidl_generator_c: 3.1.8 (/opt/ros/humble/share/rosidl_generator_c/cmake)
[0.344s] -- Found rosidl_adapter: 3.1.8 (/opt/ros/humble/share/rosidl_adapter/cmake)
[0.355s] -- Found rosidl_generator_cpp: 3.1.8 (/opt/ros/humble/share/rosidl_generator_cpp/cmake)
[0.373s] -- Using all available rosidl_typesupport_c: rosidl_typesupport_fastrtps_c;rosidl_typesupport_introspection_c
[0.394s] -- Using all available rosidl_typesupport_cpp: rosidl_typesupport_fastrtps_cpp;rosidl_typesupport_introspection_cpp
[0.434s] -- Found rosidl_default_generators: 1.2.1 (/opt/ros/humble/share/rosidl_default_generators/cmake)
[0.637s] [31mCMake Error at /opt/ros/humble/share/rosidl_cmake/cmake/rosidl_generate_interfaces.cmake:229 (message):
[0.638s]   Packages installing interfaces must include
[0.638s]   '<member_of_group>rosidl_interface_packages</member_of_group>' in their
[0.638s]   package.xml
[0.638s] Call Stack (most recent call first):
[0.638s]   CMakeLists.txt:16 (rosidl_generate_interfaces)
[0.638s] 
[0.638s] [0m
[0.638s] -- Configuring incomplete, errors occurred!
[0.638s] See also "/home/ibrahim/MobiArm/build/bin_interface/CMakeFiles/CMakeOutput.log".
[0.644s] gmake: *** [Makefile:226: cmake_check_build_system] Error 1
[0.646s] Invoked command in '/home/ibrahim/MobiArm/build/bin_interface' returned '2': CMAKE_PREFIX_PATH=${CMAKE_PREFIX_PATH}:/home/ibrahim/RobotArm/install/main_arm_package:/home/ibrahim/RobotArm/install/action_interfaces:/opt/ros/humble /usr/bin/cmake --build /home/ibrahim/MobiArm/build/bin_interface -- -j16 -l16
