[0.514s] DEBUG:colcon:Command line arguments: ['/usr/bin/colcon', 'build', '--packages-select', 'moveit_config', '--allow-overriding', 'moveit_config']
[0.514s] DEBUG:colcon:Parsed command line arguments: Namespace(log_base=None, log_level=None, verb_name='build', build_base='build', install_base='install', merge_install=False, symlink_install=False, test_result_base=None, continue_on_error=False, executor='parallel', parallel_workers=16, event_handlers=None, ignore_user_meta=False, metas=['./colcon.meta'], base_paths=['.'], packages_ignore=None, packages_ignore_regex=None, paths=None, packages_up_to=None, packages_up_to_regex=None, packages_above=None, packages_above_and_dependencies=None, packages_above_depth=None, packages_select_by_dep=None, packages_skip_by_dep=None, packages_skip_up_to=None, packages_select_build_failed=False, packages_skip_build_finished=False, packages_select_test_failures=False, packages_skip_test_passed=False, packages_select=['moveit_config'], packages_skip=None, packages_select_regex=None, packages_skip_regex=None, packages_start=None, packages_end=None, allow_overriding=['moveit_config'], cmake_args=None, cmake_target=None, cmake_target_skip_unavailable=False, cmake_clean_cache=False, cmake_clean_first=False, cmake_force_configure=False, ament_cmake_args=None, catkin_cmake_args=None, catkin_skip_building_tests=False, verb_parser=<colcon_defaults.argument_parser.defaults.DefaultArgumentsDecorator object at 0x7976c59498a0>, verb_extension=<colcon_core.verb.build.BuildVerb object at 0x7976c59492a0>, main=<bound method BuildVerb.main of <colcon_core.verb.build.BuildVerb object at 0x7976c59492a0>>)
[0.966s] Level 1:colcon.colcon_core.package_discovery:discover_packages(colcon_meta) check parameters
[0.967s] Level 1:colcon.colcon_core.package_discovery:discover_packages(recursive) check parameters
[0.967s] Level 1:colcon.colcon_core.package_discovery:discover_packages(ignore) check parameters
[0.967s] Level 1:colcon.colcon_core.package_discovery:discover_packages(path) check parameters
[0.967s] Level 1:colcon.colcon_core.package_discovery:discover_packages(colcon_meta) discover
[0.967s] Level 1:colcon.colcon_core.package_discovery:discover_packages(recursive) discover
[0.967s] INFO:colcon.colcon_core.package_discovery:Crawling recursively for packages in '/home/ibrahim/MobiArm'
[0.967s] Level 1:colcon.colcon_core.package_identification:_identify(.) by extensions ['ignore', 'ignore_ament_install']
[0.967s] Level 1:colcon.colcon_core.package_identification:_identify(.) by extension 'ignore'
[0.967s] Level 1:colcon.colcon_core.package_identification:_identify(.) by extension 'ignore_ament_install'
[0.968s] Level 1:colcon.colcon_core.package_identification:_identify(.) by extensions ['colcon_pkg']
[0.968s] Level 1:colcon.colcon_core.package_identification:_identify(.) by extension 'colcon_pkg'
[0.968s] Level 1:colcon.colcon_core.package_identification:_identify(.) by extensions ['colcon_meta']
[0.968s] Level 1:colcon.colcon_core.package_identification:_identify(.) by extension 'colcon_meta'
[0.968s] Level 1:colcon.colcon_core.package_identification:_identify(.) by extensions ['ros']
[0.969s] Level 1:colcon.colcon_core.package_identification:_identify(.) by extension 'ros'
[1.004s] Level 1:colcon.colcon_core.package_identification:_identify(.) by extensions ['cmake', 'python']
[1.004s] Level 1:colcon.colcon_core.package_identification:_identify(.) by extension 'cmake'
[1.005s] Level 1:colcon.colcon_core.package_identification:_identify(.) by extension 'python'
[1.005s] Level 1:colcon.colcon_core.package_identification:_identify(.) by extensions ['python_setup_py']
[1.005s] Level 1:colcon.colcon_core.package_identification:_identify(.) by extension 'python_setup_py'
[1.005s] Level 1:colcon.colcon_core.package_identification:_identify(build) by extensions ['ignore', 'ignore_ament_install']
[1.006s] Level 1:colcon.colcon_core.package_identification:_identify(build) by extension 'ignore'
[1.006s] Level 1:colcon.colcon_core.package_identification:_identify(build) ignored
[1.006s] Level 1:colcon.colcon_core.package_identification:_identify(install) by extensions ['ignore', 'ignore_ament_install']
[1.007s] Level 1:colcon.colcon_core.package_identification:_identify(install) by extension 'ignore'
[1.007s] Level 1:colcon.colcon_core.package_identification:_identify(install) ignored
[1.007s] Level 1:colcon.colcon_core.package_identification:_identify(log) by extensions ['ignore', 'ignore_ament_install']
[1.007s] Level 1:colcon.colcon_core.package_identification:_identify(log) by extension 'ignore'
[1.007s] Level 1:colcon.colcon_core.package_identification:_identify(log) ignored
[1.007s] Level 1:colcon.colcon_core.package_identification:_identify(src) by extensions ['ignore', 'ignore_ament_install']
[1.008s] Level 1:colcon.colcon_core.package_identification:_identify(src) by extension 'ignore'
[1.008s] Level 1:colcon.colcon_core.package_identification:_identify(src) by extension 'ignore_ament_install'
[1.008s] Level 1:colcon.colcon_core.package_identification:_identify(src) by extensions ['colcon_pkg']
[1.008s] Level 1:colcon.colcon_core.package_identification:_identify(src) by extension 'colcon_pkg'
[1.008s] Level 1:colcon.colcon_core.package_identification:_identify(src) by extensions ['colcon_meta']
[1.008s] Level 1:colcon.colcon_core.package_identification:_identify(src) by extension 'colcon_meta'
[1.008s] Level 1:colcon.colcon_core.package_identification:_identify(src) by extensions ['ros']
[1.008s] Level 1:colcon.colcon_core.package_identification:_identify(src) by extension 'ros'
[1.008s] Level 1:colcon.colcon_core.package_identification:_identify(src) by extensions ['cmake', 'python']
[1.008s] Level 1:colcon.colcon_core.package_identification:_identify(src) by extension 'cmake'
[1.009s] Level 1:colcon.colcon_core.package_identification:_identify(src) by extension 'python'
[1.009s] Level 1:colcon.colcon_core.package_identification:_identify(src) by extensions ['python_setup_py']
[1.009s] Level 1:colcon.colcon_core.package_identification:_identify(src) by extension 'python_setup_py'
[1.009s] Level 1:colcon.colcon_core.package_identification:_identify(src/IFRA_LinkAttacher) by extensions ['ignore', 'ignore_ament_install']
[1.009s] Level 1:colcon.colcon_core.package_identification:_identify(src/IFRA_LinkAttacher) by extension 'ignore'
[1.009s] Level 1:colcon.colcon_core.package_identification:_identify(src/IFRA_LinkAttacher) by extension 'ignore_ament_install'
[1.009s] Level 1:colcon.colcon_core.package_identification:_identify(src/IFRA_LinkAttacher) by extensions ['colcon_pkg']
[1.009s] Level 1:colcon.colcon_core.package_identification:_identify(src/IFRA_LinkAttacher) by extension 'colcon_pkg'
[1.009s] Level 1:colcon.colcon_core.package_identification:_identify(src/IFRA_LinkAttacher) by extensions ['colcon_meta']
[1.009s] Level 1:colcon.colcon_core.package_identification:_identify(src/IFRA_LinkAttacher) by extension 'colcon_meta'
[1.009s] Level 1:colcon.colcon_core.package_identification:_identify(src/IFRA_LinkAttacher) by extensions ['ros']
[1.010s] Level 1:colcon.colcon_core.package_identification:_identify(src/IFRA_LinkAttacher) by extension 'ros'
[1.010s] Level 1:colcon.colcon_core.package_identification:_identify(src/IFRA_LinkAttacher) by extensions ['cmake', 'python']
[1.010s] Level 1:colcon.colcon_core.package_identification:_identify(src/IFRA_LinkAttacher) by extension 'cmake'
[1.010s] Level 1:colcon.colcon_core.package_identification:_identify(src/IFRA_LinkAttacher) by extension 'python'
[1.010s] Level 1:colcon.colcon_core.package_identification:_identify(src/IFRA_LinkAttacher) by extensions ['python_setup_py']
[1.010s] Level 1:colcon.colcon_core.package_identification:_identify(src/IFRA_LinkAttacher) by extension 'python_setup_py'
[1.010s] Level 1:colcon.colcon_core.package_identification:_identify(src/IFRA_LinkAttacher/linkattacher_msgs) by extensions ['ignore', 'ignore_ament_install']
[1.010s] Level 1:colcon.colcon_core.package_identification:_identify(src/IFRA_LinkAttacher/linkattacher_msgs) by extension 'ignore'
[1.011s] Level 1:colcon.colcon_core.package_identification:_identify(src/IFRA_LinkAttacher/linkattacher_msgs) by extension 'ignore_ament_install'
[1.011s] Level 1:colcon.colcon_core.package_identification:_identify(src/IFRA_LinkAttacher/linkattacher_msgs) by extensions ['colcon_pkg']
[1.011s] Level 1:colcon.colcon_core.package_identification:_identify(src/IFRA_LinkAttacher/linkattacher_msgs) by extension 'colcon_pkg'
[1.011s] Level 1:colcon.colcon_core.package_identification:_identify(src/IFRA_LinkAttacher/linkattacher_msgs) by extensions ['colcon_meta']
[1.011s] Level 1:colcon.colcon_core.package_identification:_identify(src/IFRA_LinkAttacher/linkattacher_msgs) by extension 'colcon_meta'
[1.011s] Level 1:colcon.colcon_core.package_identification:_identify(src/IFRA_LinkAttacher/linkattacher_msgs) by extensions ['ros']
[1.011s] Level 1:colcon.colcon_core.package_identification:_identify(src/IFRA_LinkAttacher/linkattacher_msgs) by extension 'ros'
[1.020s] DEBUG:colcon.colcon_core.package_identification:Package 'src/IFRA_LinkAttacher/linkattacher_msgs' with type 'ros.ament_cmake' and name 'linkattacher_msgs'
[1.021s] Level 1:colcon.colcon_core.package_identification:_identify(src/IFRA_LinkAttacher/ros2_LinkAttacher) by extensions ['ignore', 'ignore_ament_install']
[1.021s] Level 1:colcon.colcon_core.package_identification:_identify(src/IFRA_LinkAttacher/ros2_LinkAttacher) by extension 'ignore'
[1.021s] Level 1:colcon.colcon_core.package_identification:_identify(src/IFRA_LinkAttacher/ros2_LinkAttacher) by extension 'ignore_ament_install'
[1.022s] Level 1:colcon.colcon_core.package_identification:_identify(src/IFRA_LinkAttacher/ros2_LinkAttacher) by extensions ['colcon_pkg']
[1.022s] Level 1:colcon.colcon_core.package_identification:_identify(src/IFRA_LinkAttacher/ros2_LinkAttacher) by extension 'colcon_pkg'
[1.022s] Level 1:colcon.colcon_core.package_identification:_identify(src/IFRA_LinkAttacher/ros2_LinkAttacher) by extensions ['colcon_meta']
[1.022s] Level 1:colcon.colcon_core.package_identification:_identify(src/IFRA_LinkAttacher/ros2_LinkAttacher) by extension 'colcon_meta'
[1.022s] Level 1:colcon.colcon_core.package_identification:_identify(src/IFRA_LinkAttacher/ros2_LinkAttacher) by extensions ['ros']
[1.022s] Level 1:colcon.colcon_core.package_identification:_identify(src/IFRA_LinkAttacher/ros2_LinkAttacher) by extension 'ros'
[1.024s] DEBUG:colcon.colcon_core.package_identification:Package 'src/IFRA_LinkAttacher/ros2_LinkAttacher' with type 'ros.ament_cmake' and name 'ros2_linkattacher'
[1.025s] Level 1:colcon.colcon_core.package_identification:_identify(src/bin_interfaces) by extensions ['ignore', 'ignore_ament_install']
[1.025s] Level 1:colcon.colcon_core.package_identification:_identify(src/bin_interfaces) by extension 'ignore'
[1.025s] Level 1:colcon.colcon_core.package_identification:_identify(src/bin_interfaces) by extension 'ignore_ament_install'
[1.025s] Level 1:colcon.colcon_core.package_identification:_identify(src/bin_interfaces) by extensions ['colcon_pkg']
[1.025s] Level 1:colcon.colcon_core.package_identification:_identify(src/bin_interfaces) by extension 'colcon_pkg'
[1.025s] Level 1:colcon.colcon_core.package_identification:_identify(src/bin_interfaces) by extensions ['colcon_meta']
[1.025s] Level 1:colcon.colcon_core.package_identification:_identify(src/bin_interfaces) by extension 'colcon_meta'
[1.025s] Level 1:colcon.colcon_core.package_identification:_identify(src/bin_interfaces) by extensions ['ros']
[1.025s] Level 1:colcon.colcon_core.package_identification:_identify(src/bin_interfaces) by extension 'ros'
[1.026s] DEBUG:colcon.colcon_core.package_identification:Package 'src/bin_interfaces' with type 'ros.ament_cmake' and name 'bin_interfaces'
[1.027s] Level 1:colcon.colcon_core.package_identification:_identify(src/main_nodes) by extensions ['ignore', 'ignore_ament_install']
[1.027s] Level 1:colcon.colcon_core.package_identification:_identify(src/main_nodes) by extension 'ignore'
[1.027s] Level 1:colcon.colcon_core.package_identification:_identify(src/main_nodes) by extension 'ignore_ament_install'
[1.028s] Level 1:colcon.colcon_core.package_identification:_identify(src/main_nodes) by extensions ['colcon_pkg']
[1.028s] Level 1:colcon.colcon_core.package_identification:_identify(src/main_nodes) by extension 'colcon_pkg'
[1.028s] Level 1:colcon.colcon_core.package_identification:_identify(src/main_nodes) by extensions ['colcon_meta']
[1.028s] Level 1:colcon.colcon_core.package_identification:_identify(src/main_nodes) by extension 'colcon_meta'
[1.029s] Level 1:colcon.colcon_core.package_identification:_identify(src/main_nodes) by extensions ['ros']
[1.029s] Level 1:colcon.colcon_core.package_identification:_identify(src/main_nodes) by extension 'ros'
[1.032s] DEBUG:colcon.colcon_core.package_identification:Package 'src/main_nodes' with type 'ros.ament_cmake' and name 'main_nodes'
[1.033s] Level 1:colcon.colcon_core.package_identification:_identify(src/moveit_config) by extensions ['ignore', 'ignore_ament_install']
[1.033s] Level 1:colcon.colcon_core.package_identification:_identify(src/moveit_config) by extension 'ignore'
[1.034s] Level 1:colcon.colcon_core.package_identification:_identify(src/moveit_config) by extension 'ignore_ament_install'
[1.034s] Level 1:colcon.colcon_core.package_identification:_identify(src/moveit_config) by extensions ['colcon_pkg']
[1.034s] Level 1:colcon.colcon_core.package_identification:_identify(src/moveit_config) by extension 'colcon_pkg'
[1.034s] Level 1:colcon.colcon_core.package_identification:_identify(src/moveit_config) by extensions ['colcon_meta']
[1.034s] Level 1:colcon.colcon_core.package_identification:_identify(src/moveit_config) by extension 'colcon_meta'
[1.034s] Level 1:colcon.colcon_core.package_identification:_identify(src/moveit_config) by extensions ['ros']
[1.034s] Level 1:colcon.colcon_core.package_identification:_identify(src/moveit_config) by extension 'ros'
[1.036s] DEBUG:colcon.colcon_core.package_identification:Package 'src/moveit_config' with type 'ros.ament_cmake' and name 'moveit_config'
[1.036s] Level 1:colcon.colcon_core.package_discovery:discover_packages(recursive) using defaults
[1.036s] Level 1:colcon.colcon_core.package_discovery:discover_packages(ignore) discover
[1.036s] Level 1:colcon.colcon_core.package_discovery:discover_packages(ignore) using defaults
[1.036s] Level 1:colcon.colcon_core.package_discovery:discover_packages(path) discover
[1.036s] Level 1:colcon.colcon_core.package_discovery:discover_packages(path) using defaults
[1.132s] INFO:colcon.colcon_core.package_selection:Skipping not selected package 'bin_interfaces' in 'src/bin_interfaces'
[1.132s] INFO:colcon.colcon_core.package_selection:Skipping not selected package 'linkattacher_msgs' in 'src/IFRA_LinkAttacher/linkattacher_msgs'
[1.132s] INFO:colcon.colcon_core.package_selection:Skipping not selected package 'main_nodes' in 'src/main_nodes'
[1.132s] INFO:colcon.colcon_core.package_selection:Skipping not selected package 'ros2_linkattacher' in 'src/IFRA_LinkAttacher/ros2_LinkAttacher'
[1.133s] Level 1:colcon.colcon_core.package_discovery:discover_packages(prefix_path) check parameters
[1.133s] Level 1:colcon.colcon_core.package_discovery:discover_packages(prefix_path) discover
[1.148s] DEBUG:colcon.colcon_installed_package_information.package_discovery:Found 6 installed packages in /home/ibrahim/MobiArm/install
[1.149s] DEBUG:colcon.colcon_installed_package_information.package_discovery:Found 2 installed packages in /home/ibrahim/MoveItArm/install
[1.149s] DEBUG:colcon.colcon_installed_package_information.package_discovery:Found 2 installed packages in /home/ibrahim/RobotArmExpanded/install
[1.150s] DEBUG:colcon.colcon_installed_package_information.package_discovery:Found 2 installed packages in /home/ibrahim/RobotArm/install
[1.151s] DEBUG:colcon.colcon_installed_package_information.package_discovery:Found 1 installed packages in /home/ibrahim/TF2Sample/install
[1.152s] DEBUG:colcon.colcon_installed_package_information.package_discovery:Found 2 installed packages in /home/ibrahim/RobotNav/install
[1.153s] DEBUG:colcon.colcon_installed_package_information.package_discovery:Found 1 installed packages in /home/ibrahim/RobotMonitor/install
[1.153s] DEBUG:colcon.colcon_installed_package_information.package_discovery:Found 2 installed packages in /home/ibrahim/ros2_ws/install
[1.159s] DEBUG:colcon.colcon_installed_package_information.package_discovery:Found 449 installed packages in /opt/ros/humble
[1.163s] Level 1:colcon.colcon_core.package_discovery:discover_packages(prefix_path) using defaults
[1.269s] Level 5:colcon.colcon_core.verb:set package 'moveit_config' build argument 'cmake_args' from command line to 'None'
[1.269s] Level 5:colcon.colcon_core.verb:set package 'moveit_config' build argument 'cmake_target' from command line to 'None'
[1.269s] Level 5:colcon.colcon_core.verb:set package 'moveit_config' build argument 'cmake_target_skip_unavailable' from command line to 'False'
[1.269s] Level 5:colcon.colcon_core.verb:set package 'moveit_config' build argument 'cmake_clean_cache' from command line to 'False'
[1.269s] Level 5:colcon.colcon_core.verb:set package 'moveit_config' build argument 'cmake_clean_first' from command line to 'False'
[1.269s] Level 5:colcon.colcon_core.verb:set package 'moveit_config' build argument 'cmake_force_configure' from command line to 'False'
[1.269s] Level 5:colcon.colcon_core.verb:set package 'moveit_config' build argument 'ament_cmake_args' from command line to 'None'
[1.269s] Level 5:colcon.colcon_core.verb:set package 'moveit_config' build argument 'catkin_cmake_args' from command line to 'None'
[1.269s] Level 5:colcon.colcon_core.verb:set package 'moveit_config' build argument 'catkin_skip_building_tests' from command line to 'False'
[1.269s] DEBUG:colcon.colcon_core.verb:Building package 'moveit_config' with the following arguments: {'ament_cmake_args': None, 'build_base': '/home/ibrahim/MobiArm/build/moveit_config', 'catkin_cmake_args': None, 'catkin_skip_building_tests': False, 'cmake_args': None, 'cmake_clean_cache': False, 'cmake_clean_first': False, 'cmake_force_configure': False, 'cmake_target': None, 'cmake_target_skip_unavailable': False, 'install_base': '/home/ibrahim/MobiArm/install/moveit_config', 'merge_install': False, 'path': '/home/ibrahim/MobiArm/src/moveit_config', 'symlink_install': False, 'test_result_base': None}
[1.270s] INFO:colcon.colcon_core.executor:Executing jobs using 'parallel' executor
[1.271s] DEBUG:colcon.colcon_parallel_executor.executor.parallel:run_until_complete
[1.272s] INFO:colcon.colcon_ros.task.ament_cmake.build:Building ROS package in '/home/ibrahim/MobiArm/src/moveit_config' with build type 'ament_cmake'
[1.272s] INFO:colcon.colcon_cmake.task.cmake.build:Building CMake package in '/home/ibrahim/MobiArm/src/moveit_config'
[1.279s] INFO:colcon.colcon_core.plugin_system:Skipping extension 'colcon_core.shell.bat': Not used on non-Windows systems
[1.280s] INFO:colcon.colcon_core.shell:Skip shell extension 'powershell' for command environment: Not usable outside of PowerShell
[1.280s] DEBUG:colcon.colcon_core.shell:Skip shell extension 'dsv' for command environment
[1.865s] DEBUG:colcon.colcon_core.event_handler.log_command:Invoking command in '/home/ibrahim/MobiArm/build/moveit_config': CMAKE_PREFIX_PATH=/home/ibrahim/MobiArm/install/main_nodes:/home/ibrahim/MobiArm/install/linkattacher_msgs:/home/ibrahim/MobiArm/install/bin_interfaces:/home/ibrahim/MobiArm/install/ros2_linkattacher:/home/ibrahim/MobiArm/install/moveit_config:/home/ibrahim/MobiArm/install/bin_interface:/home/ibrahim/RobotArmExpanded/install/main_arm_package:/home/ibrahim/RobotArmExpanded/install/action_interfaces:/home/ibrahim/MoveItArm/install/moveit_config:/home/ibrahim/MoveItArm/install/moveit_arm_package:/home/ibrahim/TF2Sample/install/tf2sim:/home/ibrahim/RobotNav/install/main_robot_nodes:/home/ibrahim/RobotNav/install/action_interfaces:/home/ibrahim/RobotMonitor/install/Robot3Node_Package:/home/ibrahim/ros2_ws/install/my_first_package:/home/ibrahim/ros2_ws/install/action_interfaces:/home/ibrahim/RobotArm/install/main_arm_package:/home/ibrahim/RobotArm/install/action_interfaces:/opt/ros/humble LD_LIBRARY_PATH=/home/ibrahim/MobiArm/install/linkattacher_msgs/lib:/home/ibrahim/MobiArm/install/bin_interfaces/lib:/home/ibrahim/MobiArm/install/ros2_linkattacher/lib:/home/ibrahim/MobiArm/install/bin_interface/lib:/home/ibrahim/RobotArmExpanded/install/action_interfaces/lib:/home/ibrahim/RobotArm/install/action_interfaces/lib:/home/ibrahim/RobotNav/install/action_interfaces/lib:/home/ibrahim/ros2_ws/install/action_interfaces/lib:/usr/lib/x86_64-linux-gnu/gazebo-11/plugins:/opt/ros/humble/opt/rviz_ogre_vendor/lib:/opt/ros/humble/lib/x86_64-linux-gnu:/opt/ros/humble/lib /usr/bin/cmake --build /home/ibrahim/MobiArm/build/moveit_config -- -j16 -l16
[2.079s] DEBUG:colcon.colcon_core.event_handler.log_command:Invoked command in '/home/ibrahim/MobiArm/build/moveit_config' returned '0': CMAKE_PREFIX_PATH=/home/ibrahim/MobiArm/install/main_nodes:/home/ibrahim/MobiArm/install/linkattacher_msgs:/home/ibrahim/MobiArm/install/bin_interfaces:/home/ibrahim/MobiArm/install/ros2_linkattacher:/home/ibrahim/MobiArm/install/moveit_config:/home/ibrahim/MobiArm/install/bin_interface:/home/ibrahim/RobotArmExpanded/install/main_arm_package:/home/ibrahim/RobotArmExpanded/install/action_interfaces:/home/ibrahim/MoveItArm/install/moveit_config:/home/ibrahim/MoveItArm/install/moveit_arm_package:/home/ibrahim/TF2Sample/install/tf2sim:/home/ibrahim/RobotNav/install/main_robot_nodes:/home/ibrahim/RobotNav/install/action_interfaces:/home/ibrahim/RobotMonitor/install/Robot3Node_Package:/home/ibrahim/ros2_ws/install/my_first_package:/home/ibrahim/ros2_ws/install/action_interfaces:/home/ibrahim/RobotArm/install/main_arm_package:/home/ibrahim/RobotArm/install/action_interfaces:/opt/ros/humble LD_LIBRARY_PATH=/home/ibrahim/MobiArm/install/linkattacher_msgs/lib:/home/ibrahim/MobiArm/install/bin_interfaces/lib:/home/ibrahim/MobiArm/install/ros2_linkattacher/lib:/home/ibrahim/MobiArm/install/bin_interface/lib:/home/ibrahim/RobotArmExpanded/install/action_interfaces/lib:/home/ibrahim/RobotArm/install/action_interfaces/lib:/home/ibrahim/RobotNav/install/action_interfaces/lib:/home/ibrahim/ros2_ws/install/action_interfaces/lib:/usr/lib/x86_64-linux-gnu/gazebo-11/plugins:/opt/ros/humble/opt/rviz_ogre_vendor/lib:/opt/ros/humble/lib/x86_64-linux-gnu:/opt/ros/humble/lib /usr/bin/cmake --build /home/ibrahim/MobiArm/build/moveit_config -- -j16 -l16
[2.109s] DEBUG:colcon.colcon_core.event_handler.log_command:Invoking command in '/home/ibrahim/MobiArm/build/moveit_config': CMAKE_PREFIX_PATH=/home/ibrahim/MobiArm/install/main_nodes:/home/ibrahim/MobiArm/install/linkattacher_msgs:/home/ibrahim/MobiArm/install/bin_interfaces:/home/ibrahim/MobiArm/install/ros2_linkattacher:/home/ibrahim/MobiArm/install/moveit_config:/home/ibrahim/MobiArm/install/bin_interface:/home/ibrahim/RobotArmExpanded/install/main_arm_package:/home/ibrahim/RobotArmExpanded/install/action_interfaces:/home/ibrahim/MoveItArm/install/moveit_config:/home/ibrahim/MoveItArm/install/moveit_arm_package:/home/ibrahim/TF2Sample/install/tf2sim:/home/ibrahim/RobotNav/install/main_robot_nodes:/home/ibrahim/RobotNav/install/action_interfaces:/home/ibrahim/RobotMonitor/install/Robot3Node_Package:/home/ibrahim/ros2_ws/install/my_first_package:/home/ibrahim/ros2_ws/install/action_interfaces:/home/ibrahim/RobotArm/install/main_arm_package:/home/ibrahim/RobotArm/install/action_interfaces:/opt/ros/humble LD_LIBRARY_PATH=/home/ibrahim/MobiArm/install/linkattacher_msgs/lib:/home/ibrahim/MobiArm/install/bin_interfaces/lib:/home/ibrahim/MobiArm/install/ros2_linkattacher/lib:/home/ibrahim/MobiArm/install/bin_interface/lib:/home/ibrahim/RobotArmExpanded/install/action_interfaces/lib:/home/ibrahim/RobotArm/install/action_interfaces/lib:/home/ibrahim/RobotNav/install/action_interfaces/lib:/home/ibrahim/ros2_ws/install/action_interfaces/lib:/usr/lib/x86_64-linux-gnu/gazebo-11/plugins:/opt/ros/humble/opt/rviz_ogre_vendor/lib:/opt/ros/humble/lib/x86_64-linux-gnu:/opt/ros/humble/lib /usr/bin/cmake --install /home/ibrahim/MobiArm/build/moveit_config
[2.224s] Level 1:colcon.colcon_core.environment:create_environment_scripts_only(moveit_config)
[2.226s] DEBUG:colcon.colcon_core.event_handler.log_command:Invoked command in '/home/ibrahim/MobiArm/build/moveit_config' returned '0': CMAKE_PREFIX_PATH=/home/ibrahim/MobiArm/install/main_nodes:/home/ibrahim/MobiArm/install/linkattacher_msgs:/home/ibrahim/MobiArm/install/bin_interfaces:/home/ibrahim/MobiArm/install/ros2_linkattacher:/home/ibrahim/MobiArm/install/moveit_config:/home/ibrahim/MobiArm/install/bin_interface:/home/ibrahim/RobotArmExpanded/install/main_arm_package:/home/ibrahim/RobotArmExpanded/install/action_interfaces:/home/ibrahim/MoveItArm/install/moveit_config:/home/ibrahim/MoveItArm/install/moveit_arm_package:/home/ibrahim/TF2Sample/install/tf2sim:/home/ibrahim/RobotNav/install/main_robot_nodes:/home/ibrahim/RobotNav/install/action_interfaces:/home/ibrahim/RobotMonitor/install/Robot3Node_Package:/home/ibrahim/ros2_ws/install/my_first_package:/home/ibrahim/ros2_ws/install/action_interfaces:/home/ibrahim/RobotArm/install/main_arm_package:/home/ibrahim/RobotArm/install/action_interfaces:/opt/ros/humble LD_LIBRARY_PATH=/home/ibrahim/MobiArm/install/linkattacher_msgs/lib:/home/ibrahim/MobiArm/install/bin_interfaces/lib:/home/ibrahim/MobiArm/install/ros2_linkattacher/lib:/home/ibrahim/MobiArm/install/bin_interface/lib:/home/ibrahim/RobotArmExpanded/install/action_interfaces/lib:/home/ibrahim/RobotArm/install/action_interfaces/lib:/home/ibrahim/RobotNav/install/action_interfaces/lib:/home/ibrahim/ros2_ws/install/action_interfaces/lib:/usr/lib/x86_64-linux-gnu/gazebo-11/plugins:/opt/ros/humble/opt/rviz_ogre_vendor/lib:/opt/ros/humble/lib/x86_64-linux-gnu:/opt/ros/humble/lib /usr/bin/cmake --install /home/ibrahim/MobiArm/build/moveit_config
[2.235s] Level 1:colcon.colcon_core.environment:checking '/home/ibrahim/MobiArm/install/moveit_config' for CMake module files
[2.236s] Level 1:colcon.colcon_core.environment:checking '/home/ibrahim/MobiArm/install/moveit_config' for CMake config files
[2.237s] Level 1:colcon.colcon_core.shell:create_environment_hook('moveit_config', 'cmake_prefix_path')
[2.237s] INFO:colcon.colcon_core.shell:Creating environment hook '/home/ibrahim/MobiArm/install/moveit_config/share/moveit_config/hook/cmake_prefix_path.ps1'
[2.239s] INFO:colcon.colcon_core.shell:Creating environment descriptor '/home/ibrahim/MobiArm/install/moveit_config/share/moveit_config/hook/cmake_prefix_path.dsv'
[2.240s] INFO:colcon.colcon_core.shell:Creating environment hook '/home/ibrahim/MobiArm/install/moveit_config/share/moveit_config/hook/cmake_prefix_path.sh'
[2.241s] Level 1:colcon.colcon_core.environment:checking '/home/ibrahim/MobiArm/install/moveit_config/bin'
[2.241s] Level 1:colcon.colcon_core.environment:checking '/home/ibrahim/MobiArm/install/moveit_config/lib/pkgconfig/moveit_config.pc'
[2.241s] Level 1:colcon.colcon_core.environment:checking '/home/ibrahim/MobiArm/install/moveit_config/lib/python3.10/site-packages'
[2.242s] Level 1:colcon.colcon_core.environment:checking '/home/ibrahim/MobiArm/install/moveit_config/bin'
[2.242s] INFO:colcon.colcon_core.shell:Creating package script '/home/ibrahim/MobiArm/install/moveit_config/share/moveit_config/package.ps1'
[2.245s] INFO:colcon.colcon_core.shell:Creating package descriptor '/home/ibrahim/MobiArm/install/moveit_config/share/moveit_config/package.dsv'
[2.248s] INFO:colcon.colcon_core.shell:Creating package script '/home/ibrahim/MobiArm/install/moveit_config/share/moveit_config/package.sh'
[2.251s] INFO:colcon.colcon_core.shell:Creating package script '/home/ibrahim/MobiArm/install/moveit_config/share/moveit_config/package.bash'
[2.254s] INFO:colcon.colcon_core.shell:Creating package script '/home/ibrahim/MobiArm/install/moveit_config/share/moveit_config/package.zsh'
[2.256s] Level 1:colcon.colcon_core.environment:create_file_with_runtime_dependencies(/home/ibrahim/MobiArm/install/moveit_config/share/colcon-core/packages/moveit_config)
[2.257s] Level 1:colcon.colcon_core.environment:create_environment_scripts_only(moveit_config)
[2.257s] Level 1:colcon.colcon_core.environment:checking '/home/ibrahim/MobiArm/install/moveit_config' for CMake module files
[2.258s] Level 1:colcon.colcon_core.environment:checking '/home/ibrahim/MobiArm/install/moveit_config' for CMake config files
[2.259s] Level 1:colcon.colcon_core.shell:create_environment_hook('moveit_config', 'cmake_prefix_path')
[2.259s] INFO:colcon.colcon_core.shell:Creating environment hook '/home/ibrahim/MobiArm/install/moveit_config/share/moveit_config/hook/cmake_prefix_path.ps1'
[2.260s] INFO:colcon.colcon_core.shell:Creating environment descriptor '/home/ibrahim/MobiArm/install/moveit_config/share/moveit_config/hook/cmake_prefix_path.dsv'
[2.261s] INFO:colcon.colcon_core.shell:Creating environment hook '/home/ibrahim/MobiArm/install/moveit_config/share/moveit_config/hook/cmake_prefix_path.sh'
[2.261s] Level 1:colcon.colcon_core.environment:checking '/home/ibrahim/MobiArm/install/moveit_config/bin'
[2.262s] Level 1:colcon.colcon_core.environment:checking '/home/ibrahim/MobiArm/install/moveit_config/lib/pkgconfig/moveit_config.pc'
[2.262s] Level 1:colcon.colcon_core.environment:checking '/home/ibrahim/MobiArm/install/moveit_config/lib/python3.10/site-packages'
[2.263s] Level 1:colcon.colcon_core.environment:checking '/home/ibrahim/MobiArm/install/moveit_config/bin'
[2.264s] INFO:colcon.colcon_core.shell:Creating package script '/home/ibrahim/MobiArm/install/moveit_config/share/moveit_config/package.ps1'
[2.266s] INFO:colcon.colcon_core.shell:Creating package descriptor '/home/ibrahim/MobiArm/install/moveit_config/share/moveit_config/package.dsv'
[2.267s] INFO:colcon.colcon_core.shell:Creating package script '/home/ibrahim/MobiArm/install/moveit_config/share/moveit_config/package.sh'
[2.268s] INFO:colcon.colcon_core.shell:Creating package script '/home/ibrahim/MobiArm/install/moveit_config/share/moveit_config/package.bash'
[2.270s] INFO:colcon.colcon_core.shell:Creating package script '/home/ibrahim/MobiArm/install/moveit_config/share/moveit_config/package.zsh'
[2.270s] Level 1:colcon.colcon_core.environment:create_file_with_runtime_dependencies(/home/ibrahim/MobiArm/install/moveit_config/share/colcon-core/packages/moveit_config)
[2.272s] DEBUG:colcon.colcon_parallel_executor.executor.parallel:closing loop
[2.273s] DEBUG:colcon.colcon_parallel_executor.executor.parallel:loop closed
[2.273s] DEBUG:colcon.colcon_parallel_executor.executor.parallel:run_until_complete finished with '0'
[2.273s] DEBUG:colcon.colcon_core.event_reactor:joining thread
[2.401s] INFO:colcon.colcon_core.plugin_system:Skipping extension 'colcon_notification.desktop_notification.notify_send': Could not find 'notify-send'
[2.402s] INFO:colcon.colcon_core.plugin_system:Skipping extension 'colcon_notification.desktop_notification.terminal_notifier': Not used on non-Darwin systems
[2.402s] INFO:colcon.colcon_core.plugin_system:Skipping extension 'colcon_notification.desktop_notification.win32': Not used on non-Windows systems
[2.402s] INFO:colcon.colcon_notification.desktop_notification:Sending desktop notification using 'notify2'
[2.403s] DEBUG:colcon.colcon_notification.desktop_notification.notify2:Failed to initialize notify2: org.freedesktop.DBus.Error.FileNotFound: Failed to connect to socket /run/user/1000/bus: No such file or directory
[2.403s] DEBUG:colcon.colcon_core.event_reactor:joined thread
[2.403s] INFO:colcon.colcon_core.shell:Creating prefix script '/home/ibrahim/MobiArm/install/local_setup.ps1'
[2.406s] INFO:colcon.colcon_core.shell:Creating prefix util module '/home/ibrahim/MobiArm/install/_local_setup_util_ps1.py'
[2.409s] INFO:colcon.colcon_core.shell:Creating prefix chain script '/home/ibrahim/MobiArm/install/setup.ps1'
[2.414s] INFO:colcon.colcon_core.shell:Creating prefix script '/home/ibrahim/MobiArm/install/local_setup.sh'
[2.416s] INFO:colcon.colcon_core.shell:Creating prefix util module '/home/ibrahim/MobiArm/install/_local_setup_util_sh.py'
[2.418s] INFO:colcon.colcon_core.shell:Creating prefix chain script '/home/ibrahim/MobiArm/install/setup.sh'
[2.422s] INFO:colcon.colcon_core.shell:Creating prefix script '/home/ibrahim/MobiArm/install/local_setup.bash'
[2.424s] INFO:colcon.colcon_core.shell:Creating prefix chain script '/home/ibrahim/MobiArm/install/setup.bash'
[2.429s] INFO:colcon.colcon_core.shell:Creating prefix script '/home/ibrahim/MobiArm/install/local_setup.zsh'
[2.431s] INFO:colcon.colcon_core.shell:Creating prefix chain script '/home/ibrahim/MobiArm/install/setup.zsh'
