[0.013s] Invoking command in '/home/ibrahim/MobiArm/build/main_nodes': CMAKE_PREFIX_PATH=${CMAKE_PREFIX_PATH}:/home/ibrahim/RobotArm/install/main_arm_package:/home/ibrahim/RobotArm/install/action_interfaces:/opt/ros/humble /usr/bin/cmake --build /home/ibrahim/MobiArm/build/main_nodes -- -j16 -l16
[0.073s] [ 50%] Built target RunNode
[0.081s] [100%] Built target TravelPose
[0.094s] Invoked command in '/home/ibrahim/MobiArm/build/main_nodes' returned '0': CMAKE_PREFIX_PATH=${CMAKE_PREFIX_PATH}:/home/ibrahim/RobotArm/install/main_arm_package:/home/ibrahim/RobotArm/install/action_interfaces:/opt/ros/humble /usr/bin/cmake --build /home/ibrahim/MobiArm/build/main_nodes -- -j16 -l16
[0.105s] Invoking command in '/home/ibrahim/MobiArm/build/main_nodes': CMAKE_PREFIX_PATH=${CMAKE_PREFIX_PATH}:/home/ibrahim/RobotArm/install/main_arm_package:/home/ibrahim/RobotArm/install/action_interfaces:/opt/ros/humble /usr/bin/cmake --install /home/ibrahim/MobiArm/build/main_nodes
[0.112s] -- Install configuration: ""
[0.112s] -- Execute custom install script
[0.112s] -- Up-to-date symlink: /home/ibrahim/MobiArm/install/main_nodes/lib/main_nodes/TravelPose
[0.112s] -- Up-to-date symlink: /home/ibrahim/MobiArm/install/main_nodes/lib/main_nodes/RunNode
[0.113s] -- Up-to-date symlink: /home/ibrahim/MobiArm/install/main_nodes/share/main_nodes/launch/display.launch.py
[0.113s] -- Up-to-date symlink: /home/ibrahim/MobiArm/install/main_nodes/share/main_nodes/launch/gazebo.launch.py
[0.113s] -- Up-to-date symlink: /home/ibrahim/MobiArm/install/main_nodes/share/main_nodes/urdf/arm.urdf.xacro
[0.113s] -- Up-to-date symlink: /home/ibrahim/MobiArm/install/main_nodes/share/main_nodes/urdf/base.urdf.xacro
[0.114s] -- Up-to-date symlink: /home/ibrahim/MobiArm/install/main_nodes/share/main_nodes/urdf/robot.urdf.xacro
[0.114s] -- Up-to-date symlink: /home/ibrahim/MobiArm/install/main_nodes/share/main_nodes/rviz/model.rviz
[0.114s] -- Up-to-date symlink: /home/ibrahim/MobiArm/install/main_nodes/share/main_nodes/worlds/world.sdf
[0.114s] -- Up-to-date symlink: /home/ibrahim/MobiArm/install/main_nodes/share/main_nodes/config/nav2_params.yaml
[0.114s] -- Up-to-date symlink: /home/ibrahim/MobiArm/install/main_nodes/share/main_nodes/config/slam_toolbox.yaml
[0.114s] -- Up-to-date symlink: /home/ibrahim/MobiArm/install/main_nodes/share/ament_index/resource_index/package_run_dependencies/main_nodes
[0.115s] -- Up-to-date symlink: /home/ibrahim/MobiArm/install/main_nodes/share/ament_index/resource_index/parent_prefix_path/main_nodes
[0.115s] -- Up-to-date symlink: /home/ibrahim/MobiArm/install/main_nodes/share/main_nodes/environment/ament_prefix_path.sh
[0.115s] -- Up-to-date symlink: /home/ibrahim/MobiArm/install/main_nodes/share/main_nodes/environment/ament_prefix_path.dsv
[0.116s] -- Up-to-date symlink: /home/ibrahim/MobiArm/install/main_nodes/share/main_nodes/environment/path.sh
[0.116s] -- Up-to-date symlink: /home/ibrahim/MobiArm/install/main_nodes/share/main_nodes/environment/path.dsv
[0.116s] -- Up-to-date symlink: /home/ibrahim/MobiArm/install/main_nodes/share/main_nodes/local_setup.bash
[0.116s] -- Up-to-date symlink: /home/ibrahim/MobiArm/install/main_nodes/share/main_nodes/local_setup.sh
[0.116s] -- Up-to-date symlink: /home/ibrahim/MobiArm/install/main_nodes/share/main_nodes/local_setup.zsh
[0.116s] -- Up-to-date symlink: /home/ibrahim/MobiArm/install/main_nodes/share/main_nodes/local_setup.dsv
[0.116s] -- Symlinking: /home/ibrahim/MobiArm/install/main_nodes/share/main_nodes/package.dsv
[0.125s] -- Up-to-date symlink: /home/ibrahim/MobiArm/install/main_nodes/share/ament_index/resource_index/packages/main_nodes
[0.126s] -- Up-to-date symlink: /home/ibrahim/MobiArm/install/main_nodes/share/main_nodes/cmake/main_nodesConfig.cmake
[0.126s] -- Up-to-date symlink: /home/ibrahim/MobiArm/install/main_nodes/share/main_nodes/cmake/main_nodesConfig-version.cmake
[0.126s] -- Up-to-date symlink: /home/ibrahim/MobiArm/install/main_nodes/share/main_nodes/package.xml
[0.128s] Invoked command in '/home/ibrahim/MobiArm/build/main_nodes' returned '0': CMAKE_PREFIX_PATH=${CMAKE_PREFIX_PATH}:/home/ibrahim/RobotArm/install/main_arm_package:/home/ibrahim/RobotArm/install/action_interfaces:/opt/ros/humble /usr/bin/cmake --install /home/ibrahim/MobiArm/build/main_nodes
