[0.092s] Invoking command in '/home/ibrahim/MobiArm/build/ros2_linkattacher': AMENT_PREFIX_PATH=/home/ibrahim/MobiArm/install/linkattacher_msgs:${AMENT_PREFIX_PATH} CMAKE_PREFIX_PATH=/home/ibrahim/MobiArm/install/linkattacher_msgs:/home/ibrahim/RobotArmExpanded/install/main_arm_package:/home/ibrahim/RobotArmExpanded/install/action_interfaces:/home/ibrahim/MoveItArm/install/moveit_config:/home/ibrahim/MoveItArm/install/moveit_arm_package:/home/ibrahim/TF2Sample/install/tf2sim:/home/ibrahim/RobotNav/install/main_robot_nodes:/home/ibrahim/RobotNav/install/action_interfaces:/home/ibrahim/RobotMonitor/install/Robot3Node_Package:/home/ibrahim/ros2_ws/install/my_first_package:/home/ibrahim/ros2_ws/install/action_interfaces:/home/ibrahim/RobotArm/install/main_arm_package:/home/ibrahim/RobotArm/install/action_interfaces:/opt/ros/humble LD_LIBRARY_PATH=/home/ibrahim/MobiArm/install/linkattacher_msgs/lib:${LD_LIBRARY_PATH} PYTHONPATH=/home/ibrahim/MobiArm/install/linkattacher_msgs/local/lib/python3.10/dist-packages:${PYTHONPATH} /usr/bin/cmake /home/ibrahim/MobiArm/src/IFRA_LinkAttacher/ros2_LinkAttacher -DCMAKE_INSTALL_PREFIX=/home/ibrahim/MobiArm/install/ros2_linkattacher
[0.267s] -- The C compiler identification is GNU 11.4.0
[0.838s] -- The CXX compiler identification is GNU 11.4.0
[1.241s] -- Detecting C compiler ABI info
[1.438s] -- Detecting C compiler ABI info - done
[1.443s] -- Check for working C compiler: /usr/bin/cc - skipped
[1.444s] -- Detecting C compile features
[1.444s] -- Detecting C compile features - done
[1.449s] -- Detecting CXX compiler ABI info
[1.646s] -- Detecting CXX compiler ABI info - done
[1.653s] -- Check for working CXX compiler: /usr/bin/c++ - skipped
[1.653s] -- Detecting CXX compile features
[1.654s] -- Detecting CXX compile features - done
[1.660s] -- Found ament_cmake: 1.3.14 (/opt/ros/humble/share/ament_cmake/cmake)
[1.836s] -- Found Python3: /usr/bin/python3 (found version "3.10.12") found components: Interpreter 
[1.970s] -- Found ament_lint_auto: 0.12.15 (/opt/ros/humble/share/ament_lint_auto/cmake)
[2.088s] -- Found gazebo_ros: 3.9.0 (/opt/ros/humble/share/gazebo_ros/cmake)
[2.311s] -- Found rosidl_generator_c: 3.1.8 (/opt/ros/humble/share/rosidl_generator_c/cmake)
[2.320s] -- Found rosidl_adapter: 3.1.8 (/opt/ros/humble/share/rosidl_adapter/cmake)
[2.333s] -- Found rosidl_generator_cpp: 3.1.8 (/opt/ros/humble/share/rosidl_generator_cpp/cmake)
[2.348s] -- Using all available rosidl_typesupport_c: rosidl_typesupport_fastrtps_c;rosidl_typesupport_introspection_c
[2.371s] -- Using all available rosidl_typesupport_cpp: rosidl_typesupport_fastrtps_cpp;rosidl_typesupport_introspection_cpp
[2.447s] -- Found rmw_implementation_cmake: 6.1.2 (/opt/ros/humble/share/rmw_implementation_cmake/cmake)
[2.454s] -- Found rmw_cyclonedds_cpp: 1.3.4 (/opt/ros/humble/share/rmw_cyclonedds_cpp/cmake)
[2.494s] -- Using RMW implementation 'rmw_cyclonedds_cpp' as default
[2.512s] -- Looking for pthread.h
[2.711s] -- Looking for pthread.h - found
[2.712s] -- Performing Test CMAKE_HAVE_LIBC_PTHREAD
[2.898s] -- Performing Test CMAKE_HAVE_LIBC_PTHREAD - Success
[2.899s] -- Found Threads: TRUE  
[2.997s] -- Found PkgConfig: /usr/bin/pkg-config (found version "0.29.2") 
[2.998s] -- Checking for module 'bullet>=2.82'
[3.022s] --   Found bullet, version 3.05
[3.234s] -- Found fcl: /usr/include (found suitable version "0.7.0", minimum required is "0.5.0") 
[3.313s] -- Found assimp: /usr/include (found version "5.2.0") 
[3.358s] -- Found DART: /usr/include (Required is at least version "6.6") found components: dart 
[3.405s] -- Found Boost: /usr/lib/x86_64-linux-gnu/cmake/Boost-1.74.0/BoostConfig.cmake (found suitable version "1.74.0", minimum required is "1.40.0") found components: thread system filesystem program_options regex iostreams date_time 
[3.904s] -- Found Protobuf: /usr/lib/x86_64-linux-gnu/libprotobuf.so (found version "3.12.4") 
[3.919s] -- Looking for ignition-math6 -- found version 6.15.1
[3.938s] -- Searching for dependencies of ignition-math6
[3.941s] -- Looking for OGRE...
[3.942s] -- OGRE_PREFIX_WATCH changed.
[3.950s] -- Checking for module 'OGRE'
[3.967s] --   Found OGRE, version 1.9.0
[4.020s] -- Found Ogre Ghadamon (1.9.0)
[4.491s] -- Found OGRE: optimized;/usr/lib/x86_64-linux-gnu/libOgreMain.so;debug;/usr/lib/x86_64-linux-gnu/libOgreMain.so
[4.501s] -- Looking for OGRE_Paging...
[4.957s] -- Found OGRE_Paging: optimized;/usr/lib/x86_64-linux-gnu/libOgrePaging.so;debug;/usr/lib/x86_64-linux-gnu/libOgrePaging.so
[4.957s] -- Looking for OGRE_Terrain...
[5.418s] -- Found OGRE_Terrain: optimized;/usr/lib/x86_64-linux-gnu/libOgreTerrain.so;debug;/usr/lib/x86_64-linux-gnu/libOgreTerrain.so
[5.418s] -- Looking for OGRE_Property...
[5.933s] -- Found OGRE_Property: optimized;/usr/lib/x86_64-linux-gnu/libOgreProperty.so;debug;/usr/lib/x86_64-linux-gnu/libOgreProperty.so
[5.934s] -- Looking for OGRE_RTShaderSystem...
[6.408s] -- Found OGRE_RTShaderSystem: optimized;/usr/lib/x86_64-linux-gnu/libOgreRTShaderSystem.so;debug;/usr/lib/x86_64-linux-gnu/libOgreRTShaderSystem.so
[6.408s] -- Looking for OGRE_Volume...
[6.894s] -- Found OGRE_Volume: optimized;/usr/lib/x86_64-linux-gnu/libOgreVolume.so;debug;/usr/lib/x86_64-linux-gnu/libOgreVolume.so
[6.895s] -- Looking for OGRE_Overlay...
[7.376s] -- Found OGRE_Overlay: optimized;/usr/lib/x86_64-linux-gnu/libOgreOverlay.so;debug;/usr/lib/x86_64-linux-gnu/libOgreOverlay.so
[32.830s] -- Looking for ignition-math6 -- found version 6.15.1
[32.845s] -- Looking for ignition-transport8 -- found version 8.2.1
[32.845s] -- Searching for dependencies of ignition-transport8
[34.571s] -- Found Protobuf: /usr/lib/x86_64-linux-gnu/libprotobuf.so (found suitable version "3.12.4", minimum required is "3") 
[36.260s] -- Config-file not installed for ZeroMQ -- checking for pkg-config
[36.268s] -- Checking for module 'libzmq >= 4'
[36.298s] --   Found libzmq , version 4.3.4
[36.357s] -- Found ZeroMQ: TRUE (Required is at least version "4") 
[36.424s] -- Checking for module 'uuid'
[36.445s] --   Found uuid, version 2.37.2
[36.502s] -- Found UUID: TRUE  
[36.511s] -- Looking for ignition-msgs5 -- found version 5.8.1
[36.512s] -- Searching for dependencies of ignition-msgs5
[38.165s] -- Looking for ignition-math6 -- found version 6.15.1
[38.174s] -- Checking for module 'tinyxml2'
[38.198s] --   Found tinyxml2, version 9.0.0
[38.258s] -- Looking for ignition-msgs5 -- found version 5.8.1
[38.267s] -- Looking for ignition-common3 -- found version 3.14.0
[38.268s] -- Searching for dependencies of ignition-common3
[38.318s] -- Looking for dlfcn.h - found
[38.375s] -- Looking for libdl - found
[38.376s] -- Found DL: TRUE  
[38.511s] -- Found tinyobjloader: /usr/lib/x86_64-linux-gnu/cmake/tinyobjloader/tinyobjloader-config.cmake (found version "2.0.0") 
[38.512s] -- Searching for <ignition-common3> component [graphics]
[38.519s] -- Looking for ignition-common3-graphics -- found version 3.14.0
[38.520s] -- Searching for dependencies of ignition-common3-graphics
[38.521s] -- Looking for ignition-math6 -- found version 6.15.1
[38.529s] -- Looking for ignition-fuel_tools4 -- found version 4.4.0
[38.529s] -- Searching for dependencies of ignition-fuel_tools4
[40.530s] -- Found CURL: /usr/lib/x86_64-linux-gnu/libcurl.so (found version "7.81.0")  
[40.558s] -- Checking for module 'jsoncpp'
[40.581s] --   Found jsoncpp, version 1.9.5
[40.637s] -- Found JSONCPP: TRUE  
[40.648s] -- Checking for module 'libzip'
[40.674s] --   Found libzip, version 1.7.3
[40.737s] -- Found ZIP: TRUE  
[40.737s] -- Looking for ignition-common3 -- found version 3.14.0
[40.738s] -- Looking for ignition-math6 -- found version 6.15.1
[40.738s] -- Looking for ignition-msgs5 -- found version 5.8.1
[40.749s] -- Gazebo version: 11.10
[40.749s] -- Checking for module 'tbb'
[40.775s] --   Found tbb, version 2021.5.0
[40.840s] -- Found gazebo_msgs: 3.9.0 (/opt/ros/humble/share/gazebo_msgs/cmake)
[40.914s] -- Found linkattacher_msgs: 0.0.0 (/home/ibrahim/MobiArm/install/linkattacher_msgs/share/linkattacher_msgs/cmake)
[40.935s] -- Added test 'copyright' to check source files copyright and LICENSE
[40.938s] -- Added test 'cppcheck' to perform static code analysis on C / C++ code
[40.938s] -- Configured cppcheck include dirs: /home/ibrahim/MobiArm/src/IFRA_LinkAttacher/ros2_LinkAttacher/include
[40.938s] -- Configured cppcheck exclude dirs and/or files: 
[40.940s] -- Added test 'cpplint' to check C / C++ code against the Google style
[40.940s] -- Configured cpplint exclude dirs and/or files: 
[40.941s] -- Added test 'lint_cmake' to check CMake code style
[40.943s] -- Added test 'uncrustify' to check C / C++ code style
[40.944s] -- Configured uncrustify additional arguments: 
[40.945s] -- Added test 'xmllint' to check XML markup files
[40.949s] -- Configuring done
[41.036s] -- Generating done
[41.045s] -- Build files have been written to: /home/ibrahim/MobiArm/build/ros2_linkattacher
[41.065s] Invoked command in '/home/ibrahim/MobiArm/build/ros2_linkattacher' returned '0': AMENT_PREFIX_PATH=/home/ibrahim/MobiArm/install/linkattacher_msgs:${AMENT_PREFIX_PATH} CMAKE_PREFIX_PATH=/home/ibrahim/MobiArm/install/linkattacher_msgs:/home/ibrahim/RobotArmExpanded/install/main_arm_package:/home/ibrahim/RobotArmExpanded/install/action_interfaces:/home/ibrahim/MoveItArm/install/moveit_config:/home/ibrahim/MoveItArm/install/moveit_arm_package:/home/ibrahim/TF2Sample/install/tf2sim:/home/ibrahim/RobotNav/install/main_robot_nodes:/home/ibrahim/RobotNav/install/action_interfaces:/home/ibrahim/RobotMonitor/install/Robot3Node_Package:/home/ibrahim/ros2_ws/install/my_first_package:/home/ibrahim/ros2_ws/install/action_interfaces:/home/ibrahim/RobotArm/install/main_arm_package:/home/ibrahim/RobotArm/install/action_interfaces:/opt/ros/humble LD_LIBRARY_PATH=/home/ibrahim/MobiArm/install/linkattacher_msgs/lib:${LD_LIBRARY_PATH} PYTHONPATH=/home/ibrahim/MobiArm/install/linkattacher_msgs/local/lib/python3.10/dist-packages:${PYTHONPATH} /usr/bin/cmake /home/ibrahim/MobiArm/src/IFRA_LinkAttacher/ros2_LinkAttacher -DCMAKE_INSTALL_PREFIX=/home/ibrahim/MobiArm/install/ros2_linkattacher
[41.068s] Invoking command in '/home/ibrahim/MobiArm/build/ros2_linkattacher': AMENT_PREFIX_PATH=/home/ibrahim/MobiArm/install/linkattacher_msgs:${AMENT_PREFIX_PATH} CMAKE_PREFIX_PATH=/home/ibrahim/MobiArm/install/linkattacher_msgs:/home/ibrahim/RobotArmExpanded/install/main_arm_package:/home/ibrahim/RobotArmExpanded/install/action_interfaces:/home/ibrahim/MoveItArm/install/moveit_config:/home/ibrahim/MoveItArm/install/moveit_arm_package:/home/ibrahim/TF2Sample/install/tf2sim:/home/ibrahim/RobotNav/install/main_robot_nodes:/home/ibrahim/RobotNav/install/action_interfaces:/home/ibrahim/RobotMonitor/install/Robot3Node_Package:/home/ibrahim/ros2_ws/install/my_first_package:/home/ibrahim/ros2_ws/install/action_interfaces:/home/ibrahim/RobotArm/install/main_arm_package:/home/ibrahim/RobotArm/install/action_interfaces:/opt/ros/humble LD_LIBRARY_PATH=/home/ibrahim/MobiArm/install/linkattacher_msgs/lib:${LD_LIBRARY_PATH} PYTHONPATH=/home/ibrahim/MobiArm/install/linkattacher_msgs/local/lib/python3.10/dist-packages:${PYTHONPATH} /usr/bin/cmake --build /home/ibrahim/MobiArm/build/ros2_linkattacher -- -j16 -l16
[41.153s] [ 50%] Building CXX object CMakeFiles/gazebo_link_attacher.dir/src/gazebo_link_attacher.cpp.o
[54.934s] [100%] Linking CXX shared library libgazebo_link_attacher.so
[55.636s] [100%] Built target gazebo_link_attacher
[55.651s] Invoked command in '/home/ibrahim/MobiArm/build/ros2_linkattacher' returned '0': AMENT_PREFIX_PATH=/home/ibrahim/MobiArm/install/linkattacher_msgs:${AMENT_PREFIX_PATH} CMAKE_PREFIX_PATH=/home/ibrahim/MobiArm/install/linkattacher_msgs:/home/ibrahim/RobotArmExpanded/install/main_arm_package:/home/ibrahim/RobotArmExpanded/install/action_interfaces:/home/ibrahim/MoveItArm/install/moveit_config:/home/ibrahim/MoveItArm/install/moveit_arm_package:/home/ibrahim/TF2Sample/install/tf2sim:/home/ibrahim/RobotNav/install/main_robot_nodes:/home/ibrahim/RobotNav/install/action_interfaces:/home/ibrahim/RobotMonitor/install/Robot3Node_Package:/home/ibrahim/ros2_ws/install/my_first_package:/home/ibrahim/ros2_ws/install/action_interfaces:/home/ibrahim/RobotArm/install/main_arm_package:/home/ibrahim/RobotArm/install/action_interfaces:/opt/ros/humble LD_LIBRARY_PATH=/home/ibrahim/MobiArm/install/linkattacher_msgs/lib:${LD_LIBRARY_PATH} PYTHONPATH=/home/ibrahim/MobiArm/install/linkattacher_msgs/local/lib/python3.10/dist-packages:${PYTHONPATH} /usr/bin/cmake --build /home/ibrahim/MobiArm/build/ros2_linkattacher -- -j16 -l16
[55.652s] Invoking command in '/home/ibrahim/MobiArm/build/ros2_linkattacher': AMENT_PREFIX_PATH=/home/ibrahim/MobiArm/install/linkattacher_msgs:${AMENT_PREFIX_PATH} CMAKE_PREFIX_PATH=/home/ibrahim/MobiArm/install/linkattacher_msgs:/home/ibrahim/RobotArmExpanded/install/main_arm_package:/home/ibrahim/RobotArmExpanded/install/action_interfaces:/home/ibrahim/MoveItArm/install/moveit_config:/home/ibrahim/MoveItArm/install/moveit_arm_package:/home/ibrahim/TF2Sample/install/tf2sim:/home/ibrahim/RobotNav/install/main_robot_nodes:/home/ibrahim/RobotNav/install/action_interfaces:/home/ibrahim/RobotMonitor/install/Robot3Node_Package:/home/ibrahim/ros2_ws/install/my_first_package:/home/ibrahim/ros2_ws/install/action_interfaces:/home/ibrahim/RobotArm/install/main_arm_package:/home/ibrahim/RobotArm/install/action_interfaces:/opt/ros/humble LD_LIBRARY_PATH=/home/ibrahim/MobiArm/install/linkattacher_msgs/lib:${LD_LIBRARY_PATH} PYTHONPATH=/home/ibrahim/MobiArm/install/linkattacher_msgs/local/lib/python3.10/dist-packages:${PYTHONPATH} /usr/bin/cmake --install /home/ibrahim/MobiArm/build/ros2_linkattacher
[55.662s] -- Install configuration: ""
[55.665s] -- Installing: /home/ibrahim/MobiArm/install/ros2_linkattacher/share/ros2_linkattacher/environment/library_path.sh
[55.665s] -- Installing: /home/ibrahim/MobiArm/install/ros2_linkattacher/share/ros2_linkattacher/environment/library_path.dsv
[55.666s] -- Installing: /home/ibrahim/MobiArm/install/ros2_linkattacher/lib/libgazebo_link_attacher.so
[55.674s] -- Set runtime path of "/home/ibrahim/MobiArm/install/ros2_linkattacher/lib/libgazebo_link_attacher.so" to ""
[55.675s] -- Installing: /home/ibrahim/MobiArm/install/ros2_linkattacher/share/ament_index/resource_index/package_run_dependencies/ros2_linkattacher
[55.677s] -- Installing: /home/ibrahim/MobiArm/install/ros2_linkattacher/share/ament_index/resource_index/parent_prefix_path/ros2_linkattacher
[55.677s] -- Installing: /home/ibrahim/MobiArm/install/ros2_linkattacher/share/ros2_linkattacher/environment/ament_prefix_path.sh
[55.677s] -- Installing: /home/ibrahim/MobiArm/install/ros2_linkattacher/share/ros2_linkattacher/environment/ament_prefix_path.dsv
[55.678s] -- Installing: /home/ibrahim/MobiArm/install/ros2_linkattacher/share/ros2_linkattacher/environment/path.sh
[55.678s] -- Installing: /home/ibrahim/MobiArm/install/ros2_linkattacher/share/ros2_linkattacher/environment/path.dsv
[55.678s] -- Installing: /home/ibrahim/MobiArm/install/ros2_linkattacher/share/ros2_linkattacher/local_setup.bash
[55.679s] -- Installing: /home/ibrahim/MobiArm/install/ros2_linkattacher/share/ros2_linkattacher/local_setup.sh
[55.679s] -- Installing: /home/ibrahim/MobiArm/install/ros2_linkattacher/share/ros2_linkattacher/local_setup.zsh
[55.679s] -- Installing: /home/ibrahim/MobiArm/install/ros2_linkattacher/share/ros2_linkattacher/local_setup.dsv
[55.680s] -- Installing: /home/ibrahim/MobiArm/install/ros2_linkattacher/share/ros2_linkattacher/package.dsv
[55.681s] -- Installing: /home/ibrahim/MobiArm/install/ros2_linkattacher/share/ament_index/resource_index/packages/ros2_linkattacher
[55.681s] -- Installing: /home/ibrahim/MobiArm/install/ros2_linkattacher/share/ros2_linkattacher/cmake/ament_cmake_export_libraries-extras.cmake
[55.682s] -- Installing: /home/ibrahim/MobiArm/install/ros2_linkattacher/share/ros2_linkattacher/cmake/ros2_linkattacherConfig.cmake
[55.682s] -- Installing: /home/ibrahim/MobiArm/install/ros2_linkattacher/share/ros2_linkattacher/cmake/ros2_linkattacherConfig-version.cmake
[55.682s] -- Installing: /home/ibrahim/MobiArm/install/ros2_linkattacher/share/ros2_linkattacher/package.xml
[55.686s] Invoked command in '/home/ibrahim/MobiArm/build/ros2_linkattacher' returned '0': AMENT_PREFIX_PATH=/home/ibrahim/MobiArm/install/linkattacher_msgs:${AMENT_PREFIX_PATH} CMAKE_PREFIX_PATH=/home/ibrahim/MobiArm/install/linkattacher_msgs:/home/ibrahim/RobotArmExpanded/install/main_arm_package:/home/ibrahim/RobotArmExpanded/install/action_interfaces:/home/ibrahim/MoveItArm/install/moveit_config:/home/ibrahim/MoveItArm/install/moveit_arm_package:/home/ibrahim/TF2Sample/install/tf2sim:/home/ibrahim/RobotNav/install/main_robot_nodes:/home/ibrahim/RobotNav/install/action_interfaces:/home/ibrahim/RobotMonitor/install/Robot3Node_Package:/home/ibrahim/ros2_ws/install/my_first_package:/home/ibrahim/ros2_ws/install/action_interfaces:/home/ibrahim/RobotArm/install/main_arm_package:/home/ibrahim/RobotArm/install/action_interfaces:/opt/ros/humble LD_LIBRARY_PATH=/home/ibrahim/MobiArm/install/linkattacher_msgs/lib:${LD_LIBRARY_PATH} PYTHONPATH=/home/ibrahim/MobiArm/install/linkattacher_msgs/local/lib/python3.10/dist-packages:${PYTHONPATH} /usr/bin/cmake --install /home/ibrahim/MobiArm/build/ros2_linkattacher
