[0.023s] Invoking command in '/home/ibrahim/MobiArm/build/main_nodes': CMAKE_PREFIX_PATH=${CMAKE_PREFIX_PATH}:/home/ibrahim/RobotArm/install/main_arm_package:/home/ibrahim/RobotArm/install/action_interfaces:/opt/ros/humble /usr/bin/cmake /home/ibrahim/MobiArm/src/main_nodes -DCMAKE_INSTALL_PREFIX=/home/ibrahim/MobiArm/install/main_nodes
[0.084s] -- Found ament_cmake: 1.3.14 (/opt/ros/humble/share/ament_cmake/cmake)
[0.208s] -- Override CMake install command with custom implementation using symlinks instead of copying resources
[0.233s] -- Found rclcpp: 16.0.19 (/opt/ros/humble/share/rclcpp/cmake)
[0.400s] -- Found rosidl_generator_c: 3.1.8 (/opt/ros/humble/share/rosidl_generator_c/cmake)
[0.404s] -- Found rosidl_adapter: 3.1.8 (/opt/ros/humble/share/rosidl_adapter/cmake)
[0.414s] -- Found rosidl_generator_cpp: 3.1.8 (/opt/ros/humble/share/rosidl_generator_cpp/cmake)
[0.432s] -- Using all available rosidl_typesupport_c: rosidl_typesupport_fastrtps_c;rosidl_typesupport_introspection_c
[0.450s] -- Using all available rosidl_typesupport_cpp: rosidl_typesupport_fastrtps_cpp;rosidl_typesupport_introspection_cpp
[0.497s] -- Found rmw_implementation_cmake: 6.1.2 (/opt/ros/humble/share/rmw_implementation_cmake/cmake)
[0.501s] -- Found rmw_cyclonedds_cpp: 1.3.4 (/opt/ros/humble/share/rmw_cyclonedds_cpp/cmake)
[0.534s] -- Using RMW implementation 'rmw_cyclonedds_cpp' as default
[0.602s] -- Found moveit_ros_planning_interface: 2.5.9 (/opt/ros/humble/share/moveit_ros_planning_interface/cmake)
[0.621s] -- Found Boost: /usr/lib/x86_64-linux-gnu/cmake/Boost-1.74.0/BoostConfig.cmake (found version "1.74.0") found components: date_time filesystem program_options system thread 
[0.805s] -- Found Boost: /usr/lib/x86_64-linux-gnu/cmake/Boost-1.74.0/BoostConfig.cmake (found version "1.74.0") found components: chrono date_time filesystem iostreams program_options regex serialization system thread 
[1.613s] -- Found parameter_traits: 0.7.1 (/opt/ros/humble/share/parameter_traits/cmake)
[1.627s] -- Found rclcpp_lifecycle: 16.0.19 (/opt/ros/humble/share/rclcpp_lifecycle/cmake)
[1.656s] -- Found Boost: /usr/lib/x86_64-linux-gnu/cmake/Boost-1.74.0/BoostConfig.cmake (found version "1.74.0") found components: filesystem 
[2.938s] -- library: /usr/lib/x86_64-linux-gnu/libcurl.so
[2.967s] -- Ensuring Eigen3 include directory is part of orocos-kdl CMake target
[4.320s] -- Found Boost: /usr/lib/x86_64-linux-gnu/cmake/Boost-1.74.0/BoostConfig.cmake (found version "1.74.0") found components: system filesystem date_time program_options thread chrono 
[4.343s] -- Found Boost: /usr/lib/x86_64-linux-gnu/cmake/Boost-1.74.0/BoostConfig.cmake (found version "1.74.0") found components: thread system filesystem regex date_time program_options 
[4.368s] -- Found Boost: /usr/lib/x86_64-linux-gnu/cmake/Boost-1.74.0/BoostConfig.cmake (found version "1.74.0") found components: system filesystem date_time program_options thread 
[4.396s] -- Found ament_lint_auto: 0.12.15 (/opt/ros/humble/share/ament_lint_auto/cmake)
[4.478s] -- Added test 'cppcheck' to perform static code analysis on C / C++ code
[4.478s] -- Configured cppcheck include dirs: $<BUILD_INTERFACE:/home/ibrahim/MobiArm/src/main_nodes/include>
[4.478s] -- Configured cppcheck exclude dirs and/or files: 
[4.479s] -- Added test 'flake8' to check Python code syntax and style conventions
[4.480s] -- Added test 'lint_cmake' to check CMake code style
[4.481s] -- Added test 'pep257' to check Python code against some of the docstring style conventions in PEP 257
[4.483s] -- Added test 'uncrustify' to check C / C++ code style
[4.483s] -- Configured uncrustify additional arguments: 
[4.483s] -- Added test 'xmllint' to check XML markup files
[4.487s] -- Configuring done
[4.543s] -- Generating done
[4.553s] -- Build files have been written to: /home/ibrahim/MobiArm/build/main_nodes
[4.571s] Invoked command in '/home/ibrahim/MobiArm/build/main_nodes' returned '0': CMAKE_PREFIX_PATH=${CMAKE_PREFIX_PATH}:/home/ibrahim/RobotArm/install/main_arm_package:/home/ibrahim/RobotArm/install/action_interfaces:/opt/ros/humble /usr/bin/cmake /home/ibrahim/MobiArm/src/main_nodes -DCMAKE_INSTALL_PREFIX=/home/ibrahim/MobiArm/install/main_nodes
[4.573s] Invoking command in '/home/ibrahim/MobiArm/build/main_nodes': CMAKE_PREFIX_PATH=${CMAKE_PREFIX_PATH}:/home/ibrahim/RobotArm/install/main_arm_package:/home/ibrahim/RobotArm/install/action_interfaces:/opt/ros/humble /usr/bin/cmake --build /home/ibrahim/MobiArm/build/main_nodes -- -j16 -l16
[4.618s] [35m[1mConsolidate compiler generated dependencies of target RunNode[0m
[4.619s] [35m[1mConsolidate compiler generated dependencies of target TravelPose[0m
[4.630s] [ 50%] Built target RunNode
[4.647s] [100%] Built target TravelPose
[4.662s] Invoked command in '/home/ibrahim/MobiArm/build/main_nodes' returned '0': CMAKE_PREFIX_PATH=${CMAKE_PREFIX_PATH}:/home/ibrahim/RobotArm/install/main_arm_package:/home/ibrahim/RobotArm/install/action_interfaces:/opt/ros/humble /usr/bin/cmake --build /home/ibrahim/MobiArm/build/main_nodes -- -j16 -l16
[4.674s] Invoking command in '/home/ibrahim/MobiArm/build/main_nodes': CMAKE_PREFIX_PATH=${CMAKE_PREFIX_PATH}:/home/ibrahim/RobotArm/install/main_arm_package:/home/ibrahim/RobotArm/install/action_interfaces:/opt/ros/humble /usr/bin/cmake --install /home/ibrahim/MobiArm/build/main_nodes
[4.681s] -- Install configuration: ""
[4.681s] -- Execute custom install script
[4.681s] -- Up-to-date symlink: /home/ibrahim/MobiArm/install/main_nodes/lib/main_nodes/TravelPose
[4.682s] -- Up-to-date symlink: /home/ibrahim/MobiArm/install/main_nodes/lib/main_nodes/RunNode
[4.682s] -- Up-to-date symlink: /home/ibrahim/MobiArm/install/main_nodes/share/main_nodes/launch/display.launch.py
[4.683s] -- Up-to-date symlink: /home/ibrahim/MobiArm/install/main_nodes/share/main_nodes/launch/gazebo.launch.py
[4.683s] -- Up-to-date symlink: /home/ibrahim/MobiArm/install/main_nodes/share/main_nodes/urdf/arm.urdf.xacro
[4.683s] -- Up-to-date symlink: /home/ibrahim/MobiArm/install/main_nodes/share/main_nodes/urdf/base.urdf.xacro
[4.683s] -- Up-to-date symlink: /home/ibrahim/MobiArm/install/main_nodes/share/main_nodes/urdf/robot.urdf.xacro
[4.683s] -- Up-to-date symlink: /home/ibrahim/MobiArm/install/main_nodes/share/main_nodes/rviz/model.rviz
[4.683s] -- Up-to-date symlink: /home/ibrahim/MobiArm/install/main_nodes/share/main_nodes/worlds/world.sdf
[4.684s] -- Up-to-date symlink: /home/ibrahim/MobiArm/install/main_nodes/share/main_nodes/config/nav2_params.yaml
[4.684s] -- Up-to-date symlink: /home/ibrahim/MobiArm/install/main_nodes/share/main_nodes/config/slam_toolbox.yaml
[4.684s] -- Up-to-date symlink: /home/ibrahim/MobiArm/install/main_nodes/share/ament_index/resource_index/package_run_dependencies/main_nodes
[4.685s] -- Up-to-date symlink: /home/ibrahim/MobiArm/install/main_nodes/share/ament_index/resource_index/parent_prefix_path/main_nodes
[4.685s] -- Up-to-date symlink: /home/ibrahim/MobiArm/install/main_nodes/share/main_nodes/environment/ament_prefix_path.sh
[4.686s] -- Up-to-date symlink: /home/ibrahim/MobiArm/install/main_nodes/share/main_nodes/environment/ament_prefix_path.dsv
[4.686s] -- Up-to-date symlink: /home/ibrahim/MobiArm/install/main_nodes/share/main_nodes/environment/path.sh
[4.687s] -- Up-to-date symlink: /home/ibrahim/MobiArm/install/main_nodes/share/main_nodes/environment/path.dsv
[4.687s] -- Up-to-date symlink: /home/ibrahim/MobiArm/install/main_nodes/share/main_nodes/local_setup.bash
[4.687s] -- Up-to-date symlink: /home/ibrahim/MobiArm/install/main_nodes/share/main_nodes/local_setup.sh
[4.687s] -- Up-to-date symlink: /home/ibrahim/MobiArm/install/main_nodes/share/main_nodes/local_setup.zsh
[4.688s] -- Up-to-date symlink: /home/ibrahim/MobiArm/install/main_nodes/share/main_nodes/local_setup.dsv
[4.688s] -- Symlinking: /home/ibrahim/MobiArm/install/main_nodes/share/main_nodes/package.dsv
[4.701s] -- Up-to-date symlink: /home/ibrahim/MobiArm/install/main_nodes/share/ament_index/resource_index/packages/main_nodes
[4.701s] -- Up-to-date symlink: /home/ibrahim/MobiArm/install/main_nodes/share/main_nodes/cmake/main_nodesConfig.cmake
[4.702s] -- Up-to-date symlink: /home/ibrahim/MobiArm/install/main_nodes/share/main_nodes/cmake/main_nodesConfig-version.cmake
[4.702s] -- Up-to-date symlink: /home/ibrahim/MobiArm/install/main_nodes/share/main_nodes/package.xml
[4.704s] Invoked command in '/home/ibrahim/MobiArm/build/main_nodes' returned '0': CMAKE_PREFIX_PATH=${CMAKE_PREFIX_PATH}:/home/ibrahim/RobotArm/install/main_arm_package:/home/ibrahim/RobotArm/install/action_interfaces:/opt/ros/humble /usr/bin/cmake --install /home/ibrahim/MobiArm/build/main_nodes
