[0.028s] Invoking command in '/home/ibrahim/MobiArm/build/main_nodes': CMAKE_PREFIX_PATH=${CMAKE_PREFIX_PATH}:/home/ibrahim/RobotArm/install/main_arm_package:/home/ibrahim/RobotArm/install/action_interfaces:/opt/ros/humble /usr/bin/cmake /home/ibrahim/MobiArm/src/main_nodes -DCMAKE_INSTALL_PREFIX=/home/ibrahim/MobiArm/install/main_nodes
[0.422s] -- The C compiler identification is GNU 11.4.0
[1.123s] -- The CXX compiler identification is GNU 11.4.0
[1.587s] -- Detecting C compiler ABI info
[1.813s] -- Detecting C compiler ABI info - done
[1.820s] -- Check for working C compiler: /usr/bin/cc - skipped
[1.821s] -- Detecting C compile features
[1.822s] -- Detecting C compile features - done
[1.829s] -- Detecting CXX compiler ABI info
[2.048s] -- Detecting CXX compiler ABI info - done
[2.054s] -- Check for working CXX compiler: /usr/bin/c++ - skipped
[2.054s] -- Detecting CXX compile features
[2.054s] -- Detecting CXX compile features - done
[2.085s] -- Found ament_cmake: 1.3.14 (/opt/ros/humble/share/ament_cmake/cmake)
[2.273s] -- Found Python3: /usr/bin/python3 (found version "3.10.12") found components: Interpreter 
[2.465s] -- Found ament_lint_auto: 0.12.15 (/opt/ros/humble/share/ament_lint_auto/cmake)
[2.584s] -- Added test 'cppcheck' to perform static code analysis on C / C++ code
[2.584s] -- Configured cppcheck include dirs: $<BUILD_INTERFACE:/home/ibrahim/MobiArm/src/main_nodes/include>
[2.584s] -- Configured cppcheck exclude dirs and/or files: 
[2.586s] -- Added test 'lint_cmake' to check CMake code style
[2.589s] -- Added test 'uncrustify' to check C / C++ code style
[2.590s] -- Configured uncrustify additional arguments: 
[2.591s] -- Added test 'xmllint' to check XML markup files
[2.597s] [31mCMake Error at CMakeLists.txt:14 (add_executable):
[2.597s]   The target name "test" is reserved when CTest testing is enabled.
[2.597s] 
[2.597s] [0m
[2.597s] -- Configuring incomplete, errors occurred!
[2.597s] See also "/home/ibrahim/MobiArm/build/main_nodes/CMakeFiles/CMakeOutput.log".
[2.605s] Invoked command in '/home/ibrahim/MobiArm/build/main_nodes' returned '1': CMAKE_PREFIX_PATH=${CMAKE_PREFIX_PATH}:/home/ibrahim/RobotArm/install/main_arm_package:/home/ibrahim/RobotArm/install/action_interfaces:/opt/ros/humble /usr/bin/cmake /home/ibrahim/MobiArm/src/main_nodes -DCMAKE_INSTALL_PREFIX=/home/ibrahim/MobiArm/install/main_nodes
