[0.021s] Invoking command in '/home/ibrahim/MobiArm/build/linkattacher_msgs': CMAKE_PREFIX_PATH=${CMAKE_PREFIX_PATH}:/home/ibrahim/RobotArm/install/main_arm_package:/home/ibrahim/RobotArm/install/action_interfaces:/opt/ros/humble /usr/bin/cmake --build /home/ibrahim/MobiArm/build/linkattacher_msgs -- -j16 -l16
[0.085s] [  5%] Built target linkattacher_msgs__cpp
[0.085s] [  5%] Built target linkattacher_msgs__rs
[0.087s] [ 15%] Built target linkattacher_msgs__rosidl_generator_c
[0.107s] [ 15%] Built target ament_cmake_python_copy_linkattacher_msgs
[0.124s] [ 25%] Built target linkattacher_msgs__rosidl_typesupport_cpp
[0.129s] [ 47%] Built target linkattacher_msgs__rosidl_typesupport_c
[0.129s] [ 47%] Built target linkattacher_msgs__rosidl_typesupport_introspection_cpp
[0.129s] [ 55%] Built target linkattacher_msgs__rosidl_typesupport_fastrtps_cpp
[0.131s] [ 75%] Built target linkattacher_msgs__rosidl_typesupport_fastrtps_c
[0.131s] [ 75%] Built target linkattacher_msgs__rosidl_typesupport_introspection_c
[0.162s] [ 75%] Built target linkattacher_msgs
[0.189s] [ 77%] Built target linkattacher_msgs__py
[0.220s] [ 85%] Built target linkattacher_msgs__rosidl_generator_py
[0.252s] [ 97%] Built target linkattacher_msgs__rosidl_typesupport_c__pyext
[0.252s] [ 97%] Built target linkattacher_msgs__rosidl_typesupport_fastrtps_c__pyext
[0.252s] [100%] Built target linkattacher_msgs__rosidl_typesupport_introspection_c__pyext
[0.348s] running egg_info
[0.349s] writing linkattacher_msgs.egg-info/PKG-INFO
[0.349s] writing dependency_links to linkattacher_msgs.egg-info/dependency_links.txt
[0.349s] writing top-level names to linkattacher_msgs.egg-info/top_level.txt
[0.352s] reading manifest file 'linkattacher_msgs.egg-info/SOURCES.txt'
[0.352s] writing manifest file 'linkattacher_msgs.egg-info/SOURCES.txt'
[0.384s] [100%] Built target ament_cmake_python_build_linkattacher_msgs_egg
[0.400s] Invoked command in '/home/ibrahim/MobiArm/build/linkattacher_msgs' returned '0': CMAKE_PREFIX_PATH=${CMAKE_PREFIX_PATH}:/home/ibrahim/RobotArm/install/main_arm_package:/home/ibrahim/RobotArm/install/action_interfaces:/opt/ros/humble /usr/bin/cmake --build /home/ibrahim/MobiArm/build/linkattacher_msgs -- -j16 -l16
[0.414s] Invoking command in '/home/ibrahim/MobiArm/build/linkattacher_msgs': CMAKE_PREFIX_PATH=${CMAKE_PREFIX_PATH}:/home/ibrahim/RobotArm/install/main_arm_package:/home/ibrahim/RobotArm/install/action_interfaces:/opt/ros/humble /usr/bin/cmake --install /home/ibrahim/MobiArm/build/linkattacher_msgs
[0.424s] -- Install configuration: ""
[0.424s] -- Up-to-date: /home/ibrahim/MobiArm/install/linkattacher_msgs/share/linkattacher_msgs/srv
[0.425s] -- Up-to-date: /home/ibrahim/MobiArm/install/linkattacher_msgs/share/linkattacher_msgs/srv/DetachLink.srv
[0.425s] -- Up-to-date: /home/ibrahim/MobiArm/install/linkattacher_msgs/share/linkattacher_msgs/srv/AttachLink.srv
[0.425s] -- Up-to-date: /home/ibrahim/MobiArm/install/linkattacher_msgs/share/ament_index/resource_index/rosidl_interfaces/linkattacher_msgs
[0.425s] -- Up-to-date: /home/ibrahim/MobiArm/install/linkattacher_msgs/include/linkattacher_msgs/linkattacher_msgs
[0.425s] -- Up-to-date: /home/ibrahim/MobiArm/install/linkattacher_msgs/include/linkattacher_msgs/linkattacher_msgs/srv
[0.425s] -- Up-to-date: /home/ibrahim/MobiArm/install/linkattacher_msgs/include/linkattacher_msgs/linkattacher_msgs/srv/detail
[0.426s] -- Up-to-date: /home/ibrahim/MobiArm/install/linkattacher_msgs/include/linkattacher_msgs/linkattacher_msgs/srv/detail/detach_link__struct.h
[0.426s] -- Up-to-date: /home/ibrahim/MobiArm/install/linkattacher_msgs/include/linkattacher_msgs/linkattacher_msgs/srv/detail/attach_link__type_support.h
[0.426s] -- Up-to-date: /home/ibrahim/MobiArm/install/linkattacher_msgs/include/linkattacher_msgs/linkattacher_msgs/srv/detail/detach_link__type_support.h
[0.426s] -- Up-to-date: /home/ibrahim/MobiArm/install/linkattacher_msgs/include/linkattacher_msgs/linkattacher_msgs/srv/detail/attach_link__functions.h
[0.426s] -- Up-to-date: /home/ibrahim/MobiArm/install/linkattacher_msgs/include/linkattacher_msgs/linkattacher_msgs/srv/detail/attach_link__struct.h
[0.427s] -- Up-to-date: /home/ibrahim/MobiArm/install/linkattacher_msgs/include/linkattacher_msgs/linkattacher_msgs/srv/detail/detach_link__functions.h
[0.427s] -- Up-to-date: /home/ibrahim/MobiArm/install/linkattacher_msgs/include/linkattacher_msgs/linkattacher_msgs/srv/detail/detach_link__functions.c
[0.427s] -- Up-to-date: /home/ibrahim/MobiArm/install/linkattacher_msgs/include/linkattacher_msgs/linkattacher_msgs/srv/detail/attach_link__functions.c
[0.427s] -- Up-to-date: /home/ibrahim/MobiArm/install/linkattacher_msgs/include/linkattacher_msgs/linkattacher_msgs/srv/detach_link.h
[0.427s] -- Up-to-date: /home/ibrahim/MobiArm/install/linkattacher_msgs/include/linkattacher_msgs/linkattacher_msgs/srv/attach_link.h
[0.427s] -- Up-to-date: /home/ibrahim/MobiArm/install/linkattacher_msgs/include/linkattacher_msgs/linkattacher_msgs/msg
[0.428s] -- Up-to-date: /home/ibrahim/MobiArm/install/linkattacher_msgs/include/linkattacher_msgs/linkattacher_msgs/msg/rosidl_generator_c__visibility_control.h
[0.428s] -- Up-to-date: /home/ibrahim/MobiArm/install/linkattacher_msgs/share/linkattacher_msgs/environment/library_path.sh
[0.428s] -- Up-to-date: /home/ibrahim/MobiArm/install/linkattacher_msgs/share/linkattacher_msgs/environment/library_path.dsv
[0.428s] -- Up-to-date: /home/ibrahim/MobiArm/install/linkattacher_msgs/lib/liblinkattacher_msgs__rosidl_generator_c.so
[0.429s] -- Up-to-date: /home/ibrahim/MobiArm/install/linkattacher_msgs/include/linkattacher_msgs/linkattacher_msgs
[0.429s] -- Up-to-date: /home/ibrahim/MobiArm/install/linkattacher_msgs/include/linkattacher_msgs/linkattacher_msgs/srv
[0.429s] -- Up-to-date: /home/ibrahim/MobiArm/install/linkattacher_msgs/include/linkattacher_msgs/linkattacher_msgs/srv/detail
[0.429s] -- Up-to-date: /home/ibrahim/MobiArm/install/linkattacher_msgs/include/linkattacher_msgs/linkattacher_msgs/srv/detail/detach_link__rosidl_typesupport_fastrtps_c.h
[0.429s] -- Up-to-date: /home/ibrahim/MobiArm/install/linkattacher_msgs/include/linkattacher_msgs/linkattacher_msgs/srv/detail/attach_link__rosidl_typesupport_fastrtps_c.h
[0.430s] -- Up-to-date: /home/ibrahim/MobiArm/install/linkattacher_msgs/include/linkattacher_msgs/linkattacher_msgs/msg
[0.430s] -- Up-to-date: /home/ibrahim/MobiArm/install/linkattacher_msgs/include/linkattacher_msgs/linkattacher_msgs/msg/rosidl_typesupport_fastrtps_c__visibility_control.h
[0.431s] -- Up-to-date: /home/ibrahim/MobiArm/install/linkattacher_msgs/lib/liblinkattacher_msgs__rosidl_typesupport_fastrtps_c.so
[0.431s] -- Up-to-date: /home/ibrahim/MobiArm/install/linkattacher_msgs/include/linkattacher_msgs/linkattacher_msgs
[0.431s] -- Up-to-date: /home/ibrahim/MobiArm/install/linkattacher_msgs/include/linkattacher_msgs/linkattacher_msgs/srv
[0.431s] -- Up-to-date: /home/ibrahim/MobiArm/install/linkattacher_msgs/include/linkattacher_msgs/linkattacher_msgs/srv/detail
[0.431s] -- Up-to-date: /home/ibrahim/MobiArm/install/linkattacher_msgs/include/linkattacher_msgs/linkattacher_msgs/srv/detail/attach_link__rosidl_typesupport_introspection_c.h
[0.432s] -- Up-to-date: /home/ibrahim/MobiArm/install/linkattacher_msgs/include/linkattacher_msgs/linkattacher_msgs/srv/detail/detach_link__type_support.c
[0.432s] -- Up-to-date: /home/ibrahim/MobiArm/install/linkattacher_msgs/include/linkattacher_msgs/linkattacher_msgs/srv/detail/attach_link__type_support.c
[0.432s] -- Up-to-date: /home/ibrahim/MobiArm/install/linkattacher_msgs/include/linkattacher_msgs/linkattacher_msgs/srv/detail/detach_link__rosidl_typesupport_introspection_c.h
[0.432s] -- Up-to-date: /home/ibrahim/MobiArm/install/linkattacher_msgs/include/linkattacher_msgs/linkattacher_msgs/msg
[0.433s] -- Up-to-date: /home/ibrahim/MobiArm/install/linkattacher_msgs/include/linkattacher_msgs/linkattacher_msgs/msg/rosidl_typesupport_introspection_c__visibility_control.h
[0.433s] -- Up-to-date: /home/ibrahim/MobiArm/install/linkattacher_msgs/lib/liblinkattacher_msgs__rosidl_typesupport_introspection_c.so
[0.433s] -- Up-to-date: /home/ibrahim/MobiArm/install/linkattacher_msgs/lib/liblinkattacher_msgs__rosidl_typesupport_c.so
[0.433s] -- Up-to-date: /home/ibrahim/MobiArm/install/linkattacher_msgs/include/linkattacher_msgs/linkattacher_msgs
[0.433s] -- Up-to-date: /home/ibrahim/MobiArm/install/linkattacher_msgs/include/linkattacher_msgs/linkattacher_msgs/srv
[0.433s] -- Up-to-date: /home/ibrahim/MobiArm/install/linkattacher_msgs/include/linkattacher_msgs/linkattacher_msgs/srv/detail
[0.433s] -- Up-to-date: /home/ibrahim/MobiArm/install/linkattacher_msgs/include/linkattacher_msgs/linkattacher_msgs/srv/detail/attach_link__type_support.hpp
[0.433s] -- Up-to-date: /home/ibrahim/MobiArm/install/linkattacher_msgs/include/linkattacher_msgs/linkattacher_msgs/srv/detail/detach_link__traits.hpp
[0.433s] -- Up-to-date: /home/ibrahim/MobiArm/install/linkattacher_msgs/include/linkattacher_msgs/linkattacher_msgs/srv/detail/attach_link__struct.hpp
[0.434s] -- Up-to-date: /home/ibrahim/MobiArm/install/linkattacher_msgs/include/linkattacher_msgs/linkattacher_msgs/srv/detail/attach_link__traits.hpp
[0.434s] -- Up-to-date: /home/ibrahim/MobiArm/install/linkattacher_msgs/include/linkattacher_msgs/linkattacher_msgs/srv/detail/detach_link__type_support.hpp
[0.435s] -- Up-to-date: /home/ibrahim/MobiArm/install/linkattacher_msgs/include/linkattacher_msgs/linkattacher_msgs/srv/detail/detach_link__struct.hpp
[0.435s] -- Up-to-date: /home/ibrahim/MobiArm/install/linkattacher_msgs/include/linkattacher_msgs/linkattacher_msgs/srv/detail/attach_link__builder.hpp
[0.435s] -- Up-to-date: /home/ibrahim/MobiArm/install/linkattacher_msgs/include/linkattacher_msgs/linkattacher_msgs/srv/detail/detach_link__builder.hpp
[0.435s] -- Up-to-date: /home/ibrahim/MobiArm/install/linkattacher_msgs/include/linkattacher_msgs/linkattacher_msgs/srv/attach_link.hpp
[0.435s] -- Up-to-date: /home/ibrahim/MobiArm/install/linkattacher_msgs/include/linkattacher_msgs/linkattacher_msgs/srv/detach_link.hpp
[0.435s] -- Up-to-date: /home/ibrahim/MobiArm/install/linkattacher_msgs/include/linkattacher_msgs/linkattacher_msgs/msg
[0.435s] -- Up-to-date: /home/ibrahim/MobiArm/install/linkattacher_msgs/include/linkattacher_msgs/linkattacher_msgs/msg/rosidl_generator_cpp__visibility_control.hpp
[0.435s] -- Up-to-date: /home/ibrahim/MobiArm/install/linkattacher_msgs/include/linkattacher_msgs/linkattacher_msgs
[0.436s] -- Up-to-date: /home/ibrahim/MobiArm/install/linkattacher_msgs/include/linkattacher_msgs/linkattacher_msgs/srv
[0.436s] -- Up-to-date: /home/ibrahim/MobiArm/install/linkattacher_msgs/include/linkattacher_msgs/linkattacher_msgs/srv/detail
[0.437s] -- Up-to-date: /home/ibrahim/MobiArm/install/linkattacher_msgs/include/linkattacher_msgs/linkattacher_msgs/srv/detail/dds_fastrtps
[0.437s] -- Up-to-date: /home/ibrahim/MobiArm/install/linkattacher_msgs/include/linkattacher_msgs/linkattacher_msgs/srv/detail/detach_link__rosidl_typesupport_fastrtps_cpp.hpp
[0.437s] -- Up-to-date: /home/ibrahim/MobiArm/install/linkattacher_msgs/include/linkattacher_msgs/linkattacher_msgs/srv/detail/attach_link__rosidl_typesupport_fastrtps_cpp.hpp
[0.437s] -- Up-to-date: /home/ibrahim/MobiArm/install/linkattacher_msgs/include/linkattacher_msgs/linkattacher_msgs/msg
[0.437s] -- Up-to-date: /home/ibrahim/MobiArm/install/linkattacher_msgs/include/linkattacher_msgs/linkattacher_msgs/msg/rosidl_typesupport_fastrtps_cpp__visibility_control.h
[0.437s] -- Up-to-date: /home/ibrahim/MobiArm/install/linkattacher_msgs/lib/liblinkattacher_msgs__rosidl_typesupport_fastrtps_cpp.so
[0.437s] -- Up-to-date: /home/ibrahim/MobiArm/install/linkattacher_msgs/include/linkattacher_msgs/linkattacher_msgs
[0.437s] -- Up-to-date: /home/ibrahim/MobiArm/install/linkattacher_msgs/include/linkattacher_msgs/linkattacher_msgs/srv
[0.437s] -- Up-to-date: /home/ibrahim/MobiArm/install/linkattacher_msgs/include/linkattacher_msgs/linkattacher_msgs/srv/detail
[0.437s] -- Up-to-date: /home/ibrahim/MobiArm/install/linkattacher_msgs/include/linkattacher_msgs/linkattacher_msgs/srv/detail/attach_link__rosidl_typesupport_introspection_cpp.hpp
[0.437s] -- Up-to-date: /home/ibrahim/MobiArm/install/linkattacher_msgs/include/linkattacher_msgs/linkattacher_msgs/srv/detail/attach_link__type_support.cpp
[0.438s] -- Up-to-date: /home/ibrahim/MobiArm/install/linkattacher_msgs/include/linkattacher_msgs/linkattacher_msgs/srv/detail/detach_link__type_support.cpp
[0.438s] -- Up-to-date: /home/ibrahim/MobiArm/install/linkattacher_msgs/include/linkattacher_msgs/linkattacher_msgs/srv/detail/detach_link__rosidl_typesupport_introspection_cpp.hpp
[0.440s] -- Up-to-date: /home/ibrahim/MobiArm/install/linkattacher_msgs/lib/liblinkattacher_msgs__rosidl_typesupport_introspection_cpp.so
[0.440s] -- Up-to-date: /home/ibrahim/MobiArm/install/linkattacher_msgs/lib/liblinkattacher_msgs__rosidl_typesupport_cpp.so
[0.440s] -- Up-to-date: /home/ibrahim/MobiArm/install/linkattacher_msgs/share/linkattacher_msgs/environment/pythonpath.sh
[0.440s] -- Up-to-date: /home/ibrahim/MobiArm/install/linkattacher_msgs/share/linkattacher_msgs/environment/pythonpath.dsv
[0.440s] -- Up-to-date: /home/ibrahim/MobiArm/install/linkattacher_msgs/local/lib/python3.10/dist-packages/linkattacher_msgs-0.0.0-py3.10.egg-info
[0.440s] -- Installing: /home/ibrahim/MobiArm/install/linkattacher_msgs/local/lib/python3.10/dist-packages/linkattacher_msgs-0.0.0-py3.10.egg-info/top_level.txt
[0.441s] -- Installing: /home/ibrahim/MobiArm/install/linkattacher_msgs/local/lib/python3.10/dist-packages/linkattacher_msgs-0.0.0-py3.10.egg-info/PKG-INFO
[0.441s] -- Installing: /home/ibrahim/MobiArm/install/linkattacher_msgs/local/lib/python3.10/dist-packages/linkattacher_msgs-0.0.0-py3.10.egg-info/dependency_links.txt
[0.441s] -- Installing: /home/ibrahim/MobiArm/install/linkattacher_msgs/local/lib/python3.10/dist-packages/linkattacher_msgs-0.0.0-py3.10.egg-info/SOURCES.txt
[0.442s] -- Up-to-date: /home/ibrahim/MobiArm/install/linkattacher_msgs/local/lib/python3.10/dist-packages/linkattacher_msgs
[0.442s] -- Up-to-date: /home/ibrahim/MobiArm/install/linkattacher_msgs/local/lib/python3.10/dist-packages/linkattacher_msgs/linkattacher_msgs_s__rosidl_typesupport_c.cpython-310-x86_64-linux-gnu.so
[0.442s] -- Up-to-date: /home/ibrahim/MobiArm/install/linkattacher_msgs/local/lib/python3.10/dist-packages/linkattacher_msgs/linkattacher_msgs_s__rosidl_typesupport_introspection_c.cpython-310-x86_64-linux-gnu.so
[0.442s] -- Up-to-date: /home/ibrahim/MobiArm/install/linkattacher_msgs/local/lib/python3.10/dist-packages/linkattacher_msgs/_linkattacher_msgs_s.ep.rosidl_typesupport_c.c
[0.442s] -- Up-to-date: /home/ibrahim/MobiArm/install/linkattacher_msgs/local/lib/python3.10/dist-packages/linkattacher_msgs/srv
[0.442s] -- Up-to-date: /home/ibrahim/MobiArm/install/linkattacher_msgs/local/lib/python3.10/dist-packages/linkattacher_msgs/srv/_attach_link.py
[0.442s] -- Up-to-date: /home/ibrahim/MobiArm/install/linkattacher_msgs/local/lib/python3.10/dist-packages/linkattacher_msgs/srv/_attach_link_s.c
[0.442s] -- Up-to-date: /home/ibrahim/MobiArm/install/linkattacher_msgs/local/lib/python3.10/dist-packages/linkattacher_msgs/srv/_detach_link.py
[0.442s] -- Up-to-date: /home/ibrahim/MobiArm/install/linkattacher_msgs/local/lib/python3.10/dist-packages/linkattacher_msgs/srv/__init__.py
[0.442s] -- Up-to-date: /home/ibrahim/MobiArm/install/linkattacher_msgs/local/lib/python3.10/dist-packages/linkattacher_msgs/srv/_detach_link_s.c
[0.442s] -- Up-to-date: /home/ibrahim/MobiArm/install/linkattacher_msgs/local/lib/python3.10/dist-packages/linkattacher_msgs/linkattacher_msgs_s__rosidl_typesupport_fastrtps_c.cpython-310-x86_64-linux-gnu.so
[0.442s] -- Up-to-date: /home/ibrahim/MobiArm/install/linkattacher_msgs/local/lib/python3.10/dist-packages/linkattacher_msgs/_linkattacher_msgs_s.ep.rosidl_typesupport_introspection_c.c
[0.443s] -- Up-to-date: /home/ibrahim/MobiArm/install/linkattacher_msgs/local/lib/python3.10/dist-packages/linkattacher_msgs/_linkattacher_msgs_s.ep.rosidl_typesupport_fastrtps_c.c
[0.443s] -- Up-to-date: /home/ibrahim/MobiArm/install/linkattacher_msgs/local/lib/python3.10/dist-packages/linkattacher_msgs/__init__.py
[0.443s] -- Up-to-date: /home/ibrahim/MobiArm/install/linkattacher_msgs/local/lib/python3.10/dist-packages/linkattacher_msgs/liblinkattacher_msgs__rosidl_generator_py.so
[0.468s] Listing '/home/ibrahim/MobiArm/install/linkattacher_msgs/local/lib/python3.10/dist-packages/linkattacher_msgs'...
[0.468s] Listing '/home/ibrahim/MobiArm/install/linkattacher_msgs/local/lib/python3.10/dist-packages/linkattacher_msgs/srv'...
[0.474s] -- Up-to-date: /home/ibrahim/MobiArm/install/linkattacher_msgs/local/lib/python3.10/dist-packages/linkattacher_msgs/linkattacher_msgs_s__rosidl_typesupport_fastrtps_c.cpython-310-x86_64-linux-gnu.so
[0.475s] -- Up-to-date: /home/ibrahim/MobiArm/install/linkattacher_msgs/local/lib/python3.10/dist-packages/linkattacher_msgs/linkattacher_msgs_s__rosidl_typesupport_introspection_c.cpython-310-x86_64-linux-gnu.so
[0.475s] -- Up-to-date: /home/ibrahim/MobiArm/install/linkattacher_msgs/local/lib/python3.10/dist-packages/linkattacher_msgs/linkattacher_msgs_s__rosidl_typesupport_c.cpython-310-x86_64-linux-gnu.so
[0.475s] -- Up-to-date: /home/ibrahim/MobiArm/install/linkattacher_msgs/lib/liblinkattacher_msgs__rosidl_generator_py.so
[0.476s] -- Up-to-date: /home/ibrahim/MobiArm/install/linkattacher_msgs/share/ament_index/resource_index/rust_packages/linkattacher_msgs
[0.479s] -- Up-to-date: /home/ibrahim/MobiArm/install/linkattacher_msgs/share/linkattacher_msgs/rust
[0.479s] -- Up-to-date: /home/ibrahim/MobiArm/install/linkattacher_msgs/share/linkattacher_msgs/rust/src
[0.479s] -- Up-to-date: /home/ibrahim/MobiArm/install/linkattacher_msgs/share/linkattacher_msgs/rust/src/lib.rs
[0.479s] -- Up-to-date: /home/ibrahim/MobiArm/install/linkattacher_msgs/share/linkattacher_msgs/rust/src/srv
[0.480s] -- Up-to-date: /home/ibrahim/MobiArm/install/linkattacher_msgs/share/linkattacher_msgs/rust/src/srv/rmw.rs
[0.480s] -- Up-to-date: /home/ibrahim/MobiArm/install/linkattacher_msgs/share/linkattacher_msgs/rust/src/srv.rs
[0.480s] -- Up-to-date: /home/ibrahim/MobiArm/install/linkattacher_msgs/share/linkattacher_msgs/rust/build.rs
[0.480s] -- Up-to-date: /home/ibrahim/MobiArm/install/linkattacher_msgs/share/linkattacher_msgs/rust/Cargo.toml
[0.480s] -- Up-to-date: /home/ibrahim/MobiArm/install/linkattacher_msgs/share/linkattacher_msgs/srv/AttachLink.idl
[0.480s] -- Up-to-date: /home/ibrahim/MobiArm/install/linkattacher_msgs/share/linkattacher_msgs/srv/DetachLink.idl
[0.480s] -- Up-to-date: /home/ibrahim/MobiArm/install/linkattacher_msgs/share/linkattacher_msgs/srv/AttachLink.srv
[0.481s] -- Up-to-date: /home/ibrahim/MobiArm/install/linkattacher_msgs/share/linkattacher_msgs/srv/AttachLink_Request.msg
[0.481s] -- Up-to-date: /home/ibrahim/MobiArm/install/linkattacher_msgs/share/linkattacher_msgs/srv/AttachLink_Response.msg
[0.481s] -- Up-to-date: /home/ibrahim/MobiArm/install/linkattacher_msgs/share/linkattacher_msgs/srv/DetachLink.srv
[0.481s] -- Up-to-date: /home/ibrahim/MobiArm/install/linkattacher_msgs/share/linkattacher_msgs/srv/DetachLink_Request.msg
[0.481s] -- Up-to-date: /home/ibrahim/MobiArm/install/linkattacher_msgs/share/linkattacher_msgs/srv/DetachLink_Response.msg
[0.481s] -- Up-to-date: /home/ibrahim/MobiArm/install/linkattacher_msgs/share/ament_index/resource_index/package_run_dependencies/linkattacher_msgs
[0.481s] -- Up-to-date: /home/ibrahim/MobiArm/install/linkattacher_msgs/share/ament_index/resource_index/parent_prefix_path/linkattacher_msgs
[0.481s] -- Up-to-date: /home/ibrahim/MobiArm/install/linkattacher_msgs/share/linkattacher_msgs/environment/ament_prefix_path.sh
[0.481s] -- Up-to-date: /home/ibrahim/MobiArm/install/linkattacher_msgs/share/linkattacher_msgs/environment/ament_prefix_path.dsv
[0.481s] -- Up-to-date: /home/ibrahim/MobiArm/install/linkattacher_msgs/share/linkattacher_msgs/environment/path.sh
[0.481s] -- Up-to-date: /home/ibrahim/MobiArm/install/linkattacher_msgs/share/linkattacher_msgs/environment/path.dsv
[0.482s] -- Up-to-date: /home/ibrahim/MobiArm/install/linkattacher_msgs/share/linkattacher_msgs/local_setup.bash
[0.483s] -- Up-to-date: /home/ibrahim/MobiArm/install/linkattacher_msgs/share/linkattacher_msgs/local_setup.sh
[0.484s] -- Up-to-date: /home/ibrahim/MobiArm/install/linkattacher_msgs/share/linkattacher_msgs/local_setup.zsh
[0.485s] -- Up-to-date: /home/ibrahim/MobiArm/install/linkattacher_msgs/share/linkattacher_msgs/local_setup.dsv
[0.485s] -- Installing: /home/ibrahim/MobiArm/install/linkattacher_msgs/share/linkattacher_msgs/package.dsv
[0.489s] -- Up-to-date: /home/ibrahim/MobiArm/install/linkattacher_msgs/share/ament_index/resource_index/packages/linkattacher_msgs
[0.490s] -- Up-to-date: /home/ibrahim/MobiArm/install/linkattacher_msgs/share/linkattacher_msgs/cmake/export_linkattacher_msgs__rosidl_generator_cExport.cmake
[0.490s] -- Up-to-date: /home/ibrahim/MobiArm/install/linkattacher_msgs/share/linkattacher_msgs/cmake/export_linkattacher_msgs__rosidl_generator_cExport-noconfig.cmake
[0.490s] -- Up-to-date: /home/ibrahim/MobiArm/install/linkattacher_msgs/share/linkattacher_msgs/cmake/export_linkattacher_msgs__rosidl_typesupport_fastrtps_cExport.cmake
[0.491s] -- Up-to-date: /home/ibrahim/MobiArm/install/linkattacher_msgs/share/linkattacher_msgs/cmake/export_linkattacher_msgs__rosidl_typesupport_fastrtps_cExport-noconfig.cmake
[0.491s] -- Up-to-date: /home/ibrahim/MobiArm/install/linkattacher_msgs/share/linkattacher_msgs/cmake/linkattacher_msgs__rosidl_typesupport_introspection_cExport.cmake
[0.492s] -- Up-to-date: /home/ibrahim/MobiArm/install/linkattacher_msgs/share/linkattacher_msgs/cmake/linkattacher_msgs__rosidl_typesupport_introspection_cExport-noconfig.cmake
[0.492s] -- Up-to-date: /home/ibrahim/MobiArm/install/linkattacher_msgs/share/linkattacher_msgs/cmake/linkattacher_msgs__rosidl_typesupport_cExport.cmake
[0.493s] -- Up-to-date: /home/ibrahim/MobiArm/install/linkattacher_msgs/share/linkattacher_msgs/cmake/linkattacher_msgs__rosidl_typesupport_cExport-noconfig.cmake
[0.494s] -- Up-to-date: /home/ibrahim/MobiArm/install/linkattacher_msgs/share/linkattacher_msgs/cmake/export_linkattacher_msgs__rosidl_generator_cppExport.cmake
[0.495s] -- Up-to-date: /home/ibrahim/MobiArm/install/linkattacher_msgs/share/linkattacher_msgs/cmake/export_linkattacher_msgs__rosidl_typesupport_fastrtps_cppExport.cmake
[0.495s] -- Up-to-date: /home/ibrahim/MobiArm/install/linkattacher_msgs/share/linkattacher_msgs/cmake/export_linkattacher_msgs__rosidl_typesupport_fastrtps_cppExport-noconfig.cmake
[0.496s] -- Up-to-date: /home/ibrahim/MobiArm/install/linkattacher_msgs/share/linkattacher_msgs/cmake/linkattacher_msgs__rosidl_typesupport_introspection_cppExport.cmake
[0.496s] -- Up-to-date: /home/ibrahim/MobiArm/install/linkattacher_msgs/share/linkattacher_msgs/cmake/linkattacher_msgs__rosidl_typesupport_introspection_cppExport-noconfig.cmake
[0.496s] -- Up-to-date: /home/ibrahim/MobiArm/install/linkattacher_msgs/share/linkattacher_msgs/cmake/linkattacher_msgs__rosidl_typesupport_cppExport.cmake
[0.497s] -- Up-to-date: /home/ibrahim/MobiArm/install/linkattacher_msgs/share/linkattacher_msgs/cmake/linkattacher_msgs__rosidl_typesupport_cppExport-noconfig.cmake
[0.497s] -- Up-to-date: /home/ibrahim/MobiArm/install/linkattacher_msgs/share/linkattacher_msgs/cmake/export_linkattacher_msgs__rosidl_generator_pyExport.cmake
[0.499s] -- Up-to-date: /home/ibrahim/MobiArm/install/linkattacher_msgs/share/linkattacher_msgs/cmake/export_linkattacher_msgs__rosidl_generator_pyExport-noconfig.cmake
[0.499s] -- Up-to-date: /home/ibrahim/MobiArm/install/linkattacher_msgs/share/linkattacher_msgs/cmake/rosidl_cmake-extras.cmake
[0.499s] -- Up-to-date: /home/ibrahim/MobiArm/install/linkattacher_msgs/share/linkattacher_msgs/cmake/ament_cmake_export_include_directories-extras.cmake
[0.499s] -- Up-to-date: /home/ibrahim/MobiArm/install/linkattacher_msgs/share/linkattacher_msgs/cmake/ament_cmake_export_libraries-extras.cmake
[0.500s] -- Up-to-date: /home/ibrahim/MobiArm/install/linkattacher_msgs/share/linkattacher_msgs/cmake/ament_cmake_export_targets-extras.cmake
[0.500s] -- Up-to-date: /home/ibrahim/MobiArm/install/linkattacher_msgs/share/linkattacher_msgs/cmake/rosidl_cmake_export_typesupport_targets-extras.cmake
[0.500s] -- Up-to-date: /home/ibrahim/MobiArm/install/linkattacher_msgs/share/linkattacher_msgs/cmake/ament_cmake_export_dependencies-extras.cmake
[0.500s] -- Up-to-date: /home/ibrahim/MobiArm/install/linkattacher_msgs/share/linkattacher_msgs/cmake/rosidl_cmake_export_typesupport_libraries-extras.cmake
[0.500s] -- Up-to-date: /home/ibrahim/MobiArm/install/linkattacher_msgs/share/linkattacher_msgs/cmake/linkattacher_msgsConfig.cmake
[0.500s] -- Up-to-date: /home/ibrahim/MobiArm/install/linkattacher_msgs/share/linkattacher_msgs/cmake/linkattacher_msgsConfig-version.cmake
[0.501s] -- Up-to-date: /home/ibrahim/MobiArm/install/linkattacher_msgs/share/linkattacher_msgs/package.xml
[0.502s] Invoked command in '/home/ibrahim/MobiArm/build/linkattacher_msgs' returned '0': CMAKE_PREFIX_PATH=${CMAKE_PREFIX_PATH}:/home/ibrahim/RobotArm/install/main_arm_package:/home/ibrahim/RobotArm/install/action_interfaces:/opt/ros/humble /usr/bin/cmake --install /home/ibrahim/MobiArm/build/linkattacher_msgs
