[0.018s] Invoking command in '/home/ibrahim/MobiArm/build/bin_interfaces': CMAKE_PREFIX_PATH=${CMAKE_PREFIX_PATH}:/home/ibrahim/RobotArm/install/main_arm_package:/home/ibrahim/RobotArm/install/action_interfaces:/opt/ros/humble /usr/bin/cmake /home/ibrahim/MobiArm/src/bin_interfaces -DCMAKE_INSTALL_PREFIX=/home/ibrahim/MobiArm/install/bin_interfaces
[0.172s] -- The C compiler identification is GNU 11.4.0
[0.630s] -- The CXX compiler identification is GNU 11.4.0
[0.958s] -- Detecting C compiler ABI info
[1.120s] -- Detecting C compiler ABI info - done
[1.125s] -- Check for working C compiler: /usr/bin/cc - skipped
[1.126s] -- Detecting C compile features
[1.127s] -- Detecting C compile features - done
[1.130s] -- Detecting CXX compiler ABI info
[1.294s] -- Detecting CXX compiler ABI info - done
[1.299s] -- Check for working CXX compiler: /usr/bin/c++ - skipped
[1.299s] -- Detecting CXX compile features
[1.299s] -- Detecting CXX compile features - done
[1.309s] -- Found ament_cmake: 1.3.14 (/opt/ros/humble/share/ament_cmake/cmake)
[1.440s] -- Found Python3: /usr/bin/python3 (found version "3.10.12") found components: Interpreter 
[1.546s] -- Found geometry_msgs: 4.9.1 (/opt/ros/humble/share/geometry_msgs/cmake)
[1.709s] -- Found rosidl_generator_c: 3.1.8 (/opt/ros/humble/share/rosidl_generator_c/cmake)
[1.718s] -- Found rosidl_adapter: 3.1.8 (/opt/ros/humble/share/rosidl_adapter/cmake)
[1.729s] -- Found rosidl_generator_cpp: 3.1.8 (/opt/ros/humble/share/rosidl_generator_cpp/cmake)
[1.746s] -- Using all available rosidl_typesupport_c: rosidl_typesupport_fastrtps_c;rosidl_typesupport_introspection_c
[1.766s] -- Using all available rosidl_typesupport_cpp: rosidl_typesupport_fastrtps_cpp;rosidl_typesupport_introspection_cpp
[1.798s] -- Found rosidl_default_generators: 1.2.1 (/opt/ros/humble/share/rosidl_default_generators/cmake)
[2.040s] -- Found ament_cmake_ros: 0.10.0 (/opt/ros/humble/share/ament_cmake_ros/cmake)
[2.403s] -- Using all available rosidl_typesupport_c: rosidl_typesupport_fastrtps_c;rosidl_typesupport_introspection_c
[2.537s] -- Using all available rosidl_typesupport_cpp: rosidl_typesupport_fastrtps_cpp;rosidl_typesupport_introspection_cpp
[2.664s] -- Found PythonInterp: /usr/bin/python3 (found suitable version "3.10.12", minimum required is "3.6") 
[2.667s] -- Found python_cmake_module: 0.10.0 (/opt/ros/humble/share/python_cmake_module/cmake)
[3.028s] -- Found PythonLibs: /usr/lib/x86_64-linux-gnu/libpython3.10.so (found suitable version "3.10.12", minimum required is "3.5") 
[3.028s] -- Using PYTHON_EXECUTABLE: /usr/bin/python3
[3.028s] -- Using PYTHON_INCLUDE_DIRS: /usr/include/python3.10
[3.028s] -- Using PYTHON_LIBRARIES: /usr/lib/x86_64-linux-gnu/libpython3.10.so
[3.048s] -- Found PythonExtra: .so  
[3.208s] -- Found ament_lint_auto: 0.12.15 (/opt/ros/humble/share/ament_lint_auto/cmake)
[3.239s] -- Added test 'lint_cmake' to check CMake code style
[3.241s] -- Added test 'xmllint' to check XML markup files
[3.244s] -- Configuring done
[3.310s] -- Generating done
[3.324s] -- Build files have been written to: /home/ibrahim/MobiArm/build/bin_interfaces
[3.336s] Invoked command in '/home/ibrahim/MobiArm/build/bin_interfaces' returned '0': CMAKE_PREFIX_PATH=${CMAKE_PREFIX_PATH}:/home/ibrahim/RobotArm/install/main_arm_package:/home/ibrahim/RobotArm/install/action_interfaces:/opt/ros/humble /usr/bin/cmake /home/ibrahim/MobiArm/src/bin_interfaces -DCMAKE_INSTALL_PREFIX=/home/ibrahim/MobiArm/install/bin_interfaces
[3.338s] Invoking command in '/home/ibrahim/MobiArm/build/bin_interfaces': CMAKE_PREFIX_PATH=${CMAKE_PREFIX_PATH}:/home/ibrahim/RobotArm/install/main_arm_package:/home/ibrahim/RobotArm/install/action_interfaces:/opt/ros/humble /usr/bin/cmake --build /home/ibrahim/MobiArm/build/bin_interfaces -- -j16 -l16
[3.385s] [  3%] [34m[1mGenerating C code for ROS interfaces[0m
[3.396s] [  9%] [34m[1mGenerating Rust code for ROS interfaces[0m
[3.396s] [  9%] [34m[1mGenerating C++ code for ROS interfaces[0m
[3.407s] [  9%] Built target ament_cmake_python_copy_bin_interfaces
[3.577s] [  9%] Built target bin_interfaces__rs
[3.596s] running egg_info
[3.597s] creating bin_interfaces.egg-info
[3.597s] writing bin_interfaces.egg-info/PKG-INFO
[3.598s] writing dependency_links to bin_interfaces.egg-info/dependency_links.txt
[3.598s] writing top-level names to bin_interfaces.egg-info/top_level.txt
[3.598s] writing manifest file 'bin_interfaces.egg-info/SOURCES.txt'
[3.600s] reading manifest file 'bin_interfaces.egg-info/SOURCES.txt'
[3.600s] writing manifest file 'bin_interfaces.egg-info/SOURCES.txt'
[3.606s] [  9%] Built target bin_interfaces__cpp
[3.612s] [ 12%] [32mBuilding C object CMakeFiles/bin_interfaces__rosidl_generator_c.dir/rosidl_generator_c/bin_interfaces/srv/detail/get_targets__functions.c.o[0m
[3.618s] [ 18%] [34m[1mGenerating C++ introspection for ROS interfaces[0m
[3.618s] [ 18%] [34m[1mGenerating C++ type support for eProsima Fast-RTPS[0m
[3.618s] [ 21%] [34m[1mGenerating C++ type support dispatch for ROS interfaces[0m
[3.626s] [ 21%] Built target ament_cmake_python_build_bin_interfaces_egg
[3.671s] [ 25%] [32m[1mLinking C shared library libbin_interfaces__rosidl_generator_c.so[0m
[3.787s] [ 25%] Built target bin_interfaces__rosidl_generator_c
[3.801s] [ 34%] [34m[1mGenerating C type support dispatch for ROS interfaces[0m
[3.801s] [ 34%] [34m[1mGenerating C introspection for ROS interfaces[0m
[3.801s] [ 34%] [34m[1mGenerating C type support for eProsima Fast-RTPS[0m
[3.838s] [ 37%] [32mBuilding CXX object CMakeFiles/bin_interfaces__rosidl_typesupport_cpp.dir/rosidl_typesupport_cpp/bin_interfaces/srv/get_targets__type_support.cpp.o[0m
[3.851s] [ 40%] [32mBuilding CXX object CMakeFiles/bin_interfaces__rosidl_typesupport_introspection_cpp.dir/rosidl_typesupport_introspection_cpp/bin_interfaces/srv/detail/get_targets__type_support.cpp.o[0m
[3.860s] [ 43%] [32mBuilding CXX object CMakeFiles/bin_interfaces__rosidl_typesupport_fastrtps_cpp.dir/rosidl_typesupport_fastrtps_cpp/bin_interfaces/srv/detail/dds_fastrtps/get_targets__type_support.cpp.o[0m
[4.076s] [ 46%] [32mBuilding CXX object CMakeFiles/bin_interfaces__rosidl_typesupport_c.dir/rosidl_typesupport_c/bin_interfaces/srv/get_targets__type_support.cpp.o[0m
[4.112s] [ 50%] [32mBuilding C object CMakeFiles/bin_interfaces__rosidl_typesupport_introspection_c.dir/rosidl_typesupport_introspection_c/bin_interfaces/srv/detail/get_targets__type_support.c.o[0m
[4.112s] [ 53%] [32mBuilding CXX object CMakeFiles/bin_interfaces__rosidl_typesupport_fastrtps_c.dir/rosidl_typesupport_fastrtps_c/bin_interfaces/srv/detail/get_targets__type_support_c.cpp.o[0m
[4.123s] [ 56%] [32m[1mLinking CXX shared library libbin_interfaces__rosidl_typesupport_c.so[0m
[4.166s] [ 59%] [32m[1mLinking CXX shared library libbin_interfaces__rosidl_typesupport_cpp.so[0m
[4.168s] [ 62%] [32m[1mLinking C shared library libbin_interfaces__rosidl_typesupport_introspection_c.so[0m
[4.269s] [ 62%] Built target bin_interfaces__rosidl_typesupport_introspection_c
[4.277s] [ 62%] Built target bin_interfaces__rosidl_typesupport_c
[4.277s] [ 62%] Built target bin_interfaces__rosidl_typesupport_cpp
[4.296s] [ 65%] [32m[1mLinking CXX shared library libbin_interfaces__rosidl_typesupport_introspection_cpp.so[0m
[4.305s] [ 68%] [32m[1mLinking CXX shared library libbin_interfaces__rosidl_typesupport_fastrtps_cpp.so[0m
[4.438s] [ 68%] Built target bin_interfaces__rosidl_typesupport_introspection_cpp
[4.456s] [ 68%] Built target bin_interfaces__rosidl_typesupport_fastrtps_cpp
[4.457s] [ 71%] [32m[1mLinking CXX shared library libbin_interfaces__rosidl_typesupport_fastrtps_c.so[0m
[4.616s] [ 71%] Built target bin_interfaces__rosidl_typesupport_fastrtps_c
[4.641s] [ 71%] Built target bin_interfaces
[4.667s] [ 75%] [34m[1mGenerating Python code for ROS interfaces[0m
[4.935s] [ 75%] Built target bin_interfaces__py
[4.960s] [ 78%] [32mBuilding C object CMakeFiles/bin_interfaces__rosidl_generator_py.dir/rosidl_generator_py/bin_interfaces/srv/_get_targets_s.c.o[0m
[5.052s] [ 81%] [32m[1mLinking C shared library rosidl_generator_py/bin_interfaces/libbin_interfaces__rosidl_generator_py.so[0m
[5.176s] [ 81%] Built target bin_interfaces__rosidl_generator_py
[5.202s] [ 87%] [32mBuilding C object CMakeFiles/bin_interfaces__rosidl_typesupport_fastrtps_c__pyext.dir/rosidl_generator_py/bin_interfaces/_bin_interfaces_s.ep.rosidl_typesupport_fastrtps_c.c.o[0m
[5.202s] [ 87%] [32mBuilding C object CMakeFiles/bin_interfaces__rosidl_typesupport_introspection_c__pyext.dir/rosidl_generator_py/bin_interfaces/_bin_interfaces_s.ep.rosidl_typesupport_introspection_c.c.o[0m
[5.202s] [ 90%] [32mBuilding C object CMakeFiles/bin_interfaces__rosidl_typesupport_c__pyext.dir/rosidl_generator_py/bin_interfaces/_bin_interfaces_s.ep.rosidl_typesupport_c.c.o[0m
[5.309s] [ 93%] [32m[1mLinking C shared library rosidl_generator_py/bin_interfaces/bin_interfaces_s__rosidl_typesupport_fastrtps_c.cpython-310-x86_64-linux-gnu.so[0m
[5.310s] [ 96%] [32m[1mLinking C shared library rosidl_generator_py/bin_interfaces/bin_interfaces_s__rosidl_typesupport_introspection_c.cpython-310-x86_64-linux-gnu.so[0m
[5.312s] [100%] [32m[1mLinking C shared library rosidl_generator_py/bin_interfaces/bin_interfaces_s__rosidl_typesupport_c.cpython-310-x86_64-linux-gnu.so[0m
[5.402s] [100%] Built target bin_interfaces__rosidl_typesupport_introspection_c__pyext
[5.402s] [100%] Built target bin_interfaces__rosidl_typesupport_fastrtps_c__pyext
[5.436s] [100%] Built target bin_interfaces__rosidl_typesupport_c__pyext
[5.451s] Invoked command in '/home/ibrahim/MobiArm/build/bin_interfaces' returned '0': CMAKE_PREFIX_PATH=${CMAKE_PREFIX_PATH}:/home/ibrahim/RobotArm/install/main_arm_package:/home/ibrahim/RobotArm/install/action_interfaces:/opt/ros/humble /usr/bin/cmake --build /home/ibrahim/MobiArm/build/bin_interfaces -- -j16 -l16
[5.466s] Invoking command in '/home/ibrahim/MobiArm/build/bin_interfaces': CMAKE_PREFIX_PATH=${CMAKE_PREFIX_PATH}:/home/ibrahim/RobotArm/install/main_arm_package:/home/ibrahim/RobotArm/install/action_interfaces:/opt/ros/humble /usr/bin/cmake --install /home/ibrahim/MobiArm/build/bin_interfaces
[5.475s] -- Install configuration: ""
[5.477s] -- Installing: /home/ibrahim/MobiArm/install/bin_interfaces/share/ament_index/resource_index/rosidl_interfaces/bin_interfaces
[5.477s] -- Installing: /home/ibrahim/MobiArm/install/bin_interfaces/include/bin_interfaces/bin_interfaces
[5.478s] -- Installing: /home/ibrahim/MobiArm/install/bin_interfaces/include/bin_interfaces/bin_interfaces/srv
[5.479s] -- Installing: /home/ibrahim/MobiArm/install/bin_interfaces/include/bin_interfaces/bin_interfaces/srv/get_targets.h
[5.479s] -- Installing: /home/ibrahim/MobiArm/install/bin_interfaces/include/bin_interfaces/bin_interfaces/srv/detail
[5.479s] -- Installing: /home/ibrahim/MobiArm/install/bin_interfaces/include/bin_interfaces/bin_interfaces/srv/detail/get_targets__type_support.h
[5.480s] -- Installing: /home/ibrahim/MobiArm/install/bin_interfaces/include/bin_interfaces/bin_interfaces/srv/detail/get_targets__functions.c
[5.480s] -- Installing: /home/ibrahim/MobiArm/install/bin_interfaces/include/bin_interfaces/bin_interfaces/srv/detail/get_targets__functions.h
[5.480s] -- Installing: /home/ibrahim/MobiArm/install/bin_interfaces/include/bin_interfaces/bin_interfaces/srv/detail/get_targets__struct.h
[5.480s] -- Installing: /home/ibrahim/MobiArm/install/bin_interfaces/include/bin_interfaces/bin_interfaces/msg
[5.481s] -- Installing: /home/ibrahim/MobiArm/install/bin_interfaces/include/bin_interfaces/bin_interfaces/msg/rosidl_generator_c__visibility_control.h
[5.482s] -- Installing: /home/ibrahim/MobiArm/install/bin_interfaces/share/bin_interfaces/environment/library_path.sh
[5.482s] -- Installing: /home/ibrahim/MobiArm/install/bin_interfaces/share/bin_interfaces/environment/library_path.dsv
[5.482s] -- Installing: /home/ibrahim/MobiArm/install/bin_interfaces/lib/libbin_interfaces__rosidl_generator_c.so
[5.483s] -- Set runtime path of "/home/ibrahim/MobiArm/install/bin_interfaces/lib/libbin_interfaces__rosidl_generator_c.so" to ""
[5.483s] -- Up-to-date: /home/ibrahim/MobiArm/install/bin_interfaces/include/bin_interfaces/bin_interfaces
[5.483s] -- Up-to-date: /home/ibrahim/MobiArm/install/bin_interfaces/include/bin_interfaces/bin_interfaces/srv
[5.484s] -- Up-to-date: /home/ibrahim/MobiArm/install/bin_interfaces/include/bin_interfaces/bin_interfaces/srv/detail
[5.484s] -- Installing: /home/ibrahim/MobiArm/install/bin_interfaces/include/bin_interfaces/bin_interfaces/srv/detail/get_targets__rosidl_typesupport_fastrtps_c.h
[5.484s] -- Up-to-date: /home/ibrahim/MobiArm/install/bin_interfaces/include/bin_interfaces/bin_interfaces/msg
[5.484s] -- Installing: /home/ibrahim/MobiArm/install/bin_interfaces/include/bin_interfaces/bin_interfaces/msg/rosidl_typesupport_fastrtps_c__visibility_control.h
[5.484s] -- Installing: /home/ibrahim/MobiArm/install/bin_interfaces/lib/libbin_interfaces__rosidl_typesupport_fastrtps_c.so
[5.484s] -- Set runtime path of "/home/ibrahim/MobiArm/install/bin_interfaces/lib/libbin_interfaces__rosidl_typesupport_fastrtps_c.so" to ""
[5.485s] -- Up-to-date: /home/ibrahim/MobiArm/install/bin_interfaces/include/bin_interfaces/bin_interfaces
[5.485s] -- Up-to-date: /home/ibrahim/MobiArm/install/bin_interfaces/include/bin_interfaces/bin_interfaces/srv
[5.485s] -- Installing: /home/ibrahim/MobiArm/install/bin_interfaces/include/bin_interfaces/bin_interfaces/srv/get_targets.hpp
[5.485s] -- Up-to-date: /home/ibrahim/MobiArm/install/bin_interfaces/include/bin_interfaces/bin_interfaces/srv/detail
[5.485s] -- Installing: /home/ibrahim/MobiArm/install/bin_interfaces/include/bin_interfaces/bin_interfaces/srv/detail/get_targets__struct.hpp
[5.485s] -- Installing: /home/ibrahim/MobiArm/install/bin_interfaces/include/bin_interfaces/bin_interfaces/srv/detail/get_targets__builder.hpp
[5.485s] -- Installing: /home/ibrahim/MobiArm/install/bin_interfaces/include/bin_interfaces/bin_interfaces/srv/detail/get_targets__traits.hpp
[5.486s] -- Installing: /home/ibrahim/MobiArm/install/bin_interfaces/include/bin_interfaces/bin_interfaces/srv/detail/get_targets__type_support.hpp
[5.486s] -- Up-to-date: /home/ibrahim/MobiArm/install/bin_interfaces/include/bin_interfaces/bin_interfaces/msg
[5.486s] -- Installing: /home/ibrahim/MobiArm/install/bin_interfaces/include/bin_interfaces/bin_interfaces/msg/rosidl_generator_cpp__visibility_control.hpp
[5.486s] -- Up-to-date: /home/ibrahim/MobiArm/install/bin_interfaces/include/bin_interfaces/bin_interfaces
[5.486s] -- Up-to-date: /home/ibrahim/MobiArm/install/bin_interfaces/include/bin_interfaces/bin_interfaces/srv
[5.486s] -- Up-to-date: /home/ibrahim/MobiArm/install/bin_interfaces/include/bin_interfaces/bin_interfaces/srv/detail
[5.486s] -- Installing: /home/ibrahim/MobiArm/install/bin_interfaces/include/bin_interfaces/bin_interfaces/srv/detail/get_targets__rosidl_typesupport_fastrtps_cpp.hpp
[5.487s] -- Installing: /home/ibrahim/MobiArm/install/bin_interfaces/include/bin_interfaces/bin_interfaces/srv/detail/dds_fastrtps
[5.487s] -- Up-to-date: /home/ibrahim/MobiArm/install/bin_interfaces/include/bin_interfaces/bin_interfaces/msg
[5.487s] -- Installing: /home/ibrahim/MobiArm/install/bin_interfaces/include/bin_interfaces/bin_interfaces/msg/rosidl_typesupport_fastrtps_cpp__visibility_control.h
[5.488s] -- Installing: /home/ibrahim/MobiArm/install/bin_interfaces/lib/libbin_interfaces__rosidl_typesupport_fastrtps_cpp.so
[5.488s] -- Set runtime path of "/home/ibrahim/MobiArm/install/bin_interfaces/lib/libbin_interfaces__rosidl_typesupport_fastrtps_cpp.so" to ""
[5.488s] -- Up-to-date: /home/ibrahim/MobiArm/install/bin_interfaces/include/bin_interfaces/bin_interfaces
[5.488s] -- Up-to-date: /home/ibrahim/MobiArm/install/bin_interfaces/include/bin_interfaces/bin_interfaces/srv
[5.488s] -- Up-to-date: /home/ibrahim/MobiArm/install/bin_interfaces/include/bin_interfaces/bin_interfaces/srv/detail
[5.488s] -- Installing: /home/ibrahim/MobiArm/install/bin_interfaces/include/bin_interfaces/bin_interfaces/srv/detail/get_targets__type_support.c
[5.489s] -- Installing: /home/ibrahim/MobiArm/install/bin_interfaces/include/bin_interfaces/bin_interfaces/srv/detail/get_targets__rosidl_typesupport_introspection_c.h
[5.489s] -- Up-to-date: /home/ibrahim/MobiArm/install/bin_interfaces/include/bin_interfaces/bin_interfaces/msg
[5.489s] -- Installing: /home/ibrahim/MobiArm/install/bin_interfaces/include/bin_interfaces/bin_interfaces/msg/rosidl_typesupport_introspection_c__visibility_control.h
[5.489s] -- Installing: /home/ibrahim/MobiArm/install/bin_interfaces/lib/libbin_interfaces__rosidl_typesupport_introspection_c.so
[5.490s] -- Set runtime path of "/home/ibrahim/MobiArm/install/bin_interfaces/lib/libbin_interfaces__rosidl_typesupport_introspection_c.so" to ""
[5.490s] -- Installing: /home/ibrahim/MobiArm/install/bin_interfaces/lib/libbin_interfaces__rosidl_typesupport_c.so
[5.492s] -- Set runtime path of "/home/ibrahim/MobiArm/install/bin_interfaces/lib/libbin_interfaces__rosidl_typesupport_c.so" to ""
[5.492s] -- Up-to-date: /home/ibrahim/MobiArm/install/bin_interfaces/include/bin_interfaces/bin_interfaces
[5.492s] -- Up-to-date: /home/ibrahim/MobiArm/install/bin_interfaces/include/bin_interfaces/bin_interfaces/srv
[5.492s] -- Up-to-date: /home/ibrahim/MobiArm/install/bin_interfaces/include/bin_interfaces/bin_interfaces/srv/detail
[5.492s] -- Installing: /home/ibrahim/MobiArm/install/bin_interfaces/include/bin_interfaces/bin_interfaces/srv/detail/get_targets__type_support.cpp
[5.492s] -- Installing: /home/ibrahim/MobiArm/install/bin_interfaces/include/bin_interfaces/bin_interfaces/srv/detail/get_targets__rosidl_typesupport_introspection_cpp.hpp
[5.493s] -- Installing: /home/ibrahim/MobiArm/install/bin_interfaces/lib/libbin_interfaces__rosidl_typesupport_introspection_cpp.so
[5.493s] -- Set runtime path of "/home/ibrahim/MobiArm/install/bin_interfaces/lib/libbin_interfaces__rosidl_typesupport_introspection_cpp.so" to ""
[5.493s] -- Installing: /home/ibrahim/MobiArm/install/bin_interfaces/lib/libbin_interfaces__rosidl_typesupport_cpp.so
[5.494s] -- Set runtime path of "/home/ibrahim/MobiArm/install/bin_interfaces/lib/libbin_interfaces__rosidl_typesupport_cpp.so" to ""
[5.494s] -- Installing: /home/ibrahim/MobiArm/install/bin_interfaces/share/bin_interfaces/environment/pythonpath.sh
[5.494s] -- Installing: /home/ibrahim/MobiArm/install/bin_interfaces/share/bin_interfaces/environment/pythonpath.dsv
[5.494s] -- Installing: /home/ibrahim/MobiArm/install/bin_interfaces/local/lib/python3.10/dist-packages/bin_interfaces-0.0.0-py3.10.egg-info
[5.496s] -- Installing: /home/ibrahim/MobiArm/install/bin_interfaces/local/lib/python3.10/dist-packages/bin_interfaces-0.0.0-py3.10.egg-info/top_level.txt
[5.496s] -- Installing: /home/ibrahim/MobiArm/install/bin_interfaces/local/lib/python3.10/dist-packages/bin_interfaces-0.0.0-py3.10.egg-info/PKG-INFO
[5.497s] -- Installing: /home/ibrahim/MobiArm/install/bin_interfaces/local/lib/python3.10/dist-packages/bin_interfaces-0.0.0-py3.10.egg-info/dependency_links.txt
[5.497s] -- Installing: /home/ibrahim/MobiArm/install/bin_interfaces/local/lib/python3.10/dist-packages/bin_interfaces-0.0.0-py3.10.egg-info/SOURCES.txt
[5.497s] -- Installing: /home/ibrahim/MobiArm/install/bin_interfaces/local/lib/python3.10/dist-packages/bin_interfaces
[5.497s] -- Installing: /home/ibrahim/MobiArm/install/bin_interfaces/local/lib/python3.10/dist-packages/bin_interfaces/_bin_interfaces_s.ep.rosidl_typesupport_introspection_c.c
[5.498s] -- Installing: /home/ibrahim/MobiArm/install/bin_interfaces/local/lib/python3.10/dist-packages/bin_interfaces/bin_interfaces_s__rosidl_typesupport_c.cpython-310-x86_64-linux-gnu.so
[5.498s] -- Installing: /home/ibrahim/MobiArm/install/bin_interfaces/local/lib/python3.10/dist-packages/bin_interfaces/bin_interfaces_s__rosidl_typesupport_introspection_c.cpython-310-x86_64-linux-gnu.so
[5.498s] -- Installing: /home/ibrahim/MobiArm/install/bin_interfaces/local/lib/python3.10/dist-packages/bin_interfaces/srv
[5.499s] -- Installing: /home/ibrahim/MobiArm/install/bin_interfaces/local/lib/python3.10/dist-packages/bin_interfaces/srv/_get_targets_s.c
[5.499s] -- Installing: /home/ibrahim/MobiArm/install/bin_interfaces/local/lib/python3.10/dist-packages/bin_interfaces/srv/_get_targets.py
[5.499s] -- Installing: /home/ibrahim/MobiArm/install/bin_interfaces/local/lib/python3.10/dist-packages/bin_interfaces/srv/__init__.py
[5.499s] -- Installing: /home/ibrahim/MobiArm/install/bin_interfaces/local/lib/python3.10/dist-packages/bin_interfaces/bin_interfaces_s__rosidl_typesupport_fastrtps_c.cpython-310-x86_64-linux-gnu.so
[5.499s] -- Installing: /home/ibrahim/MobiArm/install/bin_interfaces/local/lib/python3.10/dist-packages/bin_interfaces/_bin_interfaces_s.ep.rosidl_typesupport_c.c
[5.500s] -- Installing: /home/ibrahim/MobiArm/install/bin_interfaces/local/lib/python3.10/dist-packages/bin_interfaces/libbin_interfaces__rosidl_generator_py.so
[5.500s] -- Installing: /home/ibrahim/MobiArm/install/bin_interfaces/local/lib/python3.10/dist-packages/bin_interfaces/_bin_interfaces_s.ep.rosidl_typesupport_fastrtps_c.c
[5.500s] -- Installing: /home/ibrahim/MobiArm/install/bin_interfaces/local/lib/python3.10/dist-packages/bin_interfaces/__init__.py
[5.530s] Listing '/home/ibrahim/MobiArm/install/bin_interfaces/local/lib/python3.10/dist-packages/bin_interfaces'...
[5.530s] Compiling '/home/ibrahim/MobiArm/install/bin_interfaces/local/lib/python3.10/dist-packages/bin_interfaces/__init__.py'...
[5.530s] Listing '/home/ibrahim/MobiArm/install/bin_interfaces/local/lib/python3.10/dist-packages/bin_interfaces/srv'...
[5.530s] Compiling '/home/ibrahim/MobiArm/install/bin_interfaces/local/lib/python3.10/dist-packages/bin_interfaces/srv/__init__.py'...
[5.530s] Compiling '/home/ibrahim/MobiArm/install/bin_interfaces/local/lib/python3.10/dist-packages/bin_interfaces/srv/_get_targets.py'...
[5.534s] -- Installing: /home/ibrahim/MobiArm/install/bin_interfaces/local/lib/python3.10/dist-packages/bin_interfaces/bin_interfaces_s__rosidl_typesupport_fastrtps_c.cpython-310-x86_64-linux-gnu.so
[5.535s] -- Set runtime path of "/home/ibrahim/MobiArm/install/bin_interfaces/local/lib/python3.10/dist-packages/bin_interfaces/bin_interfaces_s__rosidl_typesupport_fastrtps_c.cpython-310-x86_64-linux-gnu.so" to ""
[5.535s] -- Installing: /home/ibrahim/MobiArm/install/bin_interfaces/local/lib/python3.10/dist-packages/bin_interfaces/bin_interfaces_s__rosidl_typesupport_introspection_c.cpython-310-x86_64-linux-gnu.so
[5.535s] -- Set runtime path of "/home/ibrahim/MobiArm/install/bin_interfaces/local/lib/python3.10/dist-packages/bin_interfaces/bin_interfaces_s__rosidl_typesupport_introspection_c.cpython-310-x86_64-linux-gnu.so" to ""
[5.535s] -- Installing: /home/ibrahim/MobiArm/install/bin_interfaces/local/lib/python3.10/dist-packages/bin_interfaces/bin_interfaces_s__rosidl_typesupport_c.cpython-310-x86_64-linux-gnu.so
[5.536s] -- Set runtime path of "/home/ibrahim/MobiArm/install/bin_interfaces/local/lib/python3.10/dist-packages/bin_interfaces/bin_interfaces_s__rosidl_typesupport_c.cpython-310-x86_64-linux-gnu.so" to ""
[5.536s] -- Installing: /home/ibrahim/MobiArm/install/bin_interfaces/lib/libbin_interfaces__rosidl_generator_py.so
[5.537s] -- Set runtime path of "/home/ibrahim/MobiArm/install/bin_interfaces/lib/libbin_interfaces__rosidl_generator_py.so" to ""
[5.537s] -- Installing: /home/ibrahim/MobiArm/install/bin_interfaces/share/ament_index/resource_index/rust_packages/bin_interfaces
[5.537s] -- Installing: /home/ibrahim/MobiArm/install/bin_interfaces/share/bin_interfaces/rust
[5.538s] -- Installing: /home/ibrahim/MobiArm/install/bin_interfaces/share/bin_interfaces/rust/src
[5.538s] -- Installing: /home/ibrahim/MobiArm/install/bin_interfaces/share/bin_interfaces/rust/src/lib.rs
[5.539s] -- Installing: /home/ibrahim/MobiArm/install/bin_interfaces/share/bin_interfaces/rust/src/srv
[5.539s] -- Installing: /home/ibrahim/MobiArm/install/bin_interfaces/share/bin_interfaces/rust/src/srv/rmw.rs
[5.539s] -- Installing: /home/ibrahim/MobiArm/install/bin_interfaces/share/bin_interfaces/rust/src/srv.rs
[5.540s] -- Installing: /home/ibrahim/MobiArm/install/bin_interfaces/share/bin_interfaces/rust/build.rs
[5.540s] -- Installing: /home/ibrahim/MobiArm/install/bin_interfaces/share/bin_interfaces/rust/Cargo.toml
[5.541s] -- Installing: /home/ibrahim/MobiArm/install/bin_interfaces/share/bin_interfaces/srv/GetTargets.idl
[5.541s] -- Installing: /home/ibrahim/MobiArm/install/bin_interfaces/share/bin_interfaces/srv/GetTargets.srv
[5.541s] -- Installing: /home/ibrahim/MobiArm/install/bin_interfaces/share/bin_interfaces/srv/GetTargets_Request.msg
[5.541s] -- Installing: /home/ibrahim/MobiArm/install/bin_interfaces/share/bin_interfaces/srv/GetTargets_Response.msg
[5.542s] -- Installing: /home/ibrahim/MobiArm/install/bin_interfaces/share/ament_index/resource_index/package_run_dependencies/bin_interfaces
[5.543s] -- Installing: /home/ibrahim/MobiArm/install/bin_interfaces/share/ament_index/resource_index/parent_prefix_path/bin_interfaces
[5.543s] -- Installing: /home/ibrahim/MobiArm/install/bin_interfaces/share/bin_interfaces/environment/ament_prefix_path.sh
[5.543s] -- Installing: /home/ibrahim/MobiArm/install/bin_interfaces/share/bin_interfaces/environment/ament_prefix_path.dsv
[5.543s] -- Installing: /home/ibrahim/MobiArm/install/bin_interfaces/share/bin_interfaces/environment/path.sh
[5.544s] -- Installing: /home/ibrahim/MobiArm/install/bin_interfaces/share/bin_interfaces/environment/path.dsv
[5.544s] -- Installing: /home/ibrahim/MobiArm/install/bin_interfaces/share/bin_interfaces/local_setup.bash
[5.544s] -- Installing: /home/ibrahim/MobiArm/install/bin_interfaces/share/bin_interfaces/local_setup.sh
[5.544s] -- Installing: /home/ibrahim/MobiArm/install/bin_interfaces/share/bin_interfaces/local_setup.zsh
[5.544s] -- Installing: /home/ibrahim/MobiArm/install/bin_interfaces/share/bin_interfaces/local_setup.dsv
[5.545s] -- Installing: /home/ibrahim/MobiArm/install/bin_interfaces/share/bin_interfaces/package.dsv
[5.545s] -- Installing: /home/ibrahim/MobiArm/install/bin_interfaces/share/ament_index/resource_index/packages/bin_interfaces
[5.546s] -- Installing: /home/ibrahim/MobiArm/install/bin_interfaces/share/bin_interfaces/cmake/export_bin_interfaces__rosidl_generator_cExport.cmake
[5.546s] -- Installing: /home/ibrahim/MobiArm/install/bin_interfaces/share/bin_interfaces/cmake/export_bin_interfaces__rosidl_generator_cExport-noconfig.cmake
[5.546s] -- Installing: /home/ibrahim/MobiArm/install/bin_interfaces/share/bin_interfaces/cmake/export_bin_interfaces__rosidl_typesupport_fastrtps_cExport.cmake
[5.547s] -- Installing: /home/ibrahim/MobiArm/install/bin_interfaces/share/bin_interfaces/cmake/export_bin_interfaces__rosidl_typesupport_fastrtps_cExport-noconfig.cmake
[5.547s] -- Installing: /home/ibrahim/MobiArm/install/bin_interfaces/share/bin_interfaces/cmake/export_bin_interfaces__rosidl_generator_cppExport.cmake
[5.547s] -- Installing: /home/ibrahim/MobiArm/install/bin_interfaces/share/bin_interfaces/cmake/export_bin_interfaces__rosidl_typesupport_fastrtps_cppExport.cmake
[5.548s] -- Installing: /home/ibrahim/MobiArm/install/bin_interfaces/share/bin_interfaces/cmake/export_bin_interfaces__rosidl_typesupport_fastrtps_cppExport-noconfig.cmake
[5.548s] -- Installing: /home/ibrahim/MobiArm/install/bin_interfaces/share/bin_interfaces/cmake/bin_interfaces__rosidl_typesupport_introspection_cExport.cmake
[5.548s] -- Installing: /home/ibrahim/MobiArm/install/bin_interfaces/share/bin_interfaces/cmake/bin_interfaces__rosidl_typesupport_introspection_cExport-noconfig.cmake
[5.549s] -- Installing: /home/ibrahim/MobiArm/install/bin_interfaces/share/bin_interfaces/cmake/bin_interfaces__rosidl_typesupport_cExport.cmake
[5.549s] -- Installing: /home/ibrahim/MobiArm/install/bin_interfaces/share/bin_interfaces/cmake/bin_interfaces__rosidl_typesupport_cExport-noconfig.cmake
[5.549s] -- Installing: /home/ibrahim/MobiArm/install/bin_interfaces/share/bin_interfaces/cmake/bin_interfaces__rosidl_typesupport_introspection_cppExport.cmake
[5.550s] -- Installing: /home/ibrahim/MobiArm/install/bin_interfaces/share/bin_interfaces/cmake/bin_interfaces__rosidl_typesupport_introspection_cppExport-noconfig.cmake
[5.550s] -- Installing: /home/ibrahim/MobiArm/install/bin_interfaces/share/bin_interfaces/cmake/bin_interfaces__rosidl_typesupport_cppExport.cmake
[5.550s] -- Installing: /home/ibrahim/MobiArm/install/bin_interfaces/share/bin_interfaces/cmake/bin_interfaces__rosidl_typesupport_cppExport-noconfig.cmake
[5.551s] -- Installing: /home/ibrahim/MobiArm/install/bin_interfaces/share/bin_interfaces/cmake/export_bin_interfaces__rosidl_generator_pyExport.cmake
[5.551s] -- Installing: /home/ibrahim/MobiArm/install/bin_interfaces/share/bin_interfaces/cmake/export_bin_interfaces__rosidl_generator_pyExport-noconfig.cmake
[5.551s] -- Installing: /home/ibrahim/MobiArm/install/bin_interfaces/share/bin_interfaces/cmake/rosidl_cmake-extras.cmake
[5.551s] -- Installing: /home/ibrahim/MobiArm/install/bin_interfaces/share/bin_interfaces/cmake/ament_cmake_export_dependencies-extras.cmake
[5.551s] -- Installing: /home/ibrahim/MobiArm/install/bin_interfaces/share/bin_interfaces/cmake/ament_cmake_export_include_directories-extras.cmake
[5.552s] -- Installing: /home/ibrahim/MobiArm/install/bin_interfaces/share/bin_interfaces/cmake/ament_cmake_export_libraries-extras.cmake
[5.552s] -- Installing: /home/ibrahim/MobiArm/install/bin_interfaces/share/bin_interfaces/cmake/ament_cmake_export_targets-extras.cmake
[5.552s] -- Installing: /home/ibrahim/MobiArm/install/bin_interfaces/share/bin_interfaces/cmake/rosidl_cmake_export_typesupport_targets-extras.cmake
[5.552s] -- Installing: /home/ibrahim/MobiArm/install/bin_interfaces/share/bin_interfaces/cmake/rosidl_cmake_export_typesupport_libraries-extras.cmake
[5.553s] -- Installing: /home/ibrahim/MobiArm/install/bin_interfaces/share/bin_interfaces/cmake/bin_interfacesConfig.cmake
[5.553s] -- Installing: /home/ibrahim/MobiArm/install/bin_interfaces/share/bin_interfaces/cmake/bin_interfacesConfig-version.cmake
[5.553s] -- Installing: /home/ibrahim/MobiArm/install/bin_interfaces/share/bin_interfaces/package.xml
[5.557s] Invoked command in '/home/ibrahim/MobiArm/build/bin_interfaces' returned '0': CMAKE_PREFIX_PATH=${CMAKE_PREFIX_PATH}:/home/ibrahim/RobotArm/install/main_arm_package:/home/ibrahim/RobotArm/install/action_interfaces:/opt/ros/humble /usr/bin/cmake --install /home/ibrahim/MobiArm/build/bin_interfaces
